#
# There is insufficient memory for the Java Runtime Environment to continue.
# Native memory allocation (mmap) failed to map 235929600 bytes for committing reserved memory.
# Possible reasons:
#   The system is out of physical RAM or swap space
#   In 32 bit mode, the process size limit was hit
# Possible solutions:
#   Reduce memory load on the system
#   Increase physical memory or swap space
#   Check if swap backing store is full
#   Use 64 bit Java on a 64 bit OS
#   Decrease Java heap size (-Xmx/-Xms)
#   Decrease number of Java threads
#   Decrease Java thread stack sizes (-Xss)
#   Set larger code cache with -XX:ReservedCodeCacheSize=
# This output file may be truncated or incomplete.
#
#  Out of Memory Error (os_linux.cpp:2627), pid=4597, tid=140286023898880
#
# JRE version: Java(TM) SE Runtime Environment (8.0_66-b17) (build 1.8.0_66-b17)
# Java VM: Java HotSpot(TM) 64-Bit Server VM (25.66-b17 mixed mode linux-amd64 compressed oops)
# Failed to write core dump. Core dumps have been disabled. To enable core dumping, try "ulimit -c unlimited" before starting Java again
#

---------------  T H R E A D  ---------------

Current thread (0x00007f96fc077800):  VMThread [stack: 0x00007f96e28f1000,0x00007f96e29f2000] [id=4605]

Stack: [0x00007f96e28f1000,0x00007f96e29f2000],  sp=0x00007f96e29f0320,  free space=1020k
Native frames: (J=compiled Java code, j=interpreted, Vv=VM code, C=native code)
V  [libjvm.so+0xab9a1a]  VMError::report_and_die()+0x2ba
V  [libjvm.so+0x4f9e0b]  report_vm_out_of_memory(char const*, int, unsigned long, VMErrorType, char const*)+0x8b
V  [libjvm.so+0x91a8a3]  os::Linux::commit_memory_impl(char*, unsigned long, bool)+0x103
V  [libjvm.so+0x91adf9]  os::pd_commit_memory(char*, unsigned long, unsigned long, bool)+0x29
V  [libjvm.so+0x91510a]  os::commit_memory(char*, unsigned long, unsigned long, bool)+0x2a
V  [libjvm.so+0x9887a3]  PSVirtualSpace::expand_by(unsigned long)+0x53
V  [libjvm.so+0x979090]  PSOldGen::expand(unsigned long)+0x170
V  [libjvm.so+0x97929b]  PSOldGen::resize(unsigned long)+0x1cb
V  [libjvm.so+0x980f71]  PSParallelCompact::invoke_no_policy(bool)+0x991
V  [libjvm.so+0x9868cd]  PSScavenge::invoke()+0x1ad
V  [libjvm.so+0x93e500]  ParallelScavengeHeap::failed_mem_allocate(unsigned long)+0x70
V  [libjvm.so+0xabb437]  VM_ParallelGCFailedAllocation::doit()+0x97
V  [libjvm.so+0xac2e65]  VM_Operation::evaluate()+0x55
V  [libjvm.so+0xac123a]  VMThread::evaluate_operation(VM_Operation*)+0xba
V  [libjvm.so+0xac15be]  VMThread::loop()+0x1ce
V  [libjvm.so+0xac1a30]  VMThread::run()+0x70
V  [libjvm.so+0x91cc68]  java_start(Thread*)+0x108

VM_Operation (0x00007f9698798d60): ParallelGCFailedAllocation, mode: safepoint, requested by thread 0x00007f9664073000


---------------  P R O C E S S  ---------------

Java Threads: ( => current thread )
  0x00007f9664055800 JavaThread "pool-7-thread-1" [_thread_blocked, id=4687, stack(0x00007f969bcfd000,0x00007f969bdfe000)]
  0x00007f9664073000 JavaThread "pool-8-thread-4" [_thread_blocked, id=4679, stack(0x00007f969869a000,0x00007f969879b000)]
  0x00007f9664072000 JavaThread "pool-8-thread-3" [_thread_blocked, id=4678, stack(0x00007f969941f000,0x00007f9699520000)]
  0x00007f9664071800 JavaThread "pool-8-thread-2" [_thread_blocked, id=4677, stack(0x00007f969921d000,0x00007f969931e000)]
  0x00007f966406f800 JavaThread "pool-9-thread-1" [_thread_blocked, id=4676, stack(0x00007f9699520000,0x00007f9699621000)]
  0x00007f966406c000 JavaThread "pool-8-thread-1" [_thread_blocked, id=4675, stack(0x00007f969911c000,0x00007f969921d000)]
  0x00007f96953c2000 JavaThread "pool-6-thread-1" [_thread_blocked, id=4674, stack(0x00007f969931e000,0x00007f969941f000)]
  0x00007f9695139000 JavaThread "pool-4-thread-2" [_thread_blocked, id=4636, stack(0x00007f9699621000,0x00007f9699722000)]
  0x00007f9695138000 JavaThread "pool-4-thread-1" [_thread_blocked, id=4635, stack(0x00007f9699722000,0x00007f9699823000)]
  0x00007f9694c3e000 JavaThread "File lock request listener" [_thread_in_native, id=4626, stack(0x00007f969afc3000,0x00007f969b0c4000)]
  0x00007f9694b81800 JavaThread "process reaper" daemon [_thread_blocked, id=4625, stack(0x00007f969b2c4000,0x00007f969b2fd000)]
  0x00007f969400f000 JavaThread "Asynchronous log dispatcher for org.gradle.launcher.daemon.server.DefaultDaemonConnection@339108b1" [_thread_blocked, id=4622, stack(0x00007f969bdfe000,0x00007f969beff000)]
  0x00007f96a8006000 JavaThread "Daemon worker" [_thread_blocked, id=4619, stack(0x00007f969beff000,0x00007f969c000000)]
  0x00007f96a8005000 JavaThread "Cancel handler" [_thread_blocked, id=4618, stack(0x00007f96e0085000,0x00007f96e0186000)]
  0x00007f96a8003800 JavaThread "Handler for socket connection from /127.0.0.1:41827 to /127.0.0.1:46016" [_thread_in_native, id=4617, stack(0x00007f96e01a7000,0x00007f96e02a8000)]
  0x00007f96a4036000 JavaThread "Daemon" [_thread_blocked, id=4616, stack(0x00007f96e02a8000,0x00007f96e03a9000)]
  0x00007f96fccaf800 JavaThread "Incoming local TCP Connector on port 41827" [_thread_in_native, id=4615, stack(0x00007f96e05b0000,0x00007f96e06b1000)]
  0x00007f96fcc54000 JavaThread "pool-1-thread-1" [_thread_blocked, id=4614, stack(0x00007f96e06b1000,0x00007f96e07b2000)]
  0x00007f96fc0da000 JavaThread "Service Thread" daemon [_thread_blocked, id=4612, stack(0x00007f96e1f10000,0x00007f96e2011000)]
  0x00007f96fc0bd000 JavaThread "C1 CompilerThread2" daemon [_thread_blocked, id=4611, stack(0x00007f96e2011000,0x00007f96e2112000)]
  0x00007f96fc0bb000 JavaThread "C2 CompilerThread1" daemon [_thread_blocked, id=4610, stack(0x00007f96e2112000,0x00007f96e2213000)]
  0x00007f96fc0b8000 JavaThread "C2 CompilerThread0" daemon [_thread_blocked, id=4609, stack(0x00007f96e2213000,0x00007f96e2314000)]
  0x00007f96fc0b6800 JavaThread "Signal Dispatcher" daemon [_thread_blocked, id=4608, stack(0x00007f96e2314000,0x00007f96e2415000)]
  0x00007f96fc07f000 JavaThread "Finalizer" daemon [_thread_blocked, id=4607, stack(0x00007f96e26ef000,0x00007f96e27f0000)]
  0x00007f96fc07c800 JavaThread "Reference Handler" daemon [_thread_blocked, id=4606, stack(0x00007f96e27f0000,0x00007f96e28f1000)]
  0x00007f96fc00a000 JavaThread "main" [_thread_blocked, id=4600, stack(0x00007f97022dd000,0x00007f97023de000)]

Other Threads:
=>0x00007f96fc077800 VMThread [stack: 0x00007f96e28f1000,0x00007f96e29f2000] [id=4605]
  0x00007f96fc0e5000 WatcherThread [stack: 0x00007f96e1e0f000,0x00007f96e1f10000] [id=4613]

VM state:at safepoint (normal execution)

VM Mutex/Monitor currently owned by a thread:  ([mutex/lock_event])
[0x00007f96fc005b60] ExpandHeap_lock - owner thread: 0x00007f96fc077800
[0x00007f96fc0061e0] Threads_lock - owner thread: 0x00007f96fc077800
[0x00007f96fc0066e0] Heap_lock - owner thread: 0x00007f9664073000

Heap:
 PSYoungGen      total 349696K, used 98555K [0x00000000e0000000, 0x0000000100000000, 0x0000000100000000)
  eden space 175104K, 0% used [0x00000000e0000000,0x00000000e0000000,0x00000000eab00000)
  from space 174592K, 56% used [0x00000000eab00000,0x00000000f0b3ecb8,0x00000000f5580000)
  to   space 174592K, 0% used [0x00000000f5580000,0x00000000f5580000,0x0000000100000000)
 ParOldGen       total 793088K, used 793043K [0x00000000a0000000, 0x00000000d0680000, 0x00000000e0000000)
  object space 793088K, 99% used [0x00000000a0000000,0x00000000d0674c50,0x00000000d0680000)
 Metaspace       used 62198K, capacity 63666K, committed 63872K, reserved 1103872K
  class space    used 8177K, capacity 8531K, committed 8576K, reserved 1048576K

Card table byte_map: [0x00007f96ebcb8000,0x00007f96ebfb9000] byte_map_base: 0x00007f96eb7b8000

Marking Bits: (ParMarkBitMap*) 0x00007f97017b5020
 Begin Bits: [0x00007f96e86b4000, 0x00007f96e9eb4000)
 End Bits:   [0x00007f96e9eb4000, 0x00007f96eb6b4000)

Polling page: 0x00007f9702402000

CodeCache: size=245760Kb used=41359Kb max_used=41384Kb free=204400Kb
 bounds [0x00007f96ec379000, 0x00007f96eec29000, 0x00007f96fb379000]
 total_blobs=12162 nmethods=11406 adapters=667
 compilation: enabled

Compilation events (10 events):
Event: 69,334 Thread 0x00007f96fc0bd000 14721 %     3       com.android.dx.dex.code.StdCatchBuilder::hasAnyCatches @ 15 (57 bytes)
Event: 69,335 Thread 0x00007f96fc0bd000 nmethod 14721% 0x00007f96eebfed90 code [0x00007f96eebfefa0, 0x00007f96eebffcf8]
Event: 69,386 Thread 0x00007f96fc0bd000 14722 %     3       com.android.dx.dex.file.CodeItem::addContents @ 142 (174 bytes)
Event: 69,389 Thread 0x00007f96fc0bd000 nmethod 14722% 0x00007f96eec00290 code [0x00007f96eec005a0, 0x00007f96eec02068]
Event: 69,414 Thread 0x00007f96fc0bd000 14723       3       com.android.dx.dex.code.StdCatchBuilder::hasAnyCatches (57 bytes)
Event: 69,415 Thread 0x00007f96fc0bd000 nmethod 14723 0x00007f96eec02b90 code [0x00007f96eec02da0, 0x00007f96eec03a98]
Event: 69,429 Thread 0x00007f96fc0bd000 14724       3       com.android.dx.dex.file.CodeItem::addContents (174 bytes)
Event: 69,432 Thread 0x00007f96fc0bd000 nmethod 14724 0x00007f96eec03fd0 code [0x00007f96eec042e0, 0x00007f96eec05d48]
Event: 69,787 Thread 0x00007f96fc0bb000 nmethod 14603 0x00007f96eec0ca10 code [0x00007f96eec0d200, 0x00007f96eec12468]
Event: 69,787 Thread 0x00007f96fc0bb000 14725 %     4       com.android.dx.dex.code.OutputFinisher::getAllConstants @ 18 (47 bytes)

GC Heap History (10 events):
Event: 66,818 GC heap after
Heap after GC invocations=37 (full 8):
 PSYoungGen      total 382976K, used 42241K [0x00000000e0000000, 0x0000000100000000, 0x0000000100000000)
  eden space 241664K, 0% used [0x00000000e0000000,0x00000000e0000000,0x00000000eec00000)
  from space 141312K, 29% used [0x00000000eec00000,0x00000000f1540700,0x00000000f7600000)
  to   space 135680K, 0% used [0x00000000f7b80000,0x00000000f7b80000,0x0000000100000000)
 ParOldGen       total 793088K, used 602474K [0x00000000a0000000, 0x00000000d0680000, 0x00000000e0000000)
  object space 793088K, 75% used [0x00000000a0000000,0x00000000c4c5aa60,0x00000000d0680000)
 Metaspace       used 62142K, capacity 63602K, committed 63872K, reserved 1103872K
  class space    used 8176K, capacity 8531K, committed 8576K, reserved 1048576K
}
Event: 67,394 GC heap before
{Heap before GC invocations=38 (full 8):
 PSYoungGen      total 382976K, used 283905K [0x00000000e0000000, 0x0000000100000000, 0x0000000100000000)
  eden space 241664K, 100% used [0x00000000e0000000,0x00000000eec00000,0x00000000eec00000)
  from space 141312K, 29% used [0x00000000eec00000,0x00000000f1540700,0x00000000f7600000)
  to   space 135680K, 0% used [0x00000000f7b80000,0x00000000f7b80000,0x0000000100000000)
 ParOldGen       total 793088K, used 602474K [0x00000000a0000000, 0x00000000d0680000, 0x00000000e0000000)
  object space 793088K, 75% used [0x00000000a0000000,0x00000000c4c5aa60,0x00000000d0680000)
 Metaspace       used 62142K, capacity 63666K, committed 63872K, reserved 1103872K
  class space    used 8176K, capacity 8531K, committed 8576K, reserved 1048576K
Event: 67,501 GC heap after
Heap after GC invocations=38 (full 8):
 PSYoungGen      total 378368K, used 79541K [0x00000000e0000000, 0x00000000ffb80000, 0x0000000100000000)
  eden space 247296K, 0% used [0x00000000e0000000,0x00000000e0000000,0x00000000ef180000)
  from space 131072K, 60% used [0x00000000f7b80000,0x00000000fc92d570,0x00000000ffb80000)
  to   space 136192K, 0% used [0x00000000ef180000,0x00000000ef180000,0x00000000f7680000)
 ParOldGen       total 793088K, used 602474K [0x00000000a0000000, 0x00000000d0680000, 0x00000000e0000000)
  object space 793088K, 75% used [0x00000000a0000000,0x00000000c4c5aa60,0x00000000d0680000)
 Metaspace       used 62142K, capacity 63666K, committed 63872K, reserved 1103872K
  class space    used 8176K, capacity 8531K, committed 8576K, reserved 1048576K
}
Event: 68,069 GC heap before
{Heap before GC invocations=39 (full 8):
 PSYoungGen      total 378368K, used 326837K [0x00000000e0000000, 0x00000000ffb80000, 0x0000000100000000)
  eden space 247296K, 100% used [0x00000000e0000000,0x00000000ef180000,0x00000000ef180000)
  from space 131072K, 60% used [0x00000000f7b80000,0x00000000fc92d570,0x00000000ffb80000)
  to   space 136192K, 0% used [0x00000000ef180000,0x00000000ef180000,0x00000000f7680000)
 ParOldGen       total 793088K, used 602474K [0x00000000a0000000, 0x00000000d0680000, 0x00000000e0000000)
  object space 793088K, 75% used [0x00000000a0000000,0x00000000c4c5aa60,0x00000000d0680000)
 Metaspace       used 62142K, capacity 63666K, committed 63872K, reserved 1103872K
  class space    used 8176K, capacity 8531K, committed 8576K, reserved 1048576K
Event: 68,227 GC heap after
Heap after GC invocations=39 (full 8):
 PSYoungGen      total 364032K, used 116351K [0x00000000e0000000, 0x0000000100000000, 0x0000000100000000)
  eden space 247296K, 0% used [0x00000000e0000000,0x00000000e0000000,0x00000000ef180000)
  from space 116736K, 99% used [0x00000000ef180000,0x00000000f631fe40,0x00000000f6380000)
  to   space 149504K, 0% used [0x00000000f6e00000,0x00000000f6e00000,0x0000000100000000)
 ParOldGen       total 793088K, used 602474K [0x00000000a0000000, 0x00000000d0680000, 0x00000000e0000000)
  object space 793088K, 75% used [0x00000000a0000000,0x00000000c4c5aa60,0x00000000d0680000)
 Metaspace       used 62142K, capacity 63666K, committed 63872K, reserved 1103872K
  class space    used 8176K, capacity 8531K, committed 8576K, reserved 1048576K
}
Event: 69,476 GC heap before
{Heap before GC invocations=40 (full 8):
 PSYoungGen      total 364032K, used 363647K [0x00000000e0000000, 0x0000000100000000, 0x0000000100000000)
  eden space 247296K, 100% used [0x00000000e0000000,0x00000000ef180000,0x00000000ef180000)
  from space 116736K, 99% used [0x00000000ef180000,0x00000000f631fe40,0x00000000f6380000)
  to   space 149504K, 0% used [0x00000000f6e00000,0x00000000f6e00000,0x0000000100000000)
 ParOldGen       total 793088K, used 602474K [0x00000000a0000000, 0x00000000d0680000, 0x00000000e0000000)
  object space 793088K, 75% used [0x00000000a0000000,0x00000000c4c5aa60,0x00000000d0680000)
 Metaspace       used 62198K, capacity 63666K, committed 63872K, reserved 1103872K
  class space    used 8177K, capacity 8531K, committed 8576K, reserved 1048576K
Event: 69,748 GC heap after
Heap after GC invocations=40 (full 8):
 PSYoungGen      total 324608K, used 149477K [0x00000000e0000000, 0x0000000100000000, 0x0000000100000000)
  eden space 175104K, 0% used [0x00000000e0000000,0x00000000e0000000,0x00000000eab00000)
  from space 149504K, 99% used [0x00000000f6e00000,0x00000000ffff95d0,0x0000000100000000)
  to   space 174592K, 0% used [0x00000000eab00000,0x00000000eab00000,0x00000000f5580000)
 ParOldGen       total 793088K, used 666128K [0x00000000a0000000, 0x00000000d0680000, 0x00000000e0000000)
  object space 793088K, 83% used [0x00000000a0000000,0x00000000c8a840f8,0x00000000d0680000)
 Metaspace       used 62198K, capacity 63666K, committed 63872K, reserved 1103872K
  class space    used 8177K, capacity 8531K, committed 8576K, reserved 1048576K
}
Event: 69,860 GC heap before
{Heap before GC invocations=41 (full 8):
 PSYoungGen      total 324608K, used 324581K [0x00000000e0000000, 0x0000000100000000, 0x0000000100000000)
  eden space 175104K, 100% used [0x00000000e0000000,0x00000000eab00000,0x00000000eab00000)
  from space 149504K, 99% used [0x00000000f6e00000,0x00000000ffff95d0,0x0000000100000000)
  to   space 174592K, 0% used [0x00000000eab00000,0x00000000eab00000,0x00000000f5580000)
 ParOldGen       total 793088K, used 666128K [0x00000000a0000000, 0x00000000d0680000, 0x00000000e0000000)
  object space 793088K, 83% used [0x00000000a0000000,0x00000000c8a840f8,0x00000000d0680000)
 Metaspace       used 62198K, capacity 63666K, committed 63872K, reserved 1103872K
  class space    used 8177K, capacity 8531K, committed 8576K, reserved 1048576K
Event: 70,186 GC heap after
Heap after GC invocations=41 (full 8):
 PSYoungGen      total 349696K, used 174568K [0x00000000e0000000, 0x0000000100000000, 0x0000000100000000)
  eden space 175104K, 0% used [0x00000000e0000000,0x00000000e0000000,0x00000000eab00000)
  from space 174592K, 99% used [0x00000000eab00000,0x00000000f557a160,0x00000000f5580000)
  to   space 174592K, 0% used [0x00000000f5580000,0x00000000f5580000,0x0000000100000000)
 ParOldGen       total 793088K, used 731543K [0x00000000a0000000, 0x00000000d0680000, 0x00000000e0000000)
  object space 793088K, 92% used [0x00000000a0000000,0x00000000cca65eb0,0x00000000d0680000)
 Metaspace       used 62198K, capacity 63666K, committed 63872K, reserved 1103872K
  class space    used 8177K, capacity 8531K, committed 8576K, reserved 1048576K
}
Event: 70,189 GC heap before
{Heap before GC invocations=42 (full 9):
 PSYoungGen      total 349696K, used 174568K [0x00000000e0000000, 0x0000000100000000, 0x0000000100000000)
  eden space 175104K, 0% used [0x00000000e0000000,0x00000000e0000000,0x00000000eab00000)
  from space 174592K, 99% used [0x00000000eab00000,0x00000000f557a160,0x00000000f5580000)
  to   space 174592K, 0% used [0x00000000f5580000,0x00000000f5580000,0x0000000100000000)
 ParOldGen       total 793088K, used 731543K [0x00000000a0000000, 0x00000000d0680000, 0x00000000e0000000)
  object space 793088K, 92% used [0x00000000a0000000,0x00000000cca65eb0,0x00000000d0680000)
 Metaspace       used 62198K, capacity 63666K, committed 63872K, reserved 1103872K
  class space    used 8177K, capacity 8531K, committed 8576K, reserved 1048576K

Deoptimization events (10 events):
Event: 61,956 Thread 0x00007f9664072000 Uncommon trap: reason=unstable_if action=reinterpret pc=0x00007f96ee7b84bc method=com.android.dx.cf.code.Merger.mergeType(Lcom/android/dx/rop/type/TypeBearer;Lcom/android/dx/rop/type/TypeBearer;)Lcom/android/dx/rop/type/TypeBearer; @ 133
Event: 66,267 Thread 0x00007f9664071800 Uncommon trap: reason=predicate action=maybe_recompile pc=0x00007f96ee908378 method=com.android.dx.ssa.DomFront.run()[Lcom/android/dx/ssa/DomFront$DomInfo; @ 32
Event: 66,385 Thread 0x00007f9664071800 Uncommon trap: reason=class_check action=maybe_recompile pc=0x00007f96ee8878e0 method=com.android.dx.ssa.SsaConverter.placePhiFunctions(Lcom/android/dx/ssa/SsaMethod;Lcom/android/dx/ssa/LocalVariableInfo;I)V @ 257
Event: 67,043 Thread 0x00007f9664072000 Uncommon trap: reason=class_check action=maybe_recompile pc=0x00007f96ee79ef4c method=com.android.dx.cf.code.OneLocalsArray.set(ILcom/android/dx/rop/type/TypeBearer;)V @ 85
Event: 67,104 Thread 0x00007f966406c000 Uncommon trap: reason=unstable_if action=reinterpret pc=0x00007f96ee6f0574 method=com.android.dx.cf.code.Ropper.addSynchExceptionHandlerBlock()V @ 4
Event: 67,166 Thread 0x00007f96953c2000 Uncommon trap: reason=class_check action=maybe_recompile pc=0x00007f96ee8fac50 method=com.android.dx.ssa.SCCP.simulateBranch(Lcom/android/dx/ssa/SsaInsn;)V @ 339
Event: 67,173 Thread 0x00007f96953c2000 Uncommon trap: reason=class_check action=maybe_recompile pc=0x00007f96ee8fac50 method=com.android.dx.ssa.SCCP.simulateBranch(Lcom/android/dx/ssa/SsaInsn;)V @ 339
Event: 68,396 Thread 0x00007f9664072000 Uncommon trap: reason=unstable_if action=reinterpret pc=0x00007f96eeb5a414 method=com.android.dx.ssa.SCCP.simulateStmt(Lcom/android/dx/ssa/SsaInsn;)V @ 435
Event: 68,398 Thread 0x00007f9664072000 Uncommon trap: reason=bimorphic action=maybe_recompile pc=0x00007f96eeba16cc method=com.android.dx.ssa.LiteralOpUpgrader.tryReplacingWithConstant(Lcom/android/dx/ssa/NormalSsaInsn;)Z @ 62
Event: 68,499 Thread 0x00007f9664073000 Uncommon trap: reason=unstable_if action=reinterpret pc=0x00007f96ee79f174 method=com.android.dx.cf.code.Merger.mergeType(Lcom/android/dx/rop/type/TypeBearer;Lcom/android/dx/rop/type/TypeBearer;)Lcom/android/dx/rop/type/TypeBearer; @ 77

Internal exceptions (10 events):
Event: 16,740 Thread 0x00007f96a8006000 Exception <a 'java/lang/NoSuchMethodError': <clinit>> (0x00000000e2f82158) thrown at [/HUDSON/workspace/8-2-build-linux-amd64/jdk8u66/4988/hotspot/src/share/vm/prims/jni.cpp, line 1591]
Event: 19,499 Thread 0x00007f96a8006000 Implicit null exception at 0x00007f96ecbc56bd to 0x00007f96ecbc585d
Event: 20,074 Thread 0x00007f96a8006000 Implicit null exception at 0x00007f96edc05d8e to 0x00007f96edc06979
Event: 27,856 Thread 0x00007f96a8006000 Implicit null exception at 0x00007f96ed63d2e8 to 0x00007f96ed63f401
Event: 29,300 Thread 0x00007f96a8006000 Implicit null exception at 0x00007f96eccd74cc to 0x00007f96eccd7601
Event: 35,218 Thread 0x00007f96a8006000 Exception <a 'java/lang/NoSuchMethodError': <clinit>> (0x00000000ee04b688) thrown at [/HUDSON/workspace/8-2-build-linux-amd64/jdk8u66/4988/hotspot/src/share/vm/prims/jni.cpp, line 1591]
Event: 40,917 Thread 0x00007f96a8006000 Implicit null exception at 0x00007f96ee3c330f to 0x00007f96ee3c3ae5
Event: 45,363 Thread 0x00007f9664072000 Implicit null exception at 0x00007f96ee1f2962 to 0x00007f96ee1f2a65
Event: 45,403 Thread 0x00007f9664073000 Implicit null exception at 0x00007f96ec67897e to 0x00007f96ec679761
Event: 57,113 Thread 0x00007f9664072000 Implicit null exception at 0x00007f96ee9ebf51 to 0x00007f96ee9ec55d

Events (10 events):
Event: 68,807 Thread 0x00007f9664055800 DEOPT UNPACKING pc=0x00007f96ec3c0633 sp=0x00007f969bdfbc30 mode 0
Event: 69,236 loading class com/android/dx/dex/file/CatchStructs
Event: 69,236 loading class com/android/dx/dex/file/CatchStructs done
Event: 69,280 Thread 0x00007f9664055800 DEOPT PACKING pc=0x00007f96eebfa434 sp=0x00007f969bdfc010
Event: 69,280 Thread 0x00007f9664055800 DEOPT UNPACKING pc=0x00007f96ec3c0633 sp=0x00007f969bdfbdc0 mode 0
Event: 69,414 Thread 0x00007f9664055800 DEOPT PACKING pc=0x00007f96eebfab84 sp=0x00007f969bdfc040
Event: 69,414 Thread 0x00007f9664055800 DEOPT UNPACKING pc=0x00007f96ec3c0633 sp=0x00007f969bdfbdb0 mode 0
Event: 69,475 Executing VM operation: ParallelGCFailedAllocation
Event: 69,748 Executing VM operation: ParallelGCFailedAllocation done
Event: 69,858 Executing VM operation: ParallelGCFailedAllocation


Dynamic libraries:
00400000-00401000 r-xp 00000000 08:11 270464                             /usr/lib/jvm/java-8-oracle/bin/java
00600000-00601000 rw-p 00000000 08:11 270464                             /usr/lib/jvm/java-8-oracle/bin/java
01c5c000-01c7d000 rw-p 00000000 00:00 0                                  [heap]
a0000000-d0680000 rw-p 00000000 00:00 0 
de780000-e0000000 ---p 00000000 00:00 0 
e0000000-100000000 rw-p 00000000 00:00 0 
100000000-100860000 rw-p 00000000 00:00 0 
100860000-140000000 ---p 00000000 00:00 0 
7f9664000000-7f9664255000 rw-p 00000000 00:00 0 
7f9664255000-7f9668000000 ---p 00000000 00:00 0 
7f966c000000-7f966c038000 rw-p 00000000 00:00 0 
7f966c038000-7f9670000000 ---p 00000000 00:00 0 
7f9670000000-7f9670021000 rw-p 00000000 00:00 0 
7f9670021000-7f9674000000 ---p 00000000 00:00 0 
7f9674000000-7f967402e000 rw-p 00000000 00:00 0 
7f967402e000-7f9678000000 ---p 00000000 00:00 0 
7f9678000000-7f9678021000 rw-p 00000000 00:00 0 
7f9678021000-7f967c000000 ---p 00000000 00:00 0 
7f967c000000-7f967c021000 rw-p 00000000 00:00 0 
7f967c021000-7f9680000000 ---p 00000000 00:00 0 
7f9680000000-7f9680021000 rw-p 00000000 00:00 0 
7f9680021000-7f9684000000 ---p 00000000 00:00 0 
7f9684000000-7f9684021000 rw-p 00000000 00:00 0 
7f9684021000-7f9688000000 ---p 00000000 00:00 0 
7f9688000000-7f9688021000 rw-p 00000000 00:00 0 
7f9688021000-7f968c000000 ---p 00000000 00:00 0 
7f968c000000-7f968c021000 rw-p 00000000 00:00 0 
7f968c021000-7f9690000000 ---p 00000000 00:00 0 
7f9690000000-7f9690021000 rw-p 00000000 00:00 0 
7f9690021000-7f9694000000 ---p 00000000 00:00 0 
7f9694000000-7f96958e5000 rw-p 00000000 00:00 0 
7f96958e5000-7f9698000000 ---p 00000000 00:00 0 
7f969849a000-7f969869a000 rw-p 00000000 00:00 0 
7f969869a000-7f969869d000 ---p 00000000 00:00 0 
7f969869d000-7f969899b000 rw-p 00000000 00:00 0 
7f969899b000-7f9698b9b000 rw-p 00000000 00:00 0 
7f9698bfa000-7f9698d1c000 r--s 00c96000 08:01 3677998                    /home/gilmar/AndroidStudioProjects/Projeto/Alergia/app/build/intermediates/transforms/jarMerging/debug/jars/1/1f/combined.jar
7f9698d1c000-7f9698f1c000 rw-p 00000000 00:00 0 
7f9698f1c000-7f969911c000 rw-p 00000000 00:00 0 
7f969911c000-7f969911f000 ---p 00000000 00:00 0 
7f969911f000-7f969921d000 rw-p 00000000 00:00 0 
7f969921d000-7f9699220000 ---p 00000000 00:00 0 
7f9699220000-7f969931e000 rw-p 00000000 00:00 0 
7f969931e000-7f9699321000 ---p 00000000 00:00 0 
7f9699321000-7f969941f000 rw-p 00000000 00:00 0 
7f969941f000-7f9699422000 ---p 00000000 00:00 0 
7f9699422000-7f9699520000 rw-p 00000000 00:00 0 
7f9699520000-7f9699523000 ---p 00000000 00:00 0 
7f9699523000-7f9699621000 rw-p 00000000 00:00 0 
7f9699621000-7f9699624000 ---p 00000000 00:00 0 
7f9699624000-7f9699722000 rw-p 00000000 00:00 0 
7f9699722000-7f9699725000 ---p 00000000 00:00 0 
7f9699725000-7f9699a23000 rw-p 00000000 00:00 0 
7f9699a23000-7f9699c23000 rw-p 00000000 00:00 0 
7f9699c23000-7f9699e23000 rw-p 00000000 00:00 0 
7f9699e23000-7f969a023000 rw-p 00000000 00:00 0 
7f969a023000-7f969a223000 rw-p 00000000 00:00 0 
7f969a223000-7f969a235000 r--s 00345000 08:11 556350                     /usr/lib/jvm/java-8-oracle/jre/lib/resources.jar
7f969a235000-7f969a435000 rw-p 00000000 00:00 0 
7f969a435000-7f969a635000 rw-p 00000000 00:00 0 
7f969a635000-7f969a835000 rw-p 00000000 00:00 0 
7f969a835000-7f969aa35000 rw-p 00000000 00:00 0 
7f969aa35000-7f969aa60000 r--s 001fc000 08:01 804887                     /home/gilmar/.gradle/caches/jars-1/nxjrjftly2xksl8o0wqgivu5netfu2x/guava-18.0.jar
7f969aa60000-7f969aa61000 r--s 00001000 08:01 804886                     /home/gilmar/.gradle/caches/jars-1/s3afzxu4l0miegovh1twccyfpfvdtfk/annotations-25.2.0.jar
7f969aa61000-7f969aa73000 r--s 000b3000 08:01 804885                     /home/gilmar/.gradle/caches/jars-1/90kur00dha2mfkiq6i48n2x3wne3kxp/uast-145.597.3.jar
7f969aa73000-7f969aa7b000 r--s 000a8000 08:01 804884                     /home/gilmar/.gradle/caches/jars-1/lp0h431tl0554nh1vx6zomcvteflkp/lombok-ast-0.2.3.jar
7f969aa7b000-7f969aa7d000 r--s 0000d000 08:01 804883                     /home/gilmar/.gradle/caches/jars-1/7pwz1bowgakb1eux9ezb56jlturgsyi/commons-codec-1.4.jar
7f969aa7d000-7f969aa7f000 r--s 0000d000 08:01 804882                     /home/gilmar/.gradle/caches/jars-1/9dj1m0eyooi5qt13735vz8fpkl3cnfy/commons-logging-1.1.1.jar
7f969aa7f000-7f969aa84000 r--s 00028000 08:01 804881                     /home/gilmar/.gradle/caches/jars-1/62lv0fe9b3xbqe57f6ljy5upwi7mf6k/httpcore-4.1.jar
7f969aa84000-7f969aa88000 r--s 0002f000 08:01 804880                     /home/gilmar/.gradle/caches/jars-1/gsg5n52frsvw6sx0swqqe2hwijwdcf0/jimfs-1.1.jar
7f969aa88000-7f969aa89000 r--s 00004000 08:01 804879                     /home/gilmar/.gradle/caches/jars-1/lxs252id0979odjrerlctkb26c2vj95/annotations-12.0.jar
7f969aa89000-7f969aa8a000 r--s 00004000 08:01 804878                     /home/gilmar/.gradle/caches/jars-1/9kn99dr0rulyl67sct1ephwcop56l61/asm-analysis-5.0.4.jar
7f969aa8a000-7f969aa8e000 r--s 0003b000 08:01 804877                     /home/gilmar/.gradle/caches/jars-1/dgz9lbljh836psa738sw7i04zespbm9/lint-api-25.2.0.jar
7f969aa8e000-7f969aa8f000 r--s 0000a000 08:01 804876                     /home/gilmar/.gradle/caches/jars-1/nwyg9io65lv6jvmwit2wq82xnnxd7ia/kxml2-2.3.0.jar
7f969aa8f000-7f969aa91000 r--s 00005000 08:01 804875                     /home/gilmar/.gradle/caches/jars-1/i6hc1uuj8e9ck59slmzdyz78ydn8sr6/httpmime-4.1.jar
7f969aa91000-7f969aa99000 r--s 0004e000 08:01 804874                     /home/gilmar/.gradle/caches/jars-1/7503wa5irssz0xxahv1xb82p2dl7rr2/httpclient-4.1.1.jar
7f969aa99000-7f969aaa0000 r--s 00053000 08:01 804873                     /home/gilmar/.gradle/caches/jars-1/jgkfvs4eqggj7qsyw1f5d3up57hanj1/commons-compress-1.8.1.jar
7f969aaa0000-7f969aaa5000 r--s 0002a000 08:01 804872                     /home/gilmar/.gradle/caches/jars-1/je8f027qcr1z1egw08byp1ybxbp9kko/gson-2.2.4.jar
7f969aaa5000-7f969aaaa000 r--s 0002d000 08:01 804871                     /home/gilmar/.gradle/caches/jars-1/m2teu0ic7nrdyck9s4iw2vhanmi4jxf/repository-25.2.0.jar
7f969aaaa000-7f969aaab000 r--s 00005000 08:01 804870                     /home/gilmar/.gradle/caches/jars-1/46xednryz08mn98wrb9crxidrtwy11t/dvlib-25.2.0.jar
7f969aaab000-7f969aaae000 r--s 00014000 08:01 804869                     /home/gilmar/.gradle/caches/jars-1/1ni49msd1raqq8xzhtvek95vdr02c3o/layoutlib-api-25.2.0.jar
7f969aaae000-7f969aab3000 r--s 00058000 08:01 804868                     /home/gilmar/.gradle/caches/jars-1/st159835qgxm0l87oqrnhayxos4lc1n/asm-debug-all-5.0.1.jar
7f969aab3000-7f969aac3000 r--s 000d6000 08:01 804867                     /home/gilmar/.gradle/caches/jars-1/99t2qt3f1wgc65wvi2nj2d33t0xgjs1/proguard-base-5.2.1.jar
7f969aac3000-7f969aac6000 r--s 00033000 08:01 804866                     /home/gilmar/.gradle/caches/jars-1/nz9sndmr8b4xbj4xulkaciy5kdbyfiz/juniversalchardet-1.0.3.jar
7f969aac6000-7f969aaca000 r--s 0002a000 08:01 804865                     /home/gilmar/.gradle/caches/jars-1/krbpn9xjn1qymukyx8cc5l799ty1v3h/commons-io-2.4.jar
7f969aaca000-7f969aae1000 r--s 00154000 08:01 804864                     /home/gilmar/.gradle/caches/jars-1/sfeivjswzitn6n0fnjx3ueszz8gv8o1/antlr4-4.5.3.jar
7f969aae1000-7f969aae2000 r--s 00002000 08:01 804863                     /home/gilmar/.gradle/caches/jars-1/qdpxrhtt7uuotyjx05ficpv5ewiq1gg/baseLibrary-2.2.0.jar
7f969aae2000-7f969aaf5000 r--s 00236000 08:01 804862                     /home/gilmar/.gradle/caches/jars-1/maorcrafc8bkeq7gpy7i4yws29hg8ba/ecj-4.5.1.jar
7f969aaf5000-7f969aafc000 r--s 000c3000 08:01 804861                     /home/gilmar/.gradle/caches/jars-1/micjl9oivzau5mlpmwcfdzu1zcy99hu/lint-checks-25.2.0.jar
7f969aafc000-7f969aafe000 r--s 00006000 08:01 804860                     /home/gilmar/.gradle/caches/jars-1/6phgj9ki3jl3p5epzkqoo8pr6kur40b/asm-tree-5.0.4.jar
7f969aafe000-7f969ab31000 r--s 00203000 08:01 804859                     /home/gilmar/.gradle/caches/jars-1/hj0bfvxu9cq7hkwmecvp0kg137or3hh/bcprov-jdk15on-1.48.jar
7f969ab31000-7f969ab3f000 r--s 00081000 08:01 804858                     /home/gilmar/.gradle/caches/jars-1/4r7xli0tz94y0wfjrdyjxlxar3g1pb9/bcpkix-jdk15on-1.48.jar
7f969ab3f000-7f969ab41000 r--s 00002000 08:01 804857                     /home/gilmar/.gradle/caches/jars-1/f32bh5uivuf69ecz2j8hl96ksnqdh7v/javawriter-2.5.0.jar
7f969ab41000-7f969ab42000 r--s 00002000 08:01 804856                     /home/gilmar/.gradle/caches/jars-1/s6yy6cvobp8pk9qeeeomj8eh7cbwku5/tracker-25.2.0.jar
7f969ab42000-7f969ab44000 r--s 00003000 08:01 804855                     /home/gilmar/.gradle/caches/jars-1/qt4f6ek5lfdkfnueebc1e8wvnv4q23w/shared-25.2.0.jar
7f969ab44000-7f969ab51000 r--s 000ed000 08:01 804854                     /home/gilmar/.gradle/caches/jars-1/nzcsq7to1lh06zmgpihbny08slfl1me/protos-25.2.0.jar
7f969ab51000-7f969ab52000 r--s 00001000 08:01 535907                     /home/gilmar/.gradle/caches/jars-1/35vv4vne7tsn6kwofsy67umpjqws861/jill-api-0.10.0.jar
7f969ab52000-7f969ab54000 r--s 00003000 08:01 535905                     /home/gilmar/.gradle/caches/jars-1/dnmivi73na93s3qsnh6fzywnc9jzp1y/jack-api-0.11.0.jar
7f969ab54000-7f969ab59000 r--s 0004a000 08:01 804851                     /home/gilmar/.gradle/caches/jars-1/60vq0vv894nh5z6a3aiwy8ewv9580iz/ddmlib-25.2.0.jar
7f969ab59000-7f969ab5c000 r--s 00021000 08:01 804850                     /home/gilmar/.gradle/caches/jars-1/gtn3btjvl5pn3n779ktctrqensxlzqd/manifest-merger-25.2.0.jar
7f969ab5c000-7f969ab5e000 r--s 0001c000 08:01 671126                     /home/gilmar/.gradle/caches/jars-1/97pfkxtdldkyrky6kt2ld2w7vk8btzd/common-25.2.0.jar
7f969ab5e000-7f969ab67000 r--s 00083000 08:01 671125                     /home/gilmar/.gradle/caches/jars-1/o4ctfnjcwbndnm3azch8dt9r384y8n6/sdk-common-25.2.0.jar
7f969ab67000-7f969ab72000 r--s 0008e000 08:01 671124                     /home/gilmar/.gradle/caches/jars-1/sgwv1thwbtkrhow81mvxbwexnqug4hx/sdklib-25.2.0.jar
7f969ab72000-7f969ab73000 r--s 00002000 08:01 671123                     /home/gilmar/.gradle/caches/jars-1/8xu6cq0c43fb0fc1n5kvw3nx9rperi/builder-test-api-2.2.0.jar
7f969ab73000-7f969ab76000 r--s 00005000 08:01 671122                     /home/gilmar/.gradle/caches/jars-1/acds8g61nzuypbfsz7sjghdkc70w3di/builder-model-2.2.0.jar
7f969ab76000-7f969ab7e000 r--s 0007b000 08:01 671121                     /home/gilmar/.gradle/caches/jars-1/it5ls9bmq2pan9gdtn3yiduubs43tve/protobuf-java-2.5.0.jar
7f969ab7e000-7f969ab80000 r--s 0000f000 08:01 671120                     /home/gilmar/.gradle/caches/jars-1/rvfyugrlu5tbpz51p98og0qsxamjq4k/jopt-simple-4.9.jar
7f969ab80000-7f969ab84000 r--s 0001f000 08:01 671119                     /home/gilmar/.gradle/caches/jars-1/nq3fzqkrrm37ob61z4iu5qdbh368uat/org.jacoco.report-0.7.5.201505241946.jar
7f969ab84000-7f969ab88000 r--s 0001d000 08:01 671118                     /home/gilmar/.gradle/caches/jars-1/3kxkmcckmk40ron92zhbm0qjo9l4bkl/org.jacoco.core-0.7.5.201505241946.jar
7f969ab88000-7f969ab89000 r--s 00002000 08:01 671117                     /home/gilmar/.gradle/caches/jars-1/b1t2vrw26g996kdveajzit96rlnnaiq/proguard-gradle-5.2.1.jar
7f969ab89000-7f969ab8b000 r--s 00009000 08:01 671116                     /home/gilmar/.gradle/caches/jars-1/ajvcvdu66lc9e3tvvipxtuq48i9bbkc/asm-commons-5.0.4.jar
7f969ab8b000-7f969ab8f000 r--s 0002b000 08:01 671114                     /home/gilmar/.gradle/caches/jars-1/ed3uvfuf610nko7vvghv40xkccoap5l/compilerCommon-2.2.0.jar
7f969ab8f000-7f969aba6000 r--s 0015d000 08:01 671110                     /home/gilmar/.gradle/caches/jars-1/8kubrbpt9zfdzr9eofd62cfhttzwfj3/builder-2.2.0.jar
7f969aba6000-7f969abc3000 r--s 0019c000 08:01 671109                     /home/gilmar/.gradle/caches/jars-1/l6toe60uohuug6gzt3vpy06fhyq3v6w/gradle-core-2.2.0.jar
7f969abc3000-7f969adc3000 rw-p 00000000 00:00 0 
7f969adc3000-7f969afc3000 rw-p 00000000 00:00 0 
7f969afc3000-7f969afc6000 ---p 00000000 00:00 0 
7f969afc6000-7f969b2c4000 rw-p 00000000 00:00 0 
7f969b2c4000-7f969b2c7000 ---p 00000000 00:00 0 
7f969b2c7000-7f969b4fd000 rw-p 00000000 00:00 0 
7f969b4fd000-7f969b6fd000 rw-p 00000000 00:00 0 
7f969b6fd000-7f969b8fd000 rw-p 00000000 00:00 0 
7f969b8fd000-7f969bafd000 rw-p 00000000 00:00 0 
7f969bafd000-7f969bcfd000 rw-p 00000000 00:00 0 
7f969bcfd000-7f969bd00000 ---p 00000000 00:00 0 
7f969bd00000-7f969bdfe000 rw-p 00000000 00:00 0 
7f969bdfe000-7f969be01000 ---p 00000000 00:00 0 
7f969be01000-7f969beff000 rw-p 00000000 00:00 0 
7f969beff000-7f969bf02000 ---p 00000000 00:00 0 
7f969bf02000-7f969c000000 rw-p 00000000 00:00 0 
7f969c000000-7f969c021000 rw-p 00000000 00:00 0 
7f969c021000-7f96a0000000 ---p 00000000 00:00 0 
7f96a0000000-7f96a0021000 rw-p 00000000 00:00 0 
7f96a0021000-7f96a4000000 ---p 00000000 00:00 0 
7f96a4000000-7f96a406d000 rw-p 00000000 00:00 0 
7f96a406d000-7f96a8000000 ---p 00000000 00:00 0 
7f96a8000000-7f96a8021000 rw-p 00000000 00:00 0 
7f96a8021000-7f96ac000000 ---p 00000000 00:00 0 
7f96ac000000-7f96ac021000 rw-p 00000000 00:00 0 
7f96ac021000-7f96b0000000 ---p 00000000 00:00 0 
7f96b0000000-7f96b0037000 rw-p 00000000 00:00 0 
7f96b0037000-7f96b4000000 ---p 00000000 00:00 0 
7f96b4000000-7f96b51fe000 rw-p 00000000 00:00 0 
7f96b51fe000-7f96b8000000 ---p 00000000 00:00 0 
7f96b8000000-7f96b8021000 rw-p 00000000 00:00 0 
7f96b8021000-7f96bc000000 ---p 00000000 00:00 0 
7f96bc000000-7f96be1a8000 rw-p 00000000 00:00 0 
7f96be1a8000-7f96c0000000 ---p 00000000 00:00 0 
7f96c0000000-7f96c2008000 rw-p 00000000 00:00 0 
7f96c2008000-7f96c4000000 ---p 00000000 00:00 0 
7f96c4000000-7f96c4021000 rw-p 00000000 00:00 0 
7f96c4021000-7f96c8000000 ---p 00000000 00:00 0 
7f96c8000000-7f96c8021000 rw-p 00000000 00:00 0 
7f96c8021000-7f96cc000000 ---p 00000000 00:00 0 
7f96cc000000-7f96cc296000 rw-p 00000000 00:00 0 
7f96cc296000-7f96d0000000 ---p 00000000 00:00 0 
7f96d0000000-7f96d0021000 rw-p 00000000 00:00 0 
7f96d0021000-7f96d4000000 ---p 00000000 00:00 0 
7f96d4000000-7f96d412d000 rw-p 00000000 00:00 0 
7f96d412d000-7f96d8000000 ---p 00000000 00:00 0 
7f96d8000000-7f96d8116000 rw-p 00000000 00:00 0 
7f96d8116000-7f96dc000000 ---p 00000000 00:00 0 
7f96dc000000-7f96dc034000 rw-p 00000000 00:00 0 
7f96dc034000-7f96e0000000 ---p 00000000 00:00 0 
7f96e0000000-7f96e0002000 r--s 0000c000 08:01 671115                     /home/gilmar/.gradle/caches/jars-1/1laz1ygmxoc408r7nwqs1q8uk8r236d/asm-5.0.4.jar
7f96e0002000-7f96e0003000 r--s 00002000 08:01 671113                     /home/gilmar/.gradle/caches/jars-1/59cn1xzs5riomcej3izlq1in57liv2w/gradle-api-2.2.0.jar
7f96e0003000-7f96e0004000 r--s 00000000 08:01 535900                     /home/gilmar/.gradle/caches/jars-1/32k92rp2zzqyhcyc8b4amfzqwfqino2/transform-api-2.0.0-deprecated-use-gradle-api.jar
7f96e0004000-7f96e0009000 r--s 00053000 08:01 671111                     /home/gilmar/.gradle/caches/jars-1/e3vr37dj0ydkvi8s4bltesfyx1qnlxi/lint-25.2.0.jar
7f96e0009000-7f96e000a000 r--s 00006000 08:01 17172823                   /home/gilmar/.gradle/caches/modules-2/files-2.1/com.google.gms/google-services/3.0.0/ee538ce9cf4148485e43017c5542202b8c78ff8e/google-services-3.0.0.jar
7f96e000a000-7f96e000c000 r--s 0000d000 08:01 671108                     /home/gilmar/.gradle/caches/jars-1/rvtjoel3v0j36ekd2elvslftsz833f5/gradle-2.2.0.jar
7f96e000c000-7f96e000d000 r--p 00000000 00:00 0 
7f96e000d000-7f96e0085000 r--s 010e3000 08:11 554901                     /usr/lib/jvm/java-8-oracle/lib/tools.jar
7f96e0085000-7f96e0088000 ---p 00000000 00:00 0 
7f96e0088000-7f96e0186000 rw-p 00000000 00:00 0 
7f96e0186000-7f96e01a7000 r--p 00000000 08:11 795147                     /usr/share/locale-langpack/pt_BR/LC_MESSAGES/libc.mo
7f96e01a7000-7f96e01aa000 ---p 00000000 00:00 0 
7f96e01aa000-7f96e02a8000 rw-p 00000000 00:00 0 
7f96e02a8000-7f96e02ab000 ---p 00000000 00:00 0 
7f96e02ab000-7f96e05a9000 rw-p 00000000 00:00 0 
7f96e05a9000-7f96e05b0000 r--s 00000000 08:11 795619                     /usr/lib/x86_64-linux-gnu/gconv/gconv-modules.cache
7f96e05b0000-7f96e05b3000 ---p 00000000 00:00 0 
7f96e05b3000-7f96e06b1000 rw-p 00000000 00:00 0 
7f96e06b1000-7f96e06b4000 ---p 00000000 00:00 0 
7f96e06b4000-7f96e07b2000 rw-p 00000000 00:00 0 
7f96e07b2000-7f96e07ba000 r-xp 00000000 08:11 556526                     /usr/lib/jvm/java-8-oracle/jre/lib/amd64/libmanagement.so
7f96e07ba000-7f96e09ba000 ---p 00008000 08:11 556526                     /usr/lib/jvm/java-8-oracle/jre/lib/amd64/libmanagement.so
7f96e09ba000-7f96e09bb000 rw-p 00008000 08:11 556526                     /usr/lib/jvm/java-8-oracle/jre/lib/amd64/libmanagement.so
7f96e09bb000-7f96e09bd000 r--s 00006000 08:01 6566837                    /home/gilmar/.gradle/wrapper/dists/gradle-3.1-all/ejgglywf033yp6s4x8ahmgm74/gradle-3.1/lib/plugins/gradle-tooling-api-builders-3.1.jar
7f96e09bd000-7f96e09c0000 r--s 00008000 08:01 6566830                    /home/gilmar/.gradle/wrapper/dists/gradle-3.1-all/ejgglywf033yp6s4x8ahmgm74/gradle-3.1/lib/plugins/gradle-testing-native-3.1.jar
7f96e09c0000-7f96e09c2000 r--s 00009000 08:01 6566910                    /home/gilmar/.gradle/wrapper/dists/gradle-3.1-all/ejgglywf033yp6s4x8ahmgm74/gradle-3.1/lib/plugins/hamcrest-core-1.3.jar
7f96e09c2000-7f96e09c8000 r--s 00033000 08:01 6566904                    /home/gilmar/.gradle/wrapper/dists/gradle-3.1-all/ejgglywf033yp6s4x8ahmgm74/gradle-3.1/lib/plugins/snakeyaml-1.6.jar
7f96e09c8000-7f96e09ca000 r--s 00006000 08:01 6566903                    /home/gilmar/.gradle/wrapper/dists/gradle-3.1-all/ejgglywf033yp6s4x8ahmgm74/gradle-3.1/lib/plugins/jcommander-1.12.jar
7f96e09ca000-7f96e09cf000 r--s 00040000 08:01 6566902                    /home/gilmar/.gradle/wrapper/dists/gradle-3.1-all/ejgglywf033yp6s4x8ahmgm74/gradle-3.1/lib/plugins/bsh-2.0b4.jar
7f96e09cf000-7f96e09d8000 r--s 00089000 08:01 6566861                    /home/gilmar/.gradle/wrapper/dists/gradle-3.1-all/ejgglywf033yp6s4x8ahmgm74/gradle-3.1/lib/plugins/testng-6.3.1.jar
7f96e09d8000-7f96e09e0000 r--s 00045000 08:01 6566860                    /home/gilmar/.gradle/wrapper/dists/gradle-3.1-all/ejgglywf033yp6s4x8ahmgm74/gradle-3.1/lib/plugins/junit-4.12.jar
7f96e09e0000-7f96e09e6000 r--s 0002e000 08:01 6566831                    /home/gilmar/.gradle/wrapper/dists/gradle-3.1-all/ejgglywf033yp6s4x8ahmgm74/gradle-3.1/lib/plugins/gradle-testing-jvm-3.1.jar
7f96e09e6000-7f96e09ea000 r--s 00016000 08:01 6566829                    /home/gilmar/.gradle/wrapper/dists/gradle-3.1-all/ejgglywf033yp6s4x8ahmgm74/gradle-3.1/lib/plugins/gradle-testing-base-3.1.jar
7f96e09ea000-7f96e09eb000 r--s 00001000 08:01 6566839                    /home/gilmar/.gradle/wrapper/dists/gradle-3.1-all/ejgglywf033yp6s4x8ahmgm74/gradle-3.1/lib/plugins/gradle-task-cache-http-3.1.jar
7f96e09eb000-7f96e09f2000 r--s 00038000 08:01 6566855                    /home/gilmar/.gradle/wrapper/dists/gradle-3.1-all/ejgglywf033yp6s4x8ahmgm74/gradle-3.1/lib/plugins/bcpg-jdk15on-1.51.jar
7f96e09f2000-7f96e09f4000 r--s 0000c000 08:01 6566808                    /home/gilmar/.gradle/wrapper/dists/gradle-3.1-all/ejgglywf033yp6s4x8ahmgm74/gradle-3.1/lib/plugins/gradle-signing-3.1.jar
7f96e09f4000-7f96e09f6000 r--s 00007000 08:01 6566807                    /home/gilmar/.gradle/wrapper/dists/gradle-3.1-all/ejgglywf033yp6s4x8ahmgm74/gradle-3.1/lib/plugins/gradle-scala-3.1.jar
7f96e09f6000-7f96e09f7000 r--s 00004000 08:01 6566835                    /home/gilmar/.gradle/wrapper/dists/gradle-3.1-all/ejgglywf033yp6s4x8ahmgm74/gradle-3.1/lib/plugins/gradle-resources-sftp-3.1.jar
7f96e09f7000-7f96e0a07000 r--s 00088000 08:01 6566871                    /home/gilmar/.gradle/wrapper/dists/gradle-3.1-all/ejgglywf033yp6s4x8ahmgm74/gradle-3.1/lib/plugins/joda-time-2.8.2.jar
7f96e0a07000-7f96e0a18000 r--s 0010d000 08:01 6566870                    /home/gilmar/.gradle/wrapper/dists/gradle-3.1-all/ejgglywf033yp6s4x8ahmgm74/gradle-3.1/lib/plugins/jackson-databind-2.6.6.jar
7f96e0a18000-7f96e0a1b000 r--s 00009000 08:01 6566869                    /home/gilmar/.gradle/wrapper/dists/gradle-3.1-all/ejgglywf033yp6s4x8ahmgm74/gradle-3.1/lib/plugins/jackson-annotations-2.6.6.jar
7f96e0a1b000-7f96e0a1f000 r--s 0003c000 08:01 6566868                    /home/gilmar/.gradle/wrapper/dists/gradle-3.1-all/ejgglywf033yp6s4x8ahmgm74/gradle-3.1/lib/plugins/jackson-core-2.6.6.jar
7f96e0a1f000-7f96e0a2d000 r--s 00087000 08:01 6566867                    /home/gilmar/.gradle/wrapper/dists/gradle-3.1-all/ejgglywf033yp6s4x8ahmgm74/gradle-3.1/lib/plugins/aws-java-sdk-core-1.11.6.jar
7f96e0a2d000-7f96e0a34000 r--s 00057000 08:01 6566866                    /home/gilmar/.gradle/wrapper/dists/gradle-3.1-all/ejgglywf033yp6s4x8ahmgm74/gradle-3.1/lib/plugins/aws-java-sdk-kms-1.11.6.jar
7f96e0a34000-7f96e0a41000 r--s 0008e000 08:01 6566865                    /home/gilmar/.gradle/wrapper/dists/gradle-3.1-all/ejgglywf033yp6s4x8ahmgm74/gradle-3.1/lib/plugins/aws-java-sdk-s3-1.11.6.jar
7f96e0a41000-7f96e0a42000 r--s 00004000 08:01 6566836                    /home/gilmar/.gradle/wrapper/dists/gradle-3.1-all/ejgglywf033yp6s4x8ahmgm74/gradle-3.1/lib/plugins/gradle-resources-s3-3.1.jar
7f96e0a42000-7f96e0a44000 r--s 00005000 08:01 6566859                    /home/gilmar/.gradle/wrapper/dists/gradle-3.1-all/ejgglywf033yp6s4x8ahmgm74/gradle-3.1/lib/plugins/jatl-0.2.2.jar
7f96e0a44000-7f96e0a46000 r--s 0000f000 08:01 6566813                    /home/gilmar/.gradle/wrapper/dists/gradle-3.1-all/ejgglywf033yp6s4x8ahmgm74/gradle-3.1/lib/plugins/gradle-reporting-3.1.jar
7f96e0a46000-7f96e0a48000 r--s 00002000 08:01 6566814                    /home/gilmar/.gradle/wrapper/dists/gradle-3.1-all/ejgglywf033yp6s4x8ahmgm74/gradle-3.1/lib/plugins/gradle-publish-3.1.jar
7f96e0a48000-7f96e0a4a000 r--s 00009000 08:01 6566842                    /home/gilmar/.gradle/wrapper/dists/gradle-3.1-all/ejgglywf033yp6s4x8ahmgm74/gradle-3.1/lib/plugins/commons-cli-1.2.jar
7f96e0a4a000-7f96e0a4f000 r--s 00031000 08:01 6566799                    /home/gilmar/.gradle/wrapper/dists/gradle-3.1-all/ejgglywf033yp6s4x8ahmgm74/gradle-3.1/lib/plugins/gradle-plugins-3.1.jar
7f96e0a4f000-7f96e0a51000 r--s 00009000 08:01 6566832                    /home/gilmar/.gradle/wrapper/dists/gradle-3.1-all/ejgglywf033yp6s4x8ahmgm74/gradle-3.1/lib/plugins/gradle-plugin-development-3.1.jar
7f96e0a51000-7f96e0a57000 r--s 0002b000 08:01 6566825                    /home/gilmar/.gradle/wrapper/dists/gradle-3.1-all/ejgglywf033yp6s4x8ahmgm74/gradle-3.1/lib/plugins/gradle-platform-play-3.1.jar
7f96e0a57000-7f96e0a64000 r--s 0004e000 08:01 6566824                    /home/gilmar/.gradle/wrapper/dists/gradle-3.1-all/ejgglywf033yp6s4x8ahmgm74/gradle-3.1/lib/plugins/gradle-platform-native-3.1.jar
7f96e0a64000-7f96e0a69000 r--s 0001f000 08:01 6566819                    /home/gilmar/.gradle/wrapper/dists/gradle-3.1-all/ejgglywf033yp6s4x8ahmgm74/gradle-3.1/lib/plugins/gradle-platform-jvm-3.1.jar
7f96e0a69000-7f96e0a70000 r--s 00025000 08:01 6566818                    /home/gilmar/.gradle/wrapper/dists/gradle-3.1-all/ejgglywf033yp6s4x8ahmgm74/gradle-3.1/lib/plugins/gradle-platform-base-3.1.jar
7f96e0a70000-7f96e0a98000 r--s 0021c000 08:01 6566850                    /home/gilmar/.gradle/wrapper/dists/gradle-3.1-all/ejgglywf033yp6s4x8ahmgm74/gradle-3.1/lib/plugins/biz.aQute.bndlib-3.2.0.jar
7f96e0a98000-7f96e0a9a000 r--s 00003000 08:01 6566803                    /home/gilmar/.gradle/wrapper/dists/gradle-3.1-all/ejgglywf033yp6s4x8ahmgm74/gradle-3.1/lib/plugins/gradle-osgi-3.1.jar
7f96e0a9a000-7f96e0a9d000 r--s 0000c000 08:01 6566853                    /home/gilmar/.gradle/wrapper/dists/gradle-3.1-all/ejgglywf033yp6s4x8ahmgm74/gradle-3.1/lib/plugins/pmaven-groovy-0.8-20100325.jar
7f96e0a9d000-7f96e0a9e000 r--s 00004000 08:01 6566852                    /home/gilmar/.gradle/wrapper/dists/gradle-3.1-all/ejgglywf033yp6s4x8ahmgm74/gradle-3.1/lib/plugins/pmaven-common-0.8-20100325.jar
7f96e0a9e000-7f96e0aa4000 r--s 00023000 08:01 6566804                    /home/gilmar/.gradle/wrapper/dists/gradle-3.1-all/ejgglywf033yp6s4x8ahmgm74/gradle-3.1/lib/plugins/gradle-maven-3.1.jar
7f96e0aa4000-7f96e0aa7000 r--s 0000a000 08:01 6566823                    /home/gilmar/.gradle/wrapper/dists/gradle-3.1-all/ejgglywf033yp6s4x8ahmgm74/gradle-3.1/lib/plugins/gradle-language-scala-3.1.jar
7f96e0aa7000-7f96e0aad000 r--s 0001b000 08:01 6566827                    /home/gilmar/.gradle/wrapper/dists/gradle-3.1-all/ejgglywf033yp6s4x8ahmgm74/gradle-3.1/lib/plugins/gradle-language-native-3.1.jar
7f96e0aad000-7f96e0aaf000 r--s 00008000 08:01 6566820                    /home/gilmar/.gradle/wrapper/dists/gradle-3.1-all/ejgglywf033yp6s4x8ahmgm74/gradle-3.1/lib/plugins/gradle-language-jvm-3.1.jar
7f96e0aaf000-7f96e0ab6000 r--s 00025000 08:01 6566821                    /home/gilmar/.gradle/wrapper/dists/gradle-3.1-all/ejgglywf033yp6s4x8ahmgm74/gradle-3.1/lib/plugins/gradle-language-java-3.1.jar
7f96e0ab6000-7f96e0ab8000 r--s 0000a000 08:01 6566822                    /home/gilmar/.gradle/wrapper/dists/gradle-3.1-all/ejgglywf033yp6s4x8ahmgm74/gradle-3.1/lib/plugins/gradle-language-groovy-3.1.jar
7f96e0ab8000-7f96e0abb000 r--s 0001e000 08:01 6566877                    /home/gilmar/.gradle/wrapper/dists/gradle-3.1-all/ejgglywf033yp6s4x8ahmgm74/gradle-3.1/lib/plugins/jsp-api-2.1-6.1.14.jar
7f96e0abb000-7f96e0ade000 r--s 00344000 08:01 6566876                    /home/gilmar/.gradle/wrapper/dists/gradle-3.1-all/ejgglywf033yp6s4x8ahmgm74/gradle-3.1/lib/plugins/core-3.1.1.jar
7f96e0ade000-7f96e0adf000 r--s 00006000 08:01 6566875                    /home/gilmar/.gradle/wrapper/dists/gradle-3.1-all/ejgglywf033yp6s4x8ahmgm74/gradle-3.1/lib/plugins/jetty-naming-6.1.25.jar
7f96e0adf000-7f96e0ae0000 r--s 00002000 08:01 6566849                    /home/gilmar/.gradle/wrapper/dists/gradle-3.1-all/ejgglywf033yp6s4x8ahmgm74/gradle-3.1/lib/plugins/geronimo-annotation_1.0_spec-1.0.jar
7f96e0ae0000-7f96e0ae2000 r--s 00002000 08:01 6566848                    /home/gilmar/.gradle/wrapper/dists/gradle-3.1-all/ejgglywf033yp6s4x8ahmgm74/gradle-3.1/lib/plugins/jetty-annotations-6.1.25.jar
7f96e0ae2000-7f96e0af3000 r--s 000ea000 08:01 6566847                    /home/gilmar/.gradle/wrapper/dists/gradle-3.1-all/ejgglywf033yp6s4x8ahmgm74/gradle-3.1/lib/plugins/jsp-2.1-6.1.14.jar
7f96e0af3000-7f96e0af5000 r--s 0000d000 08:01 6566846                    /home/gilmar/.gradle/wrapper/dists/gradle-3.1-all/ejgglywf033yp6s4x8ahmgm74/gradle-3.1/lib/plugins/jetty-plus-6.1.25.jar
7f96e0af5000-7f96e0af7000 r--s 0001f000 08:01 6566845                    /home/gilmar/.gradle/wrapper/dists/gradle-3.1-all/ejgglywf033yp6s4x8ahmgm74/gradle-3.1/lib/plugins/servlet-api-2.5-20081211.jar
7f96e0af7000-7f96e0afb000 r--s 00028000 08:01 6566844                    /home/gilmar/.gradle/wrapper/dists/gradle-3.1-all/ejgglywf033yp6s4x8ahmgm74/gradle-3.1/lib/plugins/jetty-util-6.1.25.jar
7f96e0afb000-7f96e0b02000 r--s 0007d000 08:01 6566843                    /home/gilmar/.gradle/wrapper/dists/gradle-3.1-all/ejgglywf033yp6s4x8ahmgm74/gradle-3.1/lib/plugins/jetty-6.1.25.jar
7f96e0b02000-7f96e0b04000 r--s 0000a000 08:01 6566801                    /home/gilmar/.gradle/wrapper/dists/gradle-3.1-all/ejgglywf033yp6s4x8ahmgm74/gradle-3.1/lib/plugins/gradle-jetty-3.1.jar
7f96e0b04000-7f96e0b0b000 r--s 00035000 08:01 6566858                    /home/gilmar/.gradle/wrapper/dists/gradle-3.1-all/ejgglywf033yp6s4x8ahmgm74/gradle-3.1/lib/plugins/simple-4.1.21.jar
7f96e0b0b000-7f96e0b17000 r--s 00100000 08:01 6566856                    /home/gilmar/.gradle/wrapper/dists/gradle-3.1-all/ejgglywf033yp6s4x8ahmgm74/gradle-3.1/lib/plugins/rhino-1.7R3.jar
7f96e0b17000-7f96e0b1b000 r--s 00012000 08:01 6566810                    /home/gilmar/.gradle/wrapper/dists/gradle-3.1-all/ejgglywf033yp6s4x8ahmgm74/gradle-3.1/lib/plugins/gradle-javascript-3.1.jar
7f96e0b1b000-7f96e0b1d000 r--s 0000c000 08:01 6566816                    /home/gilmar/.gradle/wrapper/dists/gradle-3.1-all/ejgglywf033yp6s4x8ahmgm74/gradle-3.1/lib/plugins/gradle-jacoco-3.1.jar
7f96e0b1d000-7f96e0b20000 r--s 0000e000 08:01 6566815                    /home/gilmar/.gradle/wrapper/dists/gradle-3.1-all/ejgglywf033yp6s4x8ahmgm74/gradle-3.1/lib/plugins/gradle-ivy-3.1.jar
7f96e0b20000-7f96e0b21000 r--s 00002000 08:01 6566826                    /home/gilmar/.gradle/wrapper/dists/gradle-3.1-all/ejgglywf033yp6s4x8ahmgm74/gradle-3.1/lib/plugins/gradle-ide-play-3.1.jar
7f96e0b21000-7f96e0b24000 r--s 00013000 08:01 6566828                    /home/gilmar/.gradle/wrapper/dists/gradle-3.1-all/ejgglywf033yp6s4x8ahmgm74/gradle-3.1/lib/plugins/gradle-ide-native-3.1.jar
7f96e0b24000-7f96e0b2e000 r--s 00054000 08:01 6566805                    /home/gilmar/.gradle/wrapper/dists/gradle-3.1-all/ejgglywf033yp6s4x8ahmgm74/gradle-3.1/lib/plugins/gradle-ide-3.1.jar
7f96e0b2e000-7f96e0b30000 r--s 00007000 08:01 6566809                    /home/gilmar/.gradle/wrapper/dists/gradle-3.1-all/ejgglywf033yp6s4x8ahmgm74/gradle-3.1/lib/plugins/gradle-ear-3.1.jar
7f96e0b30000-7f96e0b36000 r--s 00033000 08:01 6566812                    /home/gilmar/.gradle/wrapper/dists/gradle-3.1-all/ejgglywf033yp6s4x8ahmgm74/gradle-3.1/lib/plugins/gradle-diagnostics-3.1.jar
7f96e0b36000-7f96e0b38000 r--s 00008000 08:01 6566838                    /home/gilmar/.gradle/wrapper/dists/gradle-3.1-all/ejgglywf033yp6s4x8ahmgm74/gradle-3.1/lib/plugins/gradle-composite-builds-3.1.jar
7f96e0b38000-7f96e0b3c000 r--s 00023000 08:01 6566800                    /home/gilmar/.gradle/wrapper/dists/gradle-3.1-all/ejgglywf033yp6s4x8ahmgm74/gradle-3.1/lib/plugins/gradle-code-quality-3.1.jar
7f96e0b3c000-7f96e0b40000 r--s 00020000 08:01 6566817                    /home/gilmar/.gradle/wrapper/dists/gradle-3.1-all/ejgglywf033yp6s4x8ahmgm74/gradle-3.1/lib/plugins/gradle-build-init-3.1.jar
7f96e0b40000-7f96e0b46000 r--s 0008e000 08:01 6566811                    /home/gilmar/.gradle/wrapper/dists/gradle-3.1-all/ejgglywf033yp6s4x8ahmgm74/gradle-3.1/lib/plugins/gradle-build-comparison-3.1.jar
7f96e0b46000-7f96e0b48000 r--s 00008000 08:01 6566802                    /home/gilmar/.gradle/wrapper/dists/gradle-3.1-all/ejgglywf033yp6s4x8ahmgm74/gradle-3.1/lib/plugins/gradle-antlr-3.1.jar
7f96e0b48000-7f96e0b4a000 r--s 00004000 08:01 6566806                    /home/gilmar/.gradle/wrapper/dists/gradle-3.1-all/ejgglywf033yp6s4x8ahmgm74/gradle-3.1/lib/plugins/gradle-announce-3.1.jar
7f96e0b4a000-7f96e0b62000 r--s 00115000 08:01 6566907                    /home/gilmar/.gradle/wrapper/dists/gradle-3.1-all/ejgglywf033yp6s4x8ahmgm74/gradle-3.1/lib/plugins/xercesImpl-2.9.1.jar
7f96e0b62000-7f96e0b6a000 r--s 00028000 08:01 6566908                    /home/gilmar/.gradle/wrapper/dists/gradle-3.1-all/ejgglywf033yp6s4x8ahmgm74/gradle-3.1/lib/plugins/xml-apis-1.3.04.jar
7f96e0b6a000-7f96e0b70000 r--s 0005b000 08:01 6566906                    /home/gilmar/.gradle/wrapper/dists/gradle-3.1-all/ejgglywf033yp6s4x8ahmgm74/gradle-3.1/lib/plugins/jcifs-1.3.17.jar
7f96e0b70000-7f96e0b77000 r--s 00049000 08:01 6566905                    /home/gilmar/.gradle/wrapper/dists/gradle-3.1-all/ejgglywf033yp6s4x8ahmgm74/gradle-3.1/lib/plugins/httpcore-4.4.4.jar
7f96e0b77000-7f96e0b7d000 r--s 00033000 08:01 6566854                    /home/gilmar/.gradle/wrapper/dists/gradle-3.1-all/ejgglywf033yp6s4x8ahmgm74/gradle-3.1/lib/plugins/commons-codec-1.6.jar
7f96e0b7d000-7f96e0b80000 r--s 0001c000 08:01 6566863                    /home/gilmar/.gradle/wrapper/dists/gradle-3.1-all/ejgglywf033yp6s4x8ahmgm74/gradle-3.1/lib/plugins/nekohtml-1.9.14.jar
7f96e0b80000-7f96e0b8d000 r--s 000a4000 08:01 6566862                    /home/gilmar/.gradle/wrapper/dists/gradle-3.1-all/ejgglywf033yp6s4x8ahmgm74/gradle-3.1/lib/plugins/httpclient-4.4.1.jar
7f96e0b8d000-7f96e0b90000 r--s 0000a000 08:01 6566834                    /home/gilmar/.gradle/wrapper/dists/gradle-3.1-all/ejgglywf033yp6s4x8ahmgm74/gradle-3.1/lib/plugins/gradle-resources-http-3.1.jar
7f96e0b90000-7f96e0b94000 r--s 00015000 08:01 6566833                    /home/gilmar/.gradle/wrapper/dists/gradle-3.1-all/ejgglywf033yp6s4x8ahmgm74/gradle-3.1/lib/plugins/gradle-plugin-use-3.1.jar
7f96e0b94000-7f96e0b95000 r--s 00000000 08:01 6566752                    /home/gilmar/.gradle/wrapper/dists/gradle-3.1-all/ejgglywf033yp6s4x8ahmgm74/gradle-3.1/lib/gradle-installation-beacon-3.1.jar
7f96e0b95000-7f96e0b96000 r--s 00007000 08:01 6566901                    /home/gilmar/.gradle/wrapper/dists/gradle-3.1-all/ejgglywf033yp6s4x8ahmgm74/gradle-3.1/lib/plugins/wagon-http-shared4-2.4.jar
7f96e0b96000-7f96e0b9a000 r--s 00033000 08:01 6566900                    /home/gilmar/.gradle/wrapper/dists/gradle-3.1-all/ejgglywf033yp6s4x8ahmgm74/gradle-3.1/lib/plugins/plexus-utils-2.0.6.jar
7f96e0b9a000-7f96e0b9e000 r--s 00021000 08:01 6566899                    /home/gilmar/.gradle/wrapper/dists/gradle-3.1-all/ejgglywf033yp6s4x8ahmgm74/gradle-3.1/lib/plugins/maven-model-builder-3.0.4.jar
7f96e0b9e000-7f96e0b9f000 r--s 00002000 08:01 6566898                    /home/gilmar/.gradle/wrapper/dists/gradle-3.1-all/ejgglywf033yp6s4x8ahmgm74/gradle-3.1/lib/plugins/wagon-file-2.4.jar
7f96e0b9f000-7f96e0ba1000 r--s 00002000 08:01 6566897                    /home/gilmar/.gradle/wrapper/dists/gradle-3.1-all/ejgglywf033yp6s4x8ahmgm74/gradle-3.1/lib/plugins/plexus-cipher-1.7.jar
7f96e0ba1000-7f96e0ba4000 r--s 00013000 08:01 6566896                    /home/gilmar/.gradle/wrapper/dists/gradle-3.1-all/ejgglywf033yp6s4x8ahmgm74/gradle-3.1/lib/plugins/aether-api-1.13.1.jar
7f96e0ba4000-7f96e0ba6000 r--s 0000a000 08:01 6566895                    /home/gilmar/.gradle/wrapper/dists/gradle-3.1-all/ejgglywf033yp6s4x8ahmgm74/gradle-3.1/lib/plugins/maven-settings-3.0.4.jar
7f96e0ba6000-7f96e0ba8000 r--s 0000d000 08:01 6566894                    /home/gilmar/.gradle/wrapper/dists/gradle-3.1-all/ejgglywf033yp6s4x8ahmgm74/gradle-3.1/lib/plugins/plexus-interpolation-1.14.jar
7f96e0ba8000-7f96e0baa000 r--s 0000b000 08:01 6566893                    /home/gilmar/.gradle/wrapper/dists/gradle-3.1-all/ejgglywf033yp6s4x8ahmgm74/gradle-3.1/lib/plugins/maven-artifact-3.0.4.jar
7f96e0baa000-7f96e0bb1000 r--s 0002e000 08:01 6566892                    /home/gilmar/.gradle/wrapper/dists/gradle-3.1-all/ejgglywf033yp6s4x8ahmgm74/gradle-3.1/lib/plugins/plexus-container-default-1.5.5.jar
7f96e0bb1000-7f96e0bb3000 r--s 0000b000 08:01 6566891                    /home/gilmar/.gradle/wrapper/dists/gradle-3.1-all/ejgglywf033yp6s4x8ahmgm74/gradle-3.1/lib/plugins/maven-plugin-api-3.0.4.jar
7f96e0bb3000-7f96e0bb5000 r--s 00000000 08:01 6566909                    /home/gilmar/.gradle/wrapper/dists/gradle-3.1-all/ejgglywf033yp6s4x8ahmgm74/gradle-3.1/lib/plugins/plexus-component-annotations-1.5.5.jar
7f96e0bb5000-7f96e0bbb000 r--s 0003f000 08:01 6566890                    /home/gilmar/.gradle/wrapper/dists/gradle-3.1-all/ejgglywf033yp6s4x8ahmgm74/gradle-3.1/lib/plugins/maven-compat-3.0.4.jar
7f96e0bbb000-7f96e0bbe000 r--s 00008000 08:01 6566889                    /home/gilmar/.gradle/wrapper/dists/gradle-3.1-all/ejgglywf033yp6s4x8ahmgm74/gradle-3.1/lib/plugins/maven-settings-builder-3.0.4.jar
7f96e0bbe000-7f96e0bbf000 r--s 00002000 08:01 6566888                    /home/gilmar/.gradle/wrapper/dists/gradle-3.1-all/ejgglywf033yp6s4x8ahmgm74/gradle-3.1/lib/plugins/wagon-http-2.4.jar
7f96e0bbf000-7f96e0bc1000 r--s 00026000 08:01 6566887                    /home/gilmar/.gradle/wrapper/dists/gradle-3.1-all/ejgglywf033yp6s4x8ahmgm74/gradle-3.1/lib/plugins/maven-model-3.0.4.jar
7f96e0bc1000-7f96e0bc3000 r--s 00006000 08:01 6566886                    /home/gilmar/.gradle/wrapper/dists/gradle-3.1-all/ejgglywf033yp6s4x8ahmgm74/gradle-3.1/lib/plugins/aether-connector-wagon-1.13.1.jar
7f96e0bc3000-7f96e0bc5000 r--s 0000a000 08:01 6566885                    /home/gilmar/.gradle/wrapper/dists/gradle-3.1-all/ejgglywf033yp6s4x8ahmgm74/gradle-3.1/lib/plugins/plexus-classworlds-2.4.jar
7f96e0bc5000-7f96e0bc7000 r--s 00006000 08:01 6566884                    /home/gilmar/.gradle/wrapper/dists/gradle-3.1-all/ejgglywf033yp6s4x8ahmgm74/gradle-3.1/lib/plugins/maven-repository-metadata-3.0.4.jar
7f96e0bc7000-7f96e0bc9000 r--s 0000c000 08:01 6566883                    /home/gilmar/.gradle/wrapper/dists/gradle-3.1-all/ejgglywf033yp6s4x8ahmgm74/gradle-3.1/lib/plugins/maven-aether-provider-3.0.4.jar
7f96e0bc9000-7f96e0bcb000 r--s 0000b000 08:01 6566882                    /home/gilmar/.gradle/wrapper/dists/gradle-3.1-all/ejgglywf033yp6s4x8ahmgm74/gradle-3.1/lib/plugins/wagon-provider-api-2.4.jar
7f96e0bcb000-7f96e0bcc000 r--s 00003000 08:01 6566881                    /home/gilmar/.gradle/wrapper/dists/gradle-3.1-all/ejgglywf033yp6s4x8ahmgm74/gradle-3.1/lib/plugins/aether-spi-1.13.1.jar
7f96e0bcc000-7f96e0bd0000 r--s 0001c000 08:01 6566880                    /home/gilmar/.gradle/wrapper/dists/gradle-3.1-all/ejgglywf033yp6s4x8ahmgm74/gradle-3.1/lib/plugins/aether-util-1.13.1.jar
7f96e0bd0000-7f96e0bd5000 r--s 00040000 08:01 6566864                    /home/gilmar/.gradle/wrapper/dists/gradle-3.1-all/ejgglywf033yp6s4x8ahmgm74/gradle-3.1/lib/plugins/jsch-0.1.53.jar
7f96e0bd5000-7f96e0c15000 r--s 00277000 08:01 6566874                    /home/gilmar/.gradle/wrapper/dists/gradle-3.1-all/ejgglywf033yp6s4x8ahmgm74/gradle-3.1/lib/plugins/bcprov-jdk15on-1.51.jar
7f96e0c15000-7f96e0c21000 r--s 0007d000 08:01 6566851                    /home/gilmar/.gradle/wrapper/dists/gradle-3.1-all/ejgglywf033yp6s4x8ahmgm74/gradle-3.1/lib/plugins/maven-core-3.0.4.jar
7f96e0c21000-7f96e0c3e000 r--s 000e0000 08:01 6566840                    /home/gilmar/.gradle/wrapper/dists/gradle-3.1-all/ejgglywf033yp6s4x8ahmgm74/gradle-3.1/lib/plugins/gradle-dependency-management-3.1.jar
7f96e0c3e000-7f96e0c54000 r-xp 00000000 08:11 395626                     /lib/x86_64-linux-gnu/libgcc_s.so.1
7f96e0c54000-7f96e0e53000 ---p 00016000 08:11 395626                     /lib/x86_64-linux-gnu/libgcc_s.so.1
7f96e0e53000-7f96e0e54000 rw-p 00015000 08:11 395626                     /lib/x86_64-linux-gnu/libgcc_s.so.1
7f96e0e54000-7f96e0fc6000 r-xp 00000000 08:11 262469                     /usr/lib/x86_64-linux-gnu/libstdc++.so.6.0.21
7f96e0fc6000-7f96e11c6000 ---p 00172000 08:11 262469                     /usr/lib/x86_64-linux-gnu/libstdc++.so.6.0.21
7f96e11c6000-7f96e11d0000 r--p 00172000 08:11 262469                     /usr/lib/x86_64-linux-gnu/libstdc++.so.6.0.21
7f96e11d0000-7f96e11d2000 rw-p 0017c000 08:11 262469                     /usr/lib/x86_64-linux-gnu/libstdc++.so.6.0.21
7f96e11d2000-7f96e11d6000 rw-p 00000000 00:00 0 
7f96e11d6000-7f96e11d9000 r--s 0001d000 08:01 6566879                    /home/gilmar/.gradle/wrapper/dists/gradle-3.1-all/ejgglywf033yp6s4x8ahmgm74/gradle-3.1/lib/plugins/aether-impl-1.13.1.jar
7f96e11d9000-7f96e11da000 r--s 00006000 08:01 6566878                    /home/gilmar/.gradle/wrapper/dists/gradle-3.1-all/ejgglywf033yp6s4x8ahmgm74/gradle-3.1/lib/plugins/plexus-sec-dispatcher-1.3.jar
7f96e11da000-7f96e11de000 r--s 0001d000 08:01 6566873                    /home/gilmar/.gradle/wrapper/dists/gradle-3.1-all/ejgglywf033yp6s4x8ahmgm74/gradle-3.1/lib/plugins/xbean-reflect-3.4.jar
7f96e11de000-7f96e11e3000 r--s 00034000 08:01 6566857                    /home/gilmar/.gradle/wrapper/dists/gradle-3.1-all/ejgglywf033yp6s4x8ahmgm74/gradle-3.1/lib/plugins/gson-2.7.jar
7f96e11e3000-7f96e11f2000 r--s 000d9000 08:01 6566872                    /home/gilmar/.gradle/wrapper/dists/gradle-3.1-all/ejgglywf033yp6s4x8ahmgm74/gradle-3.1/lib/plugins/ivy-2.2.0.jar
7f96e11f2000-7f96e11f7000 r--s 00096000 08:11 556364                     /usr/lib/jvm/java-8-oracle/jre/lib/jsse.jar
7f96e11f7000-7f96e11fc000 r-xp 00000000 08:01 7084734                    /home/gilmar/.gradle/native/21/linux-amd64/libnative-platform.so
7f96e11fc000-7f96e13fb000 ---p 00005000 08:01 7084734                    /home/gilmar/.gradle/native/21/linux-amd64/libnative-platform.so
7f96e13fb000-7f96e13fc000 rw-p 00004000 08:01 7084734                    /home/gilmar/.gradle/native/21/linux-amd64/libnative-platform.so
7f96e13fc000-7f96e140d000 r-xp 00000000 08:11 556521                     /usr/lib/jvm/java-8-oracle/jre/lib/amd64/libnio.so
7f96e140d000-7f96e160c000 ---p 00011000 08:11 556521                     /usr/lib/jvm/java-8-oracle/jre/lib/amd64/libnio.so
7f96e160c000-7f96e160d000 rw-p 00010000 08:11 556521                     /usr/lib/jvm/java-8-oracle/jre/lib/amd64/libnio.so
7f96e160d000-7f96e190e000 rw-p 00000000 00:00 0 
7f96e190e000-7f96e1924000 r-xp 00000000 08:11 556518                     /usr/lib/jvm/java-8-oracle/jre/lib/amd64/libnet.so
7f96e1924000-7f96e1b24000 ---p 00016000 08:11 556518                     /usr/lib/jvm/java-8-oracle/jre/lib/amd64/libnet.so
7f96e1b24000-7f96e1b25000 rw-p 00016000 08:11 556518                     /usr/lib/jvm/java-8-oracle/jre/lib/amd64/libnet.so
7f96e1b25000-7f96e1b2f000 r--s 00116000 08:11 556375                     /usr/lib/jvm/java-8-oracle/jre/lib/ext/localedata.jar
7f96e1b2f000-7f96e1b4b000 r--s 00393000 08:11 556368                     /usr/lib/jvm/java-8-oracle/jre/lib/ext/cldrdata.jar
7f96e1b4b000-7f96e1b4d000 r--s 00005000 08:01 6566751                    /home/gilmar/.gradle/wrapper/dists/gradle-3.1-all/ejgglywf033yp6s4x8ahmgm74/gradle-3.1/lib/gradle-wrapper-3.1.jar
7f96e1b4d000-7f96e1b5a000 r--s 00041000 08:01 6566758                    /home/gilmar/.gradle/wrapper/dists/gradle-3.1-all/ejgglywf033yp6s4x8ahmgm74/gradle-3.1/lib/gradle-tooling-api-3.1.jar
7f96e1b5a000-7f96e1b5c000 r--s 00002000 08:01 6566778                    /home/gilmar/.gradle/wrapper/dists/gradle-3.1-all/ejgglywf033yp6s4x8ahmgm74/gradle-3.1/lib/gradle-open-api-3.1.jar
7f96e1b5c000-7f96e1b62000 r--s 00032000 08:01 6566780                    /home/gilmar/.gradle/wrapper/dists/gradle-3.1-all/ejgglywf033yp6s4x8ahmgm74/gradle-3.1/lib/jaxen-1.1.jar
7f96e1b62000-7f96e1b67000 r--s 00048000 08:01 6566779                    /home/gilmar/.gradle/wrapper/dists/gradle-3.1-all/ejgglywf033yp6s4x8ahmgm74/gradle-3.1/lib/dom4j-1.6.1.jar
7f96e1b67000-7f96e1b72000 r--s 00059000 08:01 6566757                    /home/gilmar/.gradle/wrapper/dists/gradle-3.1-all/ejgglywf033yp6s4x8ahmgm74/gradle-3.1/lib/gradle-ui-3.1.jar
7f96e1b72000-7f96e1b7b000 r--s 00086000 08:01 6555674                    /home/gilmar/.gradle/wrapper/dists/gradle-3.1-all/ejgglywf033yp6s4x8ahmgm74/gradle-3.1/lib/kotlin-stdlib-1.1.0-dev-2053.jar
7f96e1b7b000-7f96e1b81000 r--s 00027000 08:01 6566749                    /home/gilmar/.gradle/wrapper/dists/gradle-3.1-all/ejgglywf033yp6s4x8ahmgm74/gradle-3.1/lib/kotlin-runtime-1.1.0-dev-2053.jar
7f96e1b81000-7f96e1bb3000 r--s 00241000 08:01 6555673                    /home/gilmar/.gradle/wrapper/dists/gradle-3.1-all/ejgglywf033yp6s4x8ahmgm74/gradle-3.1/lib/kotlin-reflect-1.1.0-dev-2053.jar
7f96e1bb3000-7f96e1d40000 r--s 014fa000 08:01 6555696                    /home/gilmar/.gradle/wrapper/dists/gradle-3.1-all/ejgglywf033yp6s4x8ahmgm74/gradle-3.1/lib/kotlin-compiler-embeddable-1.1.0-dev-2053.jar
7f96e1d40000-7f96e1d47000 r--s 00043000 08:01 6555702                    /home/gilmar/.gradle/wrapper/dists/gradle-3.1-all/ejgglywf033yp6s4x8ahmgm74/gradle-3.1/lib/gradle-script-kotlin-0.3.2.jar
7f96e1d47000-7f96e1d4a000 r--s 0000b000 08:01 6566776                    /home/gilmar/.gradle/wrapper/dists/gradle-3.1-all/ejgglywf033yp6s4x8ahmgm74/gradle-3.1/lib/gradle-resources-3.1.jar
7f96e1d4a000-7f96e1d4c000 r--s 00003000 08:01 6566787                    /home/gilmar/.gradle/wrapper/dists/gradle-3.1-all/ejgglywf033yp6s4x8ahmgm74/gradle-3.1/lib/jcl-over-slf4j-1.7.10.jar
7f96e1d4c000-7f96e1d4d000 r--s 00005000 08:01 6566786                    /home/gilmar/.gradle/wrapper/dists/gradle-3.1-all/ejgglywf033yp6s4x8ahmgm74/gradle-3.1/lib/log4j-over-slf4j-1.7.10.jar
7f96e1d4d000-7f96e1d4f000 r--s 00000000 08:01 6566785                    /home/gilmar/.gradle/wrapper/dists/gradle-3.1-all/ejgglywf033yp6s4x8ahmgm74/gradle-3.1/lib/jul-to-slf4j-1.7.10.jar
7f96e1d4f000-7f96e1d54000 r--s 0001b000 08:01 6566775                    /home/gilmar/.gradle/wrapper/dists/gradle-3.1-all/ejgglywf033yp6s4x8ahmgm74/gradle-3.1/lib/gradle-logging-3.1.jar
7f96e1d54000-7f96e1d56000 r--s 00007000 08:01 6566798                    /home/gilmar/.gradle/wrapper/dists/gradle-3.1-all/ejgglywf033yp6s4x8ahmgm74/gradle-3.1/lib/objenesis-1.2.jar
7f96e1d56000-7f96e1d58000 r--s 00000000 08:01 6566797                    /home/gilmar/.gradle/wrapper/dists/gradle-3.1-all/ejgglywf033yp6s4x8ahmgm74/gradle-3.1/lib/minlog-1.2.jar
7f96e1d58000-7f96e1d5a000 r--s 0000f000 08:01 6566796                    /home/gilmar/.gradle/wrapper/dists/gradle-3.1-all/ejgglywf033yp6s4x8ahmgm74/gradle-3.1/lib/reflectasm-1.07-shaded.jar
7f96e1d5a000-7f96e1d5e000 r--s 00026000 08:01 6566784                    /home/gilmar/.gradle/wrapper/dists/gradle-3.1-all/ejgglywf033yp6s4x8ahmgm74/gradle-3.1/lib/kryo-2.20.jar
7f96e1d5e000-7f96e1d64000 r--s 00025000 08:01 6566774                    /home/gilmar/.gradle/wrapper/dists/gradle-3.1-all/ejgglywf033yp6s4x8ahmgm74/gradle-3.1/lib/gradle-messaging-3.1.jar
7f96e1d64000-7f96e1d65000 r--s 00003000 08:01 6566795                    /home/gilmar/.gradle/wrapper/dists/gradle-3.1-all/ejgglywf033yp6s4x8ahmgm74/gradle-3.1/lib/native-platform-freebsd-amd64-0.11.jar
7f96e1d65000-7f96e1d66000 r--s 00003000 08:01 6566794                    /home/gilmar/.gradle/wrapper/dists/gradle-3.1-all/ejgglywf033yp6s4x8ahmgm74/gradle-3.1/lib/native-platform-freebsd-i386-0.11.jar
7f96e1d66000-7f96e1d67000 r--s 0000b000 08:01 6566793                    /home/gilmar/.gradle/wrapper/dists/gradle-3.1-all/ejgglywf033yp6s4x8ahmgm74/gradle-3.1/lib/native-platform-windows-i386-0.11.jar
7f96e1d67000-7f96e1d68000 r--s 0000b000 08:01 6566792                    /home/gilmar/.gradle/wrapper/dists/gradle-3.1-all/ejgglywf033yp6s4x8ahmgm74/gradle-3.1/lib/native-platform-windows-amd64-0.11.jar
7f96e1d68000-7f96e1d6a000 r--s 00003000 08:01 6566791                    /home/gilmar/.gradle/wrapper/dists/gradle-3.1-all/ejgglywf033yp6s4x8ahmgm74/gradle-3.1/lib/native-platform-linux-i386-0.11.jar
7f96e1d6a000-7f96e1d6b000 r--s 00004000 08:01 6566790                    /home/gilmar/.gradle/wrapper/dists/gradle-3.1-all/ejgglywf033yp6s4x8ahmgm74/gradle-3.1/lib/native-platform-linux-amd64-0.11.jar
7f96e1d6b000-7f96e1d6e000 r--s 00023000 08:01 6566782                    /home/gilmar/.gradle/wrapper/dists/gradle-3.1-all/ejgglywf033yp6s4x8ahmgm74/gradle-3.1/lib/jansi-1.13.jar
7f96e1d6e000-7f96e1d72000 r--s 0000f000 08:01 6566781                    /home/gilmar/.gradle/wrapper/dists/gradle-3.1-all/ejgglywf033yp6s4x8ahmgm74/gradle-3.1/lib/native-platform-0.11.jar
7f96e1d72000-7f96e1d75000 r--s 00008000 08:01 6566759                    /home/gilmar/.gradle/wrapper/dists/gradle-3.1-all/ejgglywf033yp6s4x8ahmgm74/gradle-3.1/lib/gradle-native-3.1.jar
7f96e1d75000-7f96e1d77000 r--s 00005000 08:01 6566756                    /home/gilmar/.gradle/wrapper/dists/gradle-3.1-all/ejgglywf033yp6s4x8ahmgm74/gradle-3.1/lib/gradle-cli-3.1.jar
7f96e1d77000-7f96e1de7000 r--s 00641000 08:01 6566764                    /home/gilmar/.gradle/wrapper/dists/gradle-3.1-all/ejgglywf033yp6s4x8ahmgm74/gradle-3.1/lib/groovy-all-2.4.7.jar
7f96e1de7000-7f96e1e0f000 r--s 001cf000 08:01 6566761                    /home/gilmar/.gradle/wrapper/dists/gradle-3.1-all/ejgglywf033yp6s4x8ahmgm74/gradle-3.1/lib/guava-jdk5-17.0.jar
7f96e1e0f000-7f96e1e10000 ---p 00000000 00:00 0 
7f96e1e10000-7f96e1f10000 rw-p 00000000 00:00 0 
7f96e1f10000-7f96e1f13000 ---p 00000000 00:00 0 
7f96e1f13000-7f96e2011000 rw-p 00000000 00:00 0 
7f96e2011000-7f96e2014000 ---p 00000000 00:00 0 
7f96e2014000-7f96e2112000 rw-p 00000000 00:00 0 
7f96e2112000-7f96e2115000 ---p 00000000 00:00 0 
7f96e2115000-7f96e2213000 rw-p 00000000 00:00 0 
7f96e2213000-7f96e2216000 ---p 00000000 00:00 0 
7f96e2216000-7f96e2314000 rw-p 00000000 00:00 0 
7f96e2314000-7f96e2317000 ---p 00000000 00:00 0 
7f96e2317000-7f96e2415000 rw-p 00000000 00:00 0 
7f96e2415000-7f96e26ef000 r--p 00000000 08:11 262592                     /usr/lib/locale/locale-archive
7f96e26ef000-7f96e26f2000 ---p 00000000 00:00 0 
7f96e26f2000-7f96e27f0000 rw-p 00000000 00:00 0 
7f96e27f0000-7f96e27f3000 ---p 00000000 00:00 0 
7f96e27f3000-7f96e28f1000 rw-p 00000000 00:00 0 
7f96e28f1000-7f96e28f2000 ---p 00000000 00:00 0 
7f96e28f2000-7f96e4000000 rw-p 00000000 00:00 0 
7f96e4000000-7f96e403b000 rw-p 00000000 00:00 0 
7f96e403b000-7f96e8000000 ---p 00000000 00:00 0 
7f96e8000000-7f96e8001000 r--s 00002000 08:01 6566789                    /home/gilmar/.gradle/wrapper/dists/gradle-3.1-all/ejgglywf033yp6s4x8ahmgm74/gradle-3.1/lib/native-platform-osx-amd64-0.11.jar
7f96e8001000-7f96e8003000 r--s 00007000 08:01 6566766                    /home/gilmar/.gradle/wrapper/dists/gradle-3.1-all/ejgglywf033yp6s4x8ahmgm74/gradle-3.1/lib/gradle-model-groovy-3.1.jar
7f96e8003000-7f96e8005000 r--s 00006000 08:01 6566773                    /home/gilmar/.gradle/wrapper/dists/gradle-3.1-all/ejgglywf033yp6s4x8ahmgm74/gradle-3.1/lib/gradle-base-services-groovy-3.1.jar
7f96e8005000-7f96e8013000 r--s 0007f000 08:01 6566765                    /home/gilmar/.gradle/wrapper/dists/gradle-3.1-all/ejgglywf033yp6s4x8ahmgm74/gradle-3.1/lib/gradle-model-core-3.1.jar
7f96e8013000-7f96e8020000 r--s 00083000 08:01 6566769                    /home/gilmar/.gradle/wrapper/dists/gradle-3.1-all/ejgglywf033yp6s4x8ahmgm74/gradle-3.1/lib/commons-collections-3.2.2.jar
7f96e8020000-7f96e803f000 r--s 001d1000 08:01 6566768                    /home/gilmar/.gradle/wrapper/dists/gradle-3.1-all/ejgglywf033yp6s4x8ahmgm74/gradle-3.1/lib/ant-1.9.6.jar
7f96e803f000-7f96e8077000 r--s 001ce000 08:01 6566755                    /home/gilmar/.gradle/wrapper/dists/gradle-3.1-all/ejgglywf033yp6s4x8ahmgm74/gradle-3.1/lib/gradle-core-3.1.jar
7f96e8077000-7f96e81db000 rw-p 00000000 00:00 0 
7f96e81db000-7f96e83b4000 r--s 03d20000 08:11 556314                     /usr/lib/jvm/java-8-oracle/jre/lib/rt.jar
7f96e83b4000-7f96eb6b4000 rw-p 00000000 00:00 0 
7f96eb6b4000-7f96eb6b5000 ---p 00000000 00:00 0 
7f96eb6b5000-7f96eb7b5000 rw-p 00000000 00:00 0 
7f96eb7b5000-7f96eb7b6000 ---p 00000000 00:00 0 
7f96eb7b6000-7f96eb8b6000 rw-p 00000000 00:00 0 
7f96eb8b6000-7f96eb8b7000 ---p 00000000 00:00 0 
7f96eb8b7000-7f96eb9b7000 rw-p 00000000 00:00 0 
7f96eb9b7000-7f96eb9b8000 ---p 00000000 00:00 0 
7f96eb9b8000-7f96ebc3c000 rw-p 00000000 00:00 0 
7f96ebc3c000-7f96ebcb8000 ---p 00000000 00:00 0 
7f96ebcb8000-7f96ebe3c000 rw-p 00000000 00:00 0 
7f96ebe3c000-7f96ebeb8000 ---p 00000000 00:00 0 
7f96ebeb8000-7f96ebfb8000 rw-p 00000000 00:00 0 
7f96ebfb8000-7f96ec05c000 rw-p 00000000 00:00 0 
7f96ec05c000-7f96ec379000 ---p 00000000 00:00 0 
7f96ec379000-7f96eec29000 rwxp 00000000 00:00 0 
7f96eec29000-7f96fb379000 ---p 00000000 00:00 0 
7f96fb379000-7f96fb393000 r-xp 00000000 08:11 556514                     /usr/lib/jvm/java-8-oracle/jre/lib/amd64/libzip.so
7f96fb393000-7f96fb593000 ---p 0001a000 08:11 556514                     /usr/lib/jvm/java-8-oracle/jre/lib/amd64/libzip.so
7f96fb593000-7f96fb594000 rw-p 0001a000 08:11 556514                     /usr/lib/jvm/java-8-oracle/jre/lib/amd64/libzip.so
7f96fb594000-7f96fb59f000 r-xp 00000000 08:11 395326                     /lib/x86_64-linux-gnu/libnss_files-2.23.so
7f96fb59f000-7f96fb79e000 ---p 0000b000 08:11 395326                     /lib/x86_64-linux-gnu/libnss_files-2.23.so
7f96fb79e000-7f96fb79f000 r--p 0000a000 08:11 395326                     /lib/x86_64-linux-gnu/libnss_files-2.23.so
7f96fb79f000-7f96fb7a0000 rw-p 0000b000 08:11 395326                     /lib/x86_64-linux-gnu/libnss_files-2.23.so
7f96fb7a0000-7f96fb7a6000 rw-p 00000000 00:00 0 
7f96fb7a6000-7f96fb7b1000 r-xp 00000000 08:11 395321                     /lib/x86_64-linux-gnu/libnss_nis-2.23.so
7f96fb7b1000-7f96fb9b0000 ---p 0000b000 08:11 395321                     /lib/x86_64-linux-gnu/libnss_nis-2.23.so
7f96fb9b0000-7f96fb9b1000 r--p 0000a000 08:11 395321                     /lib/x86_64-linux-gnu/libnss_nis-2.23.so
7f96fb9b1000-7f96fb9b2000 rw-p 0000b000 08:11 395321                     /lib/x86_64-linux-gnu/libnss_nis-2.23.so
7f96fb9b2000-7f96fb9c8000 r-xp 00000000 08:11 395317                     /lib/x86_64-linux-gnu/libnsl-2.23.so
7f96fb9c8000-7f96fbbc7000 ---p 00016000 08:11 395317                     /lib/x86_64-linux-gnu/libnsl-2.23.so
7f96fbbc7000-7f96fbbc8000 r--p 00015000 08:11 395317                     /lib/x86_64-linux-gnu/libnsl-2.23.so
7f96fbbc8000-7f96fbbc9000 rw-p 00016000 08:11 395317                     /lib/x86_64-linux-gnu/libnsl-2.23.so
7f96fbbc9000-7f96fbbcb000 rw-p 00000000 00:00 0 
7f96fbbcb000-7f96fbbd3000 r-xp 00000000 08:11 395314                     /lib/x86_64-linux-gnu/libnss_compat-2.23.so
7f96fbbd3000-7f96fbdd2000 ---p 00008000 08:11 395314                     /lib/x86_64-linux-gnu/libnss_compat-2.23.so
7f96fbdd2000-7f96fbdd3000 r--p 00007000 08:11 395314                     /lib/x86_64-linux-gnu/libnss_compat-2.23.so
7f96fbdd3000-7f96fbdd4000 rw-p 00008000 08:11 395314                     /lib/x86_64-linux-gnu/libnss_compat-2.23.so
7f96fbdd4000-7f96fbdfe000 r-xp 00000000 08:11 556509                     /usr/lib/jvm/java-8-oracle/jre/lib/amd64/libjava.so
7f96fbdfe000-7f96fbffe000 ---p 0002a000 08:11 556509                     /usr/lib/jvm/java-8-oracle/jre/lib/amd64/libjava.so
7f96fbffe000-7f96fc000000 rw-p 0002a000 08:11 556509                     /usr/lib/jvm/java-8-oracle/jre/lib/amd64/libjava.so
7f96fc000000-7f96fcce6000 rw-p 00000000 00:00 0 
7f96fcce6000-7f9700000000 ---p 00000000 00:00 0 
7f9700000000-7f97000e6000 rw-p 00000000 00:00 0 
7f97000e6000-7f97000f3000 r-xp 00000000 08:11 556513                     /usr/lib/jvm/java-8-oracle/jre/lib/amd64/libverify.so
7f97000f3000-7f97002f3000 ---p 0000d000 08:11 556513                     /usr/lib/jvm/java-8-oracle/jre/lib/amd64/libverify.so
7f97002f3000-7f97002f5000 rw-p 0000d000 08:11 556513                     /usr/lib/jvm/java-8-oracle/jre/lib/amd64/libverify.so
7f97002f5000-7f97002fc000 r-xp 00000000 08:11 395344                     /lib/x86_64-linux-gnu/librt-2.23.so
7f97002fc000-7f97004fb000 ---p 00007000 08:11 395344                     /lib/x86_64-linux-gnu/librt-2.23.so
7f97004fb000-7f97004fc000 r--p 00006000 08:11 395344                     /lib/x86_64-linux-gnu/librt-2.23.so
7f97004fc000-7f97004fd000 rw-p 00007000 08:11 395344                     /lib/x86_64-linux-gnu/librt-2.23.so
7f97004fd000-7f9700605000 r-xp 00000000 08:11 395338                     /lib/x86_64-linux-gnu/libm-2.23.so
7f9700605000-7f9700804000 ---p 00108000 08:11 395338                     /lib/x86_64-linux-gnu/libm-2.23.so
7f9700804000-7f9700805000 r--p 00107000 08:11 395338                     /lib/x86_64-linux-gnu/libm-2.23.so
7f9700805000-7f9700806000 rw-p 00108000 08:11 395338                     /lib/x86_64-linux-gnu/libm-2.23.so
7f9700806000-7f97014c4000 r-xp 00000000 08:11 556492                     /usr/lib/jvm/java-8-oracle/jre/lib/amd64/server/libjvm.so
7f97014c4000-7f97016c3000 ---p 00cbe000 08:11 556492                     /usr/lib/jvm/java-8-oracle/jre/lib/amd64/server/libjvm.so
7f97016c3000-7f970179c000 rw-p 00cbd000 08:11 556492                     /usr/lib/jvm/java-8-oracle/jre/lib/amd64/server/libjvm.so
7f970179c000-7f97017e0000 rw-p 00000000 00:00 0 
7f97017e0000-7f97019a0000 r-xp 00000000 08:11 395354                     /lib/x86_64-linux-gnu/libc-2.23.so
7f97019a0000-7f9701b9f000 ---p 001c0000 08:11 395354                     /lib/x86_64-linux-gnu/libc-2.23.so
7f9701b9f000-7f9701ba3000 r--p 001bf000 08:11 395354                     /lib/x86_64-linux-gnu/libc-2.23.so
7f9701ba3000-7f9701ba5000 rw-p 001c3000 08:11 395354                     /lib/x86_64-linux-gnu/libc-2.23.so
7f9701ba5000-7f9701ba9000 rw-p 00000000 00:00 0 
7f9701ba9000-7f9701bac000 r-xp 00000000 08:11 395356                     /lib/x86_64-linux-gnu/libdl-2.23.so
7f9701bac000-7f9701dab000 ---p 00003000 08:11 395356                     /lib/x86_64-linux-gnu/libdl-2.23.so
7f9701dab000-7f9701dac000 r--p 00002000 08:11 395356                     /lib/x86_64-linux-gnu/libdl-2.23.so
7f9701dac000-7f9701dad000 rw-p 00003000 08:11 395356                     /lib/x86_64-linux-gnu/libdl-2.23.so
7f9701dad000-7f9701dc2000 r-xp 00000000 08:11 556192                     /usr/lib/jvm/java-8-oracle/lib/amd64/jli/libjli.so
7f9701dc2000-7f9701fc2000 ---p 00015000 08:11 556192                     /usr/lib/jvm/java-8-oracle/lib/amd64/jli/libjli.so
7f9701fc2000-7f9701fc3000 rw-p 00015000 08:11 556192                     /usr/lib/jvm/java-8-oracle/lib/amd64/jli/libjli.so
7f9701fc3000-7f9701fdb000 r-xp 00000000 08:11 395352                     /lib/x86_64-linux-gnu/libpthread-2.23.so
7f9701fdb000-7f97021da000 ---p 00018000 08:11 395352                     /lib/x86_64-linux-gnu/libpthread-2.23.so
7f97021da000-7f97021db000 r--p 00017000 08:11 395352                     /lib/x86_64-linux-gnu/libpthread-2.23.so
7f97021db000-7f97021dc000 rw-p 00018000 08:11 395352                     /lib/x86_64-linux-gnu/libpthread-2.23.so
7f97021dc000-7f97021e0000 rw-p 00000000 00:00 0 
7f97021e0000-7f9702206000 r-xp 00000000 08:11 395346                     /lib/x86_64-linux-gnu/ld-2.23.so
7f9702206000-7f9702207000 r--s 00002000 08:01 6566788                    /home/gilmar/.gradle/wrapper/dists/gradle-3.1-all/ejgglywf033yp6s4x8ahmgm74/gradle-3.1/lib/native-platform-osx-i386-0.11.jar
7f9702207000-7f9702208000 r--s 00002000 08:01 6566777                    /home/gilmar/.gradle/wrapper/dists/gradle-3.1-all/ejgglywf033yp6s4x8ahmgm74/gradle-3.1/lib/gradle-docs-3.1.jar
7f9702208000-7f9702209000 r--s 00000000 08:01 6566772                    /home/gilmar/.gradle/wrapper/dists/gradle-3.1-all/ejgglywf033yp6s4x8ahmgm74/gradle-3.1/lib/javax.inject-1.jar
7f9702209000-7f970220a000 r--s 00000000 08:01 6566771                    /home/gilmar/.gradle/wrapper/dists/gradle-3.1-all/ejgglywf033yp6s4x8ahmgm74/gradle-3.1/lib/jcip-annotations-1.0.jar
7f970220a000-7f970220e000 r--s 00027000 08:01 6566770                    /home/gilmar/.gradle/wrapper/dists/gradle-3.1-all/ejgglywf033yp6s4x8ahmgm74/gradle-3.1/lib/commons-io-2.2.jar
7f970220e000-7f9702213000 r--s 00038000 08:01 6566767                    /home/gilmar/.gradle/wrapper/dists/gradle-3.1-all/ejgglywf033yp6s4x8ahmgm74/gradle-3.1/lib/asm-all-5.1.jar
7f9702213000-7f9702214000 r--s 00001000 08:01 6566763                    /home/gilmar/.gradle/wrapper/dists/gradle-3.1-all/ejgglywf033yp6s4x8ahmgm74/gradle-3.1/lib/gradle-process-services-3.1.jar
7f9702214000-7f9702216000 r--s 00000000 08:01 6566754                    /home/gilmar/.gradle/wrapper/dists/gradle-3.1-all/ejgglywf033yp6s4x8ahmgm74/gradle-3.1/lib/gradle-jvm-services-3.1.jar
7f9702216000-7f970221b000 r--s 00041000 08:01 6566762                    /home/gilmar/.gradle/wrapper/dists/gradle-3.1-all/ejgglywf033yp6s4x8ahmgm74/gradle-3.1/lib/commons-lang-2.6.jar
7f970221b000-7f97022dd000 rw-p 00000000 00:00 0 
7f97022dd000-7f97022e0000 ---p 00000000 00:00 0 
7f97022e0000-7f97023e2000 rw-p 00000000 00:00 0 
7f97023e2000-7f97023e3000 r--s 00007000 08:01 6566760                    /home/gilmar/.gradle/wrapper/dists/gradle-3.1-all/ejgglywf033yp6s4x8ahmgm74/gradle-3.1/lib/slf4j-api-1.7.10.jar
7f97023e3000-7f97023e4000 r--s 00004000 08:01 6566783                    /home/gilmar/.gradle/wrapper/dists/gradle-3.1-all/ejgglywf033yp6s4x8ahmgm74/gradle-3.1/lib/ant-launcher-1.9.6.jar
7f97023e4000-7f97023ed000 r--s 0003f000 08:01 6566753                    /home/gilmar/.gradle/wrapper/dists/gradle-3.1-all/ejgglywf033yp6s4x8ahmgm74/gradle-3.1/lib/gradle-base-services-3.1.jar
7f97023ed000-7f97023f9000 r--s 0005c000 08:01 6566750                    /home/gilmar/.gradle/wrapper/dists/gradle-3.1-all/ejgglywf033yp6s4x8ahmgm74/gradle-3.1/lib/gradle-launcher-3.1.jar
7f97023f9000-7f9702401000 rw-s 00000000 08:11 131236                     /tmp/hsperfdata_gilmar/4597
7f9702401000-7f9702402000 rw-p 00000000 00:00 0 
7f9702402000-7f9702403000 ---p 00000000 00:00 0 
7f9702403000-7f9702405000 rw-p 00000000 00:00 0 
7f9702405000-7f9702406000 r--p 00025000 08:11 395346                     /lib/x86_64-linux-gnu/ld-2.23.so
7f9702406000-7f9702407000 rw-p 00026000 08:11 395346                     /lib/x86_64-linux-gnu/ld-2.23.so
7f9702407000-7f9702408000 rw-p 00000000 00:00 0 
7ffef433d000-7ffef435e000 rw-p 00000000 00:00 0                          [stack]
7ffef43c9000-7ffef43cb000 r--p 00000000 00:00 0                          [vvar]
7ffef43cb000-7ffef43cd000 r-xp 00000000 00:00 0                          [vdso]
ffffffffff600000-ffffffffff601000 r-xp 00000000 00:00 0                  [vsyscall]

VM Arguments:
jvm_args: -Xmx1536m -Dfile.encoding=UTF-8 -Duser.country=BR -Duser.language=pt -Duser.variant 
java_command: org.gradle.launcher.daemon.bootstrap.GradleDaemon 3.1
java_class_path (initial): /home/gilmar/.gradle/wrapper/dists/gradle-3.1-all/ejgglywf033yp6s4x8ahmgm74/gradle-3.1/lib/gradle-launcher-3.1.jar
Launcher Type: SUN_STANDARD

Environment Variables:
JAVA_HOME=/usr/lib/jvm/java-7-oracle/jre/
PATH=/opt/apache-maven-3.3.3/bin:/usr/local/sbin:/usr/local/bin:/usr/sbin:/usr/bin:/sbin:/bin:/usr/games:/usr/local/games" JAVA_HOME=/usr/lib/jvm/java-7-oracle:/snap/bin
USERNAME=gilmar
LD_LIBRARY_PATH=/opt/android-studio/bin/.:
SHELL=/bin/bash
DISPLAY=:1

Signal Handlers:
SIGSEGV: [libjvm.so+0xaba2a0], sa_mask[0]=11111111011111111101111111111110, sa_flags=SA_RESTART|SA_SIGINFO
SIGBUS: [libjvm.so+0xaba2a0], sa_mask[0]=11111111011111111101111111111110, sa_flags=SA_RESTART|SA_SIGINFO
SIGFPE: [libjvm.so+0x917710], sa_mask[0]=11111111011111111101111111111110, sa_flags=SA_RESTART|SA_SIGINFO
SIGPIPE: [libjvm.so+0x917710], sa_mask[0]=11111111011111111101111111111110, sa_flags=SA_RESTART|SA_SIGINFO
SIGXFSZ: [libjvm.so+0x917710], sa_mask[0]=11111111011111111101111111111110, sa_flags=SA_RESTART|SA_SIGINFO
SIGILL: [libjvm.so+0x917710], sa_mask[0]=11111111011111111101111111111110, sa_flags=SA_RESTART|SA_SIGINFO
SIGUSR1: SIG_DFL, sa_mask[0]=00000000000000000000000000000000, sa_flags=none
SIGUSR2: [libjvm.so+0x918d40], sa_mask[0]=00100000000000000000000000000000, sa_flags=SA_RESTART|SA_SIGINFO
SIGHUP: [libjvm.so+0x91a140], sa_mask[0]=11111111011111111101111111111110, sa_flags=SA_RESTART|SA_SIGINFO
SIGINT: [libjvm.so+0x91a140], sa_mask[0]=11111111011111111101111111111110, sa_flags=SA_RESTART|SA_SIGINFO
SIGTERM: [libjvm.so+0x91a140], sa_mask[0]=11111111011111111101111111111110, sa_flags=SA_RESTART|SA_SIGINFO
SIGQUIT: [libjvm.so+0x91a140], sa_mask[0]=11111111011111111101111111111110, sa_flags=SA_RESTART|SA_SIGINFO


---------------  S Y S T E M  ---------------

OS:DISTRIB_ID=Ubuntu
DISTRIB_RELEASE=16.04
DISTRIB_CODENAME=xenial
DISTRIB_DESCRIPTION="Ubuntu 16.04.1 LTS"

uname:Linux 4.4.0-45-generic #66-Ubuntu SMP Wed Oct 19 14:12:37 UTC 2016 x86_64
libc:glibc 2.23 NPTL 2.23 
rlimit: STACK 8192k, CORE 0k, NPROC 23179, NOFILE 65536, AS infinity
load average:6,42 2,82 1,85

/proc/meminfo:
MemTotal:        5974456 kB
MemFree:          110920 kB
MemAvailable:      18452 kB
Buffers:             368 kB
Cached:           312760 kB
SwapCached:            0 kB
Active:          5331392 kB
Inactive:         301448 kB
Active(anon):    5326152 kB
Inactive(anon):   295488 kB
Active(file):       5240 kB
Inactive(file):     5960 kB
Unevictable:          84 kB
Mlocked:              84 kB
SwapTotal:             0 kB
SwapFree:              0 kB
Dirty:               204 kB
Writeback:             0 kB
AnonPages:       5320392 kB
Mapped:           118024 kB
Shmem:            301332 kB
Slab:             102920 kB
SReclaimable:      59424 kB
SUnreclaim:        43496 kB
KernelStack:       12144 kB
PageTables:        51804 kB
NFS_Unstable:          0 kB
Bounce:                0 kB
WritebackTmp:          0 kB
CommitLimit:     2987228 kB
Committed_AS:   10395280 kB
VmallocTotal:   34359738367 kB
VmallocUsed:           0 kB
VmallocChunk:          0 kB
HardwareCorrupted:     0 kB
AnonHugePages:   1794048 kB
CmaTotal:              0 kB
CmaFree:               0 kB
HugePages_Total:       0
HugePages_Free:        0
HugePages_Rsvd:        0
HugePages_Surp:        0
Hugepagesize:       2048 kB
DirectMap4k:      168848 kB
DirectMap2M:     5986304 kB


CPU:total 4 (2 cores per cpu, 2 threads per core) family 6 model 58 stepping 9, cmov, cx8, fxsr, mmx, sse, sse2, sse3, ssse3, sse4.1, sse4.2, popcnt, avx, aes, clmul, erms, ht, tsc, tscinvbit, tscinv

/proc/cpuinfo:
processor	: 0
vendor_id	: GenuineIntel
cpu family	: 6
model		: 58
model name	: Intel(R) Core(TM) i5-3337U CPU @ 1.80GHz
stepping	: 9
microcode	: 0x1c
cpu MHz		: 2370.375
cache size	: 3072 KB
physical id	: 0
siblings	: 4
core id		: 0
cpu cores	: 2
apicid		: 0
initial apicid	: 0
fpu		: yes
fpu_exception	: yes
cpuid level	: 13
wp		: yes
flags		: fpu vme de pse tsc msr pae mce cx8 apic sep mtrr pge mca cmov pat pse36 clflush dts acpi mmx fxsr sse sse2 ss ht tm pbe syscall nx rdtscp lm constant_tsc arch_perfmon pebs bts rep_good nopl xtopology nonstop_tsc aperfmperf eagerfpu pni pclmulqdq dtes64 monitor ds_cpl vmx est tm2 ssse3 cx16 xtpr pdcm pcid sse4_1 sse4_2 x2apic popcnt tsc_deadline_timer aes xsave avx f16c rdrand lahf_lm epb tpr_shadow vnmi flexpriority ept vpid fsgsbase smep erms xsaveopt dtherm ida arat pln pts
bugs		:
bogomips	: 3591.47
clflush size	: 64
cache_alignment	: 64
address sizes	: 36 bits physical, 48 bits virtual
power management:

processor	: 1
vendor_id	: GenuineIntel
cpu family	: 6
model		: 58
model name	: Intel(R) Core(TM) i5-3337U CPU @ 1.80GHz
stepping	: 9
microcode	: 0x1c
cpu MHz		: 2497.218
cache size	: 3072 KB
physical id	: 0
siblings	: 4
core id		: 1
cpu cores	: 2
apicid		: 2
initial apicid	: 2
fpu		: yes
fpu_exception	: yes
cpuid level	: 13
wp		: yes
flags		: fpu vme de pse tsc msr pae mce cx8 apic sep mtrr pge mca cmov pat pse36 clflush dts acpi mmx fxsr sse sse2 ss ht tm pbe syscall nx rdtscp lm constant_tsc arch_perfmon pebs bts rep_good nopl xtopology nonstop_tsc aperfmperf eagerfpu pni pclmulqdq dtes64 monitor ds_cpl vmx est tm2 ssse3 cx16 xtpr pdcm pcid sse4_1 sse4_2 x2apic popcnt tsc_deadline_timer aes xsave avx f16c rdrand lahf_lm epb tpr_shadow vnmi flexpriority ept vpid fsgsbase smep erms xsaveopt dtherm ida arat pln pts
bugs		:
bogomips	: 3591.47
clflush size	: 64
cache_alignment	: 64
address sizes	: 36 bits physical, 48 bits virtual
power management:

processor	: 2
vendor_id	: GenuineIntel
cpu family	: 6
model		: 58
model name	: Intel(R) Core(TM) i5-3337U CPU @ 1.80GHz
stepping	: 9
microcode	: 0x1c
cpu MHz		: 2471.695
cache size	: 3072 KB
physical id	: 0
siblings	: 4
core id		: 0
cpu cores	: 2
apicid		: 1
initial apicid	: 1
fpu		: yes
fpu_exception	: yes
cpuid level	: 13
wp		: yes
flags		: fpu vme de pse tsc msr pae mce cx8 apic sep mtrr pge mca cmov pat pse36 clflush dts acpi mmx fxsr sse sse2 ss ht tm pbe syscall nx rdtscp lm constant_tsc arch_perfmon pebs bts rep_good nopl xtopology nonstop_tsc aperfmperf eagerfpu pni pclmulqdq dtes64 monitor ds_cpl vmx est tm2 ssse3 cx16 xtpr pdcm pcid sse4_1 sse4_2 x2apic popcnt tsc_deadline_timer aes xsave avx f16c rdrand lahf_lm epb tpr_shadow vnmi flexpriority ept vpid fsgsbase smep erms xsaveopt dtherm ida arat pln pts
bugs		:
bogomips	: 3591.47
clflush size	: 64
cache_alignment	: 64
address sizes	: 36 bits physical, 48 bits virtual
power management:

processor	: 3
vendor_id	: GenuineIntel
cpu family	: 6
model		: 58
model name	: Intel(R) Core(TM) i5-3337U CPU @ 1.80GHz
stepping	: 9
microcode	: 0x1c
cpu MHz		: 2408.976
cache size	: 3072 KB
physical id	: 0
siblings	: 4
core id		: 1
cpu cores	: 2
apicid		: 3
initial apicid	: 3
fpu		: yes
fpu_exception	: yes
cpuid level	: 13
wp		: yes
flags		: fpu vme de pse tsc msr pae mce cx8 apic sep mtrr pge mca cmov pat pse36 clflush dts acpi mmx fxsr sse sse2 ss ht tm pbe syscall nx rdtscp lm constant_tsc arch_perfmon pebs bts rep_good nopl xtopology nonstop_tsc aperfmperf eagerfpu pni pclmulqdq dtes64 monitor ds_cpl vmx est tm2 ssse3 cx16 xtpr pdcm pcid sse4_1 sse4_2 x2apic popcnt tsc_deadline_timer aes xsave avx f16c rdrand lahf_lm epb tpr_shadow vnmi flexpriority ept vpid fsgsbase smep erms xsaveopt dtherm ida arat pln pts
bugs		:
bogomips	: 3591.47
clflush size	: 64
cache_alignment	: 64
address sizes	: 36 bits physical, 48 bits virtual
power management:



Memory: 4k page, physical 5974456k(111848k free), swap 0k(0k free)

vm_info: Java HotSpot(TM) 64-Bit Server VM (25.66-b17) for linux-amd64 JRE (1.8.0_66-b17), built on Oct  6 2015 17:28:34 by "java_re" with gcc 4.3.0 20080428 (Red Hat 4.3.0-8)

time: Tue Oct 25 09:54:07 2016
elapsed time: 83 seconds (0d 0h 1m 23s)

