#
# There is insufficient memory for the Java Runtime Environment to continue.
# Native memory allocation (mmap) failed to map 134217728 bytes for committing reserved memory.
# Possible reasons:
#   The system is out of physical RAM or swap space
#   In 32 bit mode, the process size limit was hit
# Possible solutions:
#   Reduce memory load on the system
#   Increase physical memory or swap space
#   Check if swap backing store is full
#   Use 64 bit Java on a 64 bit OS
#   Decrease Java heap size (-Xmx/-Xms)
#   Decrease number of Java threads
#   Decrease Java thread stack sizes (-Xss)
#   Set larger code cache with -XX:ReservedCodeCacheSize=
# This output file may be truncated or incomplete.
#
#  Out of Memory Error (os_linux.cpp:2627), pid=18681, tid=139693182736128
#
# JRE version: Java(TM) SE Runtime Environment (8.0_66-b17) (build 1.8.0_66-b17)
# Java VM: Java HotSpot(TM) 64-Bit Server VM (25.66-b17 mixed mode linux-amd64 compressed oops)
# Failed to write core dump. Core dumps have been disabled. To enable core dumping, try "ulimit -c unlimited" before starting Java again
#

---------------  T H R E A D  ---------------

Current thread (0x00007f0cfc078000):  VMThread [stack: 0x00007f0cda78d000,0x00007f0cda88e000] [id=18691]

Stack: [0x00007f0cda78d000,0x00007f0cda88e000],  sp=0x00007f0cda88c0a0,  free space=1020k
Native frames: (J=compiled Java code, j=interpreted, Vv=VM code, C=native code)
V  [libjvm.so+0xab9a1a]  VMError::report_and_die()+0x2ba
V  [libjvm.so+0x4f9e0b]  report_vm_out_of_memory(char const*, int, unsigned long, VMErrorType, char const*)+0x8b
V  [libjvm.so+0x91a8a3]  os::Linux::commit_memory_impl(char*, unsigned long, bool)+0x103
V  [libjvm.so+0x91adf9]  os::pd_commit_memory(char*, unsigned long, unsigned long, bool)+0x29
V  [libjvm.so+0x91510a]  os::commit_memory(char*, unsigned long, unsigned long, bool)+0x2a
V  [libjvm.so+0x9887a3]  PSVirtualSpace::expand_by(unsigned long)+0x53
V  [libjvm.so+0x989ba8]  PSYoungGen::resize_generation(unsigned long, unsigned long)+0xf8
V  [libjvm.so+0x988d02]  PSYoungGen::resize(unsigned long, unsigned long)+0x22
V  [libjvm.so+0x985fdb]  PSScavenge::invoke_no_policy()+0xf3b
V  [libjvm.so+0x986761]  PSScavenge::invoke()+0x41
V  [libjvm.so+0x93e500]  ParallelScavengeHeap::failed_mem_allocate(unsigned long)+0x70
V  [libjvm.so+0xabb437]  VM_ParallelGCFailedAllocation::doit()+0x97
V  [libjvm.so+0xac2e65]  VM_Operation::evaluate()+0x55
V  [libjvm.so+0xac123a]  VMThread::evaluate_operation(VM_Operation*)+0xba
V  [libjvm.so+0xac15be]  VMThread::loop()+0x1ce
V  [libjvm.so+0xac1a30]  VMThread::run()+0x70
V  [libjvm.so+0x91cc68]  java_start(Thread*)+0x108

VM_Operation (0x00007f0d01f4efb0): ParallelGCFailedAllocation, mode: safepoint, requested by thread 0x00007f0cfc00a000


---------------  P R O C E S S  ---------------

Java Threads: ( => current thread )
  0x00007f0cfc0c2000 JavaThread "Service Thread" daemon [_thread_blocked, id=18698, stack(0x00007f0cd9dac000,0x00007f0cd9ead000)]
  0x00007f0cfc0bd000 JavaThread "C1 CompilerThread2" daemon [_thread_blocked, id=18697, stack(0x00007f0cd9ead000,0x00007f0cd9fae000)]
  0x00007f0cfc0bb000 JavaThread "C2 CompilerThread1" daemon [_thread_blocked, id=18696, stack(0x00007f0cd9fae000,0x00007f0cda0af000)]
  0x00007f0cfc0b8000 JavaThread "C2 CompilerThread0" daemon [_thread_blocked, id=18695, stack(0x00007f0cda0af000,0x00007f0cda1b0000)]
  0x00007f0cfc0b6800 JavaThread "Signal Dispatcher" daemon [_thread_blocked, id=18694, stack(0x00007f0cda1b0000,0x00007f0cda2b1000)]
  0x00007f0cfc07f000 JavaThread "Finalizer" daemon [_thread_blocked, id=18693, stack(0x00007f0cda58b000,0x00007f0cda68c000)]
  0x00007f0cfc07d000 JavaThread "Reference Handler" daemon [_thread_blocked, id=18692, stack(0x00007f0cda68c000,0x00007f0cda78d000)]
  0x00007f0cfc00a000 JavaThread "main" [_thread_blocked, id=18686, stack(0x00007f0d01e50000,0x00007f0d01f51000)]

Other Threads:
=>0x00007f0cfc078000 VMThread [stack: 0x00007f0cda78d000,0x00007f0cda88e000] [id=18691]
  0x00007f0cfc0c5000 WatcherThread [stack: 0x00007f0cd9cab000,0x00007f0cd9dac000] [id=18699]

VM state:at safepoint (normal execution)

VM Mutex/Monitor currently owned by a thread:  ([mutex/lock_event])
[0x00007f0cfc006410] Threads_lock - owner thread: 0x00007f0cfc078000
[0x00007f0cfc006910] Heap_lock - owner thread: 0x00007f0cfc00a000

Heap:
 PSYoungGen      total 99840K, used 3552K [0x00000000e1980000, 0x00000000e7e80000, 0x0000000100000000)
  eden space 96256K, 0% used [0x00000000e1980000,0x00000000e1980000,0x00000000e7780000)
  from space 3584K, 99% used [0x00000000e7780000,0x00000000e7af8010,0x00000000e7b00000)
  to   space 3584K, 0% used [0x00000000e7b00000,0x00000000e7b00000,0x00000000e7e80000)
 ParOldGen       total 62976K, used 31210K [0x00000000a4c00000, 0x00000000a8980000, 0x00000000e1980000)
  object space 62976K, 49% used [0x00000000a4c00000,0x00000000a6a7abe0,0x00000000a8980000)
 Metaspace       used 3678K, capacity 5144K, committed 5376K, reserved 1056768K
  class space    used 388K, capacity 456K, committed 512K, reserved 1048576K

Card table byte_map: [0x00007f0ceb8c7000,0x00007f0cebba2000] byte_map_base: 0x00007f0ceb3a1000

Marking Bits: (ParMarkBitMap*) 0x00007f0d01328020
 Begin Bits: [0x00007f0ce853c000, 0x00007f0ce9c0c000)
 End Bits:   [0x00007f0ce9c0c000, 0x00007f0ceb2dc000)

Polling page: 0x00007f0d01f75000

CodeCache: size=245760Kb used=3566Kb max_used=3579Kb free=242193Kb
 bounds [0x00007f0cebf62000, 0x00007f0cec2f2000, 0x00007f0cfaf62000]
 total_blobs=835 nmethods=588 adapters=161
 compilation: enabled

Compilation events (10 events):
Event: 2,091 Thread 0x00007f0cfc0bb000 nmethod 591 0x00007f0cec2c3ed0 code [0x00007f0cec2c4020, 0x00007f0cec2c4128]
Event: 2,101 Thread 0x00007f0cfc0bb000  593       4       com.android.dx.cf.direct.MemberListParser::<init> (74 bytes)
Event: 2,102 Thread 0x00007f0cfc0bb000 nmethod 593 0x00007f0cec2c3b90 code [0x00007f0cec2c3ce0, 0x00007f0cec2c3df8]
Event: 2,118 Thread 0x00007f0cfc0bb000  594       4       com.android.dx.cf.direct.DirectClassFile::makeTypeList (47 bytes)
Event: 2,134 Thread 0x00007f0cfc0bb000 nmethod 594 0x00007f0cec2c0f50 code [0x00007f0cec2c1100, 0x00007f0cec2c1998]
Event: 2,134 Thread 0x00007f0cfc0bb000  595   !   4       java.util.zip.ZipFile::getEntry (86 bytes)
Event: 2,151 Thread 0x00007f0cfc0bb000 nmethod 595 0x00007f0cec2c4790 code [0x00007f0cec2c4940, 0x00007f0cec2c5330]
Event: 2,151 Thread 0x00007f0cfc0bb000  596 %     4       java.util.HashMap::resize @ 154 (359 bytes)
Event: 2,162 Thread 0x00007f0cfc0bb000 nmethod 596% 0x00007f0cec2e2c50 code [0x00007f0cec2e2de0, 0x00007f0cec2e3358]
Event: 2,162 Thread 0x00007f0cfc0bb000  597       4       com.android.multidex.ArchivePathElement$1$1::hasNext (66 bytes)

GC Heap History (9 events):
Event: 0,777 GC heap before
{Heap before GC invocations=1 (full 0):
 PSYoungGen      total 27648K, used 24064K [0x00000000e1980000, 0x00000000e3800000, 0x0000000100000000)
  eden space 24064K, 100% used [0x00000000e1980000,0x00000000e3100000,0x00000000e3100000)
  from space 3584K, 0% used [0x00000000e3480000,0x00000000e3480000,0x00000000e3800000)
  to   space 3584K, 0% used [0x00000000e3100000,0x00000000e3100000,0x00000000e3480000)
 ParOldGen       total 62976K, used 0K [0x00000000a4c00000, 0x00000000a8980000, 0x00000000e1980000)
  object space 62976K, 0% used [0x00000000a4c00000,0x00000000a4c00000,0x00000000a8980000)
 Metaspace       used 3625K, capacity 5144K, committed 5376K, reserved 1056768K
  class space    used 384K, capacity 456K, committed 512K, reserved 1048576K
Event: 0,788 GC heap after
Heap after GC invocations=1 (full 0):
 PSYoungGen      total 27648K, used 3330K [0x00000000e1980000, 0x00000000e4f80000, 0x0000000100000000)
  eden space 24064K, 0% used [0x00000000e1980000,0x00000000e1980000,0x00000000e3100000)
  from space 3584K, 92% used [0x00000000e3100000,0x00000000e3440b28,0x00000000e3480000)
  to   space 3584K, 0% used [0x00000000e4c00000,0x00000000e4c00000,0x00000000e4f80000)
 ParOldGen       total 62976K, used 8K [0x00000000a4c00000, 0x00000000a8980000, 0x00000000e1980000)
  object space 62976K, 0% used [0x00000000a4c00000,0x00000000a4c02000,0x00000000a8980000)
 Metaspace       used 3625K, capacity 5144K, committed 5376K, reserved 1056768K
  class space    used 384K, capacity 456K, committed 512K, reserved 1048576K
}
Event: 0,942 GC heap before
{Heap before GC invocations=2 (full 0):
 PSYoungGen      total 27648K, used 27394K [0x00000000e1980000, 0x00000000e4f80000, 0x0000000100000000)
  eden space 24064K, 100% used [0x00000000e1980000,0x00000000e3100000,0x00000000e3100000)
  from space 3584K, 92% used [0x00000000e3100000,0x00000000e3440b28,0x00000000e3480000)
  to   space 3584K, 0% used [0x00000000e4c00000,0x00000000e4c00000,0x00000000e4f80000)
 ParOldGen       total 62976K, used 8K [0x00000000a4c00000, 0x00000000a8980000, 0x00000000e1980000)
  object space 62976K, 0% used [0x00000000a4c00000,0x00000000a4c02000,0x00000000a8980000)
 Metaspace       used 3651K, capacity 5144K, committed 5376K, reserved 1056768K
  class space    used 384K, capacity 456K, committed 512K, reserved 1048576K
Event: 0,962 GC heap after
Heap after GC invocations=2 (full 0):
 PSYoungGen      total 51712K, used 3575K [0x00000000e1980000, 0x00000000e4f80000, 0x0000000100000000)
  eden space 48128K, 0% used [0x00000000e1980000,0x00000000e1980000,0x00000000e4880000)
  from space 3584K, 99% used [0x00000000e4c00000,0x00000000e4f7dda8,0x00000000e4f80000)
  to   space 3584K, 0% used [0x00000000e4880000,0x00000000e4880000,0x00000000e4c00000)
 ParOldGen       total 62976K, used 730K [0x00000000a4c00000, 0x00000000a8980000, 0x00000000e1980000)
  object space 62976K, 1% used [0x00000000a4c00000,0x00000000a4cb6b40,0x00000000a8980000)
 Metaspace       used 3651K, capacity 5144K, committed 5376K, reserved 1056768K
  class space    used 384K, capacity 456K, committed 512K, reserved 1048576K
}
Event: 1,305 GC heap before
{Heap before GC invocations=3 (full 0):
 PSYoungGen      total 51712K, used 51703K [0x00000000e1980000, 0x00000000e4f80000, 0x0000000100000000)
  eden space 48128K, 100% used [0x00000000e1980000,0x00000000e4880000,0x00000000e4880000)
  from space 3584K, 99% used [0x00000000e4c00000,0x00000000e4f7dda8,0x00000000e4f80000)
  to   space 3584K, 0% used [0x00000000e4880000,0x00000000e4880000,0x00000000e4c00000)
 ParOldGen       total 62976K, used 730K [0x00000000a4c00000, 0x00000000a8980000, 0x00000000e1980000)
  object space 62976K, 1% used [0x00000000a4c00000,0x00000000a4cb6b40,0x00000000a8980000)
 Metaspace       used 3676K, capacity 5144K, committed 5376K, reserved 1056768K
  class space    used 388K, capacity 456K, committed 512K, reserved 1048576K
Event: 1,340 GC heap after
Heap after GC invocations=3 (full 0):
 PSYoungGen      total 51712K, used 3552K [0x00000000e1980000, 0x00000000e7e80000, 0x0000000100000000)
  eden space 48128K, 0% used [0x00000000e1980000,0x00000000e1980000,0x00000000e4880000)
  from space 3584K, 99% used [0x00000000e4880000,0x00000000e4bf8050,0x00000000e4c00000)
  to   space 3584K, 0% used [0x00000000e7b00000,0x00000000e7b00000,0x00000000e7e80000)
 ParOldGen       total 62976K, used 7359K [0x00000000a4c00000, 0x00000000a8980000, 0x00000000e1980000)
  object space 62976K, 11% used [0x00000000a4c00000,0x00000000a532fc00,0x00000000a8980000)
 Metaspace       used 3676K, capacity 5144K, committed 5376K, reserved 1056768K
  class space    used 388K, capacity 456K, committed 512K, reserved 1048576K
}
Event: 1,606 GC heap before
{Heap before GC invocations=4 (full 0):
 PSYoungGen      total 51712K, used 51680K [0x00000000e1980000, 0x00000000e7e80000, 0x0000000100000000)
  eden space 48128K, 100% used [0x00000000e1980000,0x00000000e4880000,0x00000000e4880000)
  from space 3584K, 99% used [0x00000000e4880000,0x00000000e4bf8050,0x00000000e4c00000)
  to   space 3584K, 0% used [0x00000000e7b00000,0x00000000e7b00000,0x00000000e7e80000)
 ParOldGen       total 62976K, used 7359K [0x00000000a4c00000, 0x00000000a8980000, 0x00000000e1980000)
  object space 62976K, 11% used [0x00000000a4c00000,0x00000000a532fc00,0x00000000a8980000)
 Metaspace       used 3678K, capacity 5144K, committed 5376K, reserved 1056768K
  class space    used 388K, capacity 456K, committed 512K, reserved 1048576K
Event: 1,625 GC heap after
Heap after GC invocations=4 (full 0):
 PSYoungGen      total 99840K, used 3568K [0x00000000e1980000, 0x00000000e7e80000, 0x0000000100000000)
  eden space 96256K, 0% used [0x00000000e1980000,0x00000000e1980000,0x00000000e7780000)
  from space 3584K, 99% used [0x00000000e7b00000,0x00000000e7e7c040,0x00000000e7e80000)
  to   space 3584K, 0% used [0x00000000e7780000,0x00000000e7780000,0x00000000e7b00000)
 ParOldGen       total 62976K, used 15329K [0x00000000a4c00000, 0x00000000a8980000, 0x00000000e1980000)
  object space 62976K, 24% used [0x00000000a4c00000,0x00000000a5af87b8,0x00000000a8980000)
 Metaspace       used 3678K, capacity 5144K, committed 5376K, reserved 1056768K
  class space    used 388K, capacity 456K, committed 512K, reserved 1048576K
}
Event: 2,164 GC heap before
{Heap before GC invocations=5 (full 0):
 PSYoungGen      total 99840K, used 99824K [0x00000000e1980000, 0x00000000e7e80000, 0x0000000100000000)
  eden space 96256K, 100% used [0x00000000e1980000,0x00000000e7780000,0x00000000e7780000)
  from space 3584K, 99% used [0x00000000e7b00000,0x00000000e7e7c040,0x00000000e7e80000)
  to   space 3584K, 0% used [0x00000000e7780000,0x00000000e7780000,0x00000000e7b00000)
 ParOldGen       total 62976K, used 15329K [0x00000000a4c00000, 0x00000000a8980000, 0x00000000e1980000)
  object space 62976K, 24% used [0x00000000a4c00000,0x00000000a5af87b8,0x00000000a8980000)
 Metaspace       used 3678K, capacity 5144K, committed 5376K, reserved 1056768K
  class space    used 388K, capacity 456K, committed 512K, reserved 1048576K

Deoptimization events (2 events):
Event: 0,590 Thread 0x00007f0cfc00a000 Uncommon trap: reason=unloaded action=reinterpret pc=0x00007f0cec16cda4 method=com.android.dx.cf.cst.ConstantPoolParser.parse0(ILjava/util/BitSet;)Lcom/android/dx/rop/cst/Constant; @ 220
Event: 1,380 Thread 0x00007f0cfc00a000 Uncommon trap: reason=class_check action=maybe_recompile pc=0x00007f0cec236fe0 method=com.android.dx.cf.attrib.AttConstantValue.<init>(Lcom/android/dx/rop/cst/TypedConstant;)V @ 28

Internal exceptions (2 events):
Event: 0,102 Thread 0x00007f0cfc00a000 Exception <a 'java/lang/NoSuchMethodError': Method sun.misc.Unsafe.defineClass(Ljava/lang/String;[BII)Ljava/lang/Class; name or signature does not match> (0x00000000e1992b90) thrown at [/HUDSON/workspace/8-2-build-linux-amd64/jdk8u66/4988/hotspot/src/shar
Event: 0,102 Thread 0x00007f0cfc00a000 Exception <a 'java/lang/NoSuchMethodError': Method sun.misc.Unsafe.prefetchRead(Ljava/lang/Object;J)V name or signature does not match> (0x00000000e1992e78) thrown at [/HUDSON/workspace/8-2-build-linux-amd64/jdk8u66/4988/hotspot/src/share/vm/prims/jni.cpp

Events (10 events):
Event: 1,601 Thread 0x00007f0cfc00a000 DEOPT UNPACKING pc=0x00007f0cebfa9633 sp=0x00007f0d01f4ee10 mode 0
Event: 1,605 Executing VM operation: ParallelGCFailedAllocation
Event: 1,625 Executing VM operation: ParallelGCFailedAllocation done
Event: 1,638 Thread 0x00007f0cfc00a000 DEOPT PACKING pc=0x00007f0cec175e8b sp=0x00007f0d01f4f130
Event: 1,638 Thread 0x00007f0cfc00a000 DEOPT UNPACKING pc=0x00007f0cebfa9633 sp=0x00007f0d01f4ef60 mode 0
Event: 1,651 Thread 0x00007f0cfc00a000 DEOPT PACKING pc=0x00007f0cec175e8b sp=0x00007f0d01f4f130
Event: 1,651 Thread 0x00007f0cfc00a000 DEOPT UNPACKING pc=0x00007f0cebfa9633 sp=0x00007f0d01f4ef60 mode 0
Event: 1,663 Thread 0x00007f0cfc00a000 DEOPT PACKING pc=0x00007f0cec175e8b sp=0x00007f0d01f4f130
Event: 1,663 Thread 0x00007f0cfc00a000 DEOPT UNPACKING pc=0x00007f0cebfa9633 sp=0x00007f0d01f4ef60 mode 0
Event: 2,163 Executing VM operation: ParallelGCFailedAllocation


Dynamic libraries:
00400000-00401000 r-xp 00000000 08:11 270464                             /usr/lib/jvm/java-8-oracle/bin/java
00600000-00601000 rw-p 00000000 08:11 270464                             /usr/lib/jvm/java-8-oracle/bin/java
021ad000-021ce000 rw-p 00000000 00:00 0                                  [heap]
a4c00000-a8980000 rw-p 00000000 00:00 0 
a8980000-e1980000 ---p 00000000 00:00 0 
e1980000-e7e80000 rw-p 00000000 00:00 0 
efe80000-100000000 ---p 00000000 00:00 0 
100000000-100080000 rw-p 00000000 00:00 0 
100080000-140000000 ---p 00000000 00:00 0 
7f0cb0000000-7f0cb0021000 rw-p 00000000 00:00 0 
7f0cb0021000-7f0cb4000000 ---p 00000000 00:00 0 
7f0cb4000000-7f0cb4021000 rw-p 00000000 00:00 0 
7f0cb4021000-7f0cb8000000 ---p 00000000 00:00 0 
7f0cb8000000-7f0cb9ff8000 rw-p 00000000 00:00 0 
7f0cb9ff8000-7f0cbc000000 ---p 00000000 00:00 0 
7f0cbc000000-7f0cbc811000 rw-p 00000000 00:00 0 
7f0cbc811000-7f0cc0000000 ---p 00000000 00:00 0 
7f0cc0000000-7f0cc0021000 rw-p 00000000 00:00 0 
7f0cc0021000-7f0cc4000000 ---p 00000000 00:00 0 
7f0cc4000000-7f0cc601c000 rw-p 00000000 00:00 0 
7f0cc601c000-7f0cc8000000 ---p 00000000 00:00 0 
7f0cc8000000-7f0cc8021000 rw-p 00000000 00:00 0 
7f0cc8021000-7f0ccc000000 ---p 00000000 00:00 0 
7f0ccc000000-7f0ccc021000 rw-p 00000000 00:00 0 
7f0ccc021000-7f0cd0000000 ---p 00000000 00:00 0 
7f0cd0000000-7f0cd028f000 rw-p 00000000 00:00 0 
7f0cd028f000-7f0cd4000000 ---p 00000000 00:00 0 
7f0cd4000000-7f0cd4021000 rw-p 00000000 00:00 0 
7f0cd4021000-7f0cd8000000 ---p 00000000 00:00 0 
7f0cd9b3b000-7f0cd9b5c000 r--p 00000000 08:11 795147                     /usr/share/locale-langpack/pt_BR/LC_MESSAGES/libc.mo
7f0cd9b5c000-7f0cd9b8a000 rw-p 00000000 00:00 0 
7f0cd9b8a000-7f0cd9cab000 r--s 00c96000 08:01 3679133                    /home/gilmar/AndroidStudioProjects/Projeto/Alergia/app/build/intermediates/transforms/jarMerging/debug/jars/1/1f/combined.jar
7f0cd9cab000-7f0cd9cac000 ---p 00000000 00:00 0 
7f0cd9cac000-7f0cd9dac000 rw-p 00000000 00:00 0 
7f0cd9dac000-7f0cd9daf000 ---p 00000000 00:00 0 
7f0cd9daf000-7f0cd9ead000 rw-p 00000000 00:00 0 
7f0cd9ead000-7f0cd9eb0000 ---p 00000000 00:00 0 
7f0cd9eb0000-7f0cd9fae000 rw-p 00000000 00:00 0 
7f0cd9fae000-7f0cd9fb1000 ---p 00000000 00:00 0 
7f0cd9fb1000-7f0cda0af000 rw-p 00000000 00:00 0 
7f0cda0af000-7f0cda0b2000 ---p 00000000 00:00 0 
7f0cda0b2000-7f0cda1b0000 rw-p 00000000 00:00 0 
7f0cda1b0000-7f0cda1b3000 ---p 00000000 00:00 0 
7f0cda1b3000-7f0cda2b1000 rw-p 00000000 00:00 0 
7f0cda2b1000-7f0cda58b000 r--p 00000000 08:11 262592                     /usr/lib/locale/locale-archive
7f0cda58b000-7f0cda58e000 ---p 00000000 00:00 0 
7f0cda58e000-7f0cda68c000 rw-p 00000000 00:00 0 
7f0cda68c000-7f0cda68f000 ---p 00000000 00:00 0 
7f0cda68f000-7f0cda78d000 rw-p 00000000 00:00 0 
7f0cda78d000-7f0cda78e000 ---p 00000000 00:00 0 
7f0cda78e000-7f0cdbcc0000 rw-p 00000000 00:00 0 
7f0cdbcc0000-7f0cdc000000 ---p 00000000 00:00 0 
7f0cdc000000-7f0cdc021000 rw-p 00000000 00:00 0 
7f0cdc021000-7f0ce0000000 ---p 00000000 00:00 0 
7f0ce0000000-7f0ce0021000 rw-p 00000000 00:00 0 
7f0ce0021000-7f0ce4000000 ---p 00000000 00:00 0 
7f0ce4000000-7f0ce4021000 rw-p 00000000 00:00 0 
7f0ce4021000-7f0ce8000000 ---p 00000000 00:00 0 
7f0ce8013000-7f0ce81ec000 r--s 03d20000 08:11 556314                     /usr/lib/jvm/java-8-oracle/jre/lib/rt.jar
7f0ce81ec000-7f0ceb2dc000 rw-p 00000000 00:00 0 
7f0ceb2dc000-7f0ceb2dd000 ---p 00000000 00:00 0 
7f0ceb2dd000-7f0ceb3dd000 rw-p 00000000 00:00 0 
7f0ceb3dd000-7f0ceb3de000 ---p 00000000 00:00 0 
7f0ceb3de000-7f0ceb4de000 rw-p 00000000 00:00 0 
7f0ceb4de000-7f0ceb4df000 ---p 00000000 00:00 0 
7f0ceb4df000-7f0ceb5df000 rw-p 00000000 00:00 0 
7f0ceb5df000-7f0ceb5e0000 ---p 00000000 00:00 0 
7f0ceb5e0000-7f0ceb6ff000 rw-p 00000000 00:00 0 
7f0ceb6ff000-7f0ceb8c7000 ---p 00000000 00:00 0 
7f0ceb8c7000-7f0ceb8e6000 rw-p 00000000 00:00 0 
7f0ceb8e6000-7f0cebaad000 ---p 00000000 00:00 0 
7f0cebaad000-7f0cebae1000 rw-p 00000000 00:00 0 
7f0cebae1000-7f0cebba1000 ---p 00000000 00:00 0 
7f0cebba1000-7f0cebbb1000 rw-p 00000000 00:00 0 
7f0cebbb1000-7f0cebf62000 ---p 00000000 00:00 0 
7f0cebf62000-7f0cec2f2000 rwxp 00000000 00:00 0 
7f0cec2f2000-7f0cfaf62000 ---p 00000000 00:00 0 
7f0cfaf62000-7f0cfaf7c000 r-xp 00000000 08:11 556514                     /usr/lib/jvm/java-8-oracle/jre/lib/amd64/libzip.so
7f0cfaf7c000-7f0cfb17c000 ---p 0001a000 08:11 556514                     /usr/lib/jvm/java-8-oracle/jre/lib/amd64/libzip.so
7f0cfb17c000-7f0cfb17d000 rw-p 0001a000 08:11 556514                     /usr/lib/jvm/java-8-oracle/jre/lib/amd64/libzip.so
7f0cfb17d000-7f0cfb188000 r-xp 00000000 08:11 395326                     /lib/x86_64-linux-gnu/libnss_files-2.23.so
7f0cfb188000-7f0cfb387000 ---p 0000b000 08:11 395326                     /lib/x86_64-linux-gnu/libnss_files-2.23.so
7f0cfb387000-7f0cfb388000 r--p 0000a000 08:11 395326                     /lib/x86_64-linux-gnu/libnss_files-2.23.so
7f0cfb388000-7f0cfb389000 rw-p 0000b000 08:11 395326                     /lib/x86_64-linux-gnu/libnss_files-2.23.so
7f0cfb389000-7f0cfb38f000 rw-p 00000000 00:00 0 
7f0cfb38f000-7f0cfb39a000 r-xp 00000000 08:11 395321                     /lib/x86_64-linux-gnu/libnss_nis-2.23.so
7f0cfb39a000-7f0cfb599000 ---p 0000b000 08:11 395321                     /lib/x86_64-linux-gnu/libnss_nis-2.23.so
7f0cfb599000-7f0cfb59a000 r--p 0000a000 08:11 395321                     /lib/x86_64-linux-gnu/libnss_nis-2.23.so
7f0cfb59a000-7f0cfb59b000 rw-p 0000b000 08:11 395321                     /lib/x86_64-linux-gnu/libnss_nis-2.23.so
7f0cfb59b000-7f0cfb5b1000 r-xp 00000000 08:11 395317                     /lib/x86_64-linux-gnu/libnsl-2.23.so
7f0cfb5b1000-7f0cfb7b0000 ---p 00016000 08:11 395317                     /lib/x86_64-linux-gnu/libnsl-2.23.so
7f0cfb7b0000-7f0cfb7b1000 r--p 00015000 08:11 395317                     /lib/x86_64-linux-gnu/libnsl-2.23.so
7f0cfb7b1000-7f0cfb7b2000 rw-p 00016000 08:11 395317                     /lib/x86_64-linux-gnu/libnsl-2.23.so
7f0cfb7b2000-7f0cfb7b4000 rw-p 00000000 00:00 0 
7f0cfb7b4000-7f0cfb7bc000 r-xp 00000000 08:11 395314                     /lib/x86_64-linux-gnu/libnss_compat-2.23.so
7f0cfb7bc000-7f0cfb9bb000 ---p 00008000 08:11 395314                     /lib/x86_64-linux-gnu/libnss_compat-2.23.so
7f0cfb9bb000-7f0cfb9bc000 r--p 00007000 08:11 395314                     /lib/x86_64-linux-gnu/libnss_compat-2.23.so
7f0cfb9bc000-7f0cfb9bd000 rw-p 00008000 08:11 395314                     /lib/x86_64-linux-gnu/libnss_compat-2.23.so
7f0cfb9bd000-7f0cfb9e7000 r-xp 00000000 08:11 556509                     /usr/lib/jvm/java-8-oracle/jre/lib/amd64/libjava.so
7f0cfb9e7000-7f0cfbbe7000 ---p 0002a000 08:11 556509                     /usr/lib/jvm/java-8-oracle/jre/lib/amd64/libjava.so
7f0cfbbe7000-7f0cfbbe9000 rw-p 0002a000 08:11 556509                     /usr/lib/jvm/java-8-oracle/jre/lib/amd64/libjava.so
7f0cfbbe9000-7f0cfbbf6000 r-xp 00000000 08:11 556513                     /usr/lib/jvm/java-8-oracle/jre/lib/amd64/libverify.so
7f0cfbbf6000-7f0cfbdf6000 ---p 0000d000 08:11 556513                     /usr/lib/jvm/java-8-oracle/jre/lib/amd64/libverify.so
7f0cfbdf6000-7f0cfbdf8000 rw-p 0000d000 08:11 556513                     /usr/lib/jvm/java-8-oracle/jre/lib/amd64/libverify.so
7f0cfbdf8000-7f0cfbdff000 r-xp 00000000 08:11 395344                     /lib/x86_64-linux-gnu/librt-2.23.so
7f0cfbdff000-7f0cfbffe000 ---p 00007000 08:11 395344                     /lib/x86_64-linux-gnu/librt-2.23.so
7f0cfbffe000-7f0cfbfff000 r--p 00006000 08:11 395344                     /lib/x86_64-linux-gnu/librt-2.23.so
7f0cfbfff000-7f0cfc000000 rw-p 00007000 08:11 395344                     /lib/x86_64-linux-gnu/librt-2.23.so
7f0cfc000000-7f0cfc3ba000 rw-p 00000000 00:00 0 
7f0cfc3ba000-7f0d00000000 ---p 00000000 00:00 0 
7f0d00000000-7f0d00070000 rw-p 00000000 00:00 0 
7f0d00070000-7f0d00178000 r-xp 00000000 08:11 395338                     /lib/x86_64-linux-gnu/libm-2.23.so
7f0d00178000-7f0d00377000 ---p 00108000 08:11 395338                     /lib/x86_64-linux-gnu/libm-2.23.so
7f0d00377000-7f0d00378000 r--p 00107000 08:11 395338                     /lib/x86_64-linux-gnu/libm-2.23.so
7f0d00378000-7f0d00379000 rw-p 00108000 08:11 395338                     /lib/x86_64-linux-gnu/libm-2.23.so
7f0d00379000-7f0d01037000 r-xp 00000000 08:11 556492                     /usr/lib/jvm/java-8-oracle/jre/lib/amd64/server/libjvm.so
7f0d01037000-7f0d01236000 ---p 00cbe000 08:11 556492                     /usr/lib/jvm/java-8-oracle/jre/lib/amd64/server/libjvm.so
7f0d01236000-7f0d0130f000 rw-p 00cbd000 08:11 556492                     /usr/lib/jvm/java-8-oracle/jre/lib/amd64/server/libjvm.so
7f0d0130f000-7f0d01353000 rw-p 00000000 00:00 0 
7f0d01353000-7f0d01513000 r-xp 00000000 08:11 395354                     /lib/x86_64-linux-gnu/libc-2.23.so
7f0d01513000-7f0d01712000 ---p 001c0000 08:11 395354                     /lib/x86_64-linux-gnu/libc-2.23.so
7f0d01712000-7f0d01716000 r--p 001bf000 08:11 395354                     /lib/x86_64-linux-gnu/libc-2.23.so
7f0d01716000-7f0d01718000 rw-p 001c3000 08:11 395354                     /lib/x86_64-linux-gnu/libc-2.23.so
7f0d01718000-7f0d0171c000 rw-p 00000000 00:00 0 
7f0d0171c000-7f0d0171f000 r-xp 00000000 08:11 395356                     /lib/x86_64-linux-gnu/libdl-2.23.so
7f0d0171f000-7f0d0191e000 ---p 00003000 08:11 395356                     /lib/x86_64-linux-gnu/libdl-2.23.so
7f0d0191e000-7f0d0191f000 r--p 00002000 08:11 395356                     /lib/x86_64-linux-gnu/libdl-2.23.so
7f0d0191f000-7f0d01920000 rw-p 00003000 08:11 395356                     /lib/x86_64-linux-gnu/libdl-2.23.so
7f0d01920000-7f0d01935000 r-xp 00000000 08:11 556192                     /usr/lib/jvm/java-8-oracle/lib/amd64/jli/libjli.so
7f0d01935000-7f0d01b35000 ---p 00015000 08:11 556192                     /usr/lib/jvm/java-8-oracle/lib/amd64/jli/libjli.so
7f0d01b35000-7f0d01b36000 rw-p 00015000 08:11 556192                     /usr/lib/jvm/java-8-oracle/lib/amd64/jli/libjli.so
7f0d01b36000-7f0d01b4e000 r-xp 00000000 08:11 395352                     /lib/x86_64-linux-gnu/libpthread-2.23.so
7f0d01b4e000-7f0d01d4d000 ---p 00018000 08:11 395352                     /lib/x86_64-linux-gnu/libpthread-2.23.so
7f0d01d4d000-7f0d01d4e000 r--p 00017000 08:11 395352                     /lib/x86_64-linux-gnu/libpthread-2.23.so
7f0d01d4e000-7f0d01d4f000 rw-p 00018000 08:11 395352                     /lib/x86_64-linux-gnu/libpthread-2.23.so
7f0d01d4f000-7f0d01d53000 rw-p 00000000 00:00 0 
7f0d01d53000-7f0d01d79000 r-xp 00000000 08:11 395346                     /lib/x86_64-linux-gnu/ld-2.23.so
7f0d01d88000-7f0d01d8f000 r--s 00000000 08:11 795619                     /usr/lib/x86_64-linux-gnu/gconv/gconv-modules.cache
7f0d01d8f000-7f0d01e50000 rw-p 00000000 00:00 0 
7f0d01e50000-7f0d01e53000 ---p 00000000 00:00 0 
7f0d01e53000-7f0d01f55000 rw-p 00000000 00:00 0 
7f0d01f56000-7f0d01f5e000 r--s 00028000 08:01 3807118                    /home/gilmar/AndroidStudioProjects/Projeto/Alergia/app/build/intermediates/multi-dex/debug/componentClasses.jar
7f0d01f5e000-7f0d01f6c000 r--s 000e0000 08:01 539526                     /home/gilmar/Android/Sdk/build-tools/25.0.0/lib/dx.jar
7f0d01f6c000-7f0d01f74000 rw-s 00000000 08:11 131262                     /tmp/hsperfdata_gilmar/18681
7f0d01f74000-7f0d01f75000 rw-p 00000000 00:00 0 
7f0d01f75000-7f0d01f76000 ---p 00000000 00:00 0 
7f0d01f76000-7f0d01f78000 rw-p 00000000 00:00 0 
7f0d01f78000-7f0d01f79000 r--p 00025000 08:11 395346                     /lib/x86_64-linux-gnu/ld-2.23.so
7f0d01f79000-7f0d01f7a000 rw-p 00026000 08:11 395346                     /lib/x86_64-linux-gnu/ld-2.23.so
7f0d01f7a000-7f0d01f7b000 rw-p 00000000 00:00 0 
7ffd3538f000-7ffd353b0000 rw-p 00000000 00:00 0                          [stack]
7ffd353e0000-7ffd353e2000 r--p 00000000 00:00 0                          [vvar]
7ffd353e2000-7ffd353e4000 r-xp 00000000 00:00 0                          [vdso]
ffffffffff600000-ffffffffff601000 r-xp 00000000 00:00 0                  [vsyscall]

VM Arguments:
jvm_args: -Djava.awt.headless=true -Dfile.encoding=UTF-8 -Duser.country=BR -Duser.language=pt -Duser.variant 
java_command: com.android.multidex.ClassReferenceListBuilder /home/gilmar/AndroidStudioProjects/Projeto/Alergia/app/build/intermediates/multi-dex/debug/componentClasses.jar /home/gilmar/AndroidStudioProjects/Projeto/Alergia/app/build/intermediates/transforms/jarMerging/debug/jars/1/1f/combined.jar
java_class_path (initial): /home/gilmar/Android/Sdk/build-tools/25.0.0/lib/dx.jar
Launcher Type: SUN_STANDARD

Environment Variables:
JAVA_HOME=/usr/lib/jvm/java-7-oracle/jre/
PATH=/opt/apache-maven-3.3.3/bin:/usr/local/sbin:/usr/local/bin:/usr/sbin:/usr/bin:/sbin:/bin:/usr/games:/usr/local/games" JAVA_HOME=/usr/lib/jvm/java-7-oracle:/snap/bin
USERNAME=gilmar
LD_LIBRARY_PATH=/opt/android-studio/bin/.:
SHELL=/bin/bash
DISPLAY=:1

Signal Handlers:
SIGSEGV: [libjvm.so+0xaba2a0], sa_mask[0]=11111111011111111101111111111110, sa_flags=SA_RESTART|SA_SIGINFO
SIGBUS: [libjvm.so+0xaba2a0], sa_mask[0]=11111111011111111101111111111110, sa_flags=SA_RESTART|SA_SIGINFO
SIGFPE: [libjvm.so+0x917710], sa_mask[0]=11111111011111111101111111111110, sa_flags=SA_RESTART|SA_SIGINFO
SIGPIPE: [libjvm.so+0x917710], sa_mask[0]=11111111011111111101111111111110, sa_flags=SA_RESTART|SA_SIGINFO
SIGXFSZ: [libjvm.so+0x917710], sa_mask[0]=11111111011111111101111111111110, sa_flags=SA_RESTART|SA_SIGINFO
SIGILL: [libjvm.so+0x917710], sa_mask[0]=11111111011111111101111111111110, sa_flags=SA_RESTART|SA_SIGINFO
SIGUSR1: SIG_DFL, sa_mask[0]=00000000000000000000000000000000, sa_flags=none
SIGUSR2: [libjvm.so+0x918d40], sa_mask[0]=00100000000000000000000000000000, sa_flags=SA_RESTART|SA_SIGINFO
SIGHUP: [libjvm.so+0x91a140], sa_mask[0]=11111111011111111101111111111110, sa_flags=SA_RESTART|SA_SIGINFO
SIGINT: [libjvm.so+0x91a140], sa_mask[0]=11111111011111111101111111111110, sa_flags=SA_RESTART|SA_SIGINFO
SIGTERM: [libjvm.so+0x91a140], sa_mask[0]=11111111011111111101111111111110, sa_flags=SA_RESTART|SA_SIGINFO
SIGQUIT: [libjvm.so+0x91a140], sa_mask[0]=11111111011111111101111111111110, sa_flags=SA_RESTART|SA_SIGINFO


---------------  S Y S T E M  ---------------

OS:DISTRIB_ID=Ubuntu
DISTRIB_RELEASE=16.04
DISTRIB_CODENAME=xenial
DISTRIB_DESCRIPTION="Ubuntu 16.04.1 LTS"

uname:Linux 4.4.0-45-generic #66-Ubuntu SMP Wed Oct 19 14:12:37 UTC 2016 x86_64
libc:glibc 2.23 NPTL 2.23 
rlimit: STACK 8192k, CORE 0k, NPROC 23179, NOFILE 65536, AS infinity
load average:2,89 1,78 1,21

/proc/meminfo:
MemTotal:        5974456 kB
MemFree:          109364 kB
MemAvailable:      36688 kB
Buffers:            1324 kB
Cached:           439860 kB
SwapCached:            0 kB
Active:          5256648 kB
Inactive:         379540 kB
Active(anon):    5224644 kB
Inactive(anon):   354108 kB
Active(file):      32004 kB
Inactive(file):    25432 kB
Unevictable:          84 kB
Mlocked:              84 kB
SwapTotal:             0 kB
SwapFree:              0 kB
Dirty:             15300 kB
Writeback:             0 kB
AnonPages:       5195700 kB
Mapped:           224496 kB
Shmem:            383148 kB
Slab:              98272 kB
SReclaimable:      52764 kB
SUnreclaim:        45508 kB
KernelStack:       12672 kB
PageTables:        53320 kB
NFS_Unstable:          0 kB
Bounce:                0 kB
WritebackTmp:          0 kB
CommitLimit:     2987228 kB
Committed_AS:   10643992 kB
VmallocTotal:   34359738367 kB
VmallocUsed:           0 kB
VmallocChunk:          0 kB
HardwareCorrupted:     0 kB
AnonHugePages:   2627584 kB
CmaTotal:              0 kB
CmaFree:               0 kB
HugePages_Total:       0
HugePages_Free:        0
HugePages_Rsvd:        0
HugePages_Surp:        0
Hugepagesize:       2048 kB
DirectMap4k:      218000 kB
DirectMap2M:     5937152 kB


CPU:total 4 (2 cores per cpu, 2 threads per core) family 6 model 58 stepping 9, cmov, cx8, fxsr, mmx, sse, sse2, sse3, ssse3, sse4.1, sse4.2, popcnt, avx, aes, clmul, erms, ht, tsc, tscinvbit, tscinv

/proc/cpuinfo:
processor	: 0
vendor_id	: GenuineIntel
cpu family	: 6
model		: 58
model name	: Intel(R) Core(TM) i5-3337U CPU @ 1.80GHz
stepping	: 9
microcode	: 0x1c
cpu MHz		: 2492.507
cache size	: 3072 KB
physical id	: 0
siblings	: 4
core id		: 0
cpu cores	: 2
apicid		: 0
initial apicid	: 0
fpu		: yes
fpu_exception	: yes
cpuid level	: 13
wp		: yes
flags		: fpu vme de pse tsc msr pae mce cx8 apic sep mtrr pge mca cmov pat pse36 clflush dts acpi mmx fxsr sse sse2 ss ht tm pbe syscall nx rdtscp lm constant_tsc arch_perfmon pebs bts rep_good nopl xtopology nonstop_tsc aperfmperf eagerfpu pni pclmulqdq dtes64 monitor ds_cpl vmx est tm2 ssse3 cx16 xtpr pdcm pcid sse4_1 sse4_2 x2apic popcnt tsc_deadline_timer aes xsave avx f16c rdrand lahf_lm epb tpr_shadow vnmi flexpriority ept vpid fsgsbase smep erms xsaveopt dtherm ida arat pln pts
bugs		:
bogomips	: 3591.69
clflush size	: 64
cache_alignment	: 64
address sizes	: 36 bits physical, 48 bits virtual
power management:

processor	: 1
vendor_id	: GenuineIntel
cpu family	: 6
model		: 58
model name	: Intel(R) Core(TM) i5-3337U CPU @ 1.80GHz
stepping	: 9
microcode	: 0x1c
cpu MHz		: 2499.960
cache size	: 3072 KB
physical id	: 0
siblings	: 4
core id		: 1
cpu cores	: 2
apicid		: 2
initial apicid	: 2
fpu		: yes
fpu_exception	: yes
cpuid level	: 13
wp		: yes
flags		: fpu vme de pse tsc msr pae mce cx8 apic sep mtrr pge mca cmov pat pse36 clflush dts acpi mmx fxsr sse sse2 ss ht tm pbe syscall nx rdtscp lm constant_tsc arch_perfmon pebs bts rep_good nopl xtopology nonstop_tsc aperfmperf eagerfpu pni pclmulqdq dtes64 monitor ds_cpl vmx est tm2 ssse3 cx16 xtpr pdcm pcid sse4_1 sse4_2 x2apic popcnt tsc_deadline_timer aes xsave avx f16c rdrand lahf_lm epb tpr_shadow vnmi flexpriority ept vpid fsgsbase smep erms xsaveopt dtherm ida arat pln pts
bugs		:
bogomips	: 3591.69
clflush size	: 64
cache_alignment	: 64
address sizes	: 36 bits physical, 48 bits virtual
power management:

processor	: 2
vendor_id	: GenuineIntel
cpu family	: 6
model		: 58
model name	: Intel(R) Core(TM) i5-3337U CPU @ 1.80GHz
stepping	: 9
microcode	: 0x1c
cpu MHz		: 2499.960
cache size	: 3072 KB
physical id	: 0
siblings	: 4
core id		: 0
cpu cores	: 2
apicid		: 1
initial apicid	: 1
fpu		: yes
fpu_exception	: yes
cpuid level	: 13
wp		: yes
flags		: fpu vme de pse tsc msr pae mce cx8 apic sep mtrr pge mca cmov pat pse36 clflush dts acpi mmx fxsr sse sse2 ss ht tm pbe syscall nx rdtscp lm constant_tsc arch_perfmon pebs bts rep_good nopl xtopology nonstop_tsc aperfmperf eagerfpu pni pclmulqdq dtes64 monitor ds_cpl vmx est tm2 ssse3 cx16 xtpr pdcm pcid sse4_1 sse4_2 x2apic popcnt tsc_deadline_timer aes xsave avx f16c rdrand lahf_lm epb tpr_shadow vnmi flexpriority ept vpid fsgsbase smep erms xsaveopt dtherm ida arat pln pts
bugs		:
bogomips	: 3591.69
clflush size	: 64
cache_alignment	: 64
address sizes	: 36 bits physical, 48 bits virtual
power management:

processor	: 3
vendor_id	: GenuineIntel
cpu family	: 6
model		: 58
model name	: Intel(R) Core(TM) i5-3337U CPU @ 1.80GHz
stepping	: 9
microcode	: 0x1c
cpu MHz		: 2543.273
cache size	: 3072 KB
physical id	: 0
siblings	: 4
core id		: 1
cpu cores	: 2
apicid		: 3
initial apicid	: 3
fpu		: yes
fpu_exception	: yes
cpuid level	: 13
wp		: yes
flags		: fpu vme de pse tsc msr pae mce cx8 apic sep mtrr pge mca cmov pat pse36 clflush dts acpi mmx fxsr sse sse2 ss ht tm pbe syscall nx rdtscp lm constant_tsc arch_perfmon pebs bts rep_good nopl xtopology nonstop_tsc aperfmperf eagerfpu pni pclmulqdq dtes64 monitor ds_cpl vmx est tm2 ssse3 cx16 xtpr pdcm pcid sse4_1 sse4_2 x2apic popcnt tsc_deadline_timer aes xsave avx f16c rdrand lahf_lm epb tpr_shadow vnmi flexpriority ept vpid fsgsbase smep erms xsaveopt dtherm ida arat pln pts
bugs		:
bogomips	: 3591.69
clflush size	: 64
cache_alignment	: 64
address sizes	: 36 bits physical, 48 bits virtual
power management:



Memory: 4k page, physical 5974456k(109364k free), swap 0k(0k free)

vm_info: Java HotSpot(TM) 64-Bit Server VM (25.66-b17) for linux-amd64 JRE (1.8.0_66-b17), built on Oct  6 2015 17:28:34 by "java_re" with gcc 4.3.0 20080428 (Red Hat 4.3.0-8)

time: Mon Oct 24 21:58:51 2016
elapsed time: 2 seconds (0d 0h 0m 2s)

