#
# There is insufficient memory for the Java Runtime Environment to continue.
# Native memory allocation (mmap) failed to map 137363456 bytes for committing reserved memory.
# Possible reasons:
#   The system is out of physical RAM or swap space
#   In 32 bit mode, the process size limit was hit
# Possible solutions:
#   Reduce memory load on the system
#   Increase physical memory or swap space
#   Check if swap backing store is full
#   Use 64 bit Java on a 64 bit OS
#   Decrease Java heap size (-Xmx/-Xms)
#   Decrease number of Java threads
#   Decrease Java thread stack sizes (-Xss)
#   Set larger code cache with -XX:ReservedCodeCacheSize=
# This output file may be truncated or incomplete.
#
#  Out of Memory Error (os_linux.cpp:2627), pid=424, tid=140346389272320
#
# JRE version: Java(TM) SE Runtime Environment (8.0_66-b17) (build 1.8.0_66-b17)
# Java VM: Java HotSpot(TM) 64-Bit Server VM (25.66-b17 mixed mode linux-amd64 compressed oops)
# Failed to write core dump. Core dumps have been disabled. To enable core dumping, try "ulimit -c unlimited" before starting Java again
#

---------------  T H R E A D  ---------------

Current thread (0x00007fa500078000):  VMThread [stack: 0x00007fa4f09d9000,0x00007fa4f0ada000] [id=436]

Stack: [0x00007fa4f09d9000,0x00007fa4f0ada000],  sp=0x00007fa4f0ad8120,  free space=1020k
Native frames: (J=compiled Java code, j=interpreted, Vv=VM code, C=native code)
V  [libjvm.so+0xab9a1a]  VMError::report_and_die()+0x2ba
V  [libjvm.so+0x4f9e0b]  report_vm_out_of_memory(char const*, int, unsigned long, VMErrorType, char const*)+0x8b
V  [libjvm.so+0x91a8a3]  os::Linux::commit_memory_impl(char*, unsigned long, bool)+0x103
V  [libjvm.so+0x91adf9]  os::pd_commit_memory(char*, unsigned long, unsigned long, bool)+0x29
V  [libjvm.so+0x91510a]  os::commit_memory(char*, unsigned long, unsigned long, bool)+0x2a
V  [libjvm.so+0x9887a3]  PSVirtualSpace::expand_by(unsigned long)+0x53
V  [libjvm.so+0x989ba8]  PSYoungGen::resize_generation(unsigned long, unsigned long)+0xf8
V  [libjvm.so+0x988d02]  PSYoungGen::resize(unsigned long, unsigned long)+0x22
V  [libjvm.so+0x985fdb]  PSScavenge::invoke_no_policy()+0xf3b
V  [libjvm.so+0x986761]  PSScavenge::invoke()+0x41
V  [libjvm.so+0x93e500]  ParallelScavengeHeap::failed_mem_allocate(unsigned long)+0x70
V  [libjvm.so+0xabb437]  VM_ParallelGCFailedAllocation::doit()+0x97
V  [libjvm.so+0xac2e65]  VM_Operation::evaluate()+0x55
V  [libjvm.so+0xac123a]  VMThread::evaluate_operation(VM_Operation*)+0xba
V  [libjvm.so+0xac15be]  VMThread::loop()+0x1ce
V  [libjvm.so+0xac1a30]  VMThread::run()+0x70
V  [libjvm.so+0x91cc68]  java_start(Thread*)+0x108

VM_Operation (0x00007fa5093ebeb0): ParallelGCFailedAllocation, mode: safepoint, requested by thread 0x00007fa50000a000


---------------  P R O C E S S  ---------------

Java Threads: ( => current thread )
  0x00007fa5000ca000 JavaThread "Service Thread" daemon [_thread_blocked, id=443, stack(0x00007fa4e915f000,0x00007fa4e9260000)]
  0x00007fa5000bd000 JavaThread "C1 CompilerThread2" daemon [_thread_blocked, id=442, stack(0x00007fa4f00f9000,0x00007fa4f01fa000)]
  0x00007fa5000bb000 JavaThread "C2 CompilerThread1" daemon [_thread_blocked, id=441, stack(0x00007fa4f01fa000,0x00007fa4f02fb000)]
  0x00007fa5000b8000 JavaThread "C2 CompilerThread0" daemon [_thread_blocked, id=440, stack(0x00007fa4f02fb000,0x00007fa4f03fc000)]
  0x00007fa5000b7000 JavaThread "Signal Dispatcher" daemon [_thread_blocked, id=439, stack(0x00007fa4f03fc000,0x00007fa4f04fd000)]
  0x00007fa50007f000 JavaThread "Finalizer" daemon [_thread_blocked, id=438, stack(0x00007fa4f07d7000,0x00007fa4f08d8000)]
  0x00007fa50007d000 JavaThread "Reference Handler" daemon [_thread_blocked, id=437, stack(0x00007fa4f08d8000,0x00007fa4f09d9000)]
  0x00007fa50000a000 JavaThread "main" [_thread_blocked, id=431, stack(0x00007fa5092ed000,0x00007fa5093ee000)]

Other Threads:
=>0x00007fa500078000 VMThread [stack: 0x00007fa4f09d9000,0x00007fa4f0ada000] [id=436]
  0x00007fa5000cd000 WatcherThread [stack: 0x00007fa4e905e000,0x00007fa4e915f000] [id=444]

VM state:at safepoint (normal execution)

VM Mutex/Monitor currently owned by a thread:  ([mutex/lock_event])
[0x00007fa500006410] Threads_lock - owner thread: 0x00007fa500078000
[0x00007fa500006910] Heap_lock - owner thread: 0x00007fa50000a000

Heap:
 PSYoungGen      total 99840K, used 3552K [0x00000000e1980000, 0x00000000e7e80000, 0x0000000100000000)
  eden space 96256K, 0% used [0x00000000e1980000,0x00000000e1980000,0x00000000e7780000)
  from space 3584K, 99% used [0x00000000e7780000,0x00000000e7af8010,0x00000000e7b00000)
  to   space 3584K, 0% used [0x00000000e7b00000,0x00000000e7b00000,0x00000000e7e80000)
 ParOldGen       total 62976K, used 33388K [0x00000000a4c00000, 0x00000000a8980000, 0x00000000e1980000)
  object space 62976K, 53% used [0x00000000a4c00000,0x00000000a6c9b090,0x00000000a8980000)
 Metaspace       used 3672K, capacity 5144K, committed 5376K, reserved 1056768K
  class space    used 388K, capacity 456K, committed 512K, reserved 1048576K

Card table byte_map: [0x00007fa505dd4000,0x00007fa5060af000] byte_map_base: 0x00007fa5058ae000

Marking Bits: (ParMarkBitMap*) 0x00007fa5087c5020
 Begin Bits: [0x00007fa4e9260000, 0x00007fa4ea930000)
 End Bits:   [0x00007fa4ea930000, 0x00007fa4ec000000)

Polling page: 0x00007fa509412000

CodeCache: size=245760Kb used=3491Kb max_used=3510Kb free=242268Kb
 bounds [0x00007fa4f1000000, 0x00007fa4f1380000, 0x00007fa500000000]
 total_blobs=843 nmethods=596 adapters=161
 compilation: enabled

Compilation events (10 events):
Event: 2,133 Thread 0x00007fa5000bb000 nmethod 598 0x00007fa4f13644d0 code [0x00007fa4f1364680, 0x00007fa4f1365130]
Event: 2,133 Thread 0x00007fa5000bb000  599       4       com.android.dx.cf.direct.DirectClassFile::makeTypeList (47 bytes)
Event: 2,143 Thread 0x00007fa5000bb000 nmethod 599 0x00007fa4f135b690 code [0x00007fa4f135b840, 0x00007fa4f135c0d8]
Event: 2,144 Thread 0x00007fa5000bb000  600       4       com.android.dx.cf.direct.StdAttributeFactory::signature (94 bytes)
Event: 2,153 Thread 0x00007fa5000bb000 nmethod 600 0x00007fa4f1363790 code [0x00007fa4f1363940, 0x00007fa4f1363e48]
Event: 2,154 Thread 0x00007fa5000bb000  601       4       com.android.multidex.ArchivePathElement$1$1::hasNext (66 bytes)
Event: 2,168 Thread 0x00007fa5000bb000 nmethod 601 0x00007fa4f1362250 code [0x00007fa4f1362420, 0x00007fa4f1362d88]
Event: 2,168 Thread 0x00007fa5000bb000  602       4       com.android.dx.cf.direct.DirectClassFile::parse0 (920 bytes)
Event: 2,302 Thread 0x00007fa5000bb000 nmethod 602 0x00007fa4f136f610 code [0x00007fa4f136f9c0, 0x00007fa4f13718c0]
Event: 2,302 Thread 0x00007fa5000bb000  605       4       java.util.HashMap::resize (359 bytes)

GC Heap History (9 events):
Event: 0,976 GC heap before
{Heap before GC invocations=1 (full 0):
 PSYoungGen      total 27648K, used 24064K [0x00000000e1980000, 0x00000000e3800000, 0x0000000100000000)
  eden space 24064K, 100% used [0x00000000e1980000,0x00000000e3100000,0x00000000e3100000)
  from space 3584K, 0% used [0x00000000e3480000,0x00000000e3480000,0x00000000e3800000)
  to   space 3584K, 0% used [0x00000000e3100000,0x00000000e3100000,0x00000000e3480000)
 ParOldGen       total 62976K, used 0K [0x00000000a4c00000, 0x00000000a8980000, 0x00000000e1980000)
  object space 62976K, 0% used [0x00000000a4c00000,0x00000000a4c00000,0x00000000a8980000)
 Metaspace       used 3596K, capacity 5080K, committed 5376K, reserved 1056768K
  class space    used 384K, capacity 456K, committed 512K, reserved 1048576K
Event: 0,988 GC heap after
Heap after GC invocations=1 (full 0):
 PSYoungGen      total 27648K, used 3313K [0x00000000e1980000, 0x00000000e4f80000, 0x0000000100000000)
  eden space 24064K, 0% used [0x00000000e1980000,0x00000000e1980000,0x00000000e3100000)
  from space 3584K, 92% used [0x00000000e3100000,0x00000000e343c438,0x00000000e3480000)
  to   space 3584K, 0% used [0x00000000e4c00000,0x00000000e4c00000,0x00000000e4f80000)
 ParOldGen       total 62976K, used 8K [0x00000000a4c00000, 0x00000000a8980000, 0x00000000e1980000)
  object space 62976K, 0% used [0x00000000a4c00000,0x00000000a4c02000,0x00000000a8980000)
 Metaspace       used 3596K, capacity 5080K, committed 5376K, reserved 1056768K
  class space    used 384K, capacity 456K, committed 512K, reserved 1048576K
}
Event: 1,143 GC heap before
{Heap before GC invocations=2 (full 0):
 PSYoungGen      total 27648K, used 27377K [0x00000000e1980000, 0x00000000e4f80000, 0x0000000100000000)
  eden space 24064K, 100% used [0x00000000e1980000,0x00000000e3100000,0x00000000e3100000)
  from space 3584K, 92% used [0x00000000e3100000,0x00000000e343c438,0x00000000e3480000)
  to   space 3584K, 0% used [0x00000000e4c00000,0x00000000e4c00000,0x00000000e4f80000)
 ParOldGen       total 62976K, used 8K [0x00000000a4c00000, 0x00000000a8980000, 0x00000000e1980000)
  object space 62976K, 0% used [0x00000000a4c00000,0x00000000a4c02000,0x00000000a8980000)
 Metaspace       used 3643K, capacity 5144K, committed 5376K, reserved 1056768K
  class space    used 384K, capacity 456K, committed 512K, reserved 1048576K
Event: 1,160 GC heap after
Heap after GC invocations=2 (full 0):
 PSYoungGen      total 51712K, used 3570K [0x00000000e1980000, 0x00000000e4f80000, 0x0000000100000000)
  eden space 48128K, 0% used [0x00000000e1980000,0x00000000e1980000,0x00000000e4880000)
  from space 3584K, 99% used [0x00000000e4c00000,0x00000000e4f7cb80,0x00000000e4f80000)
  to   space 3584K, 0% used [0x00000000e4880000,0x00000000e4880000,0x00000000e4c00000)
 ParOldGen       total 62976K, used 963K [0x00000000a4c00000, 0x00000000a8980000, 0x00000000e1980000)
  object space 62976K, 1% used [0x00000000a4c00000,0x00000000a4cf0e08,0x00000000a8980000)
 Metaspace       used 3643K, capacity 5144K, committed 5376K, reserved 1056768K
  class space    used 384K, capacity 456K, committed 512K, reserved 1048576K
}
Event: 1,484 GC heap before
{Heap before GC invocations=3 (full 0):
 PSYoungGen      total 51712K, used 51698K [0x00000000e1980000, 0x00000000e4f80000, 0x0000000100000000)
  eden space 48128K, 100% used [0x00000000e1980000,0x00000000e4880000,0x00000000e4880000)
  from space 3584K, 99% used [0x00000000e4c00000,0x00000000e4f7cb80,0x00000000e4f80000)
  to   space 3584K, 0% used [0x00000000e4880000,0x00000000e4880000,0x00000000e4c00000)
 ParOldGen       total 62976K, used 963K [0x00000000a4c00000, 0x00000000a8980000, 0x00000000e1980000)
  object space 62976K, 1% used [0x00000000a4c00000,0x00000000a4cf0e08,0x00000000a8980000)
 Metaspace       used 3669K, capacity 5144K, committed 5376K, reserved 1056768K
  class space    used 388K, capacity 456K, committed 512K, reserved 1048576K
Event: 1,510 GC heap after
Heap after GC invocations=3 (full 0):
 PSYoungGen      total 51712K, used 3568K [0x00000000e1980000, 0x00000000e7e80000, 0x0000000100000000)
  eden space 48128K, 0% used [0x00000000e1980000,0x00000000e1980000,0x00000000e4880000)
  from space 3584K, 99% used [0x00000000e4880000,0x00000000e4bfc040,0x00000000e4c00000)
  to   space 3584K, 0% used [0x00000000e7b00000,0x00000000e7b00000,0x00000000e7e80000)
 ParOldGen       total 62976K, used 8057K [0x00000000a4c00000, 0x00000000a8980000, 0x00000000e1980000)
  object space 62976K, 12% used [0x00000000a4c00000,0x00000000a53de480,0x00000000a8980000)
 Metaspace       used 3669K, capacity 5144K, committed 5376K, reserved 1056768K
  class space    used 388K, capacity 456K, committed 512K, reserved 1048576K
}
Event: 1,711 GC heap before
{Heap before GC invocations=4 (full 0):
 PSYoungGen      total 51712K, used 51696K [0x00000000e1980000, 0x00000000e7e80000, 0x0000000100000000)
  eden space 48128K, 100% used [0x00000000e1980000,0x00000000e4880000,0x00000000e4880000)
  from space 3584K, 99% used [0x00000000e4880000,0x00000000e4bfc040,0x00000000e4c00000)
  to   space 3584K, 0% used [0x00000000e7b00000,0x00000000e7b00000,0x00000000e7e80000)
 ParOldGen       total 62976K, used 8057K [0x00000000a4c00000, 0x00000000a8980000, 0x00000000e1980000)
  object space 62976K, 12% used [0x00000000a4c00000,0x00000000a53de480,0x00000000a8980000)
 Metaspace       used 3669K, capacity 5144K, committed 5376K, reserved 1056768K
  class space    used 388K, capacity 456K, committed 512K, reserved 1048576K
Event: 1,733 GC heap after
Heap after GC invocations=4 (full 0):
 PSYoungGen      total 99840K, used 3568K [0x00000000e1980000, 0x00000000e7e80000, 0x0000000100000000)
  eden space 96256K, 0% used [0x00000000e1980000,0x00000000e1980000,0x00000000e7780000)
  from space 3584K, 99% used [0x00000000e7b00000,0x00000000e7e7c040,0x00000000e7e80000)
  to   space 3584K, 0% used [0x00000000e7780000,0x00000000e7780000,0x00000000e7b00000)
 ParOldGen       total 62976K, used 16433K [0x00000000a4c00000, 0x00000000a8980000, 0x00000000e1980000)
  object space 62976K, 26% used [0x00000000a4c00000,0x00000000a5c0c718,0x00000000a8980000)
 Metaspace       used 3669K, capacity 5144K, committed 5376K, reserved 1056768K
  class space    used 388K, capacity 456K, committed 512K, reserved 1048576K
}
Event: 2,306 GC heap before
{Heap before GC invocations=5 (full 0):
 PSYoungGen      total 99840K, used 99824K [0x00000000e1980000, 0x00000000e7e80000, 0x0000000100000000)
  eden space 96256K, 100% used [0x00000000e1980000,0x00000000e7780000,0x00000000e7780000)
  from space 3584K, 99% used [0x00000000e7b00000,0x00000000e7e7c040,0x00000000e7e80000)
  to   space 3584K, 0% used [0x00000000e7780000,0x00000000e7780000,0x00000000e7b00000)
 ParOldGen       total 62976K, used 16433K [0x00000000a4c00000, 0x00000000a8980000, 0x00000000e1980000)
  object space 62976K, 26% used [0x00000000a4c00000,0x00000000a5c0c718,0x00000000a8980000)
 Metaspace       used 3672K, capacity 5144K, committed 5376K, reserved 1056768K
  class space    used 388K, capacity 456K, committed 512K, reserved 1048576K

Deoptimization events (2 events):
Event: 0,906 Thread 0x00007fa50000a000 Uncommon trap: reason=unloaded action=reinterpret pc=0x00007fa4f11fbc8c method=com.android.dx.cf.cst.ConstantPoolParser.parse0(ILjava/util/BitSet;)Lcom/android/dx/rop/cst/Constant; @ 176
Event: 1,652 Thread 0x00007fa50000a000 Uncommon trap: reason=unstable_if action=reinterpret pc=0x00007fa4f1307ff4 method=java.util.HashMap.putVal(ILjava/lang/Object;Ljava/lang/Object;ZZ)Ljava/lang/Object; @ 181

Internal exceptions (2 events):
Event: 0,090 Thread 0x00007fa50000a000 Exception <a 'java/lang/NoSuchMethodError': Method sun.misc.Unsafe.defineClass(Ljava/lang/String;[BII)Ljava/lang/Class; name or signature does not match> (0x00000000e1992b90) thrown at [/HUDSON/workspace/8-2-build-linux-amd64/jdk8u66/4988/hotspot/src/shar
Event: 0,090 Thread 0x00007fa50000a000 Exception <a 'java/lang/NoSuchMethodError': Method sun.misc.Unsafe.prefetchRead(Ljava/lang/Object;J)V name or signature does not match> (0x00000000e1992e78) thrown at [/HUDSON/workspace/8-2-build-linux-amd64/jdk8u66/4988/hotspot/src/share/vm/prims/jni.cpp

Events (10 events):
Event: 1,652 Thread 0x00007fa50000a000 Uncommon trap: trap_request=0xffffff65 fr.pc=0x00007fa4f1307ff4
Event: 1,652 Thread 0x00007fa50000a000 DEOPT PACKING pc=0x00007fa4f1307ff4 sp=0x00007fa5093ec620
Event: 1,652 Thread 0x00007fa50000a000 DEOPT UNPACKING pc=0x00007fa4f1005229 sp=0x00007fa5093ec5c8 mode 2
Event: 1,711 Executing VM operation: ParallelGCFailedAllocation
Event: 1,733 Executing VM operation: ParallelGCFailedAllocation done
Event: 1,922 loading class java/util/ArrayList$1
Event: 1,923 loading class java/util/ArrayList$1 done
Event: 2,227 Thread 0x00007fa50000a000 DEOPT PACKING pc=0x00007fa4f1333010 sp=0x00007fa5093ec060
Event: 2,227 Thread 0x00007fa50000a000 DEOPT UNPACKING pc=0x00007fa4f1047633 sp=0x00007fa5093ebd70 mode 0
Event: 2,306 Executing VM operation: ParallelGCFailedAllocation


Dynamic libraries:
00400000-00401000 r-xp 00000000 08:11 270464                             /usr/lib/jvm/java-8-oracle/bin/java
00600000-00601000 rw-p 00000000 08:11 270464                             /usr/lib/jvm/java-8-oracle/bin/java
01830000-01851000 rw-p 00000000 00:00 0                                  [heap]
a4c00000-a8980000 rw-p 00000000 00:00 0 
a8980000-e1980000 ---p 00000000 00:00 0 
e1980000-e7e80000 rw-p 00000000 00:00 0 
f0180000-100000000 ---p 00000000 00:00 0 
100000000-100080000 rw-p 00000000 00:00 0 
100080000-140000000 ---p 00000000 00:00 0 
7fa4b4000000-7fa4b4021000 rw-p 00000000 00:00 0 
7fa4b4021000-7fa4b8000000 ---p 00000000 00:00 0 
7fa4b8000000-7fa4b8021000 rw-p 00000000 00:00 0 
7fa4b8021000-7fa4bc000000 ---p 00000000 00:00 0 
7fa4bc000000-7fa4bd130000 rw-p 00000000 00:00 0 
7fa4bd130000-7fa4c0000000 ---p 00000000 00:00 0 
7fa4c0000000-7fa4c065a000 rw-p 00000000 00:00 0 
7fa4c065a000-7fa4c4000000 ---p 00000000 00:00 0 
7fa4c4000000-7fa4c4021000 rw-p 00000000 00:00 0 
7fa4c4021000-7fa4c8000000 ---p 00000000 00:00 0 
7fa4c8000000-7fa4c90db000 rw-p 00000000 00:00 0 
7fa4c90db000-7fa4cc000000 ---p 00000000 00:00 0 
7fa4cc000000-7fa4cc021000 rw-p 00000000 00:00 0 
7fa4cc021000-7fa4d0000000 ---p 00000000 00:00 0 
7fa4d0000000-7fa4d0021000 rw-p 00000000 00:00 0 
7fa4d0021000-7fa4d4000000 ---p 00000000 00:00 0 
7fa4d4000000-7fa4d4021000 rw-p 00000000 00:00 0 
7fa4d4021000-7fa4d8000000 ---p 00000000 00:00 0 
7fa4d8000000-7fa4d828f000 rw-p 00000000 00:00 0 
7fa4d828f000-7fa4dc000000 ---p 00000000 00:00 0 
7fa4dc000000-7fa4dc021000 rw-p 00000000 00:00 0 
7fa4dc021000-7fa4e0000000 ---p 00000000 00:00 0 
7fa4e4000000-7fa4e4021000 rw-p 00000000 00:00 0 
7fa4e4021000-7fa4e8000000 ---p 00000000 00:00 0 
7fa4e8f24000-7fa4e905e000 r--s 00db1000 08:01 3678007                    /home/gilmar/AndroidStudioProjects/Projeto/Alergia/app/build/intermediates/transforms/jarMerging/debug/jars/1/1f/combined.jar
7fa4e905e000-7fa4e905f000 ---p 00000000 00:00 0 
7fa4e905f000-7fa4e915f000 rw-p 00000000 00:00 0 
7fa4e915f000-7fa4e9162000 ---p 00000000 00:00 0 
7fa4e9162000-7fa4ec000000 rw-p 00000000 00:00 0 
7fa4ec000000-7fa4ec021000 rw-p 00000000 00:00 0 
7fa4ec021000-7fa4f0000000 ---p 00000000 00:00 0 
7fa4f00a6000-7fa4f00c7000 r--p 00000000 08:11 795147                     /usr/share/locale-langpack/pt_BR/LC_MESSAGES/libc.mo
7fa4f00c7000-7fa4f00f9000 rw-p 00000000 00:00 0 
7fa4f00f9000-7fa4f00fc000 ---p 00000000 00:00 0 
7fa4f00fc000-7fa4f01fa000 rw-p 00000000 00:00 0 
7fa4f01fa000-7fa4f01fd000 ---p 00000000 00:00 0 
7fa4f01fd000-7fa4f02fb000 rw-p 00000000 00:00 0 
7fa4f02fb000-7fa4f02fe000 ---p 00000000 00:00 0 
7fa4f02fe000-7fa4f03fc000 rw-p 00000000 00:00 0 
7fa4f03fc000-7fa4f03ff000 ---p 00000000 00:00 0 
7fa4f03ff000-7fa4f04fd000 rw-p 00000000 00:00 0 
7fa4f04fd000-7fa4f07d7000 r--p 00000000 08:11 261827                     /usr/lib/locale/locale-archive
7fa4f07d7000-7fa4f07da000 ---p 00000000 00:00 0 
7fa4f07da000-7fa4f08d8000 rw-p 00000000 00:00 0 
7fa4f08d8000-7fa4f08db000 ---p 00000000 00:00 0 
7fa4f08db000-7fa4f09d9000 rw-p 00000000 00:00 0 
7fa4f09d9000-7fa4f09da000 ---p 00000000 00:00 0 
7fa4f09da000-7fa4f1000000 rw-p 00000000 00:00 0 
7fa4f1000000-7fa4f1380000 rwxp 00000000 00:00 0 
7fa4f1380000-7fa500000000 ---p 00000000 00:00 0 
7fa500000000-7fa5003cb000 rw-p 00000000 00:00 0 
7fa5003cb000-7fa504000000 ---p 00000000 00:00 0 
7fa504004000-7fa504ac0000 rw-p 00000000 00:00 0 
7fa504ac0000-7fa504c99000 r--s 03d20000 08:11 556314                     /usr/lib/jvm/java-8-oracle/jre/lib/rt.jar
7fa504c99000-7fa5051cf000 rw-p 00000000 00:00 0 
7fa5051cf000-7fa50550f000 ---p 00000000 00:00 0 
7fa50550f000-7fa5057e9000 rw-p 00000000 00:00 0 
7fa5057e9000-7fa5057ea000 ---p 00000000 00:00 0 
7fa5057ea000-7fa5058ea000 rw-p 00000000 00:00 0 
7fa5058ea000-7fa5058eb000 ---p 00000000 00:00 0 
7fa5058eb000-7fa5059eb000 rw-p 00000000 00:00 0 
7fa5059eb000-7fa5059ec000 ---p 00000000 00:00 0 
7fa5059ec000-7fa505aec000 rw-p 00000000 00:00 0 
7fa505aec000-7fa505aed000 ---p 00000000 00:00 0 
7fa505aed000-7fa505c0c000 rw-p 00000000 00:00 0 
7fa505c0c000-7fa505dd4000 ---p 00000000 00:00 0 
7fa505dd4000-7fa505df3000 rw-p 00000000 00:00 0 
7fa505df3000-7fa505fba000 ---p 00000000 00:00 0 
7fa505fba000-7fa505fee000 rw-p 00000000 00:00 0 
7fa505fee000-7fa5060ae000 ---p 00000000 00:00 0 
7fa5060ae000-7fa5060bd000 rw-p 00000000 00:00 0 
7fa5060bd000-7fa50646f000 ---p 00000000 00:00 0 
7fa50646f000-7fa506489000 r-xp 00000000 08:11 556514                     /usr/lib/jvm/java-8-oracle/jre/lib/amd64/libzip.so
7fa506489000-7fa506689000 ---p 0001a000 08:11 556514                     /usr/lib/jvm/java-8-oracle/jre/lib/amd64/libzip.so
7fa506689000-7fa50668a000 rw-p 0001a000 08:11 556514                     /usr/lib/jvm/java-8-oracle/jre/lib/amd64/libzip.so
7fa50668a000-7fa506695000 r-xp 00000000 08:11 393976                     /lib/x86_64-linux-gnu/libnss_files-2.23.so
7fa506695000-7fa506894000 ---p 0000b000 08:11 393976                     /lib/x86_64-linux-gnu/libnss_files-2.23.so
7fa506894000-7fa506895000 r--p 0000a000 08:11 393976                     /lib/x86_64-linux-gnu/libnss_files-2.23.so
7fa506895000-7fa506896000 rw-p 0000b000 08:11 393976                     /lib/x86_64-linux-gnu/libnss_files-2.23.so
7fa506896000-7fa50689c000 rw-p 00000000 00:00 0 
7fa50689c000-7fa5068a7000 r-xp 00000000 08:11 393962                     /lib/x86_64-linux-gnu/libnss_nis-2.23.so
7fa5068a7000-7fa506aa6000 ---p 0000b000 08:11 393962                     /lib/x86_64-linux-gnu/libnss_nis-2.23.so
7fa506aa6000-7fa506aa7000 r--p 0000a000 08:11 393962                     /lib/x86_64-linux-gnu/libnss_nis-2.23.so
7fa506aa7000-7fa506aa8000 rw-p 0000b000 08:11 393962                     /lib/x86_64-linux-gnu/libnss_nis-2.23.so
7fa506aa8000-7fa506abe000 r-xp 00000000 08:11 393938                     /lib/x86_64-linux-gnu/libnsl-2.23.so
7fa506abe000-7fa506cbd000 ---p 00016000 08:11 393938                     /lib/x86_64-linux-gnu/libnsl-2.23.so
7fa506cbd000-7fa506cbe000 r--p 00015000 08:11 393938                     /lib/x86_64-linux-gnu/libnsl-2.23.so
7fa506cbe000-7fa506cbf000 rw-p 00016000 08:11 393938                     /lib/x86_64-linux-gnu/libnsl-2.23.so
7fa506cbf000-7fa506cc1000 rw-p 00000000 00:00 0 
7fa506cc1000-7fa506cc9000 r-xp 00000000 08:11 393921                     /lib/x86_64-linux-gnu/libnss_compat-2.23.so
7fa506cc9000-7fa506ec8000 ---p 00008000 08:11 393921                     /lib/x86_64-linux-gnu/libnss_compat-2.23.so
7fa506ec8000-7fa506ec9000 r--p 00007000 08:11 393921                     /lib/x86_64-linux-gnu/libnss_compat-2.23.so
7fa506ec9000-7fa506eca000 rw-p 00008000 08:11 393921                     /lib/x86_64-linux-gnu/libnss_compat-2.23.so
7fa506eca000-7fa506ef4000 r-xp 00000000 08:11 556509                     /usr/lib/jvm/java-8-oracle/jre/lib/amd64/libjava.so
7fa506ef4000-7fa5070f4000 ---p 0002a000 08:11 556509                     /usr/lib/jvm/java-8-oracle/jre/lib/amd64/libjava.so
7fa5070f4000-7fa5070f6000 rw-p 0002a000 08:11 556509                     /usr/lib/jvm/java-8-oracle/jre/lib/amd64/libjava.so
7fa5070f6000-7fa507103000 r-xp 00000000 08:11 556513                     /usr/lib/jvm/java-8-oracle/jre/lib/amd64/libverify.so
7fa507103000-7fa507303000 ---p 0000d000 08:11 556513                     /usr/lib/jvm/java-8-oracle/jre/lib/amd64/libverify.so
7fa507303000-7fa507305000 rw-p 0000d000 08:11 556513                     /usr/lib/jvm/java-8-oracle/jre/lib/amd64/libverify.so
7fa507305000-7fa50730c000 r-xp 00000000 08:11 394052                     /lib/x86_64-linux-gnu/librt-2.23.so
7fa50730c000-7fa50750b000 ---p 00007000 08:11 394052                     /lib/x86_64-linux-gnu/librt-2.23.so
7fa50750b000-7fa50750c000 r--p 00006000 08:11 394052                     /lib/x86_64-linux-gnu/librt-2.23.so
7fa50750c000-7fa50750d000 rw-p 00007000 08:11 394052                     /lib/x86_64-linux-gnu/librt-2.23.so
7fa50750d000-7fa507615000 r-xp 00000000 08:11 394040                     /lib/x86_64-linux-gnu/libm-2.23.so
7fa507615000-7fa507814000 ---p 00108000 08:11 394040                     /lib/x86_64-linux-gnu/libm-2.23.so
7fa507814000-7fa507815000 r--p 00107000 08:11 394040                     /lib/x86_64-linux-gnu/libm-2.23.so
7fa507815000-7fa507816000 rw-p 00108000 08:11 394040                     /lib/x86_64-linux-gnu/libm-2.23.so
7fa507816000-7fa5084d4000 r-xp 00000000 08:11 556492                     /usr/lib/jvm/java-8-oracle/jre/lib/amd64/server/libjvm.so
7fa5084d4000-7fa5086d3000 ---p 00cbe000 08:11 556492                     /usr/lib/jvm/java-8-oracle/jre/lib/amd64/server/libjvm.so
7fa5086d3000-7fa5087ac000 rw-p 00cbd000 08:11 556492                     /usr/lib/jvm/java-8-oracle/jre/lib/amd64/server/libjvm.so
7fa5087ac000-7fa5087f0000 rw-p 00000000 00:00 0 
7fa5087f0000-7fa5089af000 r-xp 00000000 08:11 394072                     /lib/x86_64-linux-gnu/libc-2.23.so
7fa5089af000-7fa508baf000 ---p 001bf000 08:11 394072                     /lib/x86_64-linux-gnu/libc-2.23.so
7fa508baf000-7fa508bb3000 r--p 001bf000 08:11 394072                     /lib/x86_64-linux-gnu/libc-2.23.so
7fa508bb3000-7fa508bb5000 rw-p 001c3000 08:11 394072                     /lib/x86_64-linux-gnu/libc-2.23.so
7fa508bb5000-7fa508bb9000 rw-p 00000000 00:00 0 
7fa508bb9000-7fa508bbc000 r-xp 00000000 08:11 394076                     /lib/x86_64-linux-gnu/libdl-2.23.so
7fa508bbc000-7fa508dbb000 ---p 00003000 08:11 394076                     /lib/x86_64-linux-gnu/libdl-2.23.so
7fa508dbb000-7fa508dbc000 r--p 00002000 08:11 394076                     /lib/x86_64-linux-gnu/libdl-2.23.so
7fa508dbc000-7fa508dbd000 rw-p 00003000 08:11 394076                     /lib/x86_64-linux-gnu/libdl-2.23.so
7fa508dbd000-7fa508dd2000 r-xp 00000000 08:11 556192                     /usr/lib/jvm/java-8-oracle/lib/amd64/jli/libjli.so
7fa508dd2000-7fa508fd2000 ---p 00015000 08:11 556192                     /usr/lib/jvm/java-8-oracle/lib/amd64/jli/libjli.so
7fa508fd2000-7fa508fd3000 rw-p 00015000 08:11 556192                     /usr/lib/jvm/java-8-oracle/lib/amd64/jli/libjli.so
7fa508fd3000-7fa508feb000 r-xp 00000000 08:11 394068                     /lib/x86_64-linux-gnu/libpthread-2.23.so
7fa508feb000-7fa5091ea000 ---p 00018000 08:11 394068                     /lib/x86_64-linux-gnu/libpthread-2.23.so
7fa5091ea000-7fa5091eb000 r--p 00017000 08:11 394068                     /lib/x86_64-linux-gnu/libpthread-2.23.so
7fa5091eb000-7fa5091ec000 rw-p 00018000 08:11 394068                     /lib/x86_64-linux-gnu/libpthread-2.23.so
7fa5091ec000-7fa5091f0000 rw-p 00000000 00:00 0 
7fa5091f0000-7fa509216000 r-xp 00000000 08:11 394056                     /lib/x86_64-linux-gnu/ld-2.23.so
7fa509225000-7fa50922c000 r--s 00000000 08:11 786490                     /usr/lib/x86_64-linux-gnu/gconv/gconv-modules.cache
7fa50922c000-7fa5092ed000 rw-p 00000000 00:00 0 
7fa5092ed000-7fa5092f0000 ---p 00000000 00:00 0 
7fa5092f0000-7fa5093f2000 rw-p 00000000 00:00 0 
7fa5093f2000-7fa5093fb000 r--s 0002a000 08:01 3679222                    /home/gilmar/AndroidStudioProjects/Projeto/Alergia/app/build/intermediates/multi-dex/debug/componentClasses.jar
7fa5093fb000-7fa509409000 r--s 000e0000 08:01 539526                     /home/gilmar/Android/Sdk/build-tools/25.0.0/lib/dx.jar
7fa509409000-7fa509411000 rw-s 00000000 08:11 131160                     /tmp/hsperfdata_gilmar/424
7fa509411000-7fa509412000 rw-p 00000000 00:00 0 
7fa509412000-7fa509413000 ---p 00000000 00:00 0 
7fa509413000-7fa509415000 rw-p 00000000 00:00 0 
7fa509415000-7fa509416000 r--p 00025000 08:11 394056                     /lib/x86_64-linux-gnu/ld-2.23.so
7fa509416000-7fa509417000 rw-p 00026000 08:11 394056                     /lib/x86_64-linux-gnu/ld-2.23.so
7fa509417000-7fa509418000 rw-p 00000000 00:00 0 
7ffe107eb000-7ffe1080c000 rw-p 00000000 00:00 0                          [stack]
7ffe1085b000-7ffe1085d000 r--p 00000000 00:00 0                          [vvar]
7ffe1085d000-7ffe1085f000 r-xp 00000000 00:00 0                          [vdso]
ffffffffff600000-ffffffffff601000 r-xp 00000000 00:00 0                  [vsyscall]

VM Arguments:
jvm_args: -Djava.awt.headless=true -Dfile.encoding=UTF-8 -Duser.country=BR -Duser.language=pt -Duser.variant 
java_command: com.android.multidex.ClassReferenceListBuilder /home/gilmar/AndroidStudioProjects/Projeto/Alergia/app/build/intermediates/multi-dex/debug/componentClasses.jar /home/gilmar/AndroidStudioProjects/Projeto/Alergia/app/build/intermediates/transforms/jarMerging/debug/jars/1/1f/combined.jar
java_class_path (initial): /home/gilmar/Android/Sdk/build-tools/25.0.0/lib/dx.jar
Launcher Type: SUN_STANDARD

Environment Variables:
JAVA_HOME=/usr/lib/jvm/java-7-oracle/jre/
PATH=/opt/apache-maven-3.3.3/bin:/usr/local/sbin:/usr/local/bin:/usr/sbin:/usr/bin:/sbin:/bin:/usr/games:/usr/local/games" JAVA_HOME=/usr/lib/jvm/java-7-oracle:/snap/bin
USERNAME=gilmar
LD_LIBRARY_PATH=/opt/android-studio/bin/.:
SHELL=/bin/bash
DISPLAY=:1

Signal Handlers:
SIGSEGV: [libjvm.so+0xaba2a0], sa_mask[0]=11111111011111111101111111111110, sa_flags=SA_RESTART|SA_SIGINFO
SIGBUS: [libjvm.so+0xaba2a0], sa_mask[0]=11111111011111111101111111111110, sa_flags=SA_RESTART|SA_SIGINFO
SIGFPE: [libjvm.so+0x917710], sa_mask[0]=11111111011111111101111111111110, sa_flags=SA_RESTART|SA_SIGINFO
SIGPIPE: [libjvm.so+0x917710], sa_mask[0]=11111111011111111101111111111110, sa_flags=SA_RESTART|SA_SIGINFO
SIGXFSZ: [libjvm.so+0x917710], sa_mask[0]=11111111011111111101111111111110, sa_flags=SA_RESTART|SA_SIGINFO
SIGILL: [libjvm.so+0x917710], sa_mask[0]=11111111011111111101111111111110, sa_flags=SA_RESTART|SA_SIGINFO
SIGUSR1: SIG_DFL, sa_mask[0]=00000000000000000000000000000000, sa_flags=none
SIGUSR2: [libjvm.so+0x918d40], sa_mask[0]=00100000000000000000000000000000, sa_flags=SA_RESTART|SA_SIGINFO
SIGHUP: [libjvm.so+0x91a140], sa_mask[0]=11111111011111111101111111111110, sa_flags=SA_RESTART|SA_SIGINFO
SIGINT: [libjvm.so+0x91a140], sa_mask[0]=11111111011111111101111111111110, sa_flags=SA_RESTART|SA_SIGINFO
SIGTERM: [libjvm.so+0x91a140], sa_mask[0]=11111111011111111101111111111110, sa_flags=SA_RESTART|SA_SIGINFO
SIGQUIT: [libjvm.so+0x91a140], sa_mask[0]=11111111011111111101111111111110, sa_flags=SA_RESTART|SA_SIGINFO


---------------  S Y S T E M  ---------------

OS:DISTRIB_ID=Ubuntu
DISTRIB_RELEASE=16.04
DISTRIB_CODENAME=xenial
DISTRIB_DESCRIPTION="Ubuntu 16.04.1 LTS"

uname:Linux 4.4.0-45-generic #66-Ubuntu SMP Wed Oct 19 14:12:37 UTC 2016 x86_64
libc:glibc 2.23 NPTL 2.23 
rlimit: STACK 8192k, CORE 0k, NPROC 23179, NOFILE 65536, AS infinity
load average:0,84 0,85 1,02

/proc/meminfo:
MemTotal:        5974456 kB
MemFree:          144412 kB
MemAvailable:      50936 kB
Buffers:            1008 kB
Cached:           508512 kB
SwapCached:            0 kB
Active:          5139820 kB
Inactive:         455948 kB
Active(anon):    5132444 kB
Inactive(anon):   445868 kB
Active(file):       7376 kB
Inactive(file):    10080 kB
Unevictable:         100 kB
Mlocked:             100 kB
SwapTotal:             0 kB
SwapFree:              0 kB
Dirty:               312 kB
Writeback:             0 kB
AnonPages:       5086844 kB
Mapped:           253864 kB
Shmem:            491520 kB
Slab:              97996 kB
SReclaimable:      51152 kB
SUnreclaim:        46844 kB
KernelStack:       12912 kB
PageTables:        56584 kB
NFS_Unstable:          0 kB
Bounce:                0 kB
WritebackTmp:          0 kB
CommitLimit:     2987228 kB
Committed_AS:   11183632 kB
VmallocTotal:   34359738367 kB
VmallocUsed:           0 kB
VmallocChunk:          0 kB
HardwareCorrupted:     0 kB
AnonHugePages:   3080192 kB
CmaTotal:              0 kB
CmaFree:               0 kB
HugePages_Total:       0
HugePages_Free:        0
HugePages_Rsvd:        0
HugePages_Surp:        0
Hugepagesize:       2048 kB
DirectMap4k:      211856 kB
DirectMap2M:     5943296 kB


CPU:total 4 (2 cores per cpu, 2 threads per core) family 6 model 58 stepping 9, cmov, cx8, fxsr, mmx, sse, sse2, sse3, ssse3, sse4.1, sse4.2, popcnt, avx, aes, clmul, erms, ht, tsc, tscinvbit, tscinv

/proc/cpuinfo:
processor	: 0
vendor_id	: GenuineIntel
cpu family	: 6
model		: 58
model name	: Intel(R) Core(TM) i5-3337U CPU @ 1.80GHz
stepping	: 9
microcode	: 0x1c
cpu MHz		: 1530.703
cache size	: 3072 KB
physical id	: 0
siblings	: 4
core id		: 0
cpu cores	: 2
apicid		: 0
initial apicid	: 0
fpu		: yes
fpu_exception	: yes
cpuid level	: 13
wp		: yes
flags		: fpu vme de pse tsc msr pae mce cx8 apic sep mtrr pge mca cmov pat pse36 clflush dts acpi mmx fxsr sse sse2 ss ht tm pbe syscall nx rdtscp lm constant_tsc arch_perfmon pebs bts rep_good nopl xtopology nonstop_tsc aperfmperf eagerfpu pni pclmulqdq dtes64 monitor ds_cpl vmx est tm2 ssse3 cx16 xtpr pdcm pcid sse4_1 sse4_2 x2apic popcnt tsc_deadline_timer aes xsave avx f16c rdrand lahf_lm epb tpr_shadow vnmi flexpriority ept vpid fsgsbase smep erms xsaveopt dtherm ida arat pln pts
bugs		:
bogomips	: 3591.51
clflush size	: 64
cache_alignment	: 64
address sizes	: 36 bits physical, 48 bits virtual
power management:

processor	: 1
vendor_id	: GenuineIntel
cpu family	: 6
model		: 58
model name	: Intel(R) Core(TM) i5-3337U CPU @ 1.80GHz
stepping	: 9
microcode	: 0x1c
cpu MHz		: 1787.625
cache size	: 3072 KB
physical id	: 0
siblings	: 4
core id		: 1
cpu cores	: 2
apicid		: 2
initial apicid	: 2
fpu		: yes
fpu_exception	: yes
cpuid level	: 13
wp		: yes
flags		: fpu vme de pse tsc msr pae mce cx8 apic sep mtrr pge mca cmov pat pse36 clflush dts acpi mmx fxsr sse sse2 ss ht tm pbe syscall nx rdtscp lm constant_tsc arch_perfmon pebs bts rep_good nopl xtopology nonstop_tsc aperfmperf eagerfpu pni pclmulqdq dtes64 monitor ds_cpl vmx est tm2 ssse3 cx16 xtpr pdcm pcid sse4_1 sse4_2 x2apic popcnt tsc_deadline_timer aes xsave avx f16c rdrand lahf_lm epb tpr_shadow vnmi flexpriority ept vpid fsgsbase smep erms xsaveopt dtherm ida arat pln pts
bugs		:
bogomips	: 3591.51
clflush size	: 64
cache_alignment	: 64
address sizes	: 36 bits physical, 48 bits virtual
power management:

processor	: 2
vendor_id	: GenuineIntel
cpu family	: 6
model		: 58
model name	: Intel(R) Core(TM) i5-3337U CPU @ 1.80GHz
stepping	: 9
microcode	: 0x1c
cpu MHz		: 1743.890
cache size	: 3072 KB
physical id	: 0
siblings	: 4
core id		: 0
cpu cores	: 2
apicid		: 1
initial apicid	: 1
fpu		: yes
fpu_exception	: yes
cpuid level	: 13
wp		: yes
flags		: fpu vme de pse tsc msr pae mce cx8 apic sep mtrr pge mca cmov pat pse36 clflush dts acpi mmx fxsr sse sse2 ss ht tm pbe syscall nx rdtscp lm constant_tsc arch_perfmon pebs bts rep_good nopl xtopology nonstop_tsc aperfmperf eagerfpu pni pclmulqdq dtes64 monitor ds_cpl vmx est tm2 ssse3 cx16 xtpr pdcm pcid sse4_1 sse4_2 x2apic popcnt tsc_deadline_timer aes xsave avx f16c rdrand lahf_lm epb tpr_shadow vnmi flexpriority ept vpid fsgsbase smep erms xsaveopt dtherm ida arat pln pts
bugs		:
bogomips	: 3591.51
clflush size	: 64
cache_alignment	: 64
address sizes	: 36 bits physical, 48 bits virtual
power management:

processor	: 3
vendor_id	: GenuineIntel
cpu family	: 6
model		: 58
model name	: Intel(R) Core(TM) i5-3337U CPU @ 1.80GHz
stepping	: 9
microcode	: 0x1c
cpu MHz		: 1779.750
cache size	: 3072 KB
physical id	: 0
siblings	: 4
core id		: 1
cpu cores	: 2
apicid		: 3
initial apicid	: 3
fpu		: yes
fpu_exception	: yes
cpuid level	: 13
wp		: yes
flags		: fpu vme de pse tsc msr pae mce cx8 apic sep mtrr pge mca cmov pat pse36 clflush dts acpi mmx fxsr sse sse2 ss ht tm pbe syscall nx rdtscp lm constant_tsc arch_perfmon pebs bts rep_good nopl xtopology nonstop_tsc aperfmperf eagerfpu pni pclmulqdq dtes64 monitor ds_cpl vmx est tm2 ssse3 cx16 xtpr pdcm pcid sse4_1 sse4_2 x2apic popcnt tsc_deadline_timer aes xsave avx f16c rdrand lahf_lm epb tpr_shadow vnmi flexpriority ept vpid fsgsbase smep erms xsaveopt dtherm ida arat pln pts
bugs		:
bogomips	: 3591.51
clflush size	: 64
cache_alignment	: 64
address sizes	: 36 bits physical, 48 bits virtual
power management:



Memory: 4k page, physical 5974456k(144412k free), swap 0k(0k free)

vm_info: Java HotSpot(TM) 64-Bit Server VM (25.66-b17) for linux-amd64 JRE (1.8.0_66-b17), built on Oct  6 2015 17:28:34 by "java_re" with gcc 4.3.0 20080428 (Red Hat 4.3.0-8)

time: Fri Oct 28 16:05:41 2016
elapsed time: 2 seconds (0d 0h 0m 2s)

