#
# There is insufficient memory for the Java Runtime Environment to continue.
# Native memory allocation (mmap) failed to map 273678336 bytes for committing reserved memory.
# Possible reasons:
#   The system is out of physical RAM or swap space
#   In 32 bit mode, the process size limit was hit
# Possible solutions:
#   Reduce memory load on the system
#   Increase physical memory or swap space
#   Check if swap backing store is full
#   Use 64 bit Java on a 64 bit OS
#   Decrease Java heap size (-Xmx/-Xms)
#   Decrease number of Java threads
#   Decrease Java thread stack sizes (-Xss)
#   Set larger code cache with -XX:ReservedCodeCacheSize=
# This output file may be truncated or incomplete.
#
#  Out of Memory Error (os_linux.cpp:2627), pid=10489, tid=139819587794688
#
# JRE version: Java(TM) SE Runtime Environment (8.0_66-b17) (build 1.8.0_66-b17)
# Java VM: Java HotSpot(TM) 64-Bit Server VM (25.66-b17 mixed mode linux-amd64 compressed oops)
# Failed to write core dump. Core dumps have been disabled. To enable core dumping, try "ulimit -c unlimited" before starting Java again
#

---------------  T H R E A D  ---------------

Current thread (0x00007f2a5c078000):  VMThread [stack: 0x00007f2a48ccf000,0x00007f2a48dd0000] [id=10498]

Stack: [0x00007f2a48ccf000,0x00007f2a48dd0000],  sp=0x00007f2a48dce0a0,  free space=1020k
Native frames: (J=compiled Java code, j=interpreted, Vv=VM code, C=native code)
V  [libjvm.so+0xab9a1a]  VMError::report_and_die()+0x2ba
V  [libjvm.so+0x4f9e0b]  report_vm_out_of_memory(char const*, int, unsigned long, VMErrorType, char const*)+0x8b
V  [libjvm.so+0x91a8a3]  os::Linux::commit_memory_impl(char*, unsigned long, bool)+0x103
V  [libjvm.so+0x91adf9]  os::pd_commit_memory(char*, unsigned long, unsigned long, bool)+0x29
V  [libjvm.so+0x91510a]  os::commit_memory(char*, unsigned long, unsigned long, bool)+0x2a
V  [libjvm.so+0x9887a3]  PSVirtualSpace::expand_by(unsigned long)+0x53
V  [libjvm.so+0x989ba8]  PSYoungGen::resize_generation(unsigned long, unsigned long)+0xf8
V  [libjvm.so+0x988d02]  PSYoungGen::resize(unsigned long, unsigned long)+0x22
V  [libjvm.so+0x985fdb]  PSScavenge::invoke_no_policy()+0xf3b
V  [libjvm.so+0x986761]  PSScavenge::invoke()+0x41
V  [libjvm.so+0x93e500]  ParallelScavengeHeap::failed_mem_allocate(unsigned long)+0x70
V  [libjvm.so+0xabb437]  VM_ParallelGCFailedAllocation::doit()+0x97
V  [libjvm.so+0xac2e65]  VM_Operation::evaluate()+0x55
V  [libjvm.so+0xac123a]  VMThread::evaluate_operation(VM_Operation*)+0xba
V  [libjvm.so+0xac15be]  VMThread::loop()+0x1ce
V  [libjvm.so+0xac1a30]  VMThread::run()+0x70
V  [libjvm.so+0x91cc68]  java_start(Thread*)+0x108

VM_Operation (0x00007f2a61ee23c0): ParallelGCFailedAllocation, mode: safepoint, requested by thread 0x00007f2a5c00a000


---------------  P R O C E S S  ---------------

Java Threads: ( => current thread )
  0x00007f2a5c0ca000 JavaThread "Service Thread" daemon [_thread_blocked, id=10505, stack(0x00007f2a482ee000,0x00007f2a483ef000)]
  0x00007f2a5c0bd000 JavaThread "C1 CompilerThread2" daemon [_thread_blocked, id=10504, stack(0x00007f2a483ef000,0x00007f2a484f0000)]
  0x00007f2a5c0bb000 JavaThread "C2 CompilerThread1" daemon [_thread_blocked, id=10503, stack(0x00007f2a484f0000,0x00007f2a485f1000)]
  0x00007f2a5c0b8000 JavaThread "C2 CompilerThread0" daemon [_thread_blocked, id=10502, stack(0x00007f2a485f1000,0x00007f2a486f2000)]
  0x00007f2a5c0b6800 JavaThread "Signal Dispatcher" daemon [_thread_blocked, id=10501, stack(0x00007f2a486f2000,0x00007f2a487f3000)]
  0x00007f2a5c07f000 JavaThread "Finalizer" daemon [_thread_blocked, id=10500, stack(0x00007f2a48acd000,0x00007f2a48bce000)]
  0x00007f2a5c07d000 JavaThread "Reference Handler" daemon [_thread_blocked, id=10499, stack(0x00007f2a48bce000,0x00007f2a48ccf000)]
  0x00007f2a5c00a000 JavaThread "main" [_thread_blocked, id=10493, stack(0x00007f2a61de3000,0x00007f2a61ee4000)]

Other Threads:
=>0x00007f2a5c078000 VMThread [stack: 0x00007f2a48ccf000,0x00007f2a48dd0000] [id=10498]
  0x00007f2a5c0cd000 WatcherThread [stack: 0x00007f2a481ed000,0x00007f2a482ee000] [id=10506]

VM state:at safepoint (normal execution)

VM Mutex/Monitor currently owned by a thread:  ([mutex/lock_event])
[0x00007f2a5c006410] Threads_lock - owner thread: 0x00007f2a5c078000
[0x00007f2a5c006910] Heap_lock - owner thread: 0x00007f2a5c00a000

Heap:
 PSYoungGen      total 200192K, used 7653K [0x0000000782180000, 0x000000078ec80000, 0x00000007c0000000)
  eden space 192512K, 0% used [0x0000000782180000,0x0000000782180000,0x000000078dd80000)
  from space 7680K, 99% used [0x000000078dd80000,0x000000078e4f9698,0x000000078e500000)
  to   space 7680K, 0% used [0x000000078e500000,0x000000078e500000,0x000000078ec80000)
 ParOldGen       total 126976K, used 67959K [0x0000000706400000, 0x000000070e000000, 0x0000000782180000)
  object space 126976K, 53% used [0x0000000706400000,0x000000070a65dd68,0x000000070e000000)
 Metaspace       used 3681K, capacity 5144K, committed 5376K, reserved 1056768K
  class space    used 388K, capacity 456K, committed 512K, reserved 1048576K

Card table byte_map: [0x00007f2a4b5d3000,0x00007f2a4bba2000] byte_map_base: 0x00007f2a47da1000

Marking Bits: (ParMarkBitMap*) 0x00007f2a612bb020
 Begin Bits: [0x00007f2a26320000, 0x00007f2a29190000)
 End Bits:   [0x00007f2a29190000, 0x00007f2a2c000000)

Polling page: 0x00007f2a61f08000

CodeCache: size=245760Kb used=4089Kb max_used=4103Kb free=241670Kb
 bounds [0x00007f2a4bf62000, 0x00007f2a4c372000, 0x00007f2a5af62000]
 total_blobs=915 nmethods=668 adapters=161
 compilation: enabled

Compilation events (10 events):
Event: 4,809 Thread 0x00007f2a5c0bd000 nmethod 670 0x00007f2a4c3264d0 code [0x00007f2a4c326640, 0x00007f2a4c326870]
Event: 4,832 Thread 0x00007f2a5c0bd000  671       3       java.util.Objects::requireNonNull (15 bytes)
Event: 4,833 Thread 0x00007f2a5c0bd000 nmethod 671 0x00007f2a4c28df90 code [0x00007f2a4c28e100, 0x00007f2a4c28e328]
Event: 4,836 Thread 0x00007f2a5c0bb000 nmethod 665% 0x00007f2a4c366150 code [0x00007f2a4c366500, 0x00007f2a4c368480]
Event: 4,877 Thread 0x00007f2a5c0bd000  672       3       java.util.zip.ZipUtils::get32 (23 bytes)
Event: 4,878 Thread 0x00007f2a5c0bd000 nmethod 672 0x00007f2a4c33ff90 code [0x00007f2a4c340120, 0x00007f2a4c340530]
Event: 4,878 Thread 0x00007f2a5c0bd000  673       3       java.util.zip.ZipUtils::unixTimeToFileTime (8 bytes)
Event: 4,878 Thread 0x00007f2a5c0bd000 nmethod 673 0x00007f2a4c28d910 code [0x00007f2a4c28daa0, 0x00007f2a4c28ddf0]
Event: 4,878 Thread 0x00007f2a5c0bd000  674       3       java.nio.file.attribute.FileTime::from (18 bytes)
Event: 4,879 Thread 0x00007f2a5c0bd000 nmethod 674 0x00007f2a4c33f850 code [0x00007f2a4c33f9e0, 0x00007f2a4c33fda8]

GC Heap History (9 events):
Event: 1,279 GC heap before
{Heap before GC invocations=1 (full 0):
 PSYoungGen      total 55808K, used 48128K [0x0000000782180000, 0x0000000785f80000, 0x00000007c0000000)
  eden space 48128K, 100% used [0x0000000782180000,0x0000000785080000,0x0000000785080000)
  from space 7680K, 0% used [0x0000000785800000,0x0000000785800000,0x0000000785f80000)
  to   space 7680K, 0% used [0x0000000785080000,0x0000000785080000,0x0000000785800000)
 ParOldGen       total 126976K, used 0K [0x0000000706400000, 0x000000070e000000, 0x0000000782180000)
  object space 126976K, 0% used [0x0000000706400000,0x0000000706400000,0x000000070e000000)
 Metaspace       used 3645K, capacity 5144K, committed 5376K, reserved 1056768K
  class space    used 384K, capacity 456K, committed 512K, reserved 1048576K
Event: 1,319 GC heap after
Heap after GC invocations=1 (full 0):
 PSYoungGen      total 55808K, used 5706K [0x0000000782180000, 0x0000000788e80000, 0x00000007c0000000)
  eden space 48128K, 0% used [0x0000000782180000,0x0000000782180000,0x0000000785080000)
  from space 7680K, 74% used [0x0000000785080000,0x0000000785612a60,0x0000000785800000)
  to   space 7680K, 0% used [0x0000000788700000,0x0000000788700000,0x0000000788e80000)
 ParOldGen       total 126976K, used 8K [0x0000000706400000, 0x000000070e000000, 0x0000000782180000)
  object space 126976K, 0% used [0x0000000706400000,0x0000000706402000,0x000000070e000000)
 Metaspace       used 3645K, capacity 5144K, committed 5376K, reserved 1056768K
  class space    used 384K, capacity 456K, committed 512K, reserved 1048576K
}
Event: 1,760 GC heap before
{Heap before GC invocations=2 (full 0):
 PSYoungGen      total 55808K, used 53834K [0x0000000782180000, 0x0000000788e80000, 0x00000007c0000000)
  eden space 48128K, 100% used [0x0000000782180000,0x0000000785080000,0x0000000785080000)
  from space 7680K, 74% used [0x0000000785080000,0x0000000785612a60,0x0000000785800000)
  to   space 7680K, 0% used [0x0000000788700000,0x0000000788700000,0x0000000788e80000)
 ParOldGen       total 126976K, used 8K [0x0000000706400000, 0x000000070e000000, 0x0000000782180000)
  object space 126976K, 0% used [0x0000000706400000,0x0000000706402000,0x000000070e000000)
 Metaspace       used 3674K, capacity 5144K, committed 5376K, reserved 1056768K
  class space    used 388K, capacity 456K, committed 512K, reserved 1048576K
Event: 1,819 GC heap after
Heap after GC invocations=2 (full 0):
 PSYoungGen      total 103936K, used 7675K [0x0000000782180000, 0x0000000788e80000, 0x00000007c0000000)
  eden space 96256K, 0% used [0x0000000782180000,0x0000000782180000,0x0000000787f80000)
  from space 7680K, 99% used [0x0000000788700000,0x0000000788e7eca8,0x0000000788e80000)
  to   space 7680K, 0% used [0x0000000787f80000,0x0000000787f80000,0x0000000788700000)
 ParOldGen       total 126976K, used 3701K [0x0000000706400000, 0x000000070e000000, 0x0000000782180000)
  object space 126976K, 2% used [0x0000000706400000,0x000000070679d498,0x000000070e000000)
 Metaspace       used 3674K, capacity 5144K, committed 5376K, reserved 1056768K
  class space    used 388K, capacity 456K, committed 512K, reserved 1048576K
}
Event: 2,840 GC heap before
{Heap before GC invocations=3 (full 0):
 PSYoungGen      total 103936K, used 103931K [0x0000000782180000, 0x0000000788e80000, 0x00000007c0000000)
  eden space 96256K, 100% used [0x0000000782180000,0x0000000787f80000,0x0000000787f80000)
  from space 7680K, 99% used [0x0000000788700000,0x0000000788e7eca8,0x0000000788e80000)
  to   space 7680K, 0% used [0x0000000787f80000,0x0000000787f80000,0x0000000788700000)
 ParOldGen       total 126976K, used 3701K [0x0000000706400000, 0x000000070e000000, 0x0000000782180000)
  object space 126976K, 2% used [0x0000000706400000,0x000000070679d498,0x000000070e000000)
 Metaspace       used 3678K, capacity 5144K, committed 5376K, reserved 1056768K
  class space    used 388K, capacity 456K, committed 512K, reserved 1048576K
Event: 2,891 GC heap after
Heap after GC invocations=3 (full 0):
 PSYoungGen      total 103936K, used 7652K [0x0000000782180000, 0x000000078ec80000, 0x00000007c0000000)
  eden space 96256K, 0% used [0x0000000782180000,0x0000000782180000,0x0000000787f80000)
  from space 7680K, 99% used [0x0000000787f80000,0x00000007886f9050,0x0000000788700000)
  to   space 7680K, 0% used [0x000000078e500000,0x000000078e500000,0x000000078ec80000)
 ParOldGen       total 126976K, used 19407K [0x0000000706400000, 0x000000070e000000, 0x0000000782180000)
  object space 126976K, 15% used [0x0000000706400000,0x00000007076f3e40,0x000000070e000000)
 Metaspace       used 3678K, capacity 5144K, committed 5376K, reserved 1056768K
  class space    used 388K, capacity 456K, committed 512K, reserved 1048576K
}
Event: 3,438 GC heap before
{Heap before GC invocations=4 (full 0):
 PSYoungGen      total 103936K, used 103908K [0x0000000782180000, 0x000000078ec80000, 0x00000007c0000000)
  eden space 96256K, 100% used [0x0000000782180000,0x0000000787f80000,0x0000000787f80000)
  from space 7680K, 99% used [0x0000000787f80000,0x00000007886f9050,0x0000000788700000)
  to   space 7680K, 0% used [0x000000078e500000,0x000000078e500000,0x000000078ec80000)
 ParOldGen       total 126976K, used 19407K [0x0000000706400000, 0x000000070e000000, 0x0000000782180000)
  object space 126976K, 15% used [0x0000000706400000,0x00000007076f3e40,0x000000070e000000)
 Metaspace       used 3681K, capacity 5144K, committed 5376K, reserved 1056768K
  class space    used 388K, capacity 456K, committed 512K, reserved 1048576K
Event: 3,501 GC heap after
Heap after GC invocations=4 (full 0):
 PSYoungGen      total 200192K, used 7664K [0x0000000782180000, 0x000000078ec80000, 0x00000007c0000000)
  eden space 192512K, 0% used [0x0000000782180000,0x0000000782180000,0x000000078dd80000)
  from space 7680K, 99% used [0x000000078e500000,0x000000078ec7c040,0x000000078ec80000)
  to   space 7680K, 0% used [0x000000078dd80000,0x000000078dd80000,0x000000078e500000)
 ParOldGen       total 126976K, used 35165K [0x0000000706400000, 0x000000070e000000, 0x0000000782180000)
  object space 126976K, 27% used [0x0000000706400000,0x0000000708657470,0x000000070e000000)
 Metaspace       used 3681K, capacity 5144K, committed 5376K, reserved 1056768K
  class space    used 388K, capacity 456K, committed 512K, reserved 1048576K
}
Event: 4,914 GC heap before
{Heap before GC invocations=5 (full 0):
 PSYoungGen      total 200192K, used 200176K [0x0000000782180000, 0x000000078ec80000, 0x00000007c0000000)
  eden space 192512K, 100% used [0x0000000782180000,0x000000078dd80000,0x000000078dd80000)
  from space 7680K, 99% used [0x000000078e500000,0x000000078ec7c040,0x000000078ec80000)
  to   space 7680K, 0% used [0x000000078dd80000,0x000000078dd80000,0x000000078e500000)
 ParOldGen       total 126976K, used 35165K [0x0000000706400000, 0x000000070e000000, 0x0000000782180000)
  object space 126976K, 27% used [0x0000000706400000,0x0000000708657470,0x000000070e000000)
 Metaspace       used 3681K, capacity 5144K, committed 5376K, reserved 1056768K
  class space    used 388K, capacity 456K, committed 512K, reserved 1048576K

Deoptimization events (6 events):
Event: 0,549 Thread 0x00007f2a5c00a000 Uncommon trap: reason=unstable_if action=reinterpret pc=0x00007f2a4c0e3608 method=java.lang.String.<init>([CII)V @ 18
Event: 1,009 Thread 0x00007f2a5c00a000 Uncommon trap: reason=unloaded action=reinterpret pc=0x00007f2a4c1a9158 method=com.android.dx.cf.cst.ConstantPoolParser.parse0(ILjava/util/BitSet;)Lcom/android/dx/rop/cst/Constant; @ 176
Event: 3,993 Thread 0x00007f2a5c00a000 Uncommon trap: reason=class_check action=maybe_recompile pc=0x00007f2a4c248204 method=com.android.dx.cf.attrib.AttConstantValue.<init>(Lcom/android/dx/rop/cst/TypedConstant;)V @ 28
Event: 3,993 Thread 0x00007f2a5c00a000 Uncommon trap: reason=class_check action=maybe_recompile pc=0x00007f2a4c248204 method=com.android.dx.cf.attrib.AttConstantValue.<init>(Lcom/android/dx/rop/cst/TypedConstant;)V @ 28
Event: 3,993 Thread 0x00007f2a5c00a000 Uncommon trap: reason=class_check action=maybe_recompile pc=0x00007f2a4c248204 method=com.android.dx.cf.attrib.AttConstantValue.<init>(Lcom/android/dx/rop/cst/TypedConstant;)V @ 28
Event: 3,993 Thread 0x00007f2a5c00a000 Uncommon trap: reason=class_check action=maybe_recompile pc=0x00007f2a4c248204 method=com.android.dx.cf.attrib.AttConstantValue.<init>(Lcom/android/dx/rop/cst/TypedConstant;)V @ 28

Internal exceptions (2 events):
Event: 0,076 Thread 0x00007f2a5c00a000 Exception <a 'java/lang/NoSuchMethodError': Method sun.misc.Unsafe.defineClass(Ljava/lang/String;[BII)Ljava/lang/Class; name or signature does not match> (0x0000000782192b90) thrown at [/HUDSON/workspace/8-2-build-linux-amd64/jdk8u66/4988/hotspot/src/shar
Event: 0,076 Thread 0x00007f2a5c00a000 Exception <a 'java/lang/NoSuchMethodError': Method sun.misc.Unsafe.prefetchRead(Ljava/lang/Object;J)V name or signature does not match> (0x0000000782192e78) thrown at [/HUDSON/workspace/8-2-build-linux-amd64/jdk8u66/4988/hotspot/src/share/vm/prims/jni.cpp

Events (10 events):
Event: 3,993 Thread 0x00007f2a5c00a000 DEOPT UNPACKING pc=0x00007f2a4bf67229 sp=0x00007f2a61ee22d8 mode 2
Event: 4,267 Executing VM operation: EnableBiasedLocking
Event: 4,267 Executing VM operation: EnableBiasedLocking done
Event: 4,711 Thread 0x00007f2a5c00a000 DEOPT PACKING pc=0x00007f2a4c321dbc sp=0x00007f2a61ee26a0
Event: 4,711 Thread 0x00007f2a5c00a000 DEOPT UNPACKING pc=0x00007f2a4bfa9633 sp=0x00007f2a61ee24c0 mode 0
Event: 4,772 Thread 0x00007f2a5c00a000 DEOPT PACKING pc=0x00007f2a4c2870ed sp=0x00007f2a61ee2430
Event: 4,772 Thread 0x00007f2a5c00a000 DEOPT UNPACKING pc=0x00007f2a4bfa9633 sp=0x00007f2a61ee2138 mode 0
Event: 4,774 Thread 0x00007f2a5c00a000 DEOPT PACKING pc=0x00007f2a4c2fd80a sp=0x00007f2a61ee2410
Event: 4,774 Thread 0x00007f2a5c00a000 DEOPT UNPACKING pc=0x00007f2a4bfa9633 sp=0x00007f2a61ee2138 mode 0
Event: 4,914 Executing VM operation: ParallelGCFailedAllocation


Dynamic libraries:
00400000-00401000 r-xp 00000000 08:11 270464                             /usr/lib/jvm/java-8-oracle/bin/java
00600000-00601000 rw-p 00000000 08:11 270464                             /usr/lib/jvm/java-8-oracle/bin/java
016f7000-01718000 rw-p 00000000 00:00 0                                  [heap]
706400000-70e000000 rw-p 00000000 00:00 0 
70e000000-782180000 ---p 00000000 00:00 0 
782180000-78ec80000 rw-p 00000000 00:00 0 
79f180000-7c0000000 ---p 00000000 00:00 0 
7c0000000-7c0080000 rw-p 00000000 00:00 0 
7c0080000-800000000 ---p 00000000 00:00 0 
7f2a00000000-7f2a00021000 rw-p 00000000 00:00 0 
7f2a00021000-7f2a04000000 ---p 00000000 00:00 0 
7f2a08000000-7f2a087b7000 rw-p 00000000 00:00 0 
7f2a087b7000-7f2a0c000000 ---p 00000000 00:00 0 
7f2a0c000000-7f2a0c021000 rw-p 00000000 00:00 0 
7f2a0c021000-7f2a10000000 ---p 00000000 00:00 0 
7f2a10000000-7f2a11a0e000 rw-p 00000000 00:00 0 
7f2a11a0e000-7f2a14000000 ---p 00000000 00:00 0 
7f2a14000000-7f2a15fc7000 rw-p 00000000 00:00 0 
7f2a15fc7000-7f2a18000000 ---p 00000000 00:00 0 
7f2a18000000-7f2a18021000 rw-p 00000000 00:00 0 
7f2a18021000-7f2a1c000000 ---p 00000000 00:00 0 
7f2a1c000000-7f2a1c021000 rw-p 00000000 00:00 0 
7f2a1c021000-7f2a20000000 ---p 00000000 00:00 0 
7f2a20000000-7f2a20021000 rw-p 00000000 00:00 0 
7f2a20021000-7f2a24000000 ---p 00000000 00:00 0 
7f2a26320000-7f2a2c000000 rw-p 00000000 00:00 0 
7f2a2c000000-7f2a2c021000 rw-p 00000000 00:00 0 
7f2a2c021000-7f2a30000000 ---p 00000000 00:00 0 
7f2a30000000-7f2a30297000 rw-p 00000000 00:00 0 
7f2a30297000-7f2a34000000 ---p 00000000 00:00 0 
7f2a34000000-7f2a34021000 rw-p 00000000 00:00 0 
7f2a34021000-7f2a38000000 ---p 00000000 00:00 0 
7f2a3c000000-7f2a3c021000 rw-p 00000000 00:00 0 
7f2a3c021000-7f2a40000000 ---p 00000000 00:00 0 
7f2a44000000-7f2a44021000 rw-p 00000000 00:00 0 
7f2a44021000-7f2a48000000 ---p 00000000 00:00 0 
7f2a48062000-7f2a48083000 r--p 00000000 08:11 795147                     /usr/share/locale-langpack/pt_BR/LC_MESSAGES/libc.mo
7f2a48083000-7f2a480b5000 rw-p 00000000 00:00 0 
7f2a480b5000-7f2a481ed000 r--s 00dc1000 08:01 3806744                    /home/gilmar/AndroidStudioProjects/Projeto/Alergia/app/build/intermediates/transforms/jarMerging/debug/jars/1/1f/combined.jar
7f2a481ed000-7f2a481ee000 ---p 00000000 00:00 0 
7f2a481ee000-7f2a482ee000 rw-p 00000000 00:00 0 
7f2a482ee000-7f2a482f1000 ---p 00000000 00:00 0 
7f2a482f1000-7f2a483ef000 rw-p 00000000 00:00 0 
7f2a483ef000-7f2a483f2000 ---p 00000000 00:00 0 
7f2a483f2000-7f2a484f0000 rw-p 00000000 00:00 0 
7f2a484f0000-7f2a484f3000 ---p 00000000 00:00 0 
7f2a484f3000-7f2a485f1000 rw-p 00000000 00:00 0 
7f2a485f1000-7f2a485f4000 ---p 00000000 00:00 0 
7f2a485f4000-7f2a486f2000 rw-p 00000000 00:00 0 
7f2a486f2000-7f2a486f5000 ---p 00000000 00:00 0 
7f2a486f5000-7f2a487f3000 rw-p 00000000 00:00 0 
7f2a487f3000-7f2a48acd000 r--p 00000000 08:11 261827                     /usr/lib/locale/locale-archive
7f2a48acd000-7f2a48ad0000 ---p 00000000 00:00 0 
7f2a48ad0000-7f2a48bce000 rw-p 00000000 00:00 0 
7f2a48bce000-7f2a48bd1000 ---p 00000000 00:00 0 
7f2a48bd1000-7f2a48ccf000 rw-p 00000000 00:00 0 
7f2a48ccf000-7f2a48cd0000 ---p 00000000 00:00 0 
7f2a48cd0000-7f2a49dd3000 rw-p 00000000 00:00 0 
7f2a49dd3000-7f2a49fac000 r--s 03d20000 08:11 556314                     /usr/lib/jvm/java-8-oracle/jre/lib/rt.jar
7f2a49fac000-7f2a4a4e2000 rw-p 00000000 00:00 0 
7f2a4a4e2000-7f2a4a822000 ---p 00000000 00:00 0 
7f2a4a822000-7f2a4adf0000 rw-p 00000000 00:00 0 
7f2a4adf0000-7f2a4adf1000 ---p 00000000 00:00 0 
7f2a4adf1000-7f2a4aef1000 rw-p 00000000 00:00 0 
7f2a4aef1000-7f2a4aef2000 ---p 00000000 00:00 0 
7f2a4aef2000-7f2a4aff2000 rw-p 00000000 00:00 0 
7f2a4aff2000-7f2a4aff3000 ---p 00000000 00:00 0 
7f2a4aff3000-7f2a4b0f3000 rw-p 00000000 00:00 0 
7f2a4b0f3000-7f2a4b0f4000 ---p 00000000 00:00 0 
7f2a4b0f4000-7f2a4b232000 rw-p 00000000 00:00 0 
7f2a4b232000-7f2a4b5d3000 ---p 00000000 00:00 0 
7f2a4b5d3000-7f2a4b611000 rw-p 00000000 00:00 0 
7f2a4b611000-7f2a4b9b1000 ---p 00000000 00:00 0 
7f2a4b9b1000-7f2a4ba18000 rw-p 00000000 00:00 0 
7f2a4ba18000-7f2a4bba1000 ---p 00000000 00:00 0 
7f2a4bba1000-7f2a4bbb3000 rw-p 00000000 00:00 0 
7f2a4bbb3000-7f2a4bf62000 ---p 00000000 00:00 0 
7f2a4bf62000-7f2a4c372000 rwxp 00000000 00:00 0 
7f2a4c372000-7f2a5af62000 ---p 00000000 00:00 0 
7f2a5af62000-7f2a5af7c000 r-xp 00000000 08:11 556514                     /usr/lib/jvm/java-8-oracle/jre/lib/amd64/libzip.so
7f2a5af7c000-7f2a5b17c000 ---p 0001a000 08:11 556514                     /usr/lib/jvm/java-8-oracle/jre/lib/amd64/libzip.so
7f2a5b17c000-7f2a5b17d000 rw-p 0001a000 08:11 556514                     /usr/lib/jvm/java-8-oracle/jre/lib/amd64/libzip.so
7f2a5b17d000-7f2a5b188000 r-xp 00000000 08:11 393976                     /lib/x86_64-linux-gnu/libnss_files-2.23.so
7f2a5b188000-7f2a5b387000 ---p 0000b000 08:11 393976                     /lib/x86_64-linux-gnu/libnss_files-2.23.so
7f2a5b387000-7f2a5b388000 r--p 0000a000 08:11 393976                     /lib/x86_64-linux-gnu/libnss_files-2.23.so
7f2a5b388000-7f2a5b389000 rw-p 0000b000 08:11 393976                     /lib/x86_64-linux-gnu/libnss_files-2.23.so
7f2a5b389000-7f2a5b38f000 rw-p 00000000 00:00 0 
7f2a5b38f000-7f2a5b39a000 r-xp 00000000 08:11 393962                     /lib/x86_64-linux-gnu/libnss_nis-2.23.so
7f2a5b39a000-7f2a5b599000 ---p 0000b000 08:11 393962                     /lib/x86_64-linux-gnu/libnss_nis-2.23.so
7f2a5b599000-7f2a5b59a000 r--p 0000a000 08:11 393962                     /lib/x86_64-linux-gnu/libnss_nis-2.23.so
7f2a5b59a000-7f2a5b59b000 rw-p 0000b000 08:11 393962                     /lib/x86_64-linux-gnu/libnss_nis-2.23.so
7f2a5b59b000-7f2a5b5b1000 r-xp 00000000 08:11 393938                     /lib/x86_64-linux-gnu/libnsl-2.23.so
7f2a5b5b1000-7f2a5b7b0000 ---p 00016000 08:11 393938                     /lib/x86_64-linux-gnu/libnsl-2.23.so
7f2a5b7b0000-7f2a5b7b1000 r--p 00015000 08:11 393938                     /lib/x86_64-linux-gnu/libnsl-2.23.so
7f2a5b7b1000-7f2a5b7b2000 rw-p 00016000 08:11 393938                     /lib/x86_64-linux-gnu/libnsl-2.23.so
7f2a5b7b2000-7f2a5b7b4000 rw-p 00000000 00:00 0 
7f2a5b7b4000-7f2a5b7bc000 r-xp 00000000 08:11 393921                     /lib/x86_64-linux-gnu/libnss_compat-2.23.so
7f2a5b7bc000-7f2a5b9bb000 ---p 00008000 08:11 393921                     /lib/x86_64-linux-gnu/libnss_compat-2.23.so
7f2a5b9bb000-7f2a5b9bc000 r--p 00007000 08:11 393921                     /lib/x86_64-linux-gnu/libnss_compat-2.23.so
7f2a5b9bc000-7f2a5b9bd000 rw-p 00008000 08:11 393921                     /lib/x86_64-linux-gnu/libnss_compat-2.23.so
7f2a5b9bd000-7f2a5b9e7000 r-xp 00000000 08:11 556509                     /usr/lib/jvm/java-8-oracle/jre/lib/amd64/libjava.so
7f2a5b9e7000-7f2a5bbe7000 ---p 0002a000 08:11 556509                     /usr/lib/jvm/java-8-oracle/jre/lib/amd64/libjava.so
7f2a5bbe7000-7f2a5bbe9000 rw-p 0002a000 08:11 556509                     /usr/lib/jvm/java-8-oracle/jre/lib/amd64/libjava.so
7f2a5bbe9000-7f2a5bbf6000 r-xp 00000000 08:11 556513                     /usr/lib/jvm/java-8-oracle/jre/lib/amd64/libverify.so
7f2a5bbf6000-7f2a5bdf6000 ---p 0000d000 08:11 556513                     /usr/lib/jvm/java-8-oracle/jre/lib/amd64/libverify.so
7f2a5bdf6000-7f2a5bdf8000 rw-p 0000d000 08:11 556513                     /usr/lib/jvm/java-8-oracle/jre/lib/amd64/libverify.so
7f2a5bdf8000-7f2a5bdff000 r-xp 00000000 08:11 394052                     /lib/x86_64-linux-gnu/librt-2.23.so
7f2a5bdff000-7f2a5bffe000 ---p 00007000 08:11 394052                     /lib/x86_64-linux-gnu/librt-2.23.so
7f2a5bffe000-7f2a5bfff000 r--p 00006000 08:11 394052                     /lib/x86_64-linux-gnu/librt-2.23.so
7f2a5bfff000-7f2a5c000000 rw-p 00007000 08:11 394052                     /lib/x86_64-linux-gnu/librt-2.23.so
7f2a5c000000-7f2a5c3db000 rw-p 00000000 00:00 0 
7f2a5c3db000-7f2a60000000 ---p 00000000 00:00 0 
7f2a60003000-7f2a6010b000 r-xp 00000000 08:11 394040                     /lib/x86_64-linux-gnu/libm-2.23.so
7f2a6010b000-7f2a6030a000 ---p 00108000 08:11 394040                     /lib/x86_64-linux-gnu/libm-2.23.so
7f2a6030a000-7f2a6030b000 r--p 00107000 08:11 394040                     /lib/x86_64-linux-gnu/libm-2.23.so
7f2a6030b000-7f2a6030c000 rw-p 00108000 08:11 394040                     /lib/x86_64-linux-gnu/libm-2.23.so
7f2a6030c000-7f2a60fca000 r-xp 00000000 08:11 556492                     /usr/lib/jvm/java-8-oracle/jre/lib/amd64/server/libjvm.so
7f2a60fca000-7f2a611c9000 ---p 00cbe000 08:11 556492                     /usr/lib/jvm/java-8-oracle/jre/lib/amd64/server/libjvm.so
7f2a611c9000-7f2a612a2000 rw-p 00cbd000 08:11 556492                     /usr/lib/jvm/java-8-oracle/jre/lib/amd64/server/libjvm.so
7f2a612a2000-7f2a612e6000 rw-p 00000000 00:00 0 
7f2a612e6000-7f2a614a5000 r-xp 00000000 08:11 394072                     /lib/x86_64-linux-gnu/libc-2.23.so
7f2a614a5000-7f2a616a5000 ---p 001bf000 08:11 394072                     /lib/x86_64-linux-gnu/libc-2.23.so
7f2a616a5000-7f2a616a9000 r--p 001bf000 08:11 394072                     /lib/x86_64-linux-gnu/libc-2.23.so
7f2a616a9000-7f2a616ab000 rw-p 001c3000 08:11 394072                     /lib/x86_64-linux-gnu/libc-2.23.so
7f2a616ab000-7f2a616af000 rw-p 00000000 00:00 0 
7f2a616af000-7f2a616b2000 r-xp 00000000 08:11 394076                     /lib/x86_64-linux-gnu/libdl-2.23.so
7f2a616b2000-7f2a618b1000 ---p 00003000 08:11 394076                     /lib/x86_64-linux-gnu/libdl-2.23.so
7f2a618b1000-7f2a618b2000 r--p 00002000 08:11 394076                     /lib/x86_64-linux-gnu/libdl-2.23.so
7f2a618b2000-7f2a618b3000 rw-p 00003000 08:11 394076                     /lib/x86_64-linux-gnu/libdl-2.23.so
7f2a618b3000-7f2a618c8000 r-xp 00000000 08:11 556192                     /usr/lib/jvm/java-8-oracle/lib/amd64/jli/libjli.so
7f2a618c8000-7f2a61ac8000 ---p 00015000 08:11 556192                     /usr/lib/jvm/java-8-oracle/lib/amd64/jli/libjli.so
7f2a61ac8000-7f2a61ac9000 rw-p 00015000 08:11 556192                     /usr/lib/jvm/java-8-oracle/lib/amd64/jli/libjli.so
7f2a61ac9000-7f2a61ae1000 r-xp 00000000 08:11 394068                     /lib/x86_64-linux-gnu/libpthread-2.23.so
7f2a61ae1000-7f2a61ce0000 ---p 00018000 08:11 394068                     /lib/x86_64-linux-gnu/libpthread-2.23.so
7f2a61ce0000-7f2a61ce1000 r--p 00017000 08:11 394068                     /lib/x86_64-linux-gnu/libpthread-2.23.so
7f2a61ce1000-7f2a61ce2000 rw-p 00018000 08:11 394068                     /lib/x86_64-linux-gnu/libpthread-2.23.so
7f2a61ce2000-7f2a61ce6000 rw-p 00000000 00:00 0 
7f2a61ce6000-7f2a61d0c000 r-xp 00000000 08:11 394056                     /lib/x86_64-linux-gnu/ld-2.23.so
7f2a61d1b000-7f2a61d25000 r--s 0002a000 08:01 3682891                    /home/gilmar/AndroidStudioProjects/Projeto/Alergia/app/build/intermediates/multi-dex/debug/componentClasses.jar
7f2a61d25000-7f2a61de3000 rw-p 00000000 00:00 0 
7f2a61de3000-7f2a61de6000 ---p 00000000 00:00 0 
7f2a61de6000-7f2a61ee8000 rw-p 00000000 00:00 0 
7f2a61eea000-7f2a61ef1000 r--s 00000000 08:11 786490                     /usr/lib/x86_64-linux-gnu/gconv/gconv-modules.cache
7f2a61ef1000-7f2a61eff000 r--s 000e0000 08:01 948978                     /home/gilmar/Android/Sdk/build-tools/25.0.1/lib/dx.jar
7f2a61eff000-7f2a61f07000 rw-s 00000000 08:11 131201                     /tmp/hsperfdata_gilmar/10489
7f2a61f07000-7f2a61f08000 rw-p 00000000 00:00 0 
7f2a61f08000-7f2a61f09000 ---p 00000000 00:00 0 
7f2a61f09000-7f2a61f0b000 rw-p 00000000 00:00 0 
7f2a61f0b000-7f2a61f0c000 r--p 00025000 08:11 394056                     /lib/x86_64-linux-gnu/ld-2.23.so
7f2a61f0c000-7f2a61f0d000 rw-p 00026000 08:11 394056                     /lib/x86_64-linux-gnu/ld-2.23.so
7f2a61f0d000-7f2a61f0e000 rw-p 00000000 00:00 0 
7ffc3381b000-7ffc3383c000 rw-p 00000000 00:00 0                          [stack]
7ffc338ff000-7ffc33901000 r--p 00000000 00:00 0                          [vvar]
7ffc33901000-7ffc33903000 r-xp 00000000 00:00 0                          [vdso]
ffffffffff600000-ffffffffff601000 r-xp 00000000 00:00 0                  [vsyscall]

VM Arguments:
jvm_args: -Djava.awt.headless=true -Dfile.encoding=UTF-8 -Duser.country=BR -Duser.language=pt -Duser.variant 
java_command: com.android.multidex.ClassReferenceListBuilder /home/gilmar/AndroidStudioProjects/Projeto/Alergia/app/build/intermediates/multi-dex/debug/componentClasses.jar /home/gilmar/AndroidStudioProjects/Projeto/Alergia/app/build/intermediates/transforms/jarMerging/debug/jars/1/1f/combined.jar
java_class_path (initial): /home/gilmar/Android/Sdk/build-tools/25.0.1/lib/dx.jar
Launcher Type: SUN_STANDARD

Environment Variables:
JAVA_HOME=/usr/lib/jvm/java-7-oracle/jre/
PATH=/opt/apache-maven-3.3.3/bin:/usr/local/sbin:/usr/local/bin:/usr/sbin:/usr/bin:/sbin:/bin:/usr/games:/usr/local/games" JAVA_HOME=/usr/lib/jvm/java-7-oracle:/snap/bin
USERNAME=gilmar
LD_LIBRARY_PATH=/opt/android-studio/bin/.:
SHELL=/bin/bash
DISPLAY=:1

Signal Handlers:
SIGSEGV: [libjvm.so+0xaba2a0], sa_mask[0]=11111111011111111101111111111110, sa_flags=SA_RESTART|SA_SIGINFO
SIGBUS: [libjvm.so+0xaba2a0], sa_mask[0]=11111111011111111101111111111110, sa_flags=SA_RESTART|SA_SIGINFO
SIGFPE: [libjvm.so+0x917710], sa_mask[0]=11111111011111111101111111111110, sa_flags=SA_RESTART|SA_SIGINFO
SIGPIPE: [libjvm.so+0x917710], sa_mask[0]=11111111011111111101111111111110, sa_flags=SA_RESTART|SA_SIGINFO
SIGXFSZ: [libjvm.so+0x917710], sa_mask[0]=11111111011111111101111111111110, sa_flags=SA_RESTART|SA_SIGINFO
SIGILL: [libjvm.so+0x917710], sa_mask[0]=11111111011111111101111111111110, sa_flags=SA_RESTART|SA_SIGINFO
SIGUSR1: SIG_DFL, sa_mask[0]=00000000000000000000000000000000, sa_flags=none
SIGUSR2: [libjvm.so+0x918d40], sa_mask[0]=00100000000000000000000000000000, sa_flags=SA_RESTART|SA_SIGINFO
SIGHUP: [libjvm.so+0x91a140], sa_mask[0]=11111111011111111101111111111110, sa_flags=SA_RESTART|SA_SIGINFO
SIGINT: [libjvm.so+0x91a140], sa_mask[0]=11111111011111111101111111111110, sa_flags=SA_RESTART|SA_SIGINFO
SIGTERM: [libjvm.so+0x91a140], sa_mask[0]=11111111011111111101111111111110, sa_flags=SA_RESTART|SA_SIGINFO
SIGQUIT: [libjvm.so+0x91a140], sa_mask[0]=11111111011111111101111111111110, sa_flags=SA_RESTART|SA_SIGINFO


---------------  S Y S T E M  ---------------

OS:DISTRIB_ID=Ubuntu
DISTRIB_RELEASE=16.04
DISTRIB_CODENAME=xenial
DISTRIB_DESCRIPTION="Ubuntu 16.04.1 LTS"

uname:Linux 4.4.0-47-generic #68-Ubuntu SMP Wed Oct 26 19:39:52 UTC 2016 x86_64
libc:glibc 2.23 NPTL 2.23 
rlimit: STACK 8192k, CORE 0k, NPROC 47371, NOFILE 65536, AS infinity
load average:1,98 1,40 1,12

/proc/meminfo:
MemTotal:       12167556 kB
MemFree:          185348 kB
MemAvailable:      99556 kB
Buffers:            3520 kB
Cached:          2178376 kB
SwapCached:            0 kB
Active:          9709056 kB
Inactive:        2001296 kB
Active(anon):    9672972 kB
Inactive(anon):  1968444 kB
Active(file):      36084 kB
Inactive(file):    32852 kB
Unevictable:          92 kB
Mlocked:              92 kB
SwapTotal:             0 kB
SwapFree:              0 kB
Dirty:               324 kB
Writeback:            20 kB
AnonPages:       9529112 kB
Mapped:           757480 kB
Shmem:           2112480 kB
Slab:             111520 kB
SReclaimable:      63700 kB
SUnreclaim:        47820 kB
KernelStack:       13024 kB
PageTables:        61624 kB
NFS_Unstable:          0 kB
Bounce:                0 kB
WritebackTmp:          0 kB
CommitLimit:     6083776 kB
Committed_AS:   16802352 kB
VmallocTotal:   34359738367 kB
VmallocUsed:           0 kB
VmallocChunk:          0 kB
HardwareCorrupted:     0 kB
AnonHugePages:   7000064 kB
CmaTotal:              0 kB
CmaFree:               0 kB
HugePages_Total:       0
HugePages_Free:        0
HugePages_Rsvd:        0
HugePages_Surp:        0
Hugepagesize:       2048 kB
DirectMap4k:      199568 kB
DirectMap2M:    12247040 kB


CPU:total 4 (2 cores per cpu, 2 threads per core) family 6 model 58 stepping 9, cmov, cx8, fxsr, mmx, sse, sse2, sse3, ssse3, sse4.1, sse4.2, popcnt, avx, aes, clmul, erms, ht, tsc, tscinvbit, tscinv

/proc/cpuinfo:
processor	: 0
vendor_id	: GenuineIntel
cpu family	: 6
model		: 58
model name	: Intel(R) Core(TM) i5-3337U CPU @ 1.80GHz
stepping	: 9
microcode	: 0x1c
cpu MHz		: 2408.132
cache size	: 3072 KB
physical id	: 0
siblings	: 4
core id		: 0
cpu cores	: 2
apicid		: 0
initial apicid	: 0
fpu		: yes
fpu_exception	: yes
cpuid level	: 13
wp		: yes
flags		: fpu vme de pse tsc msr pae mce cx8 apic sep mtrr pge mca cmov pat pse36 clflush dts acpi mmx fxsr sse sse2 ss ht tm pbe syscall nx rdtscp lm constant_tsc arch_perfmon pebs bts rep_good nopl xtopology nonstop_tsc aperfmperf eagerfpu pni pclmulqdq dtes64 monitor ds_cpl vmx est tm2 ssse3 cx16 xtpr pdcm pcid sse4_1 sse4_2 x2apic popcnt tsc_deadline_timer aes xsave avx f16c rdrand lahf_lm epb tpr_shadow vnmi flexpriority ept vpid fsgsbase smep erms xsaveopt dtherm ida arat pln pts
bugs		:
bogomips	: 3591.91
clflush size	: 64
cache_alignment	: 64
address sizes	: 36 bits physical, 48 bits virtual
power management:

processor	: 1
vendor_id	: GenuineIntel
cpu family	: 6
model		: 58
model name	: Intel(R) Core(TM) i5-3337U CPU @ 1.80GHz
stepping	: 9
microcode	: 0x1c
cpu MHz		: 2437.593
cache size	: 3072 KB
physical id	: 0
siblings	: 4
core id		: 1
cpu cores	: 2
apicid		: 2
initial apicid	: 2
fpu		: yes
fpu_exception	: yes
cpuid level	: 13
wp		: yes
flags		: fpu vme de pse tsc msr pae mce cx8 apic sep mtrr pge mca cmov pat pse36 clflush dts acpi mmx fxsr sse sse2 ss ht tm pbe syscall nx rdtscp lm constant_tsc arch_perfmon pebs bts rep_good nopl xtopology nonstop_tsc aperfmperf eagerfpu pni pclmulqdq dtes64 monitor ds_cpl vmx est tm2 ssse3 cx16 xtpr pdcm pcid sse4_1 sse4_2 x2apic popcnt tsc_deadline_timer aes xsave avx f16c rdrand lahf_lm epb tpr_shadow vnmi flexpriority ept vpid fsgsbase smep erms xsaveopt dtherm ida arat pln pts
bugs		:
bogomips	: 3591.91
clflush size	: 64
cache_alignment	: 64
address sizes	: 36 bits physical, 48 bits virtual
power management:

processor	: 2
vendor_id	: GenuineIntel
cpu family	: 6
model		: 58
model name	: Intel(R) Core(TM) i5-3337U CPU @ 1.80GHz
stepping	: 9
microcode	: 0x1c
cpu MHz		: 2453.484
cache size	: 3072 KB
physical id	: 0
siblings	: 4
core id		: 0
cpu cores	: 2
apicid		: 1
initial apicid	: 1
fpu		: yes
fpu_exception	: yes
cpuid level	: 13
wp		: yes
flags		: fpu vme de pse tsc msr pae mce cx8 apic sep mtrr pge mca cmov pat pse36 clflush dts acpi mmx fxsr sse sse2 ss ht tm pbe syscall nx rdtscp lm constant_tsc arch_perfmon pebs bts rep_good nopl xtopology nonstop_tsc aperfmperf eagerfpu pni pclmulqdq dtes64 monitor ds_cpl vmx est tm2 ssse3 cx16 xtpr pdcm pcid sse4_1 sse4_2 x2apic popcnt tsc_deadline_timer aes xsave avx f16c rdrand lahf_lm epb tpr_shadow vnmi flexpriority ept vpid fsgsbase smep erms xsaveopt dtherm ida arat pln pts
bugs		:
bogomips	: 3591.91
clflush size	: 64
cache_alignment	: 64
address sizes	: 36 bits physical, 48 bits virtual
power management:

processor	: 3
vendor_id	: GenuineIntel
cpu family	: 6
model		: 58
model name	: Intel(R) Core(TM) i5-3337U CPU @ 1.80GHz
stepping	: 9
microcode	: 0x1c
cpu MHz		: 2218.078
cache size	: 3072 KB
physical id	: 0
siblings	: 4
core id		: 1
cpu cores	: 2
apicid		: 3
initial apicid	: 3
fpu		: yes
fpu_exception	: yes
cpuid level	: 13
wp		: yes
flags		: fpu vme de pse tsc msr pae mce cx8 apic sep mtrr pge mca cmov pat pse36 clflush dts acpi mmx fxsr sse sse2 ss ht tm pbe syscall nx rdtscp lm constant_tsc arch_perfmon pebs bts rep_good nopl xtopology nonstop_tsc aperfmperf eagerfpu pni pclmulqdq dtes64 monitor ds_cpl vmx est tm2 ssse3 cx16 xtpr pdcm pcid sse4_1 sse4_2 x2apic popcnt tsc_deadline_timer aes xsave avx f16c rdrand lahf_lm epb tpr_shadow vnmi flexpriority ept vpid fsgsbase smep erms xsaveopt dtherm ida arat pln pts
bugs		:
bogomips	: 3591.91
clflush size	: 64
cache_alignment	: 64
address sizes	: 36 bits physical, 48 bits virtual
power management:



Memory: 4k page, physical 12167556k(185348k free), swap 0k(0k free)

vm_info: Java HotSpot(TM) 64-Bit Server VM (25.66-b17) for linux-amd64 JRE (1.8.0_66-b17), built on Oct  6 2015 17:28:34 by "java_re" with gcc 4.3.0 20080428 (Red Hat 4.3.0-8)

time: Thu Dec  1 21:11:01 2016
elapsed time: 5 seconds (0d 0h 0m 5s)

