#
# There is insufficient memory for the Java Runtime Environment to continue.
# Native memory allocation (mmap) failed to map 109051904 bytes for committing reserved memory.
# Possible reasons:
#   The system is out of physical RAM or swap space
#   In 32 bit mode, the process size limit was hit
# Possible solutions:
#   Reduce memory load on the system
#   Increase physical memory or swap space
#   Check if swap backing store is full
#   Use 64 bit Java on a 64 bit OS
#   Decrease Java heap size (-Xmx/-Xms)
#   Decrease number of Java threads
#   Decrease Java thread stack sizes (-Xss)
#   Set larger code cache with -XX:ReservedCodeCacheSize=
# This output file may be truncated or incomplete.
#
#  Out of Memory Error (os_linux.cpp:2627), pid=31464, tid=139908427351808
#
# JRE version: Java(TM) SE Runtime Environment (8.0_66-b17) (build 1.8.0_66-b17)
# Java VM: Java HotSpot(TM) 64-Bit Server VM (25.66-b17 mixed mode linux-amd64 compressed oops)
# Failed to write core dump. Core dumps have been disabled. To enable core dumping, try "ulimit -c unlimited" before starting Java again
#

---------------  T H R E A D  ---------------

Current thread (0x00007f3f08078000):  VMThread [stack: 0x00007f3ef80d0000,0x00007f3ef81d1000] [id=31475]

Stack: [0x00007f3ef80d0000,0x00007f3ef81d1000],  sp=0x00007f3ef81cf120,  free space=1020k
Native frames: (J=compiled Java code, j=interpreted, Vv=VM code, C=native code)
V  [libjvm.so+0xab9a1a]  VMError::report_and_die()+0x2ba
V  [libjvm.so+0x4f9e0b]  report_vm_out_of_memory(char const*, int, unsigned long, VMErrorType, char const*)+0x8b
V  [libjvm.so+0x91a8a3]  os::Linux::commit_memory_impl(char*, unsigned long, bool)+0x103
V  [libjvm.so+0x91adf9]  os::pd_commit_memory(char*, unsigned long, unsigned long, bool)+0x29
V  [libjvm.so+0x91510a]  os::commit_memory(char*, unsigned long, unsigned long, bool)+0x2a
V  [libjvm.so+0x9887a3]  PSVirtualSpace::expand_by(unsigned long)+0x53
V  [libjvm.so+0x989ba8]  PSYoungGen::resize_generation(unsigned long, unsigned long)+0xf8
V  [libjvm.so+0x988d02]  PSYoungGen::resize(unsigned long, unsigned long)+0x22
V  [libjvm.so+0x985fdb]  PSScavenge::invoke_no_policy()+0xf3b
V  [libjvm.so+0x986761]  PSScavenge::invoke()+0x41
V  [libjvm.so+0x93e500]  ParallelScavengeHeap::failed_mem_allocate(unsigned long)+0x70
V  [libjvm.so+0xabb437]  VM_ParallelGCFailedAllocation::doit()+0x97
V  [libjvm.so+0xac2e65]  VM_Operation::evaluate()+0x55
V  [libjvm.so+0xac123a]  VMThread::evaluate_operation(VM_Operation*)+0xba
V  [libjvm.so+0xac15be]  VMThread::loop()+0x1ce
V  [libjvm.so+0xac1a30]  VMThread::run()+0x70
V  [libjvm.so+0x91cc68]  java_start(Thread*)+0x108

VM_Operation (0x00007f3f10ae8450): ParallelGCFailedAllocation, mode: safepoint, requested by thread 0x00007f3f0800a000


---------------  P R O C E S S  ---------------

Java Threads: ( => current thread )
  0x00007f3f080ca000 JavaThread "Service Thread" daemon [_thread_blocked, id=31482, stack(0x00007f3ef087f000,0x00007f3ef0980000)]
  0x00007f3f080bd000 JavaThread "C1 CompilerThread2" daemon [_thread_blocked, id=31481, stack(0x00007f3ef0980000,0x00007f3ef0a81000)]
  0x00007f3f080bb000 JavaThread "C2 CompilerThread1" daemon [_thread_blocked, id=31480, stack(0x00007f3ef0a81000,0x00007f3ef0b82000)]
  0x00007f3f080b8000 JavaThread "C2 CompilerThread0" daemon [_thread_blocked, id=31479, stack(0x00007f3ef0b82000,0x00007f3ef0c83000)]
  0x00007f3f080b7000 JavaThread "Signal Dispatcher" daemon [_thread_blocked, id=31478, stack(0x00007f3ef0c83000,0x00007f3ef0d84000)]
  0x00007f3f0807f000 JavaThread "Finalizer" daemon [_thread_blocked, id=31477, stack(0x00007f3ef105e000,0x00007f3ef115f000)]
  0x00007f3f0807d000 JavaThread "Reference Handler" daemon [_thread_blocked, id=31476, stack(0x00007f3ef115f000,0x00007f3ef1260000)]
  0x00007f3f0800a000 JavaThread "main" [_thread_blocked, id=31470, stack(0x00007f3f109e9000,0x00007f3f10aea000)]

Other Threads:
=>0x00007f3f08078000 VMThread [stack: 0x00007f3ef80d0000,0x00007f3ef81d1000] [id=31475]
  0x00007f3f080cd000 WatcherThread [stack: 0x00007f3ef077e000,0x00007f3ef087f000] [id=31483]

VM state:at safepoint (normal execution)

VM Mutex/Monitor currently owned by a thread:  ([mutex/lock_event])
[0x00007f3f08006410] Threads_lock - owner thread: 0x00007f3f08078000
[0x00007f3f08006910] Heap_lock - owner thread: 0x00007f3f0800a000

Heap:
 PSYoungGen      total 109056K, used 14847K [0x00000000e1980000, 0x00000000e9480000, 0x0000000100000000)
  eden space 94208K, 0% used [0x00000000e1980000,0x00000000e1980000,0x00000000e7580000)
  from space 14848K, 99% used [0x00000000e7580000,0x00000000e83ffc38,0x00000000e8400000)
  to   space 12800K, 0% used [0x00000000e8400000,0x00000000e8400000,0x00000000e9080000)
 ParOldGen       total 62976K, used 25208K [0x00000000a4c00000, 0x00000000a8980000, 0x00000000e1980000)
  object space 62976K, 40% used [0x00000000a4c00000,0x00000000a649e0d8,0x00000000a8980000)
 Metaspace       used 3689K, capacity 5144K, committed 5376K, reserved 1056768K
  class space    used 388K, capacity 456K, committed 512K, reserved 1048576K

Card table byte_map: [0x00007f3f0d4d0000,0x00007f3f0d7ab000] byte_map_base: 0x00007f3f0cfaa000

Marking Bits: (ParMarkBitMap*) 0x00007f3f0fec1020
 Begin Bits: [0x00007f3ef1260000, 0x00007f3ef2930000)
 End Bits:   [0x00007f3ef2930000, 0x00007f3ef4000000)

Polling page: 0x00007f3f10b0e000

CodeCache: size=245760Kb used=3872Kb max_used=3882Kb free=241887Kb
 bounds [0x00007f3ef9000000, 0x00007f3ef93d0000, 0x00007f3f08000000]
 total_blobs=878 nmethods=631 adapters=161
 compilation: enabled

Compilation events (10 events):
Event: 4,913 Thread 0x00007f3f080bd000 nmethod 630% 0x00007f3ef93c1e90 code [0x00007f3ef93c2240, 0x00007f3ef93c4278]
Event: 4,924 Thread 0x00007f3f080bd000  631       3       com.android.multidex.MainDexListBuilder::keepAnnotated (231 bytes)
Event: 4,925 Thread 0x00007f3f080bd000 nmethod 631 0x00007f3ef93cab90 code [0x00007f3ef93caf40, 0x00007f3ef93ccc58]
Event: 4,943 Thread 0x00007f3f080bb000  632       4       com.android.multidex.ArchivePathElement$1$1::next (5 bytes)
Event: 4,943 Thread 0x00007f3f080b8000  633       4       com.android.dx.cf.direct.DirectClassFile::getAttributes (9 bytes)
Event: 4,944 Thread 0x00007f3f080bb000 nmethod 632 0x00007f3ef93bd110 code [0x00007f3ef93bd260, 0x00007f3ef93bd328]
Event: 4,947 Thread 0x00007f3f080b8000 nmethod 633 0x00007f3ef93b2410 code [0x00007f3ef93b2560, 0x00007f3ef93b2648]
Event: 4,964 Thread 0x00007f3f080bb000  634       4       java.util.HashMap::putVal (300 bytes)
Event: 4,965 Thread 0x00007f3f080bd000  635       3       com.android.dx.rop.annotation.Annotations::size (8 bytes)
Event: 4,966 Thread 0x00007f3f080bd000 nmethod 635 0x00007f3ef93b2090 code [0x00007f3ef93b2200, 0x00007f3ef93b2370]

GC Heap History (10 events):
Event: 1,158 GC heap after
Heap after GC invocations=2 (full 0):
 PSYoungGen      total 27648K, used 3563K [0x00000000e1980000, 0x00000000e4f80000, 0x0000000100000000)
  eden space 24064K, 0% used [0x00000000e1980000,0x00000000e1980000,0x00000000e3100000)
  from space 3584K, 99% used [0x00000000e3480000,0x00000000e37faca8,0x00000000e3800000)
  to   space 3584K, 0% used [0x00000000e3100000,0x00000000e3100000,0x00000000e3480000)
 ParOldGen       total 62976K, used 940K [0x00000000a4c00000, 0x00000000a8980000, 0x00000000e1980000)
  object space 62976K, 1% used [0x00000000a4c00000,0x00000000a4ceb1a8,0x00000000a8980000)
 Metaspace       used 3660K, capacity 5144K, committed 5376K, reserved 1056768K
  class space    used 384K, capacity 456K, committed 512K, reserved 1048576K
}
Event: 1,403 GC heap before
{Heap before GC invocations=3 (full 0):
 PSYoungGen      total 27648K, used 27627K [0x00000000e1980000, 0x00000000e4f80000, 0x0000000100000000)
  eden space 24064K, 100% used [0x00000000e1980000,0x00000000e3100000,0x00000000e3100000)
  from space 3584K, 99% used [0x00000000e3480000,0x00000000e37faca8,0x00000000e3800000)
  to   space 3584K, 0% used [0x00000000e3100000,0x00000000e3100000,0x00000000e3480000)
 ParOldGen       total 62976K, used 940K [0x00000000a4c00000, 0x00000000a8980000, 0x00000000e1980000)
  object space 62976K, 1% used [0x00000000a4c00000,0x00000000a4ceb1a8,0x00000000a8980000)
 Metaspace       used 3682K, capacity 5144K, committed 5376K, reserved 1056768K
  class space    used 388K, capacity 456K, committed 512K, reserved 1048576K
Event: 1,427 GC heap after
Heap after GC invocations=3 (full 0):
 PSYoungGen      total 27648K, used 3556K [0x00000000e1980000, 0x00000000e4f80000, 0x0000000100000000)
  eden space 24064K, 0% used [0x00000000e1980000,0x00000000e1980000,0x00000000e3100000)
  from space 3584K, 99% used [0x00000000e3100000,0x00000000e3479050,0x00000000e3480000)
  to   space 3584K, 0% used [0x00000000e4c00000,0x00000000e4c00000,0x00000000e4f80000)
 ParOldGen       total 62976K, used 3795K [0x00000000a4c00000, 0x00000000a8980000, 0x00000000e1980000)
  object space 62976K, 6% used [0x00000000a4c00000,0x00000000a4fb4d70,0x00000000a8980000)
 Metaspace       used 3682K, capacity 5144K, committed 5376K, reserved 1056768K
  class space    used 388K, capacity 456K, committed 512K, reserved 1048576K
}
Event: 1,537 GC heap before
{Heap before GC invocations=4 (full 0):
 PSYoungGen      total 27648K, used 27620K [0x00000000e1980000, 0x00000000e4f80000, 0x0000000100000000)
  eden space 24064K, 100% used [0x00000000e1980000,0x00000000e3100000,0x00000000e3100000)
  from space 3584K, 99% used [0x00000000e3100000,0x00000000e3479050,0x00000000e3480000)
  to   space 3584K, 0% used [0x00000000e4c00000,0x00000000e4c00000,0x00000000e4f80000)
 ParOldGen       total 62976K, used 3795K [0x00000000a4c00000, 0x00000000a8980000, 0x00000000e1980000)
  object space 62976K, 6% used [0x00000000a4c00000,0x00000000a4fb4d70,0x00000000a8980000)
 Metaspace       used 3683K, capacity 5144K, committed 5376K, reserved 1056768K
  class space    used 388K, capacity 456K, committed 512K, reserved 1048576K
Event: 1,558 GC heap after
Heap after GC invocations=4 (full 0):
 PSYoungGen      total 51712K, used 3572K [0x00000000e1980000, 0x00000000e4f80000, 0x0000000100000000)
  eden space 48128K, 0% used [0x00000000e1980000,0x00000000e1980000,0x00000000e4880000)
  from space 3584K, 99% used [0x00000000e4c00000,0x00000000e4f7d040,0x00000000e4f80000)
  to   space 3584K, 0% used [0x00000000e4880000,0x00000000e4880000,0x00000000e4c00000)
 ParOldGen       total 62976K, used 7821K [0x00000000a4c00000, 0x00000000a8980000, 0x00000000e1980000)
  object space 62976K, 12% used [0x00000000a4c00000,0x00000000a53a3698,0x00000000a8980000)
 Metaspace       used 3683K, capacity 5144K, committed 5376K, reserved 1056768K
  class space    used 388K, capacity 456K, committed 512K, reserved 1048576K
}
Event: 3,647 GC heap before
{Heap before GC invocations=5 (full 0):
 PSYoungGen      total 51712K, used 51700K [0x00000000e1980000, 0x00000000e4f80000, 0x0000000100000000)
  eden space 48128K, 100% used [0x00000000e1980000,0x00000000e4880000,0x00000000e4880000)
  from space 3584K, 99% used [0x00000000e4c00000,0x00000000e4f7d040,0x00000000e4f80000)
  to   space 3584K, 0% used [0x00000000e4880000,0x00000000e4880000,0x00000000e4c00000)
 ParOldGen       total 62976K, used 7821K [0x00000000a4c00000, 0x00000000a8980000, 0x00000000e1980000)
  object space 62976K, 12% used [0x00000000a4c00000,0x00000000a53a3698,0x00000000a8980000)
 Metaspace       used 3685K, capacity 5144K, committed 5376K, reserved 1056768K
  class space    used 388K, capacity 456K, committed 512K, reserved 1048576K
Event: 3,669 GC heap after
Heap after GC invocations=5 (full 0):
 PSYoungGen      total 51712K, used 3572K [0x00000000e1980000, 0x00000000e9080000, 0x0000000100000000)
  eden space 48128K, 0% used [0x00000000e1980000,0x00000000e1980000,0x00000000e4880000)
  from space 3584K, 99% used [0x00000000e4880000,0x00000000e4bfd040,0x00000000e4c00000)
  to   space 12800K, 0% used [0x00000000e8400000,0x00000000e8400000,0x00000000e9080000)
 ParOldGen       total 62976K, used 16263K [0x00000000a4c00000, 0x00000000a8980000, 0x00000000e1980000)
  object space 62976K, 25% used [0x00000000a4c00000,0x00000000a5be1cb0,0x00000000a8980000)
 Metaspace       used 3685K, capacity 5144K, committed 5376K, reserved 1056768K
  class space    used 388K, capacity 456K, committed 512K, reserved 1048576K
}
Event: 4,200 GC heap before
{Heap before GC invocations=6 (full 0):
 PSYoungGen      total 51712K, used 51700K [0x00000000e1980000, 0x00000000e9080000, 0x0000000100000000)
  eden space 48128K, 100% used [0x00000000e1980000,0x00000000e4880000,0x00000000e4880000)
  from space 3584K, 99% used [0x00000000e4880000,0x00000000e4bfd040,0x00000000e4c00000)
  to   space 12800K, 0% used [0x00000000e8400000,0x00000000e8400000,0x00000000e9080000)
 ParOldGen       total 62976K, used 16263K [0x00000000a4c00000, 0x00000000a8980000, 0x00000000e1980000)
  object space 62976K, 25% used [0x00000000a4c00000,0x00000000a5be1cb0,0x00000000a8980000)
 Metaspace       used 3686K, capacity 5144K, committed 5376K, reserved 1056768K
  class space    used 388K, capacity 456K, committed 512K, reserved 1048576K
Event: 4,233 GC heap after
Heap after GC invocations=6 (full 0):
 PSYoungGen      total 107008K, used 11601K [0x00000000e1980000, 0x00000000e9480000, 0x0000000100000000)
  eden space 94208K, 0% used [0x00000000e1980000,0x00000000e1980000,0x00000000e7580000)
  from space 12800K, 90% used [0x00000000e8400000,0x00000000e8f545f8,0x00000000e9080000)
  to   space 14848K, 0% used [0x00000000e7580000,0x00000000e7580000,0x00000000e8400000)
 ParOldGen       total 62976K, used 16271K [0x00000000a4c00000, 0x00000000a8980000, 0x00000000e1980000)
  object space 62976K, 25% used [0x00000000a4c00000,0x00000000a5be3cb0,0x00000000a8980000)
 Metaspace       used 3686K, capacity 5144K, committed 5376K, reserved 1056768K
  class space    used 388K, capacity 456K, committed 512K, reserved 1048576K
}
Event: 4,970 GC heap before
{Heap before GC invocations=7 (full 0):
 PSYoungGen      total 107008K, used 105809K [0x00000000e1980000, 0x00000000e9480000, 0x0000000100000000)
  eden space 94208K, 100% used [0x00000000e1980000,0x00000000e7580000,0x00000000e7580000)
  from space 12800K, 90% used [0x00000000e8400000,0x00000000e8f545f8,0x00000000e9080000)
  to   space 14848K, 0% used [0x00000000e7580000,0x00000000e7580000,0x00000000e8400000)
 ParOldGen       total 62976K, used 16271K [0x00000000a4c00000, 0x00000000a8980000, 0x00000000e1980000)
  object space 62976K, 25% used [0x00000000a4c00000,0x00000000a5be3cb0,0x00000000a8980000)
 Metaspace       used 3689K, capacity 5144K, committed 5376K, reserved 1056768K
  class space    used 388K, capacity 456K, committed 512K, reserved 1048576K

Deoptimization events (3 events):
Event: 0,756 Thread 0x00007f3f0800a000 Uncommon trap: reason=unloaded action=reinterpret pc=0x00007f3ef91f2ccc method=com.android.dx.cf.cst.ConstantPoolParser.parse0(ILjava/util/BitSet;)Lcom/android/dx/rop/cst/Constant; @ 176
Event: 1,174 Thread 0x00007f3f0800a000 Uncommon trap: reason=unstable_if action=reinterpret pc=0x00007f3ef92bf904 method=com.android.dx.cf.direct.StdAttributeFactory.parse0(Lcom/android/dx/cf/direct/DirectClassFile;ILjava/lang/String;IILcom/android/dx/cf/iface/ParseObserver;)Lcom/android/dx/cf
Event: 2,407 Thread 0x00007f3f0800a000 Uncommon trap: reason=unstable_if action=reinterpret pc=0x00007f3ef9301174 method=java.util.HashMap.putVal(ILjava/lang/Object;Ljava/lang/Object;ZZ)Ljava/lang/Object; @ 181

Internal exceptions (2 events):
Event: 0,090 Thread 0x00007f3f0800a000 Exception <a 'java/lang/NoSuchMethodError': Method sun.misc.Unsafe.defineClass(Ljava/lang/String;[BII)Ljava/lang/Class; name or signature does not match> (0x00000000e1992b90) thrown at [/HUDSON/workspace/8-2-build-linux-amd64/jdk8u66/4988/hotspot/src/shar
Event: 0,091 Thread 0x00007f3f0800a000 Exception <a 'java/lang/NoSuchMethodError': Method sun.misc.Unsafe.prefetchRead(Ljava/lang/Object;J)V name or signature does not match> (0x00000000e1992e78) thrown at [/HUDSON/workspace/8-2-build-linux-amd64/jdk8u66/4988/hotspot/src/share/vm/prims/jni.cpp

Events (10 events):
Event: 2,407 Thread 0x00007f3f0800a000 Uncommon trap: trap_request=0xffffff65 fr.pc=0x00007f3ef9301174
Event: 2,407 Thread 0x00007f3f0800a000 DEOPT PACKING pc=0x00007f3ef9301174 sp=0x00007f3f10ae8620
Event: 2,407 Thread 0x00007f3f0800a000 DEOPT UNPACKING pc=0x00007f3ef9005229 sp=0x00007f3f10ae85c8 mode 2
Event: 3,647 Executing VM operation: ParallelGCFailedAllocation
Event: 3,669 Executing VM operation: ParallelGCFailedAllocation done
Event: 4,055 loading class java/util/ArrayList$1
Event: 4,056 loading class java/util/ArrayList$1 done
Event: 4,200 Executing VM operation: ParallelGCFailedAllocation
Event: 4,233 Executing VM operation: ParallelGCFailedAllocation done
Event: 4,970 Executing VM operation: ParallelGCFailedAllocation


Dynamic libraries:
00400000-00401000 r-xp 00000000 08:11 270464                             /usr/lib/jvm/java-8-oracle/bin/java
00600000-00601000 rw-p 00000000 08:11 270464                             /usr/lib/jvm/java-8-oracle/bin/java
01b77000-01b98000 rw-p 00000000 00:00 0                                  [heap]
a4c00000-a8980000 rw-p 00000000 00:00 0 
a8980000-e1980000 ---p 00000000 00:00 0 
e1980000-e9480000 rw-p 00000000 00:00 0 
efc80000-100000000 ---p 00000000 00:00 0 
100000000-100080000 rw-p 00000000 00:00 0 
100080000-140000000 ---p 00000000 00:00 0 
7f3ebc000000-7f3ebc021000 rw-p 00000000 00:00 0 
7f3ebc021000-7f3ec0000000 ---p 00000000 00:00 0 
7f3ec0000000-7f3ec0021000 rw-p 00000000 00:00 0 
7f3ec0021000-7f3ec4000000 ---p 00000000 00:00 0 
7f3ec4000000-7f3ec6190000 rw-p 00000000 00:00 0 
7f3ec6190000-7f3ec8000000 ---p 00000000 00:00 0 
7f3ec8000000-7f3ec892d000 rw-p 00000000 00:00 0 
7f3ec892d000-7f3ecc000000 ---p 00000000 00:00 0 
7f3ecc000000-7f3ecc021000 rw-p 00000000 00:00 0 
7f3ecc021000-7f3ed0000000 ---p 00000000 00:00 0 
7f3ed0000000-7f3ed1815000 rw-p 00000000 00:00 0 
7f3ed1815000-7f3ed4000000 ---p 00000000 00:00 0 
7f3ed4000000-7f3ed4021000 rw-p 00000000 00:00 0 
7f3ed4021000-7f3ed8000000 ---p 00000000 00:00 0 
7f3ed8000000-7f3ed8021000 rw-p 00000000 00:00 0 
7f3ed8021000-7f3edc000000 ---p 00000000 00:00 0 
7f3edc000000-7f3edc021000 rw-p 00000000 00:00 0 
7f3edc021000-7f3ee0000000 ---p 00000000 00:00 0 
7f3ee0000000-7f3ee0297000 rw-p 00000000 00:00 0 
7f3ee0297000-7f3ee4000000 ---p 00000000 00:00 0 
7f3ee4000000-7f3ee4021000 rw-p 00000000 00:00 0 
7f3ee4021000-7f3ee8000000 ---p 00000000 00:00 0 
7f3eec000000-7f3eec021000 rw-p 00000000 00:00 0 
7f3eec021000-7f3ef0000000 ---p 00000000 00:00 0 
7f3ef0644000-7f3ef077e000 r--s 00db1000 08:01 3678007                    /home/gilmar/AndroidStudioProjects/Projeto/Alergia/app/build/intermediates/transforms/jarMerging/debug/jars/1/1f/combined.jar
7f3ef077e000-7f3ef077f000 ---p 00000000 00:00 0 
7f3ef077f000-7f3ef087f000 rw-p 00000000 00:00 0 
7f3ef087f000-7f3ef0882000 ---p 00000000 00:00 0 
7f3ef0882000-7f3ef0980000 rw-p 00000000 00:00 0 
7f3ef0980000-7f3ef0983000 ---p 00000000 00:00 0 
7f3ef0983000-7f3ef0a81000 rw-p 00000000 00:00 0 
7f3ef0a81000-7f3ef0a84000 ---p 00000000 00:00 0 
7f3ef0a84000-7f3ef0b82000 rw-p 00000000 00:00 0 
7f3ef0b82000-7f3ef0b85000 ---p 00000000 00:00 0 
7f3ef0b85000-7f3ef0c83000 rw-p 00000000 00:00 0 
7f3ef0c83000-7f3ef0c86000 ---p 00000000 00:00 0 
7f3ef0c86000-7f3ef0d84000 rw-p 00000000 00:00 0 
7f3ef0d84000-7f3ef105e000 r--p 00000000 08:11 261827                     /usr/lib/locale/locale-archive
7f3ef105e000-7f3ef1061000 ---p 00000000 00:00 0 
7f3ef1061000-7f3ef115f000 rw-p 00000000 00:00 0 
7f3ef115f000-7f3ef1162000 ---p 00000000 00:00 0 
7f3ef1162000-7f3ef4000000 rw-p 00000000 00:00 0 
7f3ef4000000-7f3ef4021000 rw-p 00000000 00:00 0 
7f3ef4021000-7f3ef8000000 ---p 00000000 00:00 0 
7f3ef807d000-7f3ef809e000 r--p 00000000 08:11 795147                     /usr/share/locale-langpack/pt_BR/LC_MESSAGES/libc.mo
7f3ef809e000-7f3ef80d0000 rw-p 00000000 00:00 0 
7f3ef80d0000-7f3ef80d1000 ---p 00000000 00:00 0 
7f3ef80d1000-7f3ef9000000 rw-p 00000000 00:00 0 
7f3ef9000000-7f3ef93d0000 rwxp 00000000 00:00 0 
7f3ef93d0000-7f3f08000000 ---p 00000000 00:00 0 
7f3f08000000-7f3f083c3000 rw-p 00000000 00:00 0 
7f3f083c3000-7f3f0c000000 ---p 00000000 00:00 0 
7f3f0c009000-7f3f0c1bc000 rw-p 00000000 00:00 0 
7f3f0c1bc000-7f3f0c395000 r--s 03d20000 08:11 556314                     /usr/lib/jvm/java-8-oracle/jre/lib/rt.jar
7f3f0c395000-7f3f0c8cb000 rw-p 00000000 00:00 0 
7f3f0c8cb000-7f3f0cc0b000 ---p 00000000 00:00 0 
7f3f0cc0b000-7f3f0cee5000 rw-p 00000000 00:00 0 
7f3f0cee5000-7f3f0cee6000 ---p 00000000 00:00 0 
7f3f0cee6000-7f3f0cfe6000 rw-p 00000000 00:00 0 
7f3f0cfe6000-7f3f0cfe7000 ---p 00000000 00:00 0 
7f3f0cfe7000-7f3f0d0e7000 rw-p 00000000 00:00 0 
7f3f0d0e7000-7f3f0d0e8000 ---p 00000000 00:00 0 
7f3f0d0e8000-7f3f0d1e8000 rw-p 00000000 00:00 0 
7f3f0d1e8000-7f3f0d1e9000 ---p 00000000 00:00 0 
7f3f0d1e9000-7f3f0d308000 rw-p 00000000 00:00 0 
7f3f0d308000-7f3f0d4d0000 ---p 00000000 00:00 0 
7f3f0d4d0000-7f3f0d4ef000 rw-p 00000000 00:00 0 
7f3f0d4ef000-7f3f0d6b6000 ---p 00000000 00:00 0 
7f3f0d6b6000-7f3f0d6f5000 rw-p 00000000 00:00 0 
7f3f0d6f5000-7f3f0d7aa000 ---p 00000000 00:00 0 
7f3f0d7aa000-7f3f0d7bb000 rw-p 00000000 00:00 0 
7f3f0d7bb000-7f3f0db6b000 ---p 00000000 00:00 0 
7f3f0db6b000-7f3f0db85000 r-xp 00000000 08:11 556514                     /usr/lib/jvm/java-8-oracle/jre/lib/amd64/libzip.so
7f3f0db85000-7f3f0dd85000 ---p 0001a000 08:11 556514                     /usr/lib/jvm/java-8-oracle/jre/lib/amd64/libzip.so
7f3f0dd85000-7f3f0dd86000 rw-p 0001a000 08:11 556514                     /usr/lib/jvm/java-8-oracle/jre/lib/amd64/libzip.so
7f3f0dd86000-7f3f0dd91000 r-xp 00000000 08:11 393976                     /lib/x86_64-linux-gnu/libnss_files-2.23.so
7f3f0dd91000-7f3f0df90000 ---p 0000b000 08:11 393976                     /lib/x86_64-linux-gnu/libnss_files-2.23.so
7f3f0df90000-7f3f0df91000 r--p 0000a000 08:11 393976                     /lib/x86_64-linux-gnu/libnss_files-2.23.so
7f3f0df91000-7f3f0df92000 rw-p 0000b000 08:11 393976                     /lib/x86_64-linux-gnu/libnss_files-2.23.so
7f3f0df92000-7f3f0df98000 rw-p 00000000 00:00 0 
7f3f0df98000-7f3f0dfa3000 r-xp 00000000 08:11 393962                     /lib/x86_64-linux-gnu/libnss_nis-2.23.so
7f3f0dfa3000-7f3f0e1a2000 ---p 0000b000 08:11 393962                     /lib/x86_64-linux-gnu/libnss_nis-2.23.so
7f3f0e1a2000-7f3f0e1a3000 r--p 0000a000 08:11 393962                     /lib/x86_64-linux-gnu/libnss_nis-2.23.so
7f3f0e1a3000-7f3f0e1a4000 rw-p 0000b000 08:11 393962                     /lib/x86_64-linux-gnu/libnss_nis-2.23.so
7f3f0e1a4000-7f3f0e1ba000 r-xp 00000000 08:11 393938                     /lib/x86_64-linux-gnu/libnsl-2.23.so
7f3f0e1ba000-7f3f0e3b9000 ---p 00016000 08:11 393938                     /lib/x86_64-linux-gnu/libnsl-2.23.so
7f3f0e3b9000-7f3f0e3ba000 r--p 00015000 08:11 393938                     /lib/x86_64-linux-gnu/libnsl-2.23.so
7f3f0e3ba000-7f3f0e3bb000 rw-p 00016000 08:11 393938                     /lib/x86_64-linux-gnu/libnsl-2.23.so
7f3f0e3bb000-7f3f0e3bd000 rw-p 00000000 00:00 0 
7f3f0e3bd000-7f3f0e3c5000 r-xp 00000000 08:11 393921                     /lib/x86_64-linux-gnu/libnss_compat-2.23.so
7f3f0e3c5000-7f3f0e5c4000 ---p 00008000 08:11 393921                     /lib/x86_64-linux-gnu/libnss_compat-2.23.so
7f3f0e5c4000-7f3f0e5c5000 r--p 00007000 08:11 393921                     /lib/x86_64-linux-gnu/libnss_compat-2.23.so
7f3f0e5c5000-7f3f0e5c6000 rw-p 00008000 08:11 393921                     /lib/x86_64-linux-gnu/libnss_compat-2.23.so
7f3f0e5c6000-7f3f0e5f0000 r-xp 00000000 08:11 556509                     /usr/lib/jvm/java-8-oracle/jre/lib/amd64/libjava.so
7f3f0e5f0000-7f3f0e7f0000 ---p 0002a000 08:11 556509                     /usr/lib/jvm/java-8-oracle/jre/lib/amd64/libjava.so
7f3f0e7f0000-7f3f0e7f2000 rw-p 0002a000 08:11 556509                     /usr/lib/jvm/java-8-oracle/jre/lib/amd64/libjava.so
7f3f0e7f2000-7f3f0e7ff000 r-xp 00000000 08:11 556513                     /usr/lib/jvm/java-8-oracle/jre/lib/amd64/libverify.so
7f3f0e7ff000-7f3f0e9ff000 ---p 0000d000 08:11 556513                     /usr/lib/jvm/java-8-oracle/jre/lib/amd64/libverify.so
7f3f0e9ff000-7f3f0ea01000 rw-p 0000d000 08:11 556513                     /usr/lib/jvm/java-8-oracle/jre/lib/amd64/libverify.so
7f3f0ea01000-7f3f0ea08000 r-xp 00000000 08:11 394052                     /lib/x86_64-linux-gnu/librt-2.23.so
7f3f0ea08000-7f3f0ec07000 ---p 00007000 08:11 394052                     /lib/x86_64-linux-gnu/librt-2.23.so
7f3f0ec07000-7f3f0ec08000 r--p 00006000 08:11 394052                     /lib/x86_64-linux-gnu/librt-2.23.so
7f3f0ec08000-7f3f0ec09000 rw-p 00007000 08:11 394052                     /lib/x86_64-linux-gnu/librt-2.23.so
7f3f0ec09000-7f3f0ed11000 r-xp 00000000 08:11 394040                     /lib/x86_64-linux-gnu/libm-2.23.so
7f3f0ed11000-7f3f0ef10000 ---p 00108000 08:11 394040                     /lib/x86_64-linux-gnu/libm-2.23.so
7f3f0ef10000-7f3f0ef11000 r--p 00107000 08:11 394040                     /lib/x86_64-linux-gnu/libm-2.23.so
7f3f0ef11000-7f3f0ef12000 rw-p 00108000 08:11 394040                     /lib/x86_64-linux-gnu/libm-2.23.so
7f3f0ef12000-7f3f0fbd0000 r-xp 00000000 08:11 556492                     /usr/lib/jvm/java-8-oracle/jre/lib/amd64/server/libjvm.so
7f3f0fbd0000-7f3f0fdcf000 ---p 00cbe000 08:11 556492                     /usr/lib/jvm/java-8-oracle/jre/lib/amd64/server/libjvm.so
7f3f0fdcf000-7f3f0fea8000 rw-p 00cbd000 08:11 556492                     /usr/lib/jvm/java-8-oracle/jre/lib/amd64/server/libjvm.so
7f3f0fea8000-7f3f0feec000 rw-p 00000000 00:00 0 
7f3f0feec000-7f3f100ab000 r-xp 00000000 08:11 394072                     /lib/x86_64-linux-gnu/libc-2.23.so
7f3f100ab000-7f3f102ab000 ---p 001bf000 08:11 394072                     /lib/x86_64-linux-gnu/libc-2.23.so
7f3f102ab000-7f3f102af000 r--p 001bf000 08:11 394072                     /lib/x86_64-linux-gnu/libc-2.23.so
7f3f102af000-7f3f102b1000 rw-p 001c3000 08:11 394072                     /lib/x86_64-linux-gnu/libc-2.23.so
7f3f102b1000-7f3f102b5000 rw-p 00000000 00:00 0 
7f3f102b5000-7f3f102b8000 r-xp 00000000 08:11 394076                     /lib/x86_64-linux-gnu/libdl-2.23.so
7f3f102b8000-7f3f104b7000 ---p 00003000 08:11 394076                     /lib/x86_64-linux-gnu/libdl-2.23.so
7f3f104b7000-7f3f104b8000 r--p 00002000 08:11 394076                     /lib/x86_64-linux-gnu/libdl-2.23.so
7f3f104b8000-7f3f104b9000 rw-p 00003000 08:11 394076                     /lib/x86_64-linux-gnu/libdl-2.23.so
7f3f104b9000-7f3f104ce000 r-xp 00000000 08:11 556192                     /usr/lib/jvm/java-8-oracle/lib/amd64/jli/libjli.so
7f3f104ce000-7f3f106ce000 ---p 00015000 08:11 556192                     /usr/lib/jvm/java-8-oracle/lib/amd64/jli/libjli.so
7f3f106ce000-7f3f106cf000 rw-p 00015000 08:11 556192                     /usr/lib/jvm/java-8-oracle/lib/amd64/jli/libjli.so
7f3f106cf000-7f3f106e7000 r-xp 00000000 08:11 394068                     /lib/x86_64-linux-gnu/libpthread-2.23.so
7f3f106e7000-7f3f108e6000 ---p 00018000 08:11 394068                     /lib/x86_64-linux-gnu/libpthread-2.23.so
7f3f108e6000-7f3f108e7000 r--p 00017000 08:11 394068                     /lib/x86_64-linux-gnu/libpthread-2.23.so
7f3f108e7000-7f3f108e8000 rw-p 00018000 08:11 394068                     /lib/x86_64-linux-gnu/libpthread-2.23.so
7f3f108e8000-7f3f108ec000 rw-p 00000000 00:00 0 
7f3f108ec000-7f3f10912000 r-xp 00000000 08:11 394056                     /lib/x86_64-linux-gnu/ld-2.23.so
7f3f10921000-7f3f10928000 r--s 00000000 08:11 786490                     /usr/lib/x86_64-linux-gnu/gconv/gconv-modules.cache
7f3f10928000-7f3f109e9000 rw-p 00000000 00:00 0 
7f3f109e9000-7f3f109ec000 ---p 00000000 00:00 0 
7f3f109ec000-7f3f10aee000 rw-p 00000000 00:00 0 
7f3f10aee000-7f3f10af7000 r--s 0002a000 08:01 3679222                    /home/gilmar/AndroidStudioProjects/Projeto/Alergia/app/build/intermediates/multi-dex/debug/componentClasses.jar
7f3f10af7000-7f3f10b05000 r--s 000e0000 08:01 539526                     /home/gilmar/Android/Sdk/build-tools/25.0.0/lib/dx.jar
7f3f10b05000-7f3f10b0d000 rw-s 00000000 08:11 131152                     /tmp/hsperfdata_gilmar/31464
7f3f10b0d000-7f3f10b0e000 rw-p 00000000 00:00 0 
7f3f10b0e000-7f3f10b0f000 ---p 00000000 00:00 0 
7f3f10b0f000-7f3f10b11000 rw-p 00000000 00:00 0 
7f3f10b11000-7f3f10b12000 r--p 00025000 08:11 394056                     /lib/x86_64-linux-gnu/ld-2.23.so
7f3f10b12000-7f3f10b13000 rw-p 00026000 08:11 394056                     /lib/x86_64-linux-gnu/ld-2.23.so
7f3f10b13000-7f3f10b14000 rw-p 00000000 00:00 0 
7fffef42b000-7fffef44c000 rw-p 00000000 00:00 0                          [stack]
7fffef4e8000-7fffef4ea000 r--p 00000000 00:00 0                          [vvar]
7fffef4ea000-7fffef4ec000 r-xp 00000000 00:00 0                          [vdso]
ffffffffff600000-ffffffffff601000 r-xp 00000000 00:00 0                  [vsyscall]

VM Arguments:
jvm_args: -Djava.awt.headless=true -Dfile.encoding=UTF-8 -Duser.country=BR -Duser.language=pt -Duser.variant 
java_command: com.android.multidex.ClassReferenceListBuilder /home/gilmar/AndroidStudioProjects/Projeto/Alergia/app/build/intermediates/multi-dex/debug/componentClasses.jar /home/gilmar/AndroidStudioProjects/Projeto/Alergia/app/build/intermediates/transforms/jarMerging/debug/jars/1/1f/combined.jar
java_class_path (initial): /home/gilmar/Android/Sdk/build-tools/25.0.0/lib/dx.jar
Launcher Type: SUN_STANDARD

Environment Variables:
JAVA_HOME=/usr/lib/jvm/java-7-oracle/jre/
PATH=/opt/apache-maven-3.3.3/bin:/usr/local/sbin:/usr/local/bin:/usr/sbin:/usr/bin:/sbin:/bin:/usr/games:/usr/local/games" JAVA_HOME=/usr/lib/jvm/java-7-oracle:/snap/bin
USERNAME=gilmar
LD_LIBRARY_PATH=/opt/android-studio/bin/.:
SHELL=/bin/bash
DISPLAY=:1

Signal Handlers:
SIGSEGV: [libjvm.so+0xaba2a0], sa_mask[0]=11111111011111111101111111111110, sa_flags=SA_RESTART|SA_SIGINFO
SIGBUS: [libjvm.so+0xaba2a0], sa_mask[0]=11111111011111111101111111111110, sa_flags=SA_RESTART|SA_SIGINFO
SIGFPE: [libjvm.so+0x917710], sa_mask[0]=11111111011111111101111111111110, sa_flags=SA_RESTART|SA_SIGINFO
SIGPIPE: [libjvm.so+0x917710], sa_mask[0]=11111111011111111101111111111110, sa_flags=SA_RESTART|SA_SIGINFO
SIGXFSZ: [libjvm.so+0x917710], sa_mask[0]=11111111011111111101111111111110, sa_flags=SA_RESTART|SA_SIGINFO
SIGILL: [libjvm.so+0x917710], sa_mask[0]=11111111011111111101111111111110, sa_flags=SA_RESTART|SA_SIGINFO
SIGUSR1: SIG_DFL, sa_mask[0]=00000000000000000000000000000000, sa_flags=none
SIGUSR2: [libjvm.so+0x918d40], sa_mask[0]=00100000000000000000000000000000, sa_flags=SA_RESTART|SA_SIGINFO
SIGHUP: [libjvm.so+0x91a140], sa_mask[0]=11111111011111111101111111111110, sa_flags=SA_RESTART|SA_SIGINFO
SIGINT: [libjvm.so+0x91a140], sa_mask[0]=11111111011111111101111111111110, sa_flags=SA_RESTART|SA_SIGINFO
SIGTERM: [libjvm.so+0x91a140], sa_mask[0]=11111111011111111101111111111110, sa_flags=SA_RESTART|SA_SIGINFO
SIGQUIT: [libjvm.so+0x91a140], sa_mask[0]=11111111011111111101111111111110, sa_flags=SA_RESTART|SA_SIGINFO


---------------  S Y S T E M  ---------------

OS:DISTRIB_ID=Ubuntu
DISTRIB_RELEASE=16.04
DISTRIB_CODENAME=xenial
DISTRIB_DESCRIPTION="Ubuntu 16.04.1 LTS"

uname:Linux 4.4.0-45-generic #66-Ubuntu SMP Wed Oct 19 14:12:37 UTC 2016 x86_64
libc:glibc 2.23 NPTL 2.23 
rlimit: STACK 8192k, CORE 0k, NPROC 23179, NOFILE 65536, AS infinity
load average:2,18 1,23 0,98

/proc/meminfo:
MemTotal:        5974456 kB
MemFree:          115100 kB
MemAvailable:      20676 kB
Buffers:             492 kB
Cached:           505188 kB
SwapCached:            0 kB
Active:          5172320 kB
Inactive:         453736 kB
Active(anon):    5164660 kB
Inactive(anon):   445744 kB
Active(file):       7660 kB
Inactive(file):     7992 kB
Unevictable:          84 kB
Mlocked:              84 kB
SwapTotal:             0 kB
SwapFree:              0 kB
Dirty:               192 kB
Writeback:             0 kB
AnonPages:       5121300 kB
Mapped:           254428 kB
Shmem:            489064 kB
Slab:              97708 kB
SReclaimable:      51056 kB
SUnreclaim:        46652 kB
KernelStack:       13104 kB
PageTables:        56796 kB
NFS_Unstable:          0 kB
Bounce:                0 kB
WritebackTmp:          0 kB
CommitLimit:     2987228 kB
Committed_AS:   11251784 kB
VmallocTotal:   34359738367 kB
VmallocUsed:           0 kB
VmallocChunk:          0 kB
HardwareCorrupted:     0 kB
AnonHugePages:   3209216 kB
CmaTotal:              0 kB
CmaFree:               0 kB
HugePages_Total:       0
HugePages_Free:        0
HugePages_Rsvd:        0
HugePages_Surp:        0
Hugepagesize:       2048 kB
DirectMap4k:      203664 kB
DirectMap2M:     5951488 kB


CPU:total 4 (2 cores per cpu, 2 threads per core) family 6 model 58 stepping 9, cmov, cx8, fxsr, mmx, sse, sse2, sse3, ssse3, sse4.1, sse4.2, popcnt, avx, aes, clmul, erms, ht, tsc, tscinvbit, tscinv

/proc/cpuinfo:
processor	: 0
vendor_id	: GenuineIntel
cpu family	: 6
model		: 58
model name	: Intel(R) Core(TM) i5-3337U CPU @ 1.80GHz
stepping	: 9
microcode	: 0x1c
cpu MHz		: 2163.937
cache size	: 3072 KB
physical id	: 0
siblings	: 4
core id		: 0
cpu cores	: 2
apicid		: 0
initial apicid	: 0
fpu		: yes
fpu_exception	: yes
cpuid level	: 13
wp		: yes
flags		: fpu vme de pse tsc msr pae mce cx8 apic sep mtrr pge mca cmov pat pse36 clflush dts acpi mmx fxsr sse sse2 ss ht tm pbe syscall nx rdtscp lm constant_tsc arch_perfmon pebs bts rep_good nopl xtopology nonstop_tsc aperfmperf eagerfpu pni pclmulqdq dtes64 monitor ds_cpl vmx est tm2 ssse3 cx16 xtpr pdcm pcid sse4_1 sse4_2 x2apic popcnt tsc_deadline_timer aes xsave avx f16c rdrand lahf_lm epb tpr_shadow vnmi flexpriority ept vpid fsgsbase smep erms xsaveopt dtherm ida arat pln pts
bugs		:
bogomips	: 3591.51
clflush size	: 64
cache_alignment	: 64
address sizes	: 36 bits physical, 48 bits virtual
power management:

processor	: 1
vendor_id	: GenuineIntel
cpu family	: 6
model		: 58
model name	: Intel(R) Core(TM) i5-3337U CPU @ 1.80GHz
stepping	: 9
microcode	: 0x1c
cpu MHz		: 2265.328
cache size	: 3072 KB
physical id	: 0
siblings	: 4
core id		: 1
cpu cores	: 2
apicid		: 2
initial apicid	: 2
fpu		: yes
fpu_exception	: yes
cpuid level	: 13
wp		: yes
flags		: fpu vme de pse tsc msr pae mce cx8 apic sep mtrr pge mca cmov pat pse36 clflush dts acpi mmx fxsr sse sse2 ss ht tm pbe syscall nx rdtscp lm constant_tsc arch_perfmon pebs bts rep_good nopl xtopology nonstop_tsc aperfmperf eagerfpu pni pclmulqdq dtes64 monitor ds_cpl vmx est tm2 ssse3 cx16 xtpr pdcm pcid sse4_1 sse4_2 x2apic popcnt tsc_deadline_timer aes xsave avx f16c rdrand lahf_lm epb tpr_shadow vnmi flexpriority ept vpid fsgsbase smep erms xsaveopt dtherm ida arat pln pts
bugs		:
bogomips	: 3591.51
clflush size	: 64
cache_alignment	: 64
address sizes	: 36 bits physical, 48 bits virtual
power management:

processor	: 2
vendor_id	: GenuineIntel
cpu family	: 6
model		: 58
model name	: Intel(R) Core(TM) i5-3337U CPU @ 1.80GHz
stepping	: 9
microcode	: 0x1c
cpu MHz		: 2100.093
cache size	: 3072 KB
physical id	: 0
siblings	: 4
core id		: 0
cpu cores	: 2
apicid		: 1
initial apicid	: 1
fpu		: yes
fpu_exception	: yes
cpuid level	: 13
wp		: yes
flags		: fpu vme de pse tsc msr pae mce cx8 apic sep mtrr pge mca cmov pat pse36 clflush dts acpi mmx fxsr sse sse2 ss ht tm pbe syscall nx rdtscp lm constant_tsc arch_perfmon pebs bts rep_good nopl xtopology nonstop_tsc aperfmperf eagerfpu pni pclmulqdq dtes64 monitor ds_cpl vmx est tm2 ssse3 cx16 xtpr pdcm pcid sse4_1 sse4_2 x2apic popcnt tsc_deadline_timer aes xsave avx f16c rdrand lahf_lm epb tpr_shadow vnmi flexpriority ept vpid fsgsbase smep erms xsaveopt dtherm ida arat pln pts
bugs		:
bogomips	: 3591.51
clflush size	: 64
cache_alignment	: 64
address sizes	: 36 bits physical, 48 bits virtual
power management:

processor	: 3
vendor_id	: GenuineIntel
cpu family	: 6
model		: 58
model name	: Intel(R) Core(TM) i5-3337U CPU @ 1.80GHz
stepping	: 9
microcode	: 0x1c
cpu MHz		: 1955.250
cache size	: 3072 KB
physical id	: 0
siblings	: 4
core id		: 1
cpu cores	: 2
apicid		: 3
initial apicid	: 3
fpu		: yes
fpu_exception	: yes
cpuid level	: 13
wp		: yes
flags		: fpu vme de pse tsc msr pae mce cx8 apic sep mtrr pge mca cmov pat pse36 clflush dts acpi mmx fxsr sse sse2 ss ht tm pbe syscall nx rdtscp lm constant_tsc arch_perfmon pebs bts rep_good nopl xtopology nonstop_tsc aperfmperf eagerfpu pni pclmulqdq dtes64 monitor ds_cpl vmx est tm2 ssse3 cx16 xtpr pdcm pcid sse4_1 sse4_2 x2apic popcnt tsc_deadline_timer aes xsave avx f16c rdrand lahf_lm epb tpr_shadow vnmi flexpriority ept vpid fsgsbase smep erms xsaveopt dtherm ida arat pln pts
bugs		:
bogomips	: 3591.51
clflush size	: 64
cache_alignment	: 64
address sizes	: 36 bits physical, 48 bits virtual
power management:



Memory: 4k page, physical 5974456k(115040k free), swap 0k(0k free)

vm_info: Java HotSpot(TM) 64-Bit Server VM (25.66-b17) for linux-amd64 JRE (1.8.0_66-b17), built on Oct  6 2015 17:28:34 by "java_re" with gcc 4.3.0 20080428 (Red Hat 4.3.0-8)

time: Fri Oct 28 15:47:03 2016
elapsed time: 5 seconds (0d 0h 0m 5s)

