#
# There is insufficient memory for the Java Runtime Environment to continue.
# Native memory allocation (mmap) failed to map 135266304 bytes for committing reserved memory.
# Possible reasons:
#   The system is out of physical RAM or swap space
#   In 32 bit mode, the process size limit was hit
# Possible solutions:
#   Reduce memory load on the system
#   Increase physical memory or swap space
#   Check if swap backing store is full
#   Use 64 bit Java on a 64 bit OS
#   Decrease Java heap size (-Xmx/-Xms)
#   Decrease number of Java threads
#   Decrease Java thread stack sizes (-Xss)
#   Set larger code cache with -XX:ReservedCodeCacheSize=
# This output file may be truncated or incomplete.
#
#  Out of Memory Error (os_linux.cpp:2627), pid=2035, tid=139996624709376
#
# JRE version: Java(TM) SE Runtime Environment (8.0_66-b17) (build 1.8.0_66-b17)
# Java VM: Java HotSpot(TM) 64-Bit Server VM (25.66-b17 mixed mode linux-amd64 compressed oops)
# Failed to write core dump. Core dumps have been disabled. To enable core dumping, try "ulimit -c unlimited" before starting Java again
#

---------------  T H R E A D  ---------------

Current thread (0x00007f5398078000):  VMThread [stack: 0x00007f538105e000,0x00007f538115f000] [id=2047]

Stack: [0x00007f538105e000,0x00007f538115f000],  sp=0x00007f538115cfa0,  free space=1019k
Native frames: (J=compiled Java code, j=interpreted, Vv=VM code, C=native code)
V  [libjvm.so+0xab9a1a]  VMError::report_and_die()+0x2ba
V  [libjvm.so+0x4f9e0b]  report_vm_out_of_memory(char const*, int, unsigned long, VMErrorType, char const*)+0x8b
V  [libjvm.so+0x91a8a3]  os::Linux::commit_memory_impl(char*, unsigned long, bool)+0x103
V  [libjvm.so+0x91adf9]  os::pd_commit_memory(char*, unsigned long, unsigned long, bool)+0x29
V  [libjvm.so+0x91510a]  os::commit_memory(char*, unsigned long, unsigned long, bool)+0x2a
V  [libjvm.so+0x9887a3]  PSVirtualSpace::expand_by(unsigned long)+0x53
V  [libjvm.so+0x989ba8]  PSYoungGen::resize_generation(unsigned long, unsigned long)+0xf8
V  [libjvm.so+0x988d02]  PSYoungGen::resize(unsigned long, unsigned long)+0x22
V  [libjvm.so+0x985fdb]  PSScavenge::invoke_no_policy()+0xf3b
V  [libjvm.so+0x986761]  PSScavenge::invoke()+0x41
V  [libjvm.so+0x93e500]  ParallelScavengeHeap::failed_mem_allocate(unsigned long)+0x70
V  [libjvm.so+0xabb437]  VM_ParallelGCFailedAllocation::doit()+0x97
V  [libjvm.so+0xac2e65]  VM_Operation::evaluate()+0x55
V  [libjvm.so+0xac123a]  VMThread::evaluate_operation(VM_Operation*)+0xba
V  [libjvm.so+0xac15be]  VMThread::loop()+0x1ce
V  [libjvm.so+0xac1a30]  VMThread::run()+0x70
V  [libjvm.so+0x91cc68]  java_start(Thread*)+0x108

VM_Operation (0x00007f53a083eeb0): ParallelGCFailedAllocation, mode: safepoint, requested by thread 0x00007f539800a000


---------------  P R O C E S S  ---------------

Java Threads: ( => current thread )
  0x00007f53980c2000 JavaThread "Service Thread" daemon [_thread_blocked, id=2054, stack(0x00007f538067d000,0x00007f538077e000)]
  0x00007f53980bd000 JavaThread "C1 CompilerThread2" daemon [_thread_blocked, id=2053, stack(0x00007f538077e000,0x00007f538087f000)]
  0x00007f53980bb000 JavaThread "C2 CompilerThread1" daemon [_thread_blocked, id=2052, stack(0x00007f538087f000,0x00007f5380980000)]
  0x00007f53980b8000 JavaThread "C2 CompilerThread0" daemon [_thread_in_native, id=2051, stack(0x00007f5380980000,0x00007f5380a81000)]
  0x00007f53980b7000 JavaThread "Signal Dispatcher" daemon [_thread_blocked, id=2050, stack(0x00007f5380a81000,0x00007f5380b82000)]
  0x00007f539807f000 JavaThread "Finalizer" daemon [_thread_blocked, id=2049, stack(0x00007f5380e5c000,0x00007f5380f5d000)]
  0x00007f539807d000 JavaThread "Reference Handler" daemon [_thread_blocked, id=2048, stack(0x00007f5380f5d000,0x00007f538105e000)]
  0x00007f539800a000 JavaThread "main" [_thread_blocked, id=2041, stack(0x00007f53a0740000,0x00007f53a0841000)]

Other Threads:
=>0x00007f5398078000 VMThread [stack: 0x00007f538105e000,0x00007f538115f000] [id=2047]
  0x00007f53980c5000 WatcherThread [stack: 0x00007f538057c000,0x00007f538067d000] [id=2055]

VM state:at safepoint (normal execution)

VM Mutex/Monitor currently owned by a thread:  ([mutex/lock_event])
[0x00007f5398006410] Threads_lock - owner thread: 0x00007f5398078000
[0x00007f5398006910] Heap_lock - owner thread: 0x00007f539800a000

Heap:
 PSYoungGen      total 99840K, used 3568K [0x00000000e1980000, 0x00000000e7e80000, 0x0000000100000000)
  eden space 96256K, 0% used [0x00000000e1980000,0x00000000e1980000,0x00000000e7780000)
  from space 3584K, 99% used [0x00000000e7780000,0x00000000e7afc030,0x00000000e7b00000)
  to   space 3584K, 0% used [0x00000000e7b00000,0x00000000e7b00000,0x00000000e7e80000)
 ParOldGen       total 62976K, used 32209K [0x00000000a4c00000, 0x00000000a8980000, 0x00000000e1980000)
  object space 62976K, 51% used [0x00000000a4c00000,0x00000000a6b744f8,0x00000000a8980000)
 Metaspace       used 3672K, capacity 5144K, committed 5376K, reserved 1056768K
  class space    used 388K, capacity 456K, committed 512K, reserved 1048576K

Card table byte_map: [0x00007f539d227000,0x00007f539d502000] byte_map_base: 0x00007f539cd01000

Marking Bits: (ParMarkBitMap*) 0x00007f539fc18020
 Begin Bits: [0x00007f5381260000, 0x00007f5382930000)
 End Bits:   [0x00007f5382930000, 0x00007f5384000000)

Polling page: 0x00007f53a0865000

CodeCache: size=245760Kb used=3443Kb max_used=3455Kb free=242316Kb
 bounds [0x00007f5389000000, 0x00007f5389370000, 0x00007f5398000000]
 total_blobs=834 nmethods=587 adapters=161
 compilation: enabled

Compilation events (10 events):
Event: 1,804 Thread 0x00007f53980bb000 nmethod 597 0x00007f538935e650 code [0x00007f538935e7a0, 0x00007f538935e8b8]
Event: 1,804 Thread 0x00007f53980bb000  592       4       com.android.dx.util.ByteArray$MyInputStream::available (13 bytes)
Event: 1,804 Thread 0x00007f53980bb000 nmethod 592 0x00007f538935e3d0 code [0x00007f538935e520, 0x00007f538935e598]
Event: 1,804 Thread 0x00007f53980bb000  594   !   4       java.util.zip.ZipFile::getEntry (86 bytes)
Event: 1,817 Thread 0x00007f53980bb000 nmethod 594 0x00007f538935ef10 code [0x00007f538935f0c0, 0x00007f538935fab0]
Event: 1,817 Thread 0x00007f53980bb000  591       4       java.util.BitSet::ensureCapacity (39 bytes)
Event: 1,818 Thread 0x00007f53980bb000 nmethod 591 0x00007f538935e090 code [0x00007f538935e1e0, 0x00007f538935e278]
Event: 1,818 Thread 0x00007f53980bb000  465       4       java.lang.String::substring (79 bytes)
Event: 1,825 Thread 0x00007f53980bb000 nmethod 465 0x00007f5389362290 code [0x00007f5389362400, 0x00007f5389362818]
Event: 1,834 Thread 0x00007f53980bb000  599   !   4       com.android.multidex.Path::readStream (44 bytes)

GC Heap History (9 events):
Event: 0,637 GC heap before
{Heap before GC invocations=1 (full 0):
 PSYoungGen      total 27648K, used 24064K [0x00000000e1980000, 0x00000000e3800000, 0x0000000100000000)
  eden space 24064K, 100% used [0x00000000e1980000,0x00000000e3100000,0x00000000e3100000)
  from space 3584K, 0% used [0x00000000e3480000,0x00000000e3480000,0x00000000e3800000)
  to   space 3584K, 0% used [0x00000000e3100000,0x00000000e3100000,0x00000000e3480000)
 ParOldGen       total 62976K, used 0K [0x00000000a4c00000, 0x00000000a8980000, 0x00000000e1980000)
  object space 62976K, 0% used [0x00000000a4c00000,0x00000000a4c00000,0x00000000a8980000)
 Metaspace       used 3607K, capacity 5080K, committed 5376K, reserved 1056768K
  class space    used 384K, capacity 456K, committed 512K, reserved 1048576K
Event: 0,648 GC heap after
Heap after GC invocations=1 (full 0):
 PSYoungGen      total 27648K, used 3336K [0x00000000e1980000, 0x00000000e4f80000, 0x0000000100000000)
  eden space 24064K, 0% used [0x00000000e1980000,0x00000000e1980000,0x00000000e3100000)
  from space 3584K, 93% used [0x00000000e3100000,0x00000000e3442320,0x00000000e3480000)
  to   space 3584K, 0% used [0x00000000e4c00000,0x00000000e4c00000,0x00000000e4f80000)
 ParOldGen       total 62976K, used 8K [0x00000000a4c00000, 0x00000000a8980000, 0x00000000e1980000)
  object space 62976K, 0% used [0x00000000a4c00000,0x00000000a4c02000,0x00000000a8980000)
 Metaspace       used 3607K, capacity 5080K, committed 5376K, reserved 1056768K
  class space    used 384K, capacity 456K, committed 512K, reserved 1048576K
}
Event: 0,781 GC heap before
{Heap before GC invocations=2 (full 0):
 PSYoungGen      total 27648K, used 27400K [0x00000000e1980000, 0x00000000e4f80000, 0x0000000100000000)
  eden space 24064K, 100% used [0x00000000e1980000,0x00000000e3100000,0x00000000e3100000)
  from space 3584K, 93% used [0x00000000e3100000,0x00000000e3442320,0x00000000e3480000)
  to   space 3584K, 0% used [0x00000000e4c00000,0x00000000e4c00000,0x00000000e4f80000)
 ParOldGen       total 62976K, used 8K [0x00000000a4c00000, 0x00000000a8980000, 0x00000000e1980000)
  object space 62976K, 0% used [0x00000000a4c00000,0x00000000a4c02000,0x00000000a8980000)
 Metaspace       used 3645K, capacity 5144K, committed 5376K, reserved 1056768K
  class space    used 384K, capacity 456K, committed 512K, reserved 1048576K
Event: 0,788 GC heap after
Heap after GC invocations=2 (full 0):
 PSYoungGen      total 51712K, used 3575K [0x00000000e1980000, 0x00000000e4f80000, 0x0000000100000000)
  eden space 48128K, 0% used [0x00000000e1980000,0x00000000e1980000,0x00000000e4880000)
  from space 3584K, 99% used [0x00000000e4c00000,0x00000000e4f7dcb8,0x00000000e4f80000)
  to   space 3584K, 0% used [0x00000000e4880000,0x00000000e4880000,0x00000000e4c00000)
 ParOldGen       total 62976K, used 896K [0x00000000a4c00000, 0x00000000a8980000, 0x00000000e1980000)
  object space 62976K, 1% used [0x00000000a4c00000,0x00000000a4ce0278,0x00000000a8980000)
 Metaspace       used 3645K, capacity 5144K, committed 5376K, reserved 1056768K
  class space    used 384K, capacity 456K, committed 512K, reserved 1048576K
}
Event: 1,023 GC heap before
{Heap before GC invocations=3 (full 0):
 PSYoungGen      total 51712K, used 51703K [0x00000000e1980000, 0x00000000e4f80000, 0x0000000100000000)
  eden space 48128K, 100% used [0x00000000e1980000,0x00000000e4880000,0x00000000e4880000)
  from space 3584K, 99% used [0x00000000e4c00000,0x00000000e4f7dcb8,0x00000000e4f80000)
  to   space 3584K, 0% used [0x00000000e4880000,0x00000000e4880000,0x00000000e4c00000)
 ParOldGen       total 62976K, used 896K [0x00000000a4c00000, 0x00000000a8980000, 0x00000000e1980000)
  object space 62976K, 1% used [0x00000000a4c00000,0x00000000a4ce0278,0x00000000a8980000)
 Metaspace       used 3670K, capacity 5144K, committed 5376K, reserved 1056768K
  class space    used 388K, capacity 456K, committed 512K, reserved 1048576K
Event: 1,071 GC heap after
Heap after GC invocations=3 (full 0):
 PSYoungGen      total 51712K, used 3572K [0x00000000e1980000, 0x00000000e7e80000, 0x0000000100000000)
  eden space 48128K, 0% used [0x00000000e1980000,0x00000000e1980000,0x00000000e4880000)
  from space 3584K, 99% used [0x00000000e4880000,0x00000000e4bfd040,0x00000000e4c00000)
  to   space 3584K, 0% used [0x00000000e7b00000,0x00000000e7b00000,0x00000000e7e80000)
 ParOldGen       total 62976K, used 7804K [0x00000000a4c00000, 0x00000000a8980000, 0x00000000e1980000)
  object space 62976K, 12% used [0x00000000a4c00000,0x00000000a539f238,0x00000000a8980000)
 Metaspace       used 3670K, capacity 5144K, committed 5376K, reserved 1056768K
  class space    used 388K, capacity 456K, committed 512K, reserved 1048576K
}
Event: 1,335 GC heap before
{Heap before GC invocations=4 (full 0):
 PSYoungGen      total 51712K, used 51700K [0x00000000e1980000, 0x00000000e7e80000, 0x0000000100000000)
  eden space 48128K, 100% used [0x00000000e1980000,0x00000000e4880000,0x00000000e4880000)
  from space 3584K, 99% used [0x00000000e4880000,0x00000000e4bfd040,0x00000000e4c00000)
  to   space 3584K, 0% used [0x00000000e7b00000,0x00000000e7b00000,0x00000000e7e80000)
 ParOldGen       total 62976K, used 7804K [0x00000000a4c00000, 0x00000000a8980000, 0x00000000e1980000)
  object space 62976K, 12% used [0x00000000a4c00000,0x00000000a539f238,0x00000000a8980000)
 Metaspace       used 3672K, capacity 5144K, committed 5376K, reserved 1056768K
  class space    used 388K, capacity 456K, committed 512K, reserved 1048576K
Event: 1,379 GC heap after
Heap after GC invocations=4 (full 0):
 PSYoungGen      total 99840K, used 3572K [0x00000000e1980000, 0x00000000e7e80000, 0x0000000100000000)
  eden space 96256K, 0% used [0x00000000e1980000,0x00000000e1980000,0x00000000e7780000)
  from space 3584K, 99% used [0x00000000e7b00000,0x00000000e7e7d060,0x00000000e7e80000)
  to   space 3584K, 0% used [0x00000000e7780000,0x00000000e7780000,0x00000000e7b00000)
 ParOldGen       total 62976K, used 15649K [0x00000000a4c00000, 0x00000000a8980000, 0x00000000e1980000)
  object space 62976K, 24% used [0x00000000a4c00000,0x00000000a5b486d0,0x00000000a8980000)
 Metaspace       used 3672K, capacity 5144K, committed 5376K, reserved 1056768K
  class space    used 388K, capacity 456K, committed 512K, reserved 1048576K
}
Event: 1,839 GC heap before
{Heap before GC invocations=5 (full 0):
 PSYoungGen      total 99840K, used 99828K [0x00000000e1980000, 0x00000000e7e80000, 0x0000000100000000)
  eden space 96256K, 100% used [0x00000000e1980000,0x00000000e7780000,0x00000000e7780000)
  from space 3584K, 99% used [0x00000000e7b00000,0x00000000e7e7d060,0x00000000e7e80000)
  to   space 3584K, 0% used [0x00000000e7780000,0x00000000e7780000,0x00000000e7b00000)
 ParOldGen       total 62976K, used 15649K [0x00000000a4c00000, 0x00000000a8980000, 0x00000000e1980000)
  object space 62976K, 24% used [0x00000000a4c00000,0x00000000a5b486d0,0x00000000a8980000)
 Metaspace       used 3672K, capacity 5144K, committed 5376K, reserved 1056768K
  class space    used 388K, capacity 456K, committed 512K, reserved 1048576K

Deoptimization events (1 events):
Event: 0,554 Thread 0x00007f539800a000 Uncommon trap: reason=unloaded action=reinterpret pc=0x00007f53891fd80c method=com.android.dx.cf.cst.ConstantPoolParser.parse0(ILjava/util/BitSet;)Lcom/android/dx/rop/cst/Constant; @ 176

Internal exceptions (2 events):
Event: 0,086 Thread 0x00007f539800a000 Exception <a 'java/lang/NoSuchMethodError': Method sun.misc.Unsafe.defineClass(Ljava/lang/String;[BII)Ljava/lang/Class; name or signature does not match> (0x00000000e1992b20) thrown at [/HUDSON/workspace/8-2-build-linux-amd64/jdk8u66/4988/hotspot/src/shar
Event: 0,087 Thread 0x00007f539800a000 Exception <a 'java/lang/NoSuchMethodError': Method sun.misc.Unsafe.prefetchRead(Ljava/lang/Object;J)V name or signature does not match> (0x00000000e1992e08) thrown at [/HUDSON/workspace/8-2-build-linux-amd64/jdk8u66/4988/hotspot/src/share/vm/prims/jni.cpp

Events (10 events):
Event: 1,278 Thread 0x00007f539800a000 DEOPT UNPACKING pc=0x00007f5389047633 sp=0x00007f53a083ee10 mode 0
Event: 1,278 Thread 0x00007f539800a000 DEOPT PACKING pc=0x00007f53891c25cb sp=0x00007f53a083f130
Event: 1,278 Thread 0x00007f539800a000 DEOPT UNPACKING pc=0x00007f5389047633 sp=0x00007f53a083ef60 mode 0
Event: 1,294 Thread 0x00007f539800a000 DEOPT PACKING pc=0x00007f53891bbf64 sp=0x00007f53a083f030
Event: 1,294 Thread 0x00007f539800a000 DEOPT UNPACKING pc=0x00007f5389047633 sp=0x00007f53a083ee10 mode 0
Event: 1,295 Thread 0x00007f539800a000 DEOPT PACKING pc=0x00007f53891c25cb sp=0x00007f53a083f130
Event: 1,295 Thread 0x00007f539800a000 DEOPT UNPACKING pc=0x00007f5389047633 sp=0x00007f53a083ef60 mode 0
Event: 1,335 Executing VM operation: ParallelGCFailedAllocation
Event: 1,379 Executing VM operation: ParallelGCFailedAllocation done
Event: 1,839 Executing VM operation: ParallelGCFailedAllocation


Dynamic libraries:
00400000-00401000 r-xp 00000000 08:11 270464                             /usr/lib/jvm/java-8-oracle/bin/java
00600000-00601000 rw-p 00000000 08:11 270464                             /usr/lib/jvm/java-8-oracle/bin/java
01e9b000-01ebc000 rw-p 00000000 00:00 0                                  [heap]
a4c00000-a8980000 rw-p 00000000 00:00 0 
a8980000-e1980000 ---p 00000000 00:00 0 
e1980000-e7e80000 rw-p 00000000 00:00 0 
eff80000-100000000 ---p 00000000 00:00 0 
100000000-100080000 rw-p 00000000 00:00 0 
100080000-140000000 ---p 00000000 00:00 0 
7f534c000000-7f534c021000 rw-p 00000000 00:00 0 
7f534c021000-7f5350000000 ---p 00000000 00:00 0 
7f5350000000-7f5350021000 rw-p 00000000 00:00 0 
7f5350021000-7f5354000000 ---p 00000000 00:00 0 
7f5354000000-7f53558ef000 rw-p 00000000 00:00 0 
7f53558ef000-7f5358000000 ---p 00000000 00:00 0 
7f5358000000-7f5358800000 rw-p 00000000 00:00 0 
7f5358800000-7f535c000000 ---p 00000000 00:00 0 
7f535c000000-7f535c021000 rw-p 00000000 00:00 0 
7f535c021000-7f5360000000 ---p 00000000 00:00 0 
7f5360000000-7f5361687000 rw-p 00000000 00:00 0 
7f5361687000-7f5364000000 ---p 00000000 00:00 0 
7f5364000000-7f5364021000 rw-p 00000000 00:00 0 
7f5364021000-7f5368000000 ---p 00000000 00:00 0 
7f5368000000-7f5368021000 rw-p 00000000 00:00 0 
7f5368021000-7f536c000000 ---p 00000000 00:00 0 
7f536c000000-7f536c021000 rw-p 00000000 00:00 0 
7f536c021000-7f5370000000 ---p 00000000 00:00 0 
7f5370000000-7f537028f000 rw-p 00000000 00:00 0 
7f537028f000-7f5374000000 ---p 00000000 00:00 0 
7f5374000000-7f5374021000 rw-p 00000000 00:00 0 
7f5374021000-7f5378000000 ---p 00000000 00:00 0 
7f537c000000-7f537c021000 rw-p 00000000 00:00 0 
7f537c021000-7f5380000000 ---p 00000000 00:00 0 
7f53803ef000-7f5380410000 r--p 00000000 08:11 795147                     /usr/share/locale-langpack/pt_BR/LC_MESSAGES/libc.mo
7f5380410000-7f5380442000 rw-p 00000000 00:00 0 
7f5380442000-7f538057c000 r--s 00db1000 08:01 3678007                    /home/gilmar/AndroidStudioProjects/Projeto/Alergia/app/build/intermediates/transforms/jarMerging/debug/jars/1/1f/combined.jar
7f538057c000-7f538057d000 ---p 00000000 00:00 0 
7f538057d000-7f538067d000 rw-p 00000000 00:00 0 
7f538067d000-7f5380680000 ---p 00000000 00:00 0 
7f5380680000-7f538077e000 rw-p 00000000 00:00 0 
7f538077e000-7f5380781000 ---p 00000000 00:00 0 
7f5380781000-7f538087f000 rw-p 00000000 00:00 0 
7f538087f000-7f5380882000 ---p 00000000 00:00 0 
7f5380882000-7f5380980000 rw-p 00000000 00:00 0 
7f5380980000-7f5380983000 ---p 00000000 00:00 0 
7f5380983000-7f5380a81000 rw-p 00000000 00:00 0 
7f5380a81000-7f5380a84000 ---p 00000000 00:00 0 
7f5380a84000-7f5380b82000 rw-p 00000000 00:00 0 
7f5380b82000-7f5380e5c000 r--p 00000000 08:11 261827                     /usr/lib/locale/locale-archive
7f5380e5c000-7f5380e5f000 ---p 00000000 00:00 0 
7f5380e5f000-7f5380f5d000 rw-p 00000000 00:00 0 
7f5380f5d000-7f5380f60000 ---p 00000000 00:00 0 
7f5380f60000-7f538105e000 rw-p 00000000 00:00 0 
7f538105e000-7f538105f000 ---p 00000000 00:00 0 
7f538105f000-7f5384000000 rw-p 00000000 00:00 0 
7f5384000000-7f5384021000 rw-p 00000000 00:00 0 
7f5384021000-7f5388000000 ---p 00000000 00:00 0 
7f5388019000-7f5388e27000 rw-p 00000000 00:00 0 
7f5388e27000-7f5389000000 r--s 03d20000 08:11 556314                     /usr/lib/jvm/java-8-oracle/jre/lib/rt.jar
7f5389000000-7f5389370000 rwxp 00000000 00:00 0 
7f5389370000-7f5398000000 ---p 00000000 00:00 0 
7f5398000000-7f53983c3000 rw-p 00000000 00:00 0 
7f53983c3000-7f539c000000 ---p 00000000 00:00 0 
7f539c019000-7f539c622000 rw-p 00000000 00:00 0 
7f539c622000-7f539c962000 ---p 00000000 00:00 0 
7f539c962000-7f539cc3c000 rw-p 00000000 00:00 0 
7f539cc3c000-7f539cc3d000 ---p 00000000 00:00 0 
7f539cc3d000-7f539cd3d000 rw-p 00000000 00:00 0 
7f539cd3d000-7f539cd3e000 ---p 00000000 00:00 0 
7f539cd3e000-7f539ce3e000 rw-p 00000000 00:00 0 
7f539ce3e000-7f539ce3f000 ---p 00000000 00:00 0 
7f539ce3f000-7f539cf3f000 rw-p 00000000 00:00 0 
7f539cf3f000-7f539cf40000 ---p 00000000 00:00 0 
7f539cf40000-7f539d05f000 rw-p 00000000 00:00 0 
7f539d05f000-7f539d227000 ---p 00000000 00:00 0 
7f539d227000-7f539d246000 rw-p 00000000 00:00 0 
7f539d246000-7f539d40d000 ---p 00000000 00:00 0 
7f539d40d000-7f539d441000 rw-p 00000000 00:00 0 
7f539d441000-7f539d501000 ---p 00000000 00:00 0 
7f539d501000-7f539d510000 rw-p 00000000 00:00 0 
7f539d510000-7f539d8c2000 ---p 00000000 00:00 0 
7f539d8c2000-7f539d8dc000 r-xp 00000000 08:11 556514                     /usr/lib/jvm/java-8-oracle/jre/lib/amd64/libzip.so
7f539d8dc000-7f539dadc000 ---p 0001a000 08:11 556514                     /usr/lib/jvm/java-8-oracle/jre/lib/amd64/libzip.so
7f539dadc000-7f539dadd000 rw-p 0001a000 08:11 556514                     /usr/lib/jvm/java-8-oracle/jre/lib/amd64/libzip.so
7f539dadd000-7f539dae8000 r-xp 00000000 08:11 393976                     /lib/x86_64-linux-gnu/libnss_files-2.23.so
7f539dae8000-7f539dce7000 ---p 0000b000 08:11 393976                     /lib/x86_64-linux-gnu/libnss_files-2.23.so
7f539dce7000-7f539dce8000 r--p 0000a000 08:11 393976                     /lib/x86_64-linux-gnu/libnss_files-2.23.so
7f539dce8000-7f539dce9000 rw-p 0000b000 08:11 393976                     /lib/x86_64-linux-gnu/libnss_files-2.23.so
7f539dce9000-7f539dcef000 rw-p 00000000 00:00 0 
7f539dcef000-7f539dcfa000 r-xp 00000000 08:11 393962                     /lib/x86_64-linux-gnu/libnss_nis-2.23.so
7f539dcfa000-7f539def9000 ---p 0000b000 08:11 393962                     /lib/x86_64-linux-gnu/libnss_nis-2.23.so
7f539def9000-7f539defa000 r--p 0000a000 08:11 393962                     /lib/x86_64-linux-gnu/libnss_nis-2.23.so
7f539defa000-7f539defb000 rw-p 0000b000 08:11 393962                     /lib/x86_64-linux-gnu/libnss_nis-2.23.so
7f539defb000-7f539df11000 r-xp 00000000 08:11 393938                     /lib/x86_64-linux-gnu/libnsl-2.23.so
7f539df11000-7f539e110000 ---p 00016000 08:11 393938                     /lib/x86_64-linux-gnu/libnsl-2.23.so
7f539e110000-7f539e111000 r--p 00015000 08:11 393938                     /lib/x86_64-linux-gnu/libnsl-2.23.so
7f539e111000-7f539e112000 rw-p 00016000 08:11 393938                     /lib/x86_64-linux-gnu/libnsl-2.23.so
7f539e112000-7f539e114000 rw-p 00000000 00:00 0 
7f539e114000-7f539e11c000 r-xp 00000000 08:11 393921                     /lib/x86_64-linux-gnu/libnss_compat-2.23.so
7f539e11c000-7f539e31b000 ---p 00008000 08:11 393921                     /lib/x86_64-linux-gnu/libnss_compat-2.23.so
7f539e31b000-7f539e31c000 r--p 00007000 08:11 393921                     /lib/x86_64-linux-gnu/libnss_compat-2.23.so
7f539e31c000-7f539e31d000 rw-p 00008000 08:11 393921                     /lib/x86_64-linux-gnu/libnss_compat-2.23.so
7f539e31d000-7f539e347000 r-xp 00000000 08:11 556509                     /usr/lib/jvm/java-8-oracle/jre/lib/amd64/libjava.so
7f539e347000-7f539e547000 ---p 0002a000 08:11 556509                     /usr/lib/jvm/java-8-oracle/jre/lib/amd64/libjava.so
7f539e547000-7f539e549000 rw-p 0002a000 08:11 556509                     /usr/lib/jvm/java-8-oracle/jre/lib/amd64/libjava.so
7f539e549000-7f539e556000 r-xp 00000000 08:11 556513                     /usr/lib/jvm/java-8-oracle/jre/lib/amd64/libverify.so
7f539e556000-7f539e756000 ---p 0000d000 08:11 556513                     /usr/lib/jvm/java-8-oracle/jre/lib/amd64/libverify.so
7f539e756000-7f539e758000 rw-p 0000d000 08:11 556513                     /usr/lib/jvm/java-8-oracle/jre/lib/amd64/libverify.so
7f539e758000-7f539e75f000 r-xp 00000000 08:11 394052                     /lib/x86_64-linux-gnu/librt-2.23.so
7f539e75f000-7f539e95e000 ---p 00007000 08:11 394052                     /lib/x86_64-linux-gnu/librt-2.23.so
7f539e95e000-7f539e95f000 r--p 00006000 08:11 394052                     /lib/x86_64-linux-gnu/librt-2.23.so
7f539e95f000-7f539e960000 rw-p 00007000 08:11 394052                     /lib/x86_64-linux-gnu/librt-2.23.so
7f539e960000-7f539ea68000 r-xp 00000000 08:11 394040                     /lib/x86_64-linux-gnu/libm-2.23.so
7f539ea68000-7f539ec67000 ---p 00108000 08:11 394040                     /lib/x86_64-linux-gnu/libm-2.23.so
7f539ec67000-7f539ec68000 r--p 00107000 08:11 394040                     /lib/x86_64-linux-gnu/libm-2.23.so
7f539ec68000-7f539ec69000 rw-p 00108000 08:11 394040                     /lib/x86_64-linux-gnu/libm-2.23.so
7f539ec69000-7f539f927000 r-xp 00000000 08:11 556492                     /usr/lib/jvm/java-8-oracle/jre/lib/amd64/server/libjvm.so
7f539f927000-7f539fb26000 ---p 00cbe000 08:11 556492                     /usr/lib/jvm/java-8-oracle/jre/lib/amd64/server/libjvm.so
7f539fb26000-7f539fbff000 rw-p 00cbd000 08:11 556492                     /usr/lib/jvm/java-8-oracle/jre/lib/amd64/server/libjvm.so
7f539fbff000-7f539fc43000 rw-p 00000000 00:00 0 
7f539fc43000-7f539fe02000 r-xp 00000000 08:11 394072                     /lib/x86_64-linux-gnu/libc-2.23.so
7f539fe02000-7f53a0002000 ---p 001bf000 08:11 394072                     /lib/x86_64-linux-gnu/libc-2.23.so
7f53a0002000-7f53a0006000 r--p 001bf000 08:11 394072                     /lib/x86_64-linux-gnu/libc-2.23.so
7f53a0006000-7f53a0008000 rw-p 001c3000 08:11 394072                     /lib/x86_64-linux-gnu/libc-2.23.so
7f53a0008000-7f53a000c000 rw-p 00000000 00:00 0 
7f53a000c000-7f53a000f000 r-xp 00000000 08:11 394076                     /lib/x86_64-linux-gnu/libdl-2.23.so
7f53a000f000-7f53a020e000 ---p 00003000 08:11 394076                     /lib/x86_64-linux-gnu/libdl-2.23.so
7f53a020e000-7f53a020f000 r--p 00002000 08:11 394076                     /lib/x86_64-linux-gnu/libdl-2.23.so
7f53a020f000-7f53a0210000 rw-p 00003000 08:11 394076                     /lib/x86_64-linux-gnu/libdl-2.23.so
7f53a0210000-7f53a0225000 r-xp 00000000 08:11 556192                     /usr/lib/jvm/java-8-oracle/lib/amd64/jli/libjli.so
7f53a0225000-7f53a0425000 ---p 00015000 08:11 556192                     /usr/lib/jvm/java-8-oracle/lib/amd64/jli/libjli.so
7f53a0425000-7f53a0426000 rw-p 00015000 08:11 556192                     /usr/lib/jvm/java-8-oracle/lib/amd64/jli/libjli.so
7f53a0426000-7f53a043e000 r-xp 00000000 08:11 394068                     /lib/x86_64-linux-gnu/libpthread-2.23.so
7f53a043e000-7f53a063d000 ---p 00018000 08:11 394068                     /lib/x86_64-linux-gnu/libpthread-2.23.so
7f53a063d000-7f53a063e000 r--p 00017000 08:11 394068                     /lib/x86_64-linux-gnu/libpthread-2.23.so
7f53a063e000-7f53a063f000 rw-p 00018000 08:11 394068                     /lib/x86_64-linux-gnu/libpthread-2.23.so
7f53a063f000-7f53a0643000 rw-p 00000000 00:00 0 
7f53a0643000-7f53a0669000 r-xp 00000000 08:11 394056                     /lib/x86_64-linux-gnu/ld-2.23.so
7f53a0678000-7f53a067f000 r--s 00000000 08:11 786490                     /usr/lib/x86_64-linux-gnu/gconv/gconv-modules.cache
7f53a067f000-7f53a0740000 rw-p 00000000 00:00 0 
7f53a0740000-7f53a0743000 ---p 00000000 00:00 0 
7f53a0743000-7f53a0845000 rw-p 00000000 00:00 0 
7f53a0845000-7f53a084e000 r--s 0002a000 08:01 3679222                    /home/gilmar/AndroidStudioProjects/Projeto/Alergia/app/build/intermediates/multi-dex/debug/componentClasses.jar
7f53a084e000-7f53a085c000 r--s 000e0000 08:01 539526                     /home/gilmar/Android/Sdk/build-tools/25.0.0/lib/dx.jar
7f53a085c000-7f53a0864000 rw-s 00000000 08:11 131163                     /tmp/hsperfdata_gilmar/2035
7f53a0864000-7f53a0865000 rw-p 00000000 00:00 0 
7f53a0865000-7f53a0866000 ---p 00000000 00:00 0 
7f53a0866000-7f53a0868000 rw-p 00000000 00:00 0 
7f53a0868000-7f53a0869000 r--p 00025000 08:11 394056                     /lib/x86_64-linux-gnu/ld-2.23.so
7f53a0869000-7f53a086a000 rw-p 00026000 08:11 394056                     /lib/x86_64-linux-gnu/ld-2.23.so
7f53a086a000-7f53a086b000 rw-p 00000000 00:00 0 
7ffeb4e49000-7ffeb4e6a000 rw-p 00000000 00:00 0                          [stack]
7ffeb4f28000-7ffeb4f2a000 r--p 00000000 00:00 0                          [vvar]
7ffeb4f2a000-7ffeb4f2c000 r-xp 00000000 00:00 0                          [vdso]
ffffffffff600000-ffffffffff601000 r-xp 00000000 00:00 0                  [vsyscall]

VM Arguments:
jvm_args: -Djava.awt.headless=true -Dfile.encoding=UTF-8 -Duser.country=BR -Duser.language=pt -Duser.variant 
java_command: com.android.multidex.ClassReferenceListBuilder /home/gilmar/AndroidStudioProjects/Projeto/Alergia/app/build/intermediates/multi-dex/debug/componentClasses.jar /home/gilmar/AndroidStudioProjects/Projeto/Alergia/app/build/intermediates/transforms/jarMerging/debug/jars/1/1f/combined.jar
java_class_path (initial): /home/gilmar/Android/Sdk/build-tools/25.0.0/lib/dx.jar
Launcher Type: SUN_STANDARD

Environment Variables:
JAVA_HOME=/usr/lib/jvm/java-7-oracle/jre/
PATH=/opt/apache-maven-3.3.3/bin:/usr/local/sbin:/usr/local/bin:/usr/sbin:/usr/bin:/sbin:/bin:/usr/games:/usr/local/games" JAVA_HOME=/usr/lib/jvm/java-7-oracle:/snap/bin
USERNAME=gilmar
LD_LIBRARY_PATH=/opt/android-studio/bin/.:
SHELL=/bin/bash
DISPLAY=:1

Signal Handlers:
SIGSEGV: [libjvm.so+0xaba2a0], sa_mask[0]=11111111011111111101111111111110, sa_flags=SA_RESTART|SA_SIGINFO
SIGBUS: [libjvm.so+0xaba2a0], sa_mask[0]=11111111011111111101111111111110, sa_flags=SA_RESTART|SA_SIGINFO
SIGFPE: [libjvm.so+0x917710], sa_mask[0]=11111111011111111101111111111110, sa_flags=SA_RESTART|SA_SIGINFO
SIGPIPE: [libjvm.so+0x917710], sa_mask[0]=11111111011111111101111111111110, sa_flags=SA_RESTART|SA_SIGINFO
SIGXFSZ: [libjvm.so+0x917710], sa_mask[0]=11111111011111111101111111111110, sa_flags=SA_RESTART|SA_SIGINFO
SIGILL: [libjvm.so+0x917710], sa_mask[0]=11111111011111111101111111111110, sa_flags=SA_RESTART|SA_SIGINFO
SIGUSR1: SIG_DFL, sa_mask[0]=00000000000000000000000000000000, sa_flags=none
SIGUSR2: [libjvm.so+0x918d40], sa_mask[0]=00100000000000000000000000000000, sa_flags=SA_RESTART|SA_SIGINFO
SIGHUP: [libjvm.so+0x91a140], sa_mask[0]=11111111011111111101111111111110, sa_flags=SA_RESTART|SA_SIGINFO
SIGINT: [libjvm.so+0x91a140], sa_mask[0]=11111111011111111101111111111110, sa_flags=SA_RESTART|SA_SIGINFO
SIGTERM: [libjvm.so+0x91a140], sa_mask[0]=11111111011111111101111111111110, sa_flags=SA_RESTART|SA_SIGINFO
SIGQUIT: [libjvm.so+0x91a140], sa_mask[0]=11111111011111111101111111111110, sa_flags=SA_RESTART|SA_SIGINFO


---------------  S Y S T E M  ---------------

OS:DISTRIB_ID=Ubuntu
DISTRIB_RELEASE=16.04
DISTRIB_CODENAME=xenial
DISTRIB_DESCRIPTION="Ubuntu 16.04.1 LTS"

uname:Linux 4.4.0-45-generic #66-Ubuntu SMP Wed Oct 19 14:12:37 UTC 2016 x86_64
libc:glibc 2.23 NPTL 2.23 
rlimit: STACK 8192k, CORE 0k, NPROC 23179, NOFILE 65536, AS infinity
load average:3,12 2,21 1,59

/proc/meminfo:
MemTotal:        5974456 kB
MemFree:          116024 kB
MemAvailable:      37016 kB
Buffers:             584 kB
Cached:           541756 kB
SwapCached:            0 kB
Active:          5139988 kB
Inactive:         483284 kB
Active(anon):    5117396 kB
Inactive(anon):   460332 kB
Active(file):      22592 kB
Inactive(file):    22952 kB
Unevictable:         100 kB
Mlocked:             100 kB
SwapTotal:             0 kB
SwapFree:              0 kB
Dirty:              7320 kB
Writeback:          7040 kB
AnonPages:       5080972 kB
Mapped:           257888 kB
Shmem:            496804 kB
Slab:              98528 kB
SReclaimable:      52000 kB
SUnreclaim:        46528 kB
KernelStack:       14608 kB
PageTables:        56584 kB
NFS_Unstable:          0 kB
Bounce:                0 kB
WritebackTmp:          0 kB
CommitLimit:     2987228 kB
Committed_AS:   11237564 kB
VmallocTotal:   34359738367 kB
VmallocUsed:           0 kB
VmallocChunk:          0 kB
HardwareCorrupted:     0 kB
AnonHugePages:   3178496 kB
CmaTotal:              0 kB
CmaFree:               0 kB
HugePages_Total:       0
HugePages_Free:        0
HugePages_Rsvd:        0
HugePages_Surp:        0
Hugepagesize:       2048 kB
DirectMap4k:      211856 kB
DirectMap2M:     5943296 kB


CPU:total 4 (2 cores per cpu, 2 threads per core) family 6 model 58 stepping 9, cmov, cx8, fxsr, mmx, sse, sse2, sse3, ssse3, sse4.1, sse4.2, popcnt, avx, aes, clmul, erms, ht, tsc, tscinvbit, tscinv

/proc/cpuinfo:
processor	: 0
vendor_id	: GenuineIntel
cpu family	: 6
model		: 58
model name	: Intel(R) Core(TM) i5-3337U CPU @ 1.80GHz
stepping	: 9
microcode	: 0x1c
cpu MHz		: 2499.960
cache size	: 3072 KB
physical id	: 0
siblings	: 4
core id		: 0
cpu cores	: 2
apicid		: 0
initial apicid	: 0
fpu		: yes
fpu_exception	: yes
cpuid level	: 13
wp		: yes
flags		: fpu vme de pse tsc msr pae mce cx8 apic sep mtrr pge mca cmov pat pse36 clflush dts acpi mmx fxsr sse sse2 ss ht tm pbe syscall nx rdtscp lm constant_tsc arch_perfmon pebs bts rep_good nopl xtopology nonstop_tsc aperfmperf eagerfpu pni pclmulqdq dtes64 monitor ds_cpl vmx est tm2 ssse3 cx16 xtpr pdcm pcid sse4_1 sse4_2 x2apic popcnt tsc_deadline_timer aes xsave avx f16c rdrand lahf_lm epb tpr_shadow vnmi flexpriority ept vpid fsgsbase smep erms xsaveopt dtherm ida arat pln pts
bugs		:
bogomips	: 3591.51
clflush size	: 64
cache_alignment	: 64
address sizes	: 36 bits physical, 48 bits virtual
power management:

processor	: 1
vendor_id	: GenuineIntel
cpu family	: 6
model		: 58
model name	: Intel(R) Core(TM) i5-3337U CPU @ 1.80GHz
stepping	: 9
microcode	: 0x1c
cpu MHz		: 2499.960
cache size	: 3072 KB
physical id	: 0
siblings	: 4
core id		: 1
cpu cores	: 2
apicid		: 2
initial apicid	: 2
fpu		: yes
fpu_exception	: yes
cpuid level	: 13
wp		: yes
flags		: fpu vme de pse tsc msr pae mce cx8 apic sep mtrr pge mca cmov pat pse36 clflush dts acpi mmx fxsr sse sse2 ss ht tm pbe syscall nx rdtscp lm constant_tsc arch_perfmon pebs bts rep_good nopl xtopology nonstop_tsc aperfmperf eagerfpu pni pclmulqdq dtes64 monitor ds_cpl vmx est tm2 ssse3 cx16 xtpr pdcm pcid sse4_1 sse4_2 x2apic popcnt tsc_deadline_timer aes xsave avx f16c rdrand lahf_lm epb tpr_shadow vnmi flexpriority ept vpid fsgsbase smep erms xsaveopt dtherm ida arat pln pts
bugs		:
bogomips	: 3591.51
clflush size	: 64
cache_alignment	: 64
address sizes	: 36 bits physical, 48 bits virtual
power management:

processor	: 2
vendor_id	: GenuineIntel
cpu family	: 6
model		: 58
model name	: Intel(R) Core(TM) i5-3337U CPU @ 1.80GHz
stepping	: 9
microcode	: 0x1c
cpu MHz		: 2499.960
cache size	: 3072 KB
physical id	: 0
siblings	: 4
core id		: 0
cpu cores	: 2
apicid		: 1
initial apicid	: 1
fpu		: yes
fpu_exception	: yes
cpuid level	: 13
wp		: yes
flags		: fpu vme de pse tsc msr pae mce cx8 apic sep mtrr pge mca cmov pat pse36 clflush dts acpi mmx fxsr sse sse2 ss ht tm pbe syscall nx rdtscp lm constant_tsc arch_perfmon pebs bts rep_good nopl xtopology nonstop_tsc aperfmperf eagerfpu pni pclmulqdq dtes64 monitor ds_cpl vmx est tm2 ssse3 cx16 xtpr pdcm pcid sse4_1 sse4_2 x2apic popcnt tsc_deadline_timer aes xsave avx f16c rdrand lahf_lm epb tpr_shadow vnmi flexpriority ept vpid fsgsbase smep erms xsaveopt dtherm ida arat pln pts
bugs		:
bogomips	: 3591.51
clflush size	: 64
cache_alignment	: 64
address sizes	: 36 bits physical, 48 bits virtual
power management:

processor	: 3
vendor_id	: GenuineIntel
cpu family	: 6
model		: 58
model name	: Intel(R) Core(TM) i5-3337U CPU @ 1.80GHz
stepping	: 9
microcode	: 0x1c
cpu MHz		: 2499.960
cache size	: 3072 KB
physical id	: 0
siblings	: 4
core id		: 1
cpu cores	: 2
apicid		: 3
initial apicid	: 3
fpu		: yes
fpu_exception	: yes
cpuid level	: 13
wp		: yes
flags		: fpu vme de pse tsc msr pae mce cx8 apic sep mtrr pge mca cmov pat pse36 clflush dts acpi mmx fxsr sse sse2 ss ht tm pbe syscall nx rdtscp lm constant_tsc arch_perfmon pebs bts rep_good nopl xtopology nonstop_tsc aperfmperf eagerfpu pni pclmulqdq dtes64 monitor ds_cpl vmx est tm2 ssse3 cx16 xtpr pdcm pcid sse4_1 sse4_2 x2apic popcnt tsc_deadline_timer aes xsave avx f16c rdrand lahf_lm epb tpr_shadow vnmi flexpriority ept vpid fsgsbase smep erms xsaveopt dtherm ida arat pln pts
bugs		:
bogomips	: 3591.51
clflush size	: 64
cache_alignment	: 64
address sizes	: 36 bits physical, 48 bits virtual
power management:



Memory: 4k page, physical 5974456k(116468k free), swap 0k(0k free)

vm_info: Java HotSpot(TM) 64-Bit Server VM (25.66-b17) for linux-amd64 JRE (1.8.0_66-b17), built on Oct  6 2015 17:28:34 by "java_re" with gcc 4.3.0 20080428 (Red Hat 4.3.0-8)

time: Fri Oct 28 17:02:34 2016
elapsed time: 2 seconds (0d 0h 0m 2s)

