#
# There is insufficient memory for the Java Runtime Environment to continue.
# Native memory allocation (mmap) failed to map 145752064 bytes for committing reserved memory.
# Possible reasons:
#   The system is out of physical RAM or swap space
#   In 32 bit mode, the process size limit was hit
# Possible solutions:
#   Reduce memory load on the system
#   Increase physical memory or swap space
#   Check if swap backing store is full
#   Use 64 bit Java on a 64 bit OS
#   Decrease Java heap size (-Xmx/-Xms)
#   Decrease number of Java threads
#   Decrease Java thread stack sizes (-Xss)
#   Set larger code cache with -XX:ReservedCodeCacheSize=
# This output file may be truncated or incomplete.
#
#  Out of Memory Error (os_linux.cpp:2627), pid=12727, tid=140536086230784
#
# JRE version: Java(TM) SE Runtime Environment (8.0_66-b17) (build 1.8.0_66-b17)
# Java VM: Java HotSpot(TM) 64-Bit Server VM (25.66-b17 mixed mode linux-amd64 compressed oops)
# Failed to write core dump. Core dumps have been disabled. To enable core dumping, try "ulimit -c unlimited" before starting Java again
#

---------------  T H R E A D  ---------------

Current thread (0x00007fd140078000):  VMThread [stack: 0x00007fd11b6f7000,0x00007fd11b7f8000] [id=12737]

Stack: [0x00007fd11b6f7000,0x00007fd11b7f8000],  sp=0x00007fd11b7f61a0,  free space=1020k
Native frames: (J=compiled Java code, j=interpreted, Vv=VM code, C=native code)
V  [libjvm.so+0xab9a1a]  VMError::report_and_die()+0x2ba
V  [libjvm.so+0x4f9e0b]  report_vm_out_of_memory(char const*, int, unsigned long, VMErrorType, char const*)+0x8b
V  [libjvm.so+0x91a8a3]  os::Linux::commit_memory_impl(char*, unsigned long, bool)+0x103
V  [libjvm.so+0x91adf9]  os::pd_commit_memory(char*, unsigned long, unsigned long, bool)+0x29
V  [libjvm.so+0x91510a]  os::commit_memory(char*, unsigned long, unsigned long, bool)+0x2a
V  [libjvm.so+0x9887a3]  PSVirtualSpace::expand_by(unsigned long)+0x53
V  [libjvm.so+0x989ba8]  PSYoungGen::resize_generation(unsigned long, unsigned long)+0xf8
V  [libjvm.so+0x988d02]  PSYoungGen::resize(unsigned long, unsigned long)+0x22
V  [libjvm.so+0x985fdb]  PSScavenge::invoke_no_policy()+0xf3b
V  [libjvm.so+0x986761]  PSScavenge::invoke()+0x41
V  [libjvm.so+0x93e500]  ParallelScavengeHeap::failed_mem_allocate(unsigned long)+0x70
V  [libjvm.so+0xabb437]  VM_ParallelGCFailedAllocation::doit()+0x97
V  [libjvm.so+0xac2e65]  VM_Operation::evaluate()+0x55
V  [libjvm.so+0xac123a]  VMThread::evaluate_operation(VM_Operation*)+0xba
V  [libjvm.so+0xac15be]  VMThread::loop()+0x1ce
V  [libjvm.so+0xac1a30]  VMThread::run()+0x70
V  [libjvm.so+0x91cc68]  java_start(Thread*)+0x108

VM_Operation (0x00007fd11a80ed20): ParallelGCFailedAllocation, mode: safepoint, requested by thread 0x00007fd140131000


---------------  P R O C E S S  ---------------

Java Threads: ( => current thread )
  0x00007fd140131000 JavaThread "pool-2-thread-4" [_thread_blocked, id=12780, stack(0x00007fd11a710000,0x00007fd11a811000)]
  0x00007fd14012f800 JavaThread "pool-2-thread-3" [_thread_blocked, id=12779, stack(0x00007fd11a811000,0x00007fd11a912000)]
  0x00007fd14012e800 JavaThread "pool-2-thread-2" [_thread_blocked, id=12775, stack(0x00007fd11a912000,0x00007fd11aa13000)]
  0x00007fd140128800 JavaThread "pool-3-thread-1" [_thread_blocked, id=12771, stack(0x00007fd11aa13000,0x00007fd11ab14000)]
  0x00007fd140126000 JavaThread "pool-2-thread-1" [_thread_blocked, id=12768, stack(0x00007fd11ab14000,0x00007fd11ac15000)]
  0x00007fd1400c2000 JavaThread "Service Thread" daemon [_thread_blocked, id=12744, stack(0x00007fd11ad16000,0x00007fd11ae17000)]
  0x00007fd1400bd000 JavaThread "C1 CompilerThread2" daemon [_thread_blocked, id=12743, stack(0x00007fd11ae17000,0x00007fd11af18000)]
  0x00007fd1400bb000 JavaThread "C2 CompilerThread1" daemon [_thread_in_native, id=12742, stack(0x00007fd11af18000,0x00007fd11b019000)]
  0x00007fd1400b8800 JavaThread "C2 CompilerThread0" daemon [_thread_blocked, id=12741, stack(0x00007fd11b019000,0x00007fd11b11a000)]
  0x00007fd1400b7000 JavaThread "Signal Dispatcher" daemon [_thread_blocked, id=12740, stack(0x00007fd11b11a000,0x00007fd11b21b000)]
  0x00007fd14007f000 JavaThread "Finalizer" daemon [_thread_blocked, id=12739, stack(0x00007fd11b4f5000,0x00007fd11b5f6000)]
  0x00007fd14007d000 JavaThread "Reference Handler" daemon [_thread_blocked, id=12738, stack(0x00007fd11b5f6000,0x00007fd11b6f7000)]
  0x00007fd14000a000 JavaThread "main" [_thread_blocked, id=12731, stack(0x00007fd148efd000,0x00007fd148ffe000)]

Other Threads:
=>0x00007fd140078000 VMThread [stack: 0x00007fd11b6f7000,0x00007fd11b7f8000] [id=12737]
  0x00007fd1400c5000 WatcherThread [stack: 0x00007fd11ac15000,0x00007fd11ad16000] [id=12745]

VM state:at safepoint (normal execution)

VM Mutex/Monitor currently owned by a thread:  ([mutex/lock_event])
[0x00007fd1400064a0] Threads_lock - owner thread: 0x00007fd140078000
[0x00007fd1400069a0] Heap_lock - owner thread: 0x00007fd140131000

Heap:
 PSYoungGen      total 99840K, used 3559K [0x000000076ab00000, 0x0000000771000000, 0x00000007c0000000)
  eden space 96256K, 0% used [0x000000076ab00000,0x000000076ab00000,0x0000000770900000)
  from space 3584K, 99% used [0x0000000770900000,0x0000000770c79c38,0x0000000770c80000)
  to   space 3584K, 0% used [0x0000000770c80000,0x0000000770c80000,0x0000000771000000)
 ParOldGen       total 104448K, used 74576K [0x00000006c0000000, 0x00000006c6600000, 0x000000076ab00000)
  object space 104448K, 71% used [0x00000006c0000000,0x00000006c48d4080,0x00000006c6600000)
 Metaspace       used 5750K, capacity 6896K, committed 7040K, reserved 1056768K
  class space    used 573K, capacity 616K, committed 640K, reserved 1048576K

Card table byte_map: [0x00007fd1454be000,0x00007fd145cbf000] byte_map_base: 0x00007fd141ebe000

Marking Bits: (ParMarkBitMap*) 0x00007fd1483d5020
 Begin Bits: [0x00007fd129000000, 0x00007fd12d000000)
 End Bits:   [0x00007fd12d000000, 0x00007fd131000000)

Polling page: 0x00007fd149022000

CodeCache: size=245760Kb used=6018Kb max_used=6018Kb free=239741Kb
 bounds [0x00007fd131000000, 0x00007fd1315f0000, 0x00007fd140000000]
 total_blobs=1649 nmethods=1387 adapters=175
 compilation: enabled

Compilation events (10 events):
Event: 14,612 Thread 0x00007fd1400bd000 nmethod 1680 0x00007fd1315dbc90 code [0x00007fd1315dbe80, 0x00007fd1315dc4a8]
Event: 14,612 Thread 0x00007fd1400bd000 1682 %     3       com.android.dx.ssa.SsaMethod::forEachBlockDepthFirstDom @ 76 (128 bytes)
Event: 14,646 Thread 0x00007fd1400bd000 nmethod 1682% 0x00007fd1315dca10 code [0x00007fd1315dcd80, 0x00007fd1315df038]
Event: 14,647 Thread 0x00007fd1400bd000 1683       2       com.android.dx.ssa.SCCP::<init> (142 bytes)
Event: 14,661 Thread 0x00007fd1400bd000 nmethod 1683 0x00007fd1315e0490 code [0x00007fd1315e0640, 0x00007fd1315e0d28]
Event: 14,661 Thread 0x00007fd1400bd000 1685 %     3       com.android.dx.ssa.SsaMethod::makeExitBlock @ 69 (134 bytes)
Event: 14,700 Thread 0x00007fd1400bd000 nmethod 1685% 0x00007fd1315e1050 code [0x00007fd1315e12e0, 0x00007fd1315e2298]
Event: 14,700 Thread 0x00007fd1400bd000 1686 %     3       com.android.dx.ssa.SCCP::simulatePhi @ 39 (169 bytes)
Event: 14,711 Thread 0x00007fd1400bd000 nmethod 1686% 0x00007fd1315e2a90 code [0x00007fd1315e2d20, 0x00007fd1315e4018]
Event: 14,711 Thread 0x00007fd1400bd000 1687 %     3       com.android.dx.ssa.SCCP::run @ 53 (298 bytes)

GC Heap History (10 events):
Event: 3,604 GC heap after
Heap after GC invocations=1 (full 0):
 PSYoungGen      total 27648K, used 3566K [0x000000076ab00000, 0x000000076e100000, 0x00000007c0000000)
  eden space 24064K, 0% used [0x000000076ab00000,0x000000076ab00000,0x000000076c280000)
  from space 3584K, 99% used [0x000000076c280000,0x000000076c5fbb58,0x000000076c600000)
  to   space 3584K, 0% used [0x000000076dd80000,0x000000076dd80000,0x000000076e100000)
 ParOldGen       total 62976K, used 2906K [0x00000006c0000000, 0x00000006c3d80000, 0x000000076ab00000)
  object space 62976K, 4% used [0x00000006c0000000,0x00000006c02d69e8,0x00000006c3d80000)
 Metaspace       used 5495K, capacity 6704K, committed 6784K, reserved 1056768K
  class space    used 569K, capacity 616K, committed 640K, reserved 1048576K
}
Event: 7,442 GC heap before
{Heap before GC invocations=2 (full 0):
 PSYoungGen      total 27648K, used 27630K [0x000000076ab00000, 0x000000076e100000, 0x00000007c0000000)
  eden space 24064K, 100% used [0x000000076ab00000,0x000000076c280000,0x000000076c280000)
  from space 3584K, 99% used [0x000000076c280000,0x000000076c5fbb58,0x000000076c600000)
  to   space 3584K, 0% used [0x000000076dd80000,0x000000076dd80000,0x000000076e100000)
 ParOldGen       total 62976K, used 2906K [0x00000006c0000000, 0x00000006c3d80000, 0x000000076ab00000)
  object space 62976K, 4% used [0x00000006c0000000,0x00000006c02d69e8,0x00000006c3d80000)
 Metaspace       used 5570K, capacity 6768K, committed 7040K, reserved 1056768K
  class space    used 570K, capacity 616K, committed 640K, reserved 1048576K
Event: 7,634 GC heap after
Heap after GC invocations=2 (full 0):
 PSYoungGen      total 51712K, used 3582K [0x000000076ab00000, 0x000000076e100000, 0x00000007c0000000)
  eden space 48128K, 0% used [0x000000076ab00000,0x000000076ab00000,0x000000076da00000)
  from space 3584K, 99% used [0x000000076dd80000,0x000000076e0ffb48,0x000000076e100000)
  to   space 3584K, 0% used [0x000000076da00000,0x000000076da00000,0x000000076dd80000)
 ParOldGen       total 62976K, used 14712K [0x00000006c0000000, 0x00000006c3d80000, 0x000000076ab00000)
  object space 62976K, 23% used [0x00000006c0000000,0x00000006c0e5e180,0x00000006c3d80000)
 Metaspace       used 5570K, capacity 6768K, committed 7040K, reserved 1056768K
  class space    used 570K, capacity 616K, committed 640K, reserved 1048576K
}
Event: 8,721 GC heap before
{Heap before GC invocations=3 (full 0):
 PSYoungGen      total 51712K, used 51710K [0x000000076ab00000, 0x000000076e100000, 0x00000007c0000000)
  eden space 48128K, 100% used [0x000000076ab00000,0x000000076da00000,0x000000076da00000)
  from space 3584K, 99% used [0x000000076dd80000,0x000000076e0ffb48,0x000000076e100000)
  to   space 3584K, 0% used [0x000000076da00000,0x000000076da00000,0x000000076dd80000)
 ParOldGen       total 62976K, used 14712K [0x00000006c0000000, 0x00000006c3d80000, 0x000000076ab00000)
  object space 62976K, 23% used [0x00000006c0000000,0x00000006c0e5e180,0x00000006c3d80000)
 Metaspace       used 5605K, capacity 6768K, committed 7040K, reserved 1056768K
  class space    used 572K, capacity 616K, committed 640K, reserved 1048576K
Event: 8,860 GC heap after
Heap after GC invocations=3 (full 0):
 PSYoungGen      total 51712K, used 3565K [0x000000076ab00000, 0x0000000771000000, 0x00000007c0000000)
  eden space 48128K, 0% used [0x000000076ab00000,0x000000076ab00000,0x000000076da00000)
  from space 3584K, 99% used [0x000000076da00000,0x000000076dd7b490,0x000000076dd80000)
  to   space 3584K, 0% used [0x0000000770c80000,0x0000000770c80000,0x0000000771000000)
 ParOldGen       total 62976K, used 34767K [0x00000006c0000000, 0x00000006c3d80000, 0x000000076ab00000)
  object space 62976K, 55% used [0x00000006c0000000,0x00000006c21f3ec0,0x00000006c3d80000)
 Metaspace       used 5605K, capacity 6768K, committed 7040K, reserved 1056768K
  class space    used 572K, capacity 616K, committed 640K, reserved 1048576K
}
Event: 9,537 GC heap before
{Heap before GC invocations=4 (full 0):
 PSYoungGen      total 51712K, used 51693K [0x000000076ab00000, 0x0000000771000000, 0x00000007c0000000)
  eden space 48128K, 100% used [0x000000076ab00000,0x000000076da00000,0x000000076da00000)
  from space 3584K, 99% used [0x000000076da00000,0x000000076dd7b490,0x000000076dd80000)
  to   space 3584K, 0% used [0x0000000770c80000,0x0000000770c80000,0x0000000771000000)
 ParOldGen       total 62976K, used 34767K [0x00000006c0000000, 0x00000006c3d80000, 0x000000076ab00000)
  object space 62976K, 55% used [0x00000006c0000000,0x00000006c21f3ec0,0x00000006c3d80000)
 Metaspace       used 5638K, capacity 6832K, committed 7040K, reserved 1056768K
  class space    used 572K, capacity 616K, committed 640K, reserved 1048576K
Event: 9,695 GC heap after
Heap after GC invocations=4 (full 0):
 PSYoungGen      total 99840K, used 3565K [0x000000076ab00000, 0x0000000771000000, 0x00000007c0000000)
  eden space 96256K, 0% used [0x000000076ab00000,0x000000076ab00000,0x0000000770900000)
  from space 3584K, 99% used [0x0000000770c80000,0x0000000770ffb490,0x0000000771000000)
  to   space 3584K, 0% used [0x0000000770900000,0x0000000770900000,0x0000000770c80000)
 ParOldGen       total 62976K, used 52973K [0x00000006c0000000, 0x00000006c3d80000, 0x000000076ab00000)
  object space 62976K, 84% used [0x00000006c0000000,0x00000006c33bb7f0,0x00000006c3d80000)
 Metaspace       used 5638K, capacity 6832K, committed 7040K, reserved 1056768K
  class space    used 572K, capacity 616K, committed 640K, reserved 1048576K
}
Event: 9,695 GC heap before
{Heap before GC invocations=5 (full 1):
 PSYoungGen      total 99840K, used 3565K [0x000000076ab00000, 0x0000000771000000, 0x00000007c0000000)
  eden space 96256K, 0% used [0x000000076ab00000,0x000000076ab00000,0x0000000770900000)
  from space 3584K, 99% used [0x0000000770c80000,0x0000000770ffb490,0x0000000771000000)
  to   space 3584K, 0% used [0x0000000770900000,0x0000000770900000,0x0000000770c80000)
 ParOldGen       total 62976K, used 52973K [0x00000006c0000000, 0x00000006c3d80000, 0x000000076ab00000)
  object space 62976K, 84% used [0x00000006c0000000,0x00000006c33bb7f0,0x00000006c3d80000)
 Metaspace       used 5638K, capacity 6832K, committed 7040K, reserved 1056768K
  class space    used 572K, capacity 616K, committed 640K, reserved 1048576K
Event: 10,421 GC heap after
Heap after GC invocations=5 (full 1):
 PSYoungGen      total 99840K, used 0K [0x000000076ab00000, 0x0000000771000000, 0x00000007c0000000)
  eden space 96256K, 0% used [0x000000076ab00000,0x000000076ab00000,0x0000000770900000)
  from space 3584K, 0% used [0x0000000770c80000,0x0000000770c80000,0x0000000771000000)
  to   space 3584K, 0% used [0x0000000770900000,0x0000000770900000,0x0000000770c80000)
 ParOldGen       total 104448K, used 42782K [0x00000006c0000000, 0x00000006c6600000, 0x000000076ab00000)
  object space 104448K, 40% used [0x00000006c0000000,0x00000006c29c7b98,0x00000006c6600000)
 Metaspace       used 5638K, capacity 6832K, committed 7040K, reserved 1056768K
  class space    used 572K, capacity 616K, committed 640K, reserved 1048576K
}
Event: 34,372 GC heap before
{Heap before GC invocations=6 (full 1):
 PSYoungGen      total 99840K, used 96256K [0x000000076ab00000, 0x0000000771000000, 0x00000007c0000000)
  eden space 96256K, 100% used [0x000000076ab00000,0x0000000770900000,0x0000000770900000)
  from space 3584K, 0% used [0x0000000770c80000,0x0000000770c80000,0x0000000771000000)
  to   space 3584K, 0% used [0x0000000770900000,0x0000000770900000,0x0000000770c80000)
 ParOldGen       total 104448K, used 42782K [0x00000006c0000000, 0x00000006c6600000, 0x000000076ab00000)
  object space 104448K, 40% used [0x00000006c0000000,0x00000006c29c7b98,0x00000006c6600000)
 Metaspace       used 5750K, capacity 6896K, committed 7040K, reserved 1056768K
  class space    used 573K, capacity 616K, committed 640K, reserved 1048576K

Deoptimization events (10 events):
Event: 2,965 Thread 0x00007fd14000a000 Uncommon trap: reason=unstable_if action=reinterpret pc=0x00007fd13120f770 method=com.android.dx.rop.code.RegisterSpec.equals(ILcom/android/dx/rop/type/TypeBearer;Lcom/android/dx/rop/code/LocalItem;)Z @ 16
Event: 3,819 Thread 0x00007fd140131000 Uncommon trap: reason=class_check action=maybe_recompile pc=0x00007fd131285684 method=com.android.dx.ssa.NormalSsaInsn.accept(Lcom/android/dx/ssa/SsaInsn$Visitor;)V @ 9
Event: 8,665 Thread 0x00007fd140126000 Uncommon trap: reason=class_check action=maybe_recompile pc=0x00007fd131285684 method=com.android.dx.ssa.NormalSsaInsn.accept(Lcom/android/dx/ssa/SsaInsn$Visitor;)V @ 9
Event: 8,665 Thread 0x00007fd140126000 Uncommon trap: reason=class_check action=maybe_recompile pc=0x00007fd131285684 method=com.android.dx.ssa.NormalSsaInsn.accept(Lcom/android/dx/ssa/SsaInsn$Visitor;)V @ 9
Event: 8,666 Thread 0x00007fd140126000 Uncommon trap: reason=class_check action=maybe_recompile pc=0x00007fd131285684 method=com.android.dx.ssa.NormalSsaInsn.accept(Lcom/android/dx/ssa/SsaInsn$Visitor;)V @ 9
Event: 11,058 Thread 0x00007fd14000a000 Uncommon trap: reason=bimorphic action=maybe_recompile pc=0x00007fd1313472f0 method=com.android.dx.cf.code.BytecodeArray.parseInstruction(ILcom/android/dx/cf/code/BytecodeArray$Visitor;)I @ 971
Event: 11,058 Thread 0x00007fd14000a000 Uncommon trap: reason=bimorphic action=maybe_recompile pc=0x00007fd1313470e0 method=com.android.dx.cf.code.BytecodeArray.parseInstruction(ILcom/android/dx/cf/code/BytecodeArray$Visitor;)I @ 907
Event: 11,058 Thread 0x00007fd14000a000 Uncommon trap: reason=bimorphic action=maybe_recompile pc=0x00007fd13134767c method=com.android.dx.cf.code.BytecodeArray.parseInstruction(ILcom/android/dx/cf/code/BytecodeArray$Visitor;)I @ 1224
Event: 11,058 Thread 0x00007fd14000a000 Uncommon trap: reason=bimorphic action=maybe_recompile pc=0x00007fd131347164 method=com.android.dx.cf.code.BytecodeArray.parseInstruction(ILcom/android/dx/cf/code/BytecodeArray$Visitor;)I @ 923
Event: 11,058 Thread 0x00007fd14000a000 Uncommon trap: reason=bimorphic action=maybe_recompile pc=0x00007fd13134767c method=com.android.dx.cf.code.BytecodeArray.parseInstruction(ILcom/android/dx/cf/code/BytecodeArray$Visitor;)I @ 1224

Internal exceptions (2 events):
Event: 0,261 Thread 0x00007fd14000a000 Exception <a 'java/lang/NoSuchMethodError': Method sun.misc.Unsafe.defineClass(Ljava/lang/String;[BII)Ljava/lang/Class; name or signature does not match> (0x000000076ab12b90) thrown at [/HUDSON/workspace/8-2-build-linux-amd64/jdk8u66/4988/hotspot/src/shar
Event: 0,262 Thread 0x00007fd14000a000 Exception <a 'java/lang/NoSuchMethodError': Method sun.misc.Unsafe.prefetchRead(Ljava/lang/Object;J)V name or signature does not match> (0x000000076ab12e78) thrown at [/HUDSON/workspace/8-2-build-linux-amd64/jdk8u66/4988/hotspot/src/share/vm/prims/jni.cpp

Events (10 events):
Event: 14,302 Thread 0x00007fd140131000 DEOPT UNPACKING pc=0x00007fd131047633 sp=0x00007fd11a80ea08 mode 0
Event: 14,344 Thread 0x00007fd14000a000 DEOPT PACKING pc=0x00007fd131325d7d sp=0x00007fd148ffb0d0
Event: 14,344 Thread 0x00007fd14000a000 DEOPT UNPACKING pc=0x00007fd131047633 sp=0x00007fd148ffae88 mode 0
Event: 14,365 Thread 0x00007fd140131000 DEOPT PACKING pc=0x00007fd1314f71d4 sp=0x00007fd11a80ef30
Event: 14,365 Thread 0x00007fd140131000 DEOPT UNPACKING pc=0x00007fd131047633 sp=0x00007fd11a80ecb8 mode 0
Event: 14,373 Thread 0x00007fd140131000 DEOPT PACKING pc=0x00007fd1314fe0f3 sp=0x00007fd11a80eee0
Event: 14,373 Thread 0x00007fd140131000 DEOPT UNPACKING pc=0x00007fd131047633 sp=0x00007fd11a80ec98 mode 0
Event: 14,387 Thread 0x00007fd140126000 DEOPT PACKING pc=0x00007fd1314be864 sp=0x00007fd11ac13110
Event: 14,387 Thread 0x00007fd140126000 DEOPT UNPACKING pc=0x00007fd131047633 sp=0x00007fd11ac12ea0 mode 0
Event: 32,132 Executing VM operation: ParallelGCFailedAllocation


Dynamic libraries:
00400000-00401000 r-xp 00000000 08:11 270464                             /usr/lib/jvm/java-8-oracle/bin/java
00600000-00601000 rw-p 00000000 08:11 270464                             /usr/lib/jvm/java-8-oracle/bin/java
018a4000-018c5000 rw-p 00000000 00:00 0                                  [heap]
6c0000000-6c6600000 rw-p 00000000 00:00 0 
6c6600000-76ab00000 ---p 00000000 00:00 0 
76ab00000-771000000 rw-p 00000000 00:00 0 
779b00000-7c0000000 ---p 00000000 00:00 0 
7c0000000-7c00a0000 rw-p 00000000 00:00 0 
7c00a0000-800000000 ---p 00000000 00:00 0 
7fd0d8000000-7fd0d8026000 rw-p 00000000 00:00 0 
7fd0d8026000-7fd0dc000000 ---p 00000000 00:00 0 
7fd0e0000000-7fd0e0021000 rw-p 00000000 00:00 0 
7fd0e0021000-7fd0e4000000 ---p 00000000 00:00 0 
7fd0e4000000-7fd0e4035000 rw-p 00000000 00:00 0 
7fd0e4035000-7fd0e8000000 ---p 00000000 00:00 0 
7fd0e8000000-7fd0e80b6000 rw-p 00000000 00:00 0 
7fd0e80b6000-7fd0ec000000 ---p 00000000 00:00 0 
7fd0ec000000-7fd0ec021000 rw-p 00000000 00:00 0 
7fd0ec021000-7fd0f0000000 ---p 00000000 00:00 0 
7fd0f0000000-7fd0f0021000 rw-p 00000000 00:00 0 
7fd0f0021000-7fd0f4000000 ---p 00000000 00:00 0 
7fd0f4000000-7fd0f4021000 rw-p 00000000 00:00 0 
7fd0f4021000-7fd0f8000000 ---p 00000000 00:00 0 
7fd0f8000000-7fd0f8e45000 rw-p 00000000 00:00 0 
7fd0f8e45000-7fd0fc000000 ---p 00000000 00:00 0 
7fd0fc000000-7fd0fcbce000 rw-p 00000000 00:00 0 
7fd0fcbce000-7fd100000000 ---p 00000000 00:00 0 
7fd100000000-7fd100021000 rw-p 00000000 00:00 0 
7fd100021000-7fd104000000 ---p 00000000 00:00 0 
7fd104000000-7fd10527c000 rw-p 00000000 00:00 0 
7fd10527c000-7fd108000000 ---p 00000000 00:00 0 
7fd108000000-7fd108021000 rw-p 00000000 00:00 0 
7fd108021000-7fd10c000000 ---p 00000000 00:00 0 
7fd10c000000-7fd10c021000 rw-p 00000000 00:00 0 
7fd10c021000-7fd110000000 ---p 00000000 00:00 0 
7fd110000000-7fd110290000 rw-p 00000000 00:00 0 
7fd110290000-7fd114000000 ---p 00000000 00:00 0 
7fd114000000-7fd114021000 rw-p 00000000 00:00 0 
7fd114021000-7fd118000000 ---p 00000000 00:00 0 
7fd11a710000-7fd11a713000 ---p 00000000 00:00 0 
7fd11a713000-7fd11a811000 rw-p 00000000 00:00 0 
7fd11a811000-7fd11a814000 ---p 00000000 00:00 0 
7fd11a814000-7fd11a912000 rw-p 00000000 00:00 0 
7fd11a912000-7fd11a915000 ---p 00000000 00:00 0 
7fd11a915000-7fd11aa13000 rw-p 00000000 00:00 0 
7fd11aa13000-7fd11aa16000 ---p 00000000 00:00 0 
7fd11aa16000-7fd11ab14000 rw-p 00000000 00:00 0 
7fd11ab14000-7fd11ab17000 ---p 00000000 00:00 0 
7fd11ab17000-7fd11ac15000 rw-p 00000000 00:00 0 
7fd11ac15000-7fd11ac16000 ---p 00000000 00:00 0 
7fd11ac16000-7fd11ad16000 rw-p 00000000 00:00 0 
7fd11ad16000-7fd11ad19000 ---p 00000000 00:00 0 
7fd11ad19000-7fd11ae17000 rw-p 00000000 00:00 0 
7fd11ae17000-7fd11ae1a000 ---p 00000000 00:00 0 
7fd11ae1a000-7fd11af18000 rw-p 00000000 00:00 0 
7fd11af18000-7fd11af1b000 ---p 00000000 00:00 0 
7fd11af1b000-7fd11b019000 rw-p 00000000 00:00 0 
7fd11b019000-7fd11b01c000 ---p 00000000 00:00 0 
7fd11b01c000-7fd11b11a000 rw-p 00000000 00:00 0 
7fd11b11a000-7fd11b11d000 ---p 00000000 00:00 0 
7fd11b11d000-7fd11b21b000 rw-p 00000000 00:00 0 
7fd11b21b000-7fd11b4f5000 r--p 00000000 08:11 262592                     /usr/lib/locale/locale-archive
7fd11b4f5000-7fd11b4f8000 ---p 00000000 00:00 0 
7fd11b4f8000-7fd11b5f6000 rw-p 00000000 00:00 0 
7fd11b5f6000-7fd11b5f9000 ---p 00000000 00:00 0 
7fd11b5f9000-7fd11b6f7000 rw-p 00000000 00:00 0 
7fd11b6f7000-7fd11b6f8000 ---p 00000000 00:00 0 
7fd11b6f8000-7fd11c000000 rw-p 00000000 00:00 0 
7fd11c000000-7fd11c021000 rw-p 00000000 00:00 0 
7fd11c021000-7fd120000000 ---p 00000000 00:00 0 
7fd120000000-7fd120021000 rw-p 00000000 00:00 0 
7fd120021000-7fd124000000 ---p 00000000 00:00 0 
7fd124000000-7fd124021000 rw-p 00000000 00:00 0 
7fd124021000-7fd128000000 ---p 00000000 00:00 0 
7fd1280f9000-7fd128e40000 rw-p 00000000 00:00 0 
7fd128e40000-7fd129000000 ---p 00000000 00:00 0 
7fd129000000-7fd131000000 rw-p 00000000 00:00 0 
7fd131000000-7fd1315f0000 rwxp 00000000 00:00 0 
7fd1315f0000-7fd140000000 ---p 00000000 00:00 0 
7fd140000000-7fd14038e000 rw-p 00000000 00:00 0 
7fd14038e000-7fd144000000 ---p 00000000 00:00 0 
7fd144000000-7fd144021000 r--p 00000000 08:11 795147                     /usr/share/locale-langpack/pt_BR/LC_MESSAGES/libc.mo
7fd144021000-7fd144115000 rw-p 00000000 00:00 0 
7fd144115000-7fd1442ee000 r--s 03d20000 08:11 556314                     /usr/lib/jvm/java-8-oracle/jre/lib/rt.jar
7fd1442ee000-7fd144b64000 rw-p 00000000 00:00 0 
7fd144b64000-7fd144b65000 ---p 00000000 00:00 0 
7fd144b65000-7fd144c65000 rw-p 00000000 00:00 0 
7fd144c65000-7fd144c66000 ---p 00000000 00:00 0 
7fd144c66000-7fd144d66000 rw-p 00000000 00:00 0 
7fd144d66000-7fd144d67000 ---p 00000000 00:00 0 
7fd144d67000-7fd144e67000 rw-p 00000000 00:00 0 
7fd144e67000-7fd144e68000 ---p 00000000 00:00 0 
7fd144e68000-7fd144f9b000 rw-p 00000000 00:00 0 
7fd144f9b000-7fd1454be000 ---p 00000000 00:00 0 
7fd1454be000-7fd1454f1000 rw-p 00000000 00:00 0 
7fd1454f1000-7fd145a13000 ---p 00000000 00:00 0 
7fd145a13000-7fd145a46000 rw-p 00000000 00:00 0 
7fd145a46000-7fd145cbe000 ---p 00000000 00:00 0 
7fd145cbe000-7fd145cd7000 rw-p 00000000 00:00 0 
7fd145cd7000-7fd14607f000 ---p 00000000 00:00 0 
7fd14607f000-7fd146099000 r-xp 00000000 08:11 556514                     /usr/lib/jvm/java-8-oracle/jre/lib/amd64/libzip.so
7fd146099000-7fd146299000 ---p 0001a000 08:11 556514                     /usr/lib/jvm/java-8-oracle/jre/lib/amd64/libzip.so
7fd146299000-7fd14629a000 rw-p 0001a000 08:11 556514                     /usr/lib/jvm/java-8-oracle/jre/lib/amd64/libzip.so
7fd14629a000-7fd1462a5000 r-xp 00000000 08:11 395326                     /lib/x86_64-linux-gnu/libnss_files-2.23.so
7fd1462a5000-7fd1464a4000 ---p 0000b000 08:11 395326                     /lib/x86_64-linux-gnu/libnss_files-2.23.so
7fd1464a4000-7fd1464a5000 r--p 0000a000 08:11 395326                     /lib/x86_64-linux-gnu/libnss_files-2.23.so
7fd1464a5000-7fd1464a6000 rw-p 0000b000 08:11 395326                     /lib/x86_64-linux-gnu/libnss_files-2.23.so
7fd1464a6000-7fd1464ac000 rw-p 00000000 00:00 0 
7fd1464ac000-7fd1464b7000 r-xp 00000000 08:11 395321                     /lib/x86_64-linux-gnu/libnss_nis-2.23.so
7fd1464b7000-7fd1466b6000 ---p 0000b000 08:11 395321                     /lib/x86_64-linux-gnu/libnss_nis-2.23.so
7fd1466b6000-7fd1466b7000 r--p 0000a000 08:11 395321                     /lib/x86_64-linux-gnu/libnss_nis-2.23.so
7fd1466b7000-7fd1466b8000 rw-p 0000b000 08:11 395321                     /lib/x86_64-linux-gnu/libnss_nis-2.23.so
7fd1466b8000-7fd1466ce000 r-xp 00000000 08:11 395317                     /lib/x86_64-linux-gnu/libnsl-2.23.so
7fd1466ce000-7fd1468cd000 ---p 00016000 08:11 395317                     /lib/x86_64-linux-gnu/libnsl-2.23.so
7fd1468cd000-7fd1468ce000 r--p 00015000 08:11 395317                     /lib/x86_64-linux-gnu/libnsl-2.23.so
7fd1468ce000-7fd1468cf000 rw-p 00016000 08:11 395317                     /lib/x86_64-linux-gnu/libnsl-2.23.so
7fd1468cf000-7fd1468d1000 rw-p 00000000 00:00 0 
7fd1468d1000-7fd1468d9000 r-xp 00000000 08:11 395314                     /lib/x86_64-linux-gnu/libnss_compat-2.23.so
7fd1468d9000-7fd146ad8000 ---p 00008000 08:11 395314                     /lib/x86_64-linux-gnu/libnss_compat-2.23.so
7fd146ad8000-7fd146ad9000 r--p 00007000 08:11 395314                     /lib/x86_64-linux-gnu/libnss_compat-2.23.so
7fd146ad9000-7fd146ada000 rw-p 00008000 08:11 395314                     /lib/x86_64-linux-gnu/libnss_compat-2.23.so
7fd146ada000-7fd146b04000 r-xp 00000000 08:11 556509                     /usr/lib/jvm/java-8-oracle/jre/lib/amd64/libjava.so
7fd146b04000-7fd146d04000 ---p 0002a000 08:11 556509                     /usr/lib/jvm/java-8-oracle/jre/lib/amd64/libjava.so
7fd146d04000-7fd146d06000 rw-p 0002a000 08:11 556509                     /usr/lib/jvm/java-8-oracle/jre/lib/amd64/libjava.so
7fd146d06000-7fd146d13000 r-xp 00000000 08:11 556513                     /usr/lib/jvm/java-8-oracle/jre/lib/amd64/libverify.so
7fd146d13000-7fd146f13000 ---p 0000d000 08:11 556513                     /usr/lib/jvm/java-8-oracle/jre/lib/amd64/libverify.so
7fd146f13000-7fd146f15000 rw-p 0000d000 08:11 556513                     /usr/lib/jvm/java-8-oracle/jre/lib/amd64/libverify.so
7fd146f15000-7fd146f1c000 r-xp 00000000 08:11 395344                     /lib/x86_64-linux-gnu/librt-2.23.so
7fd146f1c000-7fd14711b000 ---p 00007000 08:11 395344                     /lib/x86_64-linux-gnu/librt-2.23.so
7fd14711b000-7fd14711c000 r--p 00006000 08:11 395344                     /lib/x86_64-linux-gnu/librt-2.23.so
7fd14711c000-7fd14711d000 rw-p 00007000 08:11 395344                     /lib/x86_64-linux-gnu/librt-2.23.so
7fd14711d000-7fd147225000 r-xp 00000000 08:11 395338                     /lib/x86_64-linux-gnu/libm-2.23.so
7fd147225000-7fd147424000 ---p 00108000 08:11 395338                     /lib/x86_64-linux-gnu/libm-2.23.so
7fd147424000-7fd147425000 r--p 00107000 08:11 395338                     /lib/x86_64-linux-gnu/libm-2.23.so
7fd147425000-7fd147426000 rw-p 00108000 08:11 395338                     /lib/x86_64-linux-gnu/libm-2.23.so
7fd147426000-7fd1480e4000 r-xp 00000000 08:11 556492                     /usr/lib/jvm/java-8-oracle/jre/lib/amd64/server/libjvm.so
7fd1480e4000-7fd1482e3000 ---p 00cbe000 08:11 556492                     /usr/lib/jvm/java-8-oracle/jre/lib/amd64/server/libjvm.so
7fd1482e3000-7fd1483bc000 rw-p 00cbd000 08:11 556492                     /usr/lib/jvm/java-8-oracle/jre/lib/amd64/server/libjvm.so
7fd1483bc000-7fd148400000 rw-p 00000000 00:00 0 
7fd148400000-7fd1485c0000 r-xp 00000000 08:11 395354                     /lib/x86_64-linux-gnu/libc-2.23.so
7fd1485c0000-7fd1487bf000 ---p 001c0000 08:11 395354                     /lib/x86_64-linux-gnu/libc-2.23.so
7fd1487bf000-7fd1487c3000 r--p 001bf000 08:11 395354                     /lib/x86_64-linux-gnu/libc-2.23.so
7fd1487c3000-7fd1487c5000 rw-p 001c3000 08:11 395354                     /lib/x86_64-linux-gnu/libc-2.23.so
7fd1487c5000-7fd1487c9000 rw-p 00000000 00:00 0 
7fd1487c9000-7fd1487cc000 r-xp 00000000 08:11 395356                     /lib/x86_64-linux-gnu/libdl-2.23.so
7fd1487cc000-7fd1489cb000 ---p 00003000 08:11 395356                     /lib/x86_64-linux-gnu/libdl-2.23.so
7fd1489cb000-7fd1489cc000 r--p 00002000 08:11 395356                     /lib/x86_64-linux-gnu/libdl-2.23.so
7fd1489cc000-7fd1489cd000 rw-p 00003000 08:11 395356                     /lib/x86_64-linux-gnu/libdl-2.23.so
7fd1489cd000-7fd1489e2000 r-xp 00000000 08:11 556192                     /usr/lib/jvm/java-8-oracle/lib/amd64/jli/libjli.so
7fd1489e2000-7fd148be2000 ---p 00015000 08:11 556192                     /usr/lib/jvm/java-8-oracle/lib/amd64/jli/libjli.so
7fd148be2000-7fd148be3000 rw-p 00015000 08:11 556192                     /usr/lib/jvm/java-8-oracle/lib/amd64/jli/libjli.so
7fd148be3000-7fd148bfb000 r-xp 00000000 08:11 395352                     /lib/x86_64-linux-gnu/libpthread-2.23.so
7fd148bfb000-7fd148dfa000 ---p 00018000 08:11 395352                     /lib/x86_64-linux-gnu/libpthread-2.23.so
7fd148dfa000-7fd148dfb000 r--p 00017000 08:11 395352                     /lib/x86_64-linux-gnu/libpthread-2.23.so
7fd148dfb000-7fd148dfc000 rw-p 00018000 08:11 395352                     /lib/x86_64-linux-gnu/libpthread-2.23.so
7fd148dfc000-7fd148e00000 rw-p 00000000 00:00 0 
7fd148e00000-7fd148e26000 r-xp 00000000 08:11 395346                     /lib/x86_64-linux-gnu/ld-2.23.so
7fd148e2a000-7fd148efd000 rw-p 00000000 00:00 0 
7fd148efd000-7fd148f00000 ---p 00000000 00:00 0 
7fd148f00000-7fd149002000 rw-p 00000000 00:00 0 
7fd149003000-7fd14900a000 r--s 00000000 08:11 795619                     /usr/lib/x86_64-linux-gnu/gconv/gconv-modules.cache
7fd14900a000-7fd149019000 r--s 000df000 08:01 16387229                   /home/gilmar/Android/Sdk/build-tools/23.0.2/lib/dx.jar
7fd149019000-7fd149021000 rw-s 00000000 08:11 131271                     /tmp/hsperfdata_gilmar/12727
7fd149021000-7fd149022000 rw-p 00000000 00:00 0 
7fd149022000-7fd149023000 ---p 00000000 00:00 0 
7fd149023000-7fd149025000 rw-p 00000000 00:00 0 
7fd149025000-7fd149026000 r--p 00025000 08:11 395346                     /lib/x86_64-linux-gnu/ld-2.23.so
7fd149026000-7fd149027000 rw-p 00026000 08:11 395346                     /lib/x86_64-linux-gnu/ld-2.23.so
7fd149027000-7fd149028000 rw-p 00000000 00:00 0 
7fff925b2000-7fff925d3000 rw-p 00000000 00:00 0                          [stack]
7fff925fc000-7fff925fe000 r--p 00000000 00:00 0                          [vvar]
7fff925fe000-7fff92600000 r-xp 00000000 00:00 0                          [vdso]
ffffffffff600000-ffffffffff601000 r-xp 00000000 00:00 0                  [vsyscall]

VM Arguments:
jvm_args: -Djava.awt.headless=true -Xmx4g -Dfile.encoding=UTF-8 -Duser.country=BR -Duser.language=pt -Duser.variant 
java_command: com.android.dx.command.Main --dex --verbose --force-jumbo --num-threads=4 --multi-dex --output /home/gilmar/AndroidStudioProjects/Projeto/Alergia/app/build/intermediates/transforms/dex/debug/folders/1000/5/slice_3 /home/gilmar/AndroidStudioProjects/Projeto/Alergia/app/build/intermediates/transforms/instantRunSlicer/debug/folders/1/5/slice_3
java_class_path (initial): /home/gilmar/Android/Sdk/build-tools/23.0.2/lib/dx.jar
Launcher Type: SUN_STANDARD

Environment Variables:
JAVA_HOME=/usr/lib/jvm/java-7-oracle/jre/
PATH=/opt/apache-maven-3.3.3/bin:/usr/local/sbin:/usr/local/bin:/usr/sbin:/usr/bin:/sbin:/bin:/usr/games:/usr/local/games" JAVA_HOME=/usr/lib/jvm/java-7-oracle:/snap/bin
USERNAME=gilmar
LD_LIBRARY_PATH=/opt/android-studio/bin/.:
SHELL=/bin/bash
DISPLAY=:1

Signal Handlers:
SIGSEGV: [libjvm.so+0xaba2a0], sa_mask[0]=11111111011111111101111111111110, sa_flags=SA_RESTART|SA_SIGINFO
SIGBUS: [libjvm.so+0xaba2a0], sa_mask[0]=11111111011111111101111111111110, sa_flags=SA_RESTART|SA_SIGINFO
SIGFPE: [libjvm.so+0x917710], sa_mask[0]=11111111011111111101111111111110, sa_flags=SA_RESTART|SA_SIGINFO
SIGPIPE: [libjvm.so+0x917710], sa_mask[0]=11111111011111111101111111111110, sa_flags=SA_RESTART|SA_SIGINFO
SIGXFSZ: [libjvm.so+0x917710], sa_mask[0]=11111111011111111101111111111110, sa_flags=SA_RESTART|SA_SIGINFO
SIGILL: [libjvm.so+0x917710], sa_mask[0]=11111111011111111101111111111110, sa_flags=SA_RESTART|SA_SIGINFO
SIGUSR1: SIG_DFL, sa_mask[0]=00000000000000000000000000000000, sa_flags=none
SIGUSR2: [libjvm.so+0x918d40], sa_mask[0]=00100000000000000000000000000000, sa_flags=SA_RESTART|SA_SIGINFO
SIGHUP: [libjvm.so+0x91a140], sa_mask[0]=11111111011111111101111111111110, sa_flags=SA_RESTART|SA_SIGINFO
SIGINT: [libjvm.so+0x91a140], sa_mask[0]=11111111011111111101111111111110, sa_flags=SA_RESTART|SA_SIGINFO
SIGTERM: [libjvm.so+0x91a140], sa_mask[0]=11111111011111111101111111111110, sa_flags=SA_RESTART|SA_SIGINFO
SIGQUIT: [libjvm.so+0x91a140], sa_mask[0]=11111111011111111101111111111110, sa_flags=SA_RESTART|SA_SIGINFO


---------------  S Y S T E M  ---------------

OS:DISTRIB_ID=Ubuntu
DISTRIB_RELEASE=16.04
DISTRIB_CODENAME=xenial
DISTRIB_DESCRIPTION="Ubuntu 16.04.1 LTS"

uname:Linux 4.4.0-43-generic #63-Ubuntu SMP Wed Oct 12 13:48:03 UTC 2016 x86_64
libc:glibc 2.23 NPTL 2.23 
rlimit: STACK 8192k, CORE 0k, NPROC 23179, NOFILE 65536, AS infinity
load average:48,82 22,69 10,34

/proc/meminfo:
MemTotal:        5974456 kB
MemFree:          113152 kB
MemAvailable:      20032 kB
Buffers:             364 kB
Cached:           336748 kB
SwapCached:            0 kB
Active:          5332412 kB
Inactive:         294064 kB
Active(anon):    5328552 kB
Inactive(anon):   282444 kB
Active(file):       3860 kB
Inactive(file):    11620 kB
Unevictable:          80 kB
Mlocked:              80 kB
SwapTotal:             0 kB
SwapFree:              0 kB
Dirty:                40 kB
Writeback:             8 kB
AnonPages:       5290240 kB
Mapped:           102788 kB
Shmem:            320836 kB
Slab:              99628 kB
SReclaimable:      53836 kB
SUnreclaim:        45792 kB
KernelStack:       13680 kB
PageTables:        53076 kB
NFS_Unstable:          0 kB
Bounce:                0 kB
WritebackTmp:          0 kB
CommitLimit:     2987228 kB
Committed_AS:   13446628 kB
VmallocTotal:   34359738367 kB
VmallocUsed:           0 kB
VmallocChunk:          0 kB
HardwareCorrupted:     0 kB
AnonHugePages:   2174976 kB
CmaTotal:              0 kB
CmaFree:               0 kB
HugePages_Total:       0
HugePages_Free:        0
HugePages_Rsvd:        0
HugePages_Surp:        0
Hugepagesize:       2048 kB
DirectMap4k:      209808 kB
DirectMap2M:     5945344 kB


CPU:total 4 (2 cores per cpu, 2 threads per core) family 6 model 58 stepping 9, cmov, cx8, fxsr, mmx, sse, sse2, sse3, ssse3, sse4.1, sse4.2, popcnt, avx, aes, clmul, erms, ht, tsc, tscinvbit, tscinv

/proc/cpuinfo:
processor	: 0
vendor_id	: GenuineIntel
cpu family	: 6
model		: 58
model name	: Intel(R) Core(TM) i5-3337U CPU @ 1.80GHz
stepping	: 9
microcode	: 0x1c
cpu MHz		: 2500.031
cache size	: 3072 KB
physical id	: 0
siblings	: 4
core id		: 0
cpu cores	: 2
apicid		: 0
initial apicid	: 0
fpu		: yes
fpu_exception	: yes
cpuid level	: 13
wp		: yes
flags		: fpu vme de pse tsc msr pae mce cx8 apic sep mtrr pge mca cmov pat pse36 clflush dts acpi mmx fxsr sse sse2 ss ht tm pbe syscall nx rdtscp lm constant_tsc arch_perfmon pebs bts rep_good nopl xtopology nonstop_tsc aperfmperf eagerfpu pni pclmulqdq dtes64 monitor ds_cpl vmx est tm2 ssse3 cx16 xtpr pdcm pcid sse4_1 sse4_2 x2apic popcnt tsc_deadline_timer aes xsave avx f16c rdrand lahf_lm epb tpr_shadow vnmi flexpriority ept vpid fsgsbase smep erms xsaveopt dtherm ida arat pln pts
bugs		:
bogomips	: 3591.67
clflush size	: 64
cache_alignment	: 64
address sizes	: 36 bits physical, 48 bits virtual
power management:

processor	: 1
vendor_id	: GenuineIntel
cpu family	: 6
model		: 58
model name	: Intel(R) Core(TM) i5-3337U CPU @ 1.80GHz
stepping	: 9
microcode	: 0x1c
cpu MHz		: 2499.890
cache size	: 3072 KB
physical id	: 0
siblings	: 4
core id		: 1
cpu cores	: 2
apicid		: 2
initial apicid	: 2
fpu		: yes
fpu_exception	: yes
cpuid level	: 13
wp		: yes
flags		: fpu vme de pse tsc msr pae mce cx8 apic sep mtrr pge mca cmov pat pse36 clflush dts acpi mmx fxsr sse sse2 ss ht tm pbe syscall nx rdtscp lm constant_tsc arch_perfmon pebs bts rep_good nopl xtopology nonstop_tsc aperfmperf eagerfpu pni pclmulqdq dtes64 monitor ds_cpl vmx est tm2 ssse3 cx16 xtpr pdcm pcid sse4_1 sse4_2 x2apic popcnt tsc_deadline_timer aes xsave avx f16c rdrand lahf_lm epb tpr_shadow vnmi flexpriority ept vpid fsgsbase smep erms xsaveopt dtherm ida arat pln pts
bugs		:
bogomips	: 3591.67
clflush size	: 64
cache_alignment	: 64
address sizes	: 36 bits physical, 48 bits virtual
power management:

processor	: 2
vendor_id	: GenuineIntel
cpu family	: 6
model		: 58
model name	: Intel(R) Core(TM) i5-3337U CPU @ 1.80GHz
stepping	: 9
microcode	: 0x1c
cpu MHz		: 2499.960
cache size	: 3072 KB
physical id	: 0
siblings	: 4
core id		: 0
cpu cores	: 2
apicid		: 1
initial apicid	: 1
fpu		: yes
fpu_exception	: yes
cpuid level	: 13
wp		: yes
flags		: fpu vme de pse tsc msr pae mce cx8 apic sep mtrr pge mca cmov pat pse36 clflush dts acpi mmx fxsr sse sse2 ss ht tm pbe syscall nx rdtscp lm constant_tsc arch_perfmon pebs bts rep_good nopl xtopology nonstop_tsc aperfmperf eagerfpu pni pclmulqdq dtes64 monitor ds_cpl vmx est tm2 ssse3 cx16 xtpr pdcm pcid sse4_1 sse4_2 x2apic popcnt tsc_deadline_timer aes xsave avx f16c rdrand lahf_lm epb tpr_shadow vnmi flexpriority ept vpid fsgsbase smep erms xsaveopt dtherm ida arat pln pts
bugs		:
bogomips	: 3591.67
clflush size	: 64
cache_alignment	: 64
address sizes	: 36 bits physical, 48 bits virtual
power management:

processor	: 3
vendor_id	: GenuineIntel
cpu family	: 6
model		: 58
model name	: Intel(R) Core(TM) i5-3337U CPU @ 1.80GHz
stepping	: 9
microcode	: 0x1c
cpu MHz		: 2499.960
cache size	: 3072 KB
physical id	: 0
siblings	: 4
core id		: 1
cpu cores	: 2
apicid		: 3
initial apicid	: 3
fpu		: yes
fpu_exception	: yes
cpuid level	: 13
wp		: yes
flags		: fpu vme de pse tsc msr pae mce cx8 apic sep mtrr pge mca cmov pat pse36 clflush dts acpi mmx fxsr sse sse2 ss ht tm pbe syscall nx rdtscp lm constant_tsc arch_perfmon pebs bts rep_good nopl xtopology nonstop_tsc aperfmperf eagerfpu pni pclmulqdq dtes64 monitor ds_cpl vmx est tm2 ssse3 cx16 xtpr pdcm pcid sse4_1 sse4_2 x2apic popcnt tsc_deadline_timer aes xsave avx f16c rdrand lahf_lm epb tpr_shadow vnmi flexpriority ept vpid fsgsbase smep erms xsaveopt dtherm ida arat pln pts
bugs		:
bogomips	: 3591.67
clflush size	: 64
cache_alignment	: 64
address sizes	: 36 bits physical, 48 bits virtual
power management:



Memory: 4k page, physical 5974456k(114780k free), swap 0k(0k free)

vm_info: Java HotSpot(TM) 64-Bit Server VM (25.66-b17) for linux-amd64 JRE (1.8.0_66-b17), built on Oct  6 2015 17:28:34 by "java_re" with gcc 4.3.0 20080428 (Red Hat 4.3.0-8)

time: Sat Oct 15 15:54:51 2016
elapsed time: 142 seconds (0d 0h 2m 22s)

