#
# There is insufficient memory for the Java Runtime Environment to continue.
# Native memory allocation (mmap) failed to map 136314880 bytes for committing reserved memory.
# Possible reasons:
#   The system is out of physical RAM or swap space
#   In 32 bit mode, the process size limit was hit
# Possible solutions:
#   Reduce memory load on the system
#   Increase physical memory or swap space
#   Check if swap backing store is full
#   Use 64 bit Java on a 64 bit OS
#   Decrease Java heap size (-Xmx/-Xms)
#   Decrease number of Java threads
#   Decrease Java thread stack sizes (-Xss)
#   Set larger code cache with -XX:ReservedCodeCacheSize=
# This output file may be truncated or incomplete.
#
#  Out of Memory Error (os_linux.cpp:2627), pid=20220, tid=140466757510912
#
# JRE version: Java(TM) SE Runtime Environment (8.0_66-b17) (build 1.8.0_66-b17)
# Java VM: Java HotSpot(TM) 64-Bit Server VM (25.66-b17 mixed mode linux-amd64 compressed oops)
# Failed to write core dump. Core dumps have been disabled. To enable core dumping, try "ulimit -c unlimited" before starting Java again
#

---------------  T H R E A D  ---------------

Current thread (0x00007fc110078000):  VMThread [stack: 0x00007fc0f71f2000,0x00007fc0f72f3000] [id=20231]

Stack: [0x00007fc0f71f2000,0x00007fc0f72f3000],  sp=0x00007fc0f72f1320,  free space=1020k
Native frames: (J=compiled Java code, j=interpreted, Vv=VM code, C=native code)
V  [libjvm.so+0xab9a1a]  VMError::report_and_die()+0x2ba
V  [libjvm.so+0x4f9e0b]  report_vm_out_of_memory(char const*, int, unsigned long, VMErrorType, char const*)+0x8b
V  [libjvm.so+0x91a8a3]  os::Linux::commit_memory_impl(char*, unsigned long, bool)+0x103
V  [libjvm.so+0x91adf9]  os::pd_commit_memory(char*, unsigned long, unsigned long, bool)+0x29
V  [libjvm.so+0x91510a]  os::commit_memory(char*, unsigned long, unsigned long, bool)+0x2a
V  [libjvm.so+0x9887a3]  PSVirtualSpace::expand_by(unsigned long)+0x53
V  [libjvm.so+0x989ba8]  PSYoungGen::resize_generation(unsigned long, unsigned long)+0xf8
V  [libjvm.so+0x988d02]  PSYoungGen::resize(unsigned long, unsigned long)+0x22
V  [libjvm.so+0x985fdb]  PSScavenge::invoke_no_policy()+0xf3b
V  [libjvm.so+0x986761]  PSScavenge::invoke()+0x41
V  [libjvm.so+0x93e500]  ParallelScavengeHeap::failed_mem_allocate(unsigned long)+0x70
V  [libjvm.so+0xabb437]  VM_ParallelGCFailedAllocation::doit()+0x97
V  [libjvm.so+0xac2e65]  VM_Operation::evaluate()+0x55
V  [libjvm.so+0xac123a]  VMThread::evaluate_operation(VM_Operation*)+0xba
V  [libjvm.so+0xac15be]  VMThread::loop()+0x1ce
V  [libjvm.so+0xac1a30]  VMThread::run()+0x70
V  [libjvm.so+0x91cc68]  java_start(Thread*)+0x108

VM_Operation (0x00007fc116a0a160): ParallelGCFailedAllocation, mode: safepoint, requested by thread 0x00007fc11000a000


---------------  P R O C E S S  ---------------

Java Threads: ( => current thread )
  0x00007fc1100c2000 JavaThread "Service Thread" daemon [_thread_blocked, id=20238, stack(0x00007fc0f6811000,0x00007fc0f6912000)]
  0x00007fc1100bd000 JavaThread "C1 CompilerThread2" daemon [_thread_blocked, id=20237, stack(0x00007fc0f6912000,0x00007fc0f6a13000)]
  0x00007fc1100bb000 JavaThread "C2 CompilerThread1" daemon [_thread_blocked, id=20236, stack(0x00007fc0f6a13000,0x00007fc0f6b14000)]
  0x00007fc1100b8000 JavaThread "C2 CompilerThread0" daemon [_thread_blocked, id=20235, stack(0x00007fc0f6b14000,0x00007fc0f6c15000)]
  0x00007fc1100b7000 JavaThread "Signal Dispatcher" daemon [_thread_blocked, id=20234, stack(0x00007fc0f6c15000,0x00007fc0f6d16000)]
  0x00007fc11007f000 JavaThread "Finalizer" daemon [_thread_blocked, id=20233, stack(0x00007fc0f6ff0000,0x00007fc0f70f1000)]
  0x00007fc11007d000 JavaThread "Reference Handler" daemon [_thread_blocked, id=20232, stack(0x00007fc0f70f1000,0x00007fc0f71f2000)]
  0x00007fc11000a000 JavaThread "main" [_thread_blocked, id=20226, stack(0x00007fc11690b000,0x00007fc116a0c000)]

Other Threads:
=>0x00007fc110078000 VMThread [stack: 0x00007fc0f71f2000,0x00007fc0f72f3000] [id=20231]
  0x00007fc1100c5000 WatcherThread [stack: 0x00007fc0f6710000,0x00007fc0f6811000] [id=20239]

VM state:at safepoint (normal execution)

VM Mutex/Monitor currently owned by a thread:  ([mutex/lock_event])
[0x00007fc110006410] Threads_lock - owner thread: 0x00007fc110078000
[0x00007fc110006910] Heap_lock - owner thread: 0x00007fc11000a000

Heap:
 PSYoungGen      total 99840K, used 3552K [0x00000000e1980000, 0x00000000e7e80000, 0x0000000100000000)
  eden space 96256K, 0% used [0x00000000e1980000,0x00000000e1980000,0x00000000e7780000)
  from space 3584K, 99% used [0x00000000e7780000,0x00000000e7af8020,0x00000000e7b00000)
  to   space 3584K, 0% used [0x00000000e7b00000,0x00000000e7b00000,0x00000000e7e80000)
 ParOldGen       total 62976K, used 32961K [0x00000000a4c00000, 0x00000000a8980000, 0x00000000e1980000)
  object space 62976K, 52% used [0x00000000a4c00000,0x00000000a6c306b8,0x00000000a8980000)
 Metaspace       used 3673K, capacity 5144K, committed 5376K, reserved 1056768K
  class space    used 388K, capacity 456K, committed 512K, reserved 1048576K

Card table byte_map: [0x00007fc10032c000,0x00007fc100607000] byte_map_base: 0x00007fc0ffe06000

Marking Bits: (ParMarkBitMap*) 0x00007fc115de3020
 Begin Bits: [0x00007fc0fcfa1000, 0x00007fc0fe671000)
 End Bits:   [0x00007fc0fe671000, 0x00007fc0ffd41000)

Polling page: 0x00007fc116a30000

CodeCache: size=245760Kb used=3638Kb max_used=3650Kb free=242121Kb
 bounds [0x00007fc1009c7000, 0x00007fc100d67000, 0x00007fc10f9c7000]
 total_blobs=860 nmethods=613 adapters=161
 compilation: enabled

Compilation events (10 events):
Event: 2,494 Thread 0x00007fc1100bb000 nmethod 615 0x00007fc100d425d0 code [0x00007fc100d42720, 0x00007fc100d42878]
Event: 2,569 Thread 0x00007fc1100bb000  616       4       java.util.HashMap::resize (359 bytes)
Event: 2,579 Thread 0x00007fc1100b8000 nmethod 612 0x00007fc100d5bd90 code [0x00007fc100d5c140, 0x00007fc100d5e040]
Event: 2,581 Thread 0x00007fc1100bb000 nmethod 616 0x00007fc100d3e690 code [0x00007fc100d3e820, 0x00007fc100d3ed18]
Event: 2,611 Thread 0x00007fc1100b8000  617       4       com.android.dx.cf.direct.DirectClassFile::getMethods (9 bytes)
Event: 2,613 Thread 0x00007fc1100b8000 nmethod 617 0x00007fc100d3f810 code [0x00007fc100d3f960, 0x00007fc100d3fa48]
Event: 2,621 Thread 0x00007fc1100bb000  618       4       com.android.dx.cf.direct.DirectClassFile::getFields (9 bytes)
Event: 2,623 Thread 0x00007fc1100bb000 nmethod 618 0x00007fc100d3f490 code [0x00007fc100d3f5e0, 0x00007fc100d3f6c8]
Event: 2,626 Thread 0x00007fc1100b8000  619       4       java.util.TreeMap::getEntry (84 bytes)
Event: 2,637 Thread 0x00007fc1100b8000 nmethod 619 0x00007fc100d3d950 code [0x00007fc100d3dae0, 0x00007fc100d3dfb8]

GC Heap History (9 events):
Event: 0,748 GC heap before
{Heap before GC invocations=1 (full 0):
 PSYoungGen      total 27648K, used 24064K [0x00000000e1980000, 0x00000000e3800000, 0x0000000100000000)
  eden space 24064K, 100% used [0x00000000e1980000,0x00000000e3100000,0x00000000e3100000)
  from space 3584K, 0% used [0x00000000e3480000,0x00000000e3480000,0x00000000e3800000)
  to   space 3584K, 0% used [0x00000000e3100000,0x00000000e3100000,0x00000000e3480000)
 ParOldGen       total 62976K, used 0K [0x00000000a4c00000, 0x00000000a8980000, 0x00000000e1980000)
  object space 62976K, 0% used [0x00000000a4c00000,0x00000000a4c00000,0x00000000a8980000)
 Metaspace       used 3617K, capacity 5080K, committed 5376K, reserved 1056768K
  class space    used 384K, capacity 456K, committed 512K, reserved 1048576K
Event: 0,777 GC heap after
Heap after GC invocations=1 (full 0):
 PSYoungGen      total 27648K, used 3377K [0x00000000e1980000, 0x00000000e4f80000, 0x0000000100000000)
  eden space 24064K, 0% used [0x00000000e1980000,0x00000000e1980000,0x00000000e3100000)
  from space 3584K, 94% used [0x00000000e3100000,0x00000000e344c438,0x00000000e3480000)
  to   space 3584K, 0% used [0x00000000e4c00000,0x00000000e4c00000,0x00000000e4f80000)
 ParOldGen       total 62976K, used 8K [0x00000000a4c00000, 0x00000000a8980000, 0x00000000e1980000)
  object space 62976K, 0% used [0x00000000a4c00000,0x00000000a4c02000,0x00000000a8980000)
 Metaspace       used 3617K, capacity 5080K, committed 5376K, reserved 1056768K
  class space    used 384K, capacity 456K, committed 512K, reserved 1048576K
}
Event: 0,921 GC heap before
{Heap before GC invocations=2 (full 0):
 PSYoungGen      total 27648K, used 27441K [0x00000000e1980000, 0x00000000e4f80000, 0x0000000100000000)
  eden space 24064K, 100% used [0x00000000e1980000,0x00000000e3100000,0x00000000e3100000)
  from space 3584K, 94% used [0x00000000e3100000,0x00000000e344c438,0x00000000e3480000)
  to   space 3584K, 0% used [0x00000000e4c00000,0x00000000e4c00000,0x00000000e4f80000)
 ParOldGen       total 62976K, used 8K [0x00000000a4c00000, 0x00000000a8980000, 0x00000000e1980000)
  object space 62976K, 0% used [0x00000000a4c00000,0x00000000a4c02000,0x00000000a8980000)
 Metaspace       used 3645K, capacity 5144K, committed 5376K, reserved 1056768K
  class space    used 384K, capacity 456K, committed 512K, reserved 1048576K
Event: 0,938 GC heap after
Heap after GC invocations=2 (full 0):
 PSYoungGen      total 51712K, used 3575K [0x00000000e1980000, 0x00000000e4f80000, 0x0000000100000000)
  eden space 48128K, 0% used [0x00000000e1980000,0x00000000e1980000,0x00000000e4880000)
  from space 3584K, 99% used [0x00000000e4c00000,0x00000000e4f7dcd8,0x00000000e4f80000)
  to   space 3584K, 0% used [0x00000000e4880000,0x00000000e4880000,0x00000000e4c00000)
 ParOldGen       total 62976K, used 896K [0x00000000a4c00000, 0x00000000a8980000, 0x00000000e1980000)
  object space 62976K, 1% used [0x00000000a4c00000,0x00000000a4ce0278,0x00000000a8980000)
 Metaspace       used 3645K, capacity 5144K, committed 5376K, reserved 1056768K
  class space    used 384K, capacity 456K, committed 512K, reserved 1048576K
}
Event: 1,267 GC heap before
{Heap before GC invocations=3 (full 0):
 PSYoungGen      total 51712K, used 51703K [0x00000000e1980000, 0x00000000e4f80000, 0x0000000100000000)
  eden space 48128K, 100% used [0x00000000e1980000,0x00000000e4880000,0x00000000e4880000)
  from space 3584K, 99% used [0x00000000e4c00000,0x00000000e4f7dcd8,0x00000000e4f80000)
  to   space 3584K, 0% used [0x00000000e4880000,0x00000000e4880000,0x00000000e4c00000)
 ParOldGen       total 62976K, used 896K [0x00000000a4c00000, 0x00000000a8980000, 0x00000000e1980000)
  object space 62976K, 1% used [0x00000000a4c00000,0x00000000a4ce0278,0x00000000a8980000)
 Metaspace       used 3670K, capacity 5144K, committed 5376K, reserved 1056768K
  class space    used 388K, capacity 456K, committed 512K, reserved 1048576K
Event: 1,303 GC heap after
Heap after GC invocations=3 (full 0):
 PSYoungGen      total 51712K, used 3572K [0x00000000e1980000, 0x00000000e7e80000, 0x0000000100000000)
  eden space 48128K, 0% used [0x00000000e1980000,0x00000000e1980000,0x00000000e4880000)
  from space 3584K, 99% used [0x00000000e4880000,0x00000000e4bfd040,0x00000000e4c00000)
  to   space 3584K, 0% used [0x00000000e7b00000,0x00000000e7b00000,0x00000000e7e80000)
 ParOldGen       total 62976K, used 7836K [0x00000000a4c00000, 0x00000000a8980000, 0x00000000e1980000)
  object space 62976K, 12% used [0x00000000a4c00000,0x00000000a53a7228,0x00000000a8980000)
 Metaspace       used 3670K, capacity 5144K, committed 5376K, reserved 1056768K
  class space    used 388K, capacity 456K, committed 512K, reserved 1048576K
}
Event: 1,612 GC heap before
{Heap before GC invocations=4 (full 0):
 PSYoungGen      total 51712K, used 51700K [0x00000000e1980000, 0x00000000e7e80000, 0x0000000100000000)
  eden space 48128K, 100% used [0x00000000e1980000,0x00000000e4880000,0x00000000e4880000)
  from space 3584K, 99% used [0x00000000e4880000,0x00000000e4bfd040,0x00000000e4c00000)
  to   space 3584K, 0% used [0x00000000e7b00000,0x00000000e7b00000,0x00000000e7e80000)
 ParOldGen       total 62976K, used 7836K [0x00000000a4c00000, 0x00000000a8980000, 0x00000000e1980000)
  object space 62976K, 12% used [0x00000000a4c00000,0x00000000a53a7228,0x00000000a8980000)
 Metaspace       used 3672K, capacity 5144K, committed 5376K, reserved 1056768K
  class space    used 388K, capacity 456K, committed 512K, reserved 1048576K
Event: 1,659 GC heap after
Heap after GC invocations=4 (full 0):
 PSYoungGen      total 99840K, used 3568K [0x00000000e1980000, 0x00000000e7e80000, 0x0000000100000000)
  eden space 96256K, 0% used [0x00000000e1980000,0x00000000e1980000,0x00000000e7780000)
  from space 3584K, 99% used [0x00000000e7b00000,0x00000000e7e7c030,0x00000000e7e80000)
  to   space 3584K, 0% used [0x00000000e7780000,0x00000000e7780000,0x00000000e7b00000)
 ParOldGen       total 62976K, used 15910K [0x00000000a4c00000, 0x00000000a8980000, 0x00000000e1980000)
  object space 62976K, 25% used [0x00000000a4c00000,0x00000000a5b89b80,0x00000000a8980000)
 Metaspace       used 3672K, capacity 5144K, committed 5376K, reserved 1056768K
  class space    used 388K, capacity 456K, committed 512K, reserved 1048576K
}
Event: 2,741 GC heap before
{Heap before GC invocations=5 (full 0):
 PSYoungGen      total 99840K, used 99824K [0x00000000e1980000, 0x00000000e7e80000, 0x0000000100000000)
  eden space 96256K, 100% used [0x00000000e1980000,0x00000000e7780000,0x00000000e7780000)
  from space 3584K, 99% used [0x00000000e7b00000,0x00000000e7e7c030,0x00000000e7e80000)
  to   space 3584K, 0% used [0x00000000e7780000,0x00000000e7780000,0x00000000e7b00000)
 ParOldGen       total 62976K, used 15910K [0x00000000a4c00000, 0x00000000a8980000, 0x00000000e1980000)
  object space 62976K, 25% used [0x00000000a4c00000,0x00000000a5b89b80,0x00000000a8980000)
 Metaspace       used 3673K, capacity 5144K, committed 5376K, reserved 1056768K
  class space    used 388K, capacity 456K, committed 512K, reserved 1048576K

Deoptimization events (1 events):
Event: 0,655 Thread 0x00007fc11000a000 Uncommon trap: reason=unloaded action=reinterpret pc=0x00007fc100bcbd58 method=com.android.dx.cf.cst.ConstantPoolParser.parse0(ILjava/util/BitSet;)Lcom/android/dx/rop/cst/Constant; @ 176

Internal exceptions (2 events):
Event: 0,104 Thread 0x00007fc11000a000 Exception <a 'java/lang/NoSuchMethodError': Method sun.misc.Unsafe.defineClass(Ljava/lang/String;[BII)Ljava/lang/Class; name or signature does not match> (0x00000000e1992b90) thrown at [/HUDSON/workspace/8-2-build-linux-amd64/jdk8u66/4988/hotspot/src/shar
Event: 0,104 Thread 0x00007fc11000a000 Exception <a 'java/lang/NoSuchMethodError': Method sun.misc.Unsafe.prefetchRead(Ljava/lang/Object;J)V name or signature does not match> (0x00000000e1992e78) thrown at [/HUDSON/workspace/8-2-build-linux-amd64/jdk8u66/4988/hotspot/src/share/vm/prims/jni.cpp

Events (10 events):
Event: 1,488 Thread 0x00007fc11000a000 DEOPT UNPACKING pc=0x00007fc100a0e633 sp=0x00007fc116a09e10 mode 0
Event: 1,507 Thread 0x00007fc11000a000 DEOPT PACKING pc=0x00007fc100b84a4b sp=0x00007fc116a0a130
Event: 1,507 Thread 0x00007fc11000a000 DEOPT UNPACKING pc=0x00007fc100a0e633 sp=0x00007fc116a09f60 mode 0
Event: 1,508 Thread 0x00007fc11000a000 DEOPT PACKING pc=0x00007fc100b7e564 sp=0x00007fc116a0a030
Event: 1,508 Thread 0x00007fc11000a000 DEOPT UNPACKING pc=0x00007fc100a0e633 sp=0x00007fc116a09e10 mode 0
Event: 1,612 Executing VM operation: ParallelGCFailedAllocation
Event: 1,659 Executing VM operation: ParallelGCFailedAllocation done
Event: 2,465 loading class java/util/ArrayList$1
Event: 2,466 loading class java/util/ArrayList$1 done
Event: 2,729 Executing VM operation: ParallelGCFailedAllocation


Dynamic libraries:
00400000-00401000 r-xp 00000000 08:11 270464                             /usr/lib/jvm/java-8-oracle/bin/java
00600000-00601000 rw-p 00000000 08:11 270464                             /usr/lib/jvm/java-8-oracle/bin/java
01478000-01499000 rw-p 00000000 00:00 0                                  [heap]
a4c00000-a8980000 rw-p 00000000 00:00 0 
a8980000-e1980000 ---p 00000000 00:00 0 
e1980000-e7e80000 rw-p 00000000 00:00 0 
f0080000-100000000 ---p 00000000 00:00 0 
100000000-100080000 rw-p 00000000 00:00 0 
100080000-140000000 ---p 00000000 00:00 0 
7fc0c0000000-7fc0c0021000 rw-p 00000000 00:00 0 
7fc0c0021000-7fc0c4000000 ---p 00000000 00:00 0 
7fc0c4000000-7fc0c4021000 rw-p 00000000 00:00 0 
7fc0c4021000-7fc0c8000000 ---p 00000000 00:00 0 
7fc0c8000000-7fc0c93a3000 rw-p 00000000 00:00 0 
7fc0c93a3000-7fc0cc000000 ---p 00000000 00:00 0 
7fc0cc000000-7fc0cc831000 rw-p 00000000 00:00 0 
7fc0cc831000-7fc0d0000000 ---p 00000000 00:00 0 
7fc0d0000000-7fc0d0021000 rw-p 00000000 00:00 0 
7fc0d0021000-7fc0d4000000 ---p 00000000 00:00 0 
7fc0d4000000-7fc0d5a79000 rw-p 00000000 00:00 0 
7fc0d5a79000-7fc0d8000000 ---p 00000000 00:00 0 
7fc0d8000000-7fc0d8021000 rw-p 00000000 00:00 0 
7fc0d8021000-7fc0dc000000 ---p 00000000 00:00 0 
7fc0dc000000-7fc0dc021000 rw-p 00000000 00:00 0 
7fc0dc021000-7fc0e0000000 ---p 00000000 00:00 0 
7fc0e0000000-7fc0e0021000 rw-p 00000000 00:00 0 
7fc0e0021000-7fc0e4000000 ---p 00000000 00:00 0 
7fc0e4000000-7fc0e428f000 rw-p 00000000 00:00 0 
7fc0e428f000-7fc0e8000000 ---p 00000000 00:00 0 
7fc0e8000000-7fc0e8021000 rw-p 00000000 00:00 0 
7fc0e8021000-7fc0ec000000 ---p 00000000 00:00 0 
7fc0f0000000-7fc0f0021000 rw-p 00000000 00:00 0 
7fc0f0021000-7fc0f4000000 ---p 00000000 00:00 0 
7fc0f65d6000-7fc0f6710000 r--s 00db1000 08:01 3677996                    /home/gilmar/AndroidStudioProjects/Projeto/Alergia/app/build/intermediates/transforms/jarMerging/debug/jars/1/1f/combined.jar
7fc0f6710000-7fc0f6711000 ---p 00000000 00:00 0 
7fc0f6711000-7fc0f6811000 rw-p 00000000 00:00 0 
7fc0f6811000-7fc0f6814000 ---p 00000000 00:00 0 
7fc0f6814000-7fc0f6912000 rw-p 00000000 00:00 0 
7fc0f6912000-7fc0f6915000 ---p 00000000 00:00 0 
7fc0f6915000-7fc0f6a13000 rw-p 00000000 00:00 0 
7fc0f6a13000-7fc0f6a16000 ---p 00000000 00:00 0 
7fc0f6a16000-7fc0f6b14000 rw-p 00000000 00:00 0 
7fc0f6b14000-7fc0f6b17000 ---p 00000000 00:00 0 
7fc0f6b17000-7fc0f6c15000 rw-p 00000000 00:00 0 
7fc0f6c15000-7fc0f6c18000 ---p 00000000 00:00 0 
7fc0f6c18000-7fc0f6d16000 rw-p 00000000 00:00 0 
7fc0f6d16000-7fc0f6ff0000 r--p 00000000 08:11 261827                     /usr/lib/locale/locale-archive
7fc0f6ff0000-7fc0f6ff3000 ---p 00000000 00:00 0 
7fc0f6ff3000-7fc0f70f1000 rw-p 00000000 00:00 0 
7fc0f70f1000-7fc0f70f4000 ---p 00000000 00:00 0 
7fc0f70f4000-7fc0f71f2000 rw-p 00000000 00:00 0 
7fc0f71f2000-7fc0f71f3000 ---p 00000000 00:00 0 
7fc0f71f3000-7fc0f8000000 rw-p 00000000 00:00 0 
7fc0f8000000-7fc0f8021000 rw-p 00000000 00:00 0 
7fc0f8021000-7fc0fc000000 ---p 00000000 00:00 0 
7fc0fc015000-7fc0fc036000 r--p 00000000 08:11 795147                     /usr/share/locale-langpack/pt_BR/LC_MESSAGES/libc.mo
7fc0fc036000-7fc0fc2ee000 rw-p 00000000 00:00 0 
7fc0fc2ee000-7fc0fc4c7000 r--s 03d20000 08:11 556314                     /usr/lib/jvm/java-8-oracle/jre/lib/rt.jar
7fc0fc4c7000-7fc0fc987000 rw-p 00000000 00:00 0 
7fc0fc987000-7fc0fccc7000 ---p 00000000 00:00 0 
7fc0fccc7000-7fc0ffd41000 rw-p 00000000 00:00 0 
7fc0ffd41000-7fc0ffd42000 ---p 00000000 00:00 0 
7fc0ffd42000-7fc0ffe42000 rw-p 00000000 00:00 0 
7fc0ffe42000-7fc0ffe43000 ---p 00000000 00:00 0 
7fc0ffe43000-7fc0fff43000 rw-p 00000000 00:00 0 
7fc0fff43000-7fc0fff44000 ---p 00000000 00:00 0 
7fc0fff44000-7fc100044000 rw-p 00000000 00:00 0 
7fc100044000-7fc100045000 ---p 00000000 00:00 0 
7fc100045000-7fc100164000 rw-p 00000000 00:00 0 
7fc100164000-7fc10032c000 ---p 00000000 00:00 0 
7fc10032c000-7fc10034b000 rw-p 00000000 00:00 0 
7fc10034b000-7fc100512000 ---p 00000000 00:00 0 
7fc100512000-7fc100546000 rw-p 00000000 00:00 0 
7fc100546000-7fc100606000 ---p 00000000 00:00 0 
7fc100606000-7fc100616000 rw-p 00000000 00:00 0 
7fc100616000-7fc1009c7000 ---p 00000000 00:00 0 
7fc1009c7000-7fc100d67000 rwxp 00000000 00:00 0 
7fc100d67000-7fc10f9c7000 ---p 00000000 00:00 0 
7fc10f9c7000-7fc10f9e1000 r-xp 00000000 08:11 556514                     /usr/lib/jvm/java-8-oracle/jre/lib/amd64/libzip.so
7fc10f9e1000-7fc10fbe1000 ---p 0001a000 08:11 556514                     /usr/lib/jvm/java-8-oracle/jre/lib/amd64/libzip.so
7fc10fbe1000-7fc10fbe2000 rw-p 0001a000 08:11 556514                     /usr/lib/jvm/java-8-oracle/jre/lib/amd64/libzip.so
7fc10fbe2000-7fc10fbed000 r-xp 00000000 08:11 393976                     /lib/x86_64-linux-gnu/libnss_files-2.23.so
7fc10fbed000-7fc10fdec000 ---p 0000b000 08:11 393976                     /lib/x86_64-linux-gnu/libnss_files-2.23.so
7fc10fdec000-7fc10fded000 r--p 0000a000 08:11 393976                     /lib/x86_64-linux-gnu/libnss_files-2.23.so
7fc10fded000-7fc10fdee000 rw-p 0000b000 08:11 393976                     /lib/x86_64-linux-gnu/libnss_files-2.23.so
7fc10fdee000-7fc10fdf4000 rw-p 00000000 00:00 0 
7fc10fdf4000-7fc10fdff000 r-xp 00000000 08:11 393962                     /lib/x86_64-linux-gnu/libnss_nis-2.23.so
7fc10fdff000-7fc10fffe000 ---p 0000b000 08:11 393962                     /lib/x86_64-linux-gnu/libnss_nis-2.23.so
7fc10fffe000-7fc10ffff000 r--p 0000a000 08:11 393962                     /lib/x86_64-linux-gnu/libnss_nis-2.23.so
7fc10ffff000-7fc110000000 rw-p 0000b000 08:11 393962                     /lib/x86_64-linux-gnu/libnss_nis-2.23.so
7fc110000000-7fc1103d3000 rw-p 00000000 00:00 0 
7fc1103d3000-7fc114000000 ---p 00000000 00:00 0 
7fc114001000-7fc1140c6000 rw-p 00000000 00:00 0 
7fc1140c6000-7fc1140dc000 r-xp 00000000 08:11 393938                     /lib/x86_64-linux-gnu/libnsl-2.23.so
7fc1140dc000-7fc1142db000 ---p 00016000 08:11 393938                     /lib/x86_64-linux-gnu/libnsl-2.23.so
7fc1142db000-7fc1142dc000 r--p 00015000 08:11 393938                     /lib/x86_64-linux-gnu/libnsl-2.23.so
7fc1142dc000-7fc1142dd000 rw-p 00016000 08:11 393938                     /lib/x86_64-linux-gnu/libnsl-2.23.so
7fc1142dd000-7fc1142df000 rw-p 00000000 00:00 0 
7fc1142df000-7fc1142e7000 r-xp 00000000 08:11 393921                     /lib/x86_64-linux-gnu/libnss_compat-2.23.so
7fc1142e7000-7fc1144e6000 ---p 00008000 08:11 393921                     /lib/x86_64-linux-gnu/libnss_compat-2.23.so
7fc1144e6000-7fc1144e7000 r--p 00007000 08:11 393921                     /lib/x86_64-linux-gnu/libnss_compat-2.23.so
7fc1144e7000-7fc1144e8000 rw-p 00008000 08:11 393921                     /lib/x86_64-linux-gnu/libnss_compat-2.23.so
7fc1144e8000-7fc114512000 r-xp 00000000 08:11 556509                     /usr/lib/jvm/java-8-oracle/jre/lib/amd64/libjava.so
7fc114512000-7fc114712000 ---p 0002a000 08:11 556509                     /usr/lib/jvm/java-8-oracle/jre/lib/amd64/libjava.so
7fc114712000-7fc114714000 rw-p 0002a000 08:11 556509                     /usr/lib/jvm/java-8-oracle/jre/lib/amd64/libjava.so
7fc114714000-7fc114721000 r-xp 00000000 08:11 556513                     /usr/lib/jvm/java-8-oracle/jre/lib/amd64/libverify.so
7fc114721000-7fc114921000 ---p 0000d000 08:11 556513                     /usr/lib/jvm/java-8-oracle/jre/lib/amd64/libverify.so
7fc114921000-7fc114923000 rw-p 0000d000 08:11 556513                     /usr/lib/jvm/java-8-oracle/jre/lib/amd64/libverify.so
7fc114923000-7fc11492a000 r-xp 00000000 08:11 394052                     /lib/x86_64-linux-gnu/librt-2.23.so
7fc11492a000-7fc114b29000 ---p 00007000 08:11 394052                     /lib/x86_64-linux-gnu/librt-2.23.so
7fc114b29000-7fc114b2a000 r--p 00006000 08:11 394052                     /lib/x86_64-linux-gnu/librt-2.23.so
7fc114b2a000-7fc114b2b000 rw-p 00007000 08:11 394052                     /lib/x86_64-linux-gnu/librt-2.23.so
7fc114b2b000-7fc114c33000 r-xp 00000000 08:11 394040                     /lib/x86_64-linux-gnu/libm-2.23.so
7fc114c33000-7fc114e32000 ---p 00108000 08:11 394040                     /lib/x86_64-linux-gnu/libm-2.23.so
7fc114e32000-7fc114e33000 r--p 00107000 08:11 394040                     /lib/x86_64-linux-gnu/libm-2.23.so
7fc114e33000-7fc114e34000 rw-p 00108000 08:11 394040                     /lib/x86_64-linux-gnu/libm-2.23.so
7fc114e34000-7fc115af2000 r-xp 00000000 08:11 556492                     /usr/lib/jvm/java-8-oracle/jre/lib/amd64/server/libjvm.so
7fc115af2000-7fc115cf1000 ---p 00cbe000 08:11 556492                     /usr/lib/jvm/java-8-oracle/jre/lib/amd64/server/libjvm.so
7fc115cf1000-7fc115dca000 rw-p 00cbd000 08:11 556492                     /usr/lib/jvm/java-8-oracle/jre/lib/amd64/server/libjvm.so
7fc115dca000-7fc115e0e000 rw-p 00000000 00:00 0 
7fc115e0e000-7fc115fcd000 r-xp 00000000 08:11 394072                     /lib/x86_64-linux-gnu/libc-2.23.so
7fc115fcd000-7fc1161cd000 ---p 001bf000 08:11 394072                     /lib/x86_64-linux-gnu/libc-2.23.so
7fc1161cd000-7fc1161d1000 r--p 001bf000 08:11 394072                     /lib/x86_64-linux-gnu/libc-2.23.so
7fc1161d1000-7fc1161d3000 rw-p 001c3000 08:11 394072                     /lib/x86_64-linux-gnu/libc-2.23.so
7fc1161d3000-7fc1161d7000 rw-p 00000000 00:00 0 
7fc1161d7000-7fc1161da000 r-xp 00000000 08:11 394076                     /lib/x86_64-linux-gnu/libdl-2.23.so
7fc1161da000-7fc1163d9000 ---p 00003000 08:11 394076                     /lib/x86_64-linux-gnu/libdl-2.23.so
7fc1163d9000-7fc1163da000 r--p 00002000 08:11 394076                     /lib/x86_64-linux-gnu/libdl-2.23.so
7fc1163da000-7fc1163db000 rw-p 00003000 08:11 394076                     /lib/x86_64-linux-gnu/libdl-2.23.so
7fc1163db000-7fc1163f0000 r-xp 00000000 08:11 556192                     /usr/lib/jvm/java-8-oracle/lib/amd64/jli/libjli.so
7fc1163f0000-7fc1165f0000 ---p 00015000 08:11 556192                     /usr/lib/jvm/java-8-oracle/lib/amd64/jli/libjli.so
7fc1165f0000-7fc1165f1000 rw-p 00015000 08:11 556192                     /usr/lib/jvm/java-8-oracle/lib/amd64/jli/libjli.so
7fc1165f1000-7fc116609000 r-xp 00000000 08:11 394068                     /lib/x86_64-linux-gnu/libpthread-2.23.so
7fc116609000-7fc116808000 ---p 00018000 08:11 394068                     /lib/x86_64-linux-gnu/libpthread-2.23.so
7fc116808000-7fc116809000 r--p 00017000 08:11 394068                     /lib/x86_64-linux-gnu/libpthread-2.23.so
7fc116809000-7fc11680a000 rw-p 00018000 08:11 394068                     /lib/x86_64-linux-gnu/libpthread-2.23.so
7fc11680a000-7fc11680e000 rw-p 00000000 00:00 0 
7fc11680e000-7fc116834000 r-xp 00000000 08:11 394056                     /lib/x86_64-linux-gnu/ld-2.23.so
7fc116843000-7fc11684a000 r--s 00000000 08:11 786490                     /usr/lib/x86_64-linux-gnu/gconv/gconv-modules.cache
7fc11684a000-7fc11690b000 rw-p 00000000 00:00 0 
7fc11690b000-7fc11690e000 ---p 00000000 00:00 0 
7fc11690e000-7fc116a10000 rw-p 00000000 00:00 0 
7fc116a10000-7fc116a19000 r--s 0002a000 08:01 3678002                    /home/gilmar/AndroidStudioProjects/Projeto/Alergia/app/build/intermediates/multi-dex/debug/componentClasses.jar
7fc116a19000-7fc116a27000 r--s 000e0000 08:01 539526                     /home/gilmar/Android/Sdk/build-tools/25.0.0/lib/dx.jar
7fc116a27000-7fc116a2f000 rw-s 00000000 08:11 131155                     /tmp/hsperfdata_gilmar/20220
7fc116a2f000-7fc116a30000 rw-p 00000000 00:00 0 
7fc116a30000-7fc116a31000 ---p 00000000 00:00 0 
7fc116a31000-7fc116a33000 rw-p 00000000 00:00 0 
7fc116a33000-7fc116a34000 r--p 00025000 08:11 394056                     /lib/x86_64-linux-gnu/ld-2.23.so
7fc116a34000-7fc116a35000 rw-p 00026000 08:11 394056                     /lib/x86_64-linux-gnu/ld-2.23.so
7fc116a35000-7fc116a36000 rw-p 00000000 00:00 0 
7ffcd50b1000-7ffcd50d2000 rw-p 00000000 00:00 0                          [stack]
7ffcd51d2000-7ffcd51d4000 r--p 00000000 00:00 0                          [vvar]
7ffcd51d4000-7ffcd51d6000 r-xp 00000000 00:00 0                          [vdso]
ffffffffff600000-ffffffffff601000 r-xp 00000000 00:00 0                  [vsyscall]

VM Arguments:
jvm_args: -Djava.awt.headless=true -Dfile.encoding=UTF-8 -Duser.country=BR -Duser.language=pt -Duser.variant 
java_command: com.android.multidex.ClassReferenceListBuilder /home/gilmar/AndroidStudioProjects/Projeto/Alergia/app/build/intermediates/multi-dex/debug/componentClasses.jar /home/gilmar/AndroidStudioProjects/Projeto/Alergia/app/build/intermediates/transforms/jarMerging/debug/jars/1/1f/combined.jar
java_class_path (initial): /home/gilmar/Android/Sdk/build-tools/25.0.0/lib/dx.jar
Launcher Type: SUN_STANDARD

Environment Variables:
JAVA_HOME=/usr/lib/jvm/java-7-oracle/jre/
PATH=/opt/apache-maven-3.3.3/bin:/usr/local/sbin:/usr/local/bin:/usr/sbin:/usr/bin:/sbin:/bin:/usr/games:/usr/local/games" JAVA_HOME=/usr/lib/jvm/java-7-oracle:/snap/bin
USERNAME=gilmar
LD_LIBRARY_PATH=/opt/android-studio/bin/.:
SHELL=/bin/bash
DISPLAY=:1

Signal Handlers:
SIGSEGV: [libjvm.so+0xaba2a0], sa_mask[0]=11111111011111111101111111111110, sa_flags=SA_RESTART|SA_SIGINFO
SIGBUS: [libjvm.so+0xaba2a0], sa_mask[0]=11111111011111111101111111111110, sa_flags=SA_RESTART|SA_SIGINFO
SIGFPE: [libjvm.so+0x917710], sa_mask[0]=11111111011111111101111111111110, sa_flags=SA_RESTART|SA_SIGINFO
SIGPIPE: [libjvm.so+0x917710], sa_mask[0]=11111111011111111101111111111110, sa_flags=SA_RESTART|SA_SIGINFO
SIGXFSZ: [libjvm.so+0x917710], sa_mask[0]=11111111011111111101111111111110, sa_flags=SA_RESTART|SA_SIGINFO
SIGILL: [libjvm.so+0x917710], sa_mask[0]=11111111011111111101111111111110, sa_flags=SA_RESTART|SA_SIGINFO
SIGUSR1: SIG_DFL, sa_mask[0]=00000000000000000000000000000000, sa_flags=none
SIGUSR2: [libjvm.so+0x918d40], sa_mask[0]=00100000000000000000000000000000, sa_flags=SA_RESTART|SA_SIGINFO
SIGHUP: [libjvm.so+0x91a140], sa_mask[0]=11111111011111111101111111111110, sa_flags=SA_RESTART|SA_SIGINFO
SIGINT: [libjvm.so+0x91a140], sa_mask[0]=11111111011111111101111111111110, sa_flags=SA_RESTART|SA_SIGINFO
SIGTERM: [libjvm.so+0x91a140], sa_mask[0]=11111111011111111101111111111110, sa_flags=SA_RESTART|SA_SIGINFO
SIGQUIT: [libjvm.so+0x91a140], sa_mask[0]=11111111011111111101111111111110, sa_flags=SA_RESTART|SA_SIGINFO


---------------  S Y S T E M  ---------------

OS:DISTRIB_ID=Ubuntu
DISTRIB_RELEASE=16.04
DISTRIB_CODENAME=xenial
DISTRIB_DESCRIPTION="Ubuntu 16.04.1 LTS"

uname:Linux 4.4.0-45-generic #66-Ubuntu SMP Wed Oct 19 14:12:37 UTC 2016 x86_64
libc:glibc 2.23 NPTL 2.23 
rlimit: STACK 8192k, CORE 0k, NPROC 23179, NOFILE 65536, AS infinity
load average:1,00 0,49 0,51

/proc/meminfo:
MemTotal:        5974456 kB
MemFree:          109216 kB
MemAvailable:      16648 kB
Buffers:             488 kB
Cached:           380420 kB
SwapCached:            0 kB
Active:          5275324 kB
Inactive:         353548 kB
Active(anon):    5265860 kB
Inactive(anon):   344336 kB
Active(file):       9464 kB
Inactive(file):     9212 kB
Unevictable:          84 kB
Mlocked:              84 kB
SwapTotal:             0 kB
SwapFree:              0 kB
Dirty:               172 kB
Writeback:            64 kB
AnonPages:       5249216 kB
Mapped:           143892 kB
Shmem:            361116 kB
Slab:              98372 kB
SReclaimable:      51740 kB
SUnreclaim:        46632 kB
KernelStack:       13152 kB
PageTables:        58224 kB
NFS_Unstable:          0 kB
Bounce:                0 kB
WritebackTmp:          0 kB
CommitLimit:     2987228 kB
Committed_AS:   11152860 kB
VmallocTotal:   34359738367 kB
VmallocUsed:           0 kB
VmallocChunk:          0 kB
HardwareCorrupted:     0 kB
AnonHugePages:   3264512 kB
CmaTotal:              0 kB
CmaFree:               0 kB
HugePages_Total:       0
HugePages_Free:        0
HugePages_Rsvd:        0
HugePages_Surp:        0
Hugepagesize:       2048 kB
DirectMap4k:      195472 kB
DirectMap2M:     5959680 kB


CPU:total 4 (2 cores per cpu, 2 threads per core) family 6 model 58 stepping 9, cmov, cx8, fxsr, mmx, sse, sse2, sse3, ssse3, sse4.1, sse4.2, popcnt, avx, aes, clmul, erms, ht, tsc, tscinvbit, tscinv

/proc/cpuinfo:
processor	: 0
vendor_id	: GenuineIntel
cpu family	: 6
model		: 58
model name	: Intel(R) Core(TM) i5-3337U CPU @ 1.80GHz
stepping	: 9
microcode	: 0x1c
cpu MHz		: 2492.367
cache size	: 3072 KB
physical id	: 0
siblings	: 4
core id		: 0
cpu cores	: 2
apicid		: 0
initial apicid	: 0
fpu		: yes
fpu_exception	: yes
cpuid level	: 13
wp		: yes
flags		: fpu vme de pse tsc msr pae mce cx8 apic sep mtrr pge mca cmov pat pse36 clflush dts acpi mmx fxsr sse sse2 ss ht tm pbe syscall nx rdtscp lm constant_tsc arch_perfmon pebs bts rep_good nopl xtopology nonstop_tsc aperfmperf eagerfpu pni pclmulqdq dtes64 monitor ds_cpl vmx est tm2 ssse3 cx16 xtpr pdcm pcid sse4_1 sse4_2 x2apic popcnt tsc_deadline_timer aes xsave avx f16c rdrand lahf_lm epb tpr_shadow vnmi flexpriority ept vpid fsgsbase smep erms xsaveopt dtherm ida arat pln pts
bugs		:
bogomips	: 3591.51
clflush size	: 64
cache_alignment	: 64
address sizes	: 36 bits physical, 48 bits virtual
power management:

processor	: 1
vendor_id	: GenuineIntel
cpu family	: 6
model		: 58
model name	: Intel(R) Core(TM) i5-3337U CPU @ 1.80GHz
stepping	: 9
microcode	: 0x1c
cpu MHz		: 2489.132
cache size	: 3072 KB
physical id	: 0
siblings	: 4
core id		: 1
cpu cores	: 2
apicid		: 2
initial apicid	: 2
fpu		: yes
fpu_exception	: yes
cpuid level	: 13
wp		: yes
flags		: fpu vme de pse tsc msr pae mce cx8 apic sep mtrr pge mca cmov pat pse36 clflush dts acpi mmx fxsr sse sse2 ss ht tm pbe syscall nx rdtscp lm constant_tsc arch_perfmon pebs bts rep_good nopl xtopology nonstop_tsc aperfmperf eagerfpu pni pclmulqdq dtes64 monitor ds_cpl vmx est tm2 ssse3 cx16 xtpr pdcm pcid sse4_1 sse4_2 x2apic popcnt tsc_deadline_timer aes xsave avx f16c rdrand lahf_lm epb tpr_shadow vnmi flexpriority ept vpid fsgsbase smep erms xsaveopt dtherm ida arat pln pts
bugs		:
bogomips	: 3591.51
clflush size	: 64
cache_alignment	: 64
address sizes	: 36 bits physical, 48 bits virtual
power management:

processor	: 2
vendor_id	: GenuineIntel
cpu family	: 6
model		: 58
model name	: Intel(R) Core(TM) i5-3337U CPU @ 1.80GHz
stepping	: 9
microcode	: 0x1c
cpu MHz		: 2456.789
cache size	: 3072 KB
physical id	: 0
siblings	: 4
core id		: 0
cpu cores	: 2
apicid		: 1
initial apicid	: 1
fpu		: yes
fpu_exception	: yes
cpuid level	: 13
wp		: yes
flags		: fpu vme de pse tsc msr pae mce cx8 apic sep mtrr pge mca cmov pat pse36 clflush dts acpi mmx fxsr sse sse2 ss ht tm pbe syscall nx rdtscp lm constant_tsc arch_perfmon pebs bts rep_good nopl xtopology nonstop_tsc aperfmperf eagerfpu pni pclmulqdq dtes64 monitor ds_cpl vmx est tm2 ssse3 cx16 xtpr pdcm pcid sse4_1 sse4_2 x2apic popcnt tsc_deadline_timer aes xsave avx f16c rdrand lahf_lm epb tpr_shadow vnmi flexpriority ept vpid fsgsbase smep erms xsaveopt dtherm ida arat pln pts
bugs		:
bogomips	: 3591.51
clflush size	: 64
cache_alignment	: 64
address sizes	: 36 bits physical, 48 bits virtual
power management:

processor	: 3
vendor_id	: GenuineIntel
cpu family	: 6
model		: 58
model name	: Intel(R) Core(TM) i5-3337U CPU @ 1.80GHz
stepping	: 9
microcode	: 0x1c
cpu MHz		: 2208.023
cache size	: 3072 KB
physical id	: 0
siblings	: 4
core id		: 1
cpu cores	: 2
apicid		: 3
initial apicid	: 3
fpu		: yes
fpu_exception	: yes
cpuid level	: 13
wp		: yes
flags		: fpu vme de pse tsc msr pae mce cx8 apic sep mtrr pge mca cmov pat pse36 clflush dts acpi mmx fxsr sse sse2 ss ht tm pbe syscall nx rdtscp lm constant_tsc arch_perfmon pebs bts rep_good nopl xtopology nonstop_tsc aperfmperf eagerfpu pni pclmulqdq dtes64 monitor ds_cpl vmx est tm2 ssse3 cx16 xtpr pdcm pcid sse4_1 sse4_2 x2apic popcnt tsc_deadline_timer aes xsave avx f16c rdrand lahf_lm epb tpr_shadow vnmi flexpriority ept vpid fsgsbase smep erms xsaveopt dtherm ida arat pln pts
bugs		:
bogomips	: 3591.51
clflush size	: 64
cache_alignment	: 64
address sizes	: 36 bits physical, 48 bits virtual
power management:



Memory: 4k page, physical 5974456k(109556k free), swap 0k(0k free)

vm_info: Java HotSpot(TM) 64-Bit Server VM (25.66-b17) for linux-amd64 JRE (1.8.0_66-b17), built on Oct  6 2015 17:28:34 by "java_re" with gcc 4.3.0 20080428 (Red Hat 4.3.0-8)

time: Fri Oct 28 11:35:59 2016
elapsed time: 3 seconds (0d 0h 0m 3s)

